2025-09-12 03:30:19,589 - INFO - Amplifier script started
2025-09-12 03:30:19,589 - INFO - Processing cycle...
2025-09-12 03:30:19,590 - DEBUG - debug details
2025-09-12 03:30:19,591 - ERROR - something went wrong
2025-09-12 03:30:21,591 - INFO - Processing cycle...
2025-09-12 03:30:21,592 - DEBUG - debug details
2025-09-12 03:30:21,592 - ERROR - something went wrong
2025-09-12 03:30:23,593 - INFO - Processing cycle...
2025-09-12 03:30:23,593 - DEBUG - debug details
2025-09-12 03:30:23,594 - ERROR - something went wrong
2025-09-12 03:30:25,594 - INFO - Processing cycle...
2025-09-12 03:30:25,595 - DEBUG - debug details
2025-09-12 03:30:25,595 - ERROR - something went wrong
2025-09-12 03:30:27,596 - INFO - Processing cycle...
2025-09-12 03:30:27,596 - DEBUG - debug details
2025-09-12 03:30:27,597 - ERROR - something went wrong
2025-09-12 03:30:29,597 - INFO - Processing cycle...
2025-09-12 03:30:29,598 - DEBUG - debug details
2025-09-12 03:30:29,599 - ERROR - something went wrong
2025-09-12 03:30:31,600 - INFO - Processing cycle...
2025-09-12 03:30:31,600 - DEBUG - debug details
2025-09-12 03:30:31,600 - ERROR - something went wrong
2025-09-12 03:30:33,601 - INFO - Processing cycle...
2025-09-12 03:30:33,602 - DEBUG - debug details
2025-09-12 03:30:33,603 - ERROR - something went wrong
2025-09-12 03:30:35,604 - INFO - Processing cycle...
2025-09-12 03:30:35,605 - DEBUG - debug details
2025-09-12 03:30:35,605 - ERROR - something went wrong
2025-09-12 03:30:37,606 - INFO - Processing cycle...
2025-09-12 03:30:37,608 - DEBUG - debug details
2025-09-12 03:30:37,609 - ERROR - something went wrong
2025-09-12 03:30:39,609 - INFO - Processing cycle...
2025-09-12 03:30:39,610 - DEBUG - debug details
2025-09-12 03:30:39,610 - ERROR - something went wrong
2025-09-12 03:30:41,611 - INFO - Processing cycle...
2025-09-12 03:30:41,612 - DEBUG - debug details
2025-09-12 03:30:41,612 - ERROR - something went wrong
2025-09-12 03:30:43,613 - INFO - Processing cycle...
2025-09-12 03:30:43,614 - DEBUG - debug details
2025-09-12 03:30:43,615 - ERROR - something went wrong
2025-09-12 03:30:45,616 - INFO - Processing cycle...
2025-09-12 03:30:45,617 - DEBUG - debug details
2025-09-12 03:30:45,617 - ERROR - something went wrong
2025-09-12 03:30:47,618 - INFO - Processing cycle...
2025-09-12 03:30:47,619 - DEBUG - debug details
2025-09-12 03:30:47,620 - ERROR - something went wrong
2025-09-12 03:30:49,620 - INFO - Processing cycle...
2025-09-12 03:30:49,621 - DEBUG - debug details
2025-09-12 03:30:49,621 - ERROR - something went wrong
2025-09-12 03:30:51,622 - INFO - Processing cycle...
2025-09-12 03:30:51,623 - DEBUG - debug details
2025-09-12 03:30:51,624 - ERROR - something went wrong
2025-09-12 03:30:53,624 - INFO - Processing cycle...
2025-09-12 03:30:53,625 - DEBUG - debug details
2025-09-12 03:30:53,626 - ERROR - something went wrong
2025-09-12 03:30:55,626 - INFO - Processing cycle...
2025-09-12 03:30:55,627 - DEBUG - debug details
2025-09-12 03:30:55,634 - ERROR - something went wrong
2025-09-12 03:30:57,635 - INFO - Processing cycle...
2025-09-12 03:30:57,636 - DEBUG - debug details
2025-09-12 03:30:57,636 - ERROR - something went wrong
2025-09-12 03:30:59,636 - INFO - Processing cycle...
2025-09-12 03:30:59,637 - DEBUG - debug details
2025-09-12 03:30:59,637 - ERROR - something went wrong
2025-09-12 03:31:01,638 - INFO - Processing cycle...
2025-09-12 03:31:01,639 - DEBUG - debug details
2025-09-12 03:31:01,639 - ERROR - something went wrong
2025-09-12 03:31:03,639 - INFO - Processing cycle...
2025-09-12 03:31:03,640 - DEBUG - debug details
2025-09-12 03:31:03,640 - ERROR - something went wrong
2025-09-12 03:31:05,641 - INFO - Processing cycle...
2025-09-12 03:31:05,641 - DEBUG - debug details
2025-09-12 03:31:05,642 - ERROR - something went wrong
2025-09-12 03:31:07,642 - INFO - Processing cycle...
2025-09-12 03:31:07,643 - DEBUG - debug details
2025-09-12 03:31:07,643 - ERROR - something went wrong
2025-09-12 03:31:09,644 - INFO - Processing cycle...
2025-09-12 03:31:09,645 - DEBUG - debug details
2025-09-12 03:31:09,645 - ERROR - something went wrong
2025-09-12 03:31:11,646 - INFO - Processing cycle...
2025-09-12 03:31:11,647 - DEBUG - debug details
2025-09-12 03:31:11,647 - ERROR - something went wrong
2025-09-12 03:31:13,647 - INFO - Processing cycle...
2025-09-12 03:31:13,648 - DEBUG - debug details
2025-09-12 03:31:13,648 - ERROR - something went wrong
2025-09-12 03:31:15,649 - INFO - Processing cycle...
2025-09-12 03:31:15,650 - DEBUG - debug details
2025-09-12 03:31:15,650 - ERROR - something went wrong
2025-09-12 03:31:17,650 - INFO - Processing cycle...
2025-09-12 03:31:17,651 - DEBUG - debug details
2025-09-12 03:31:17,651 - ERROR - something went wrong
2025-09-12 03:31:19,652 - INFO - Processing cycle...
2025-09-12 03:31:19,652 - DEBUG - debug details
2025-09-12 03:31:19,653 - ERROR - something went wrong
2025-09-12 03:31:21,653 - INFO - Processing cycle...
2025-09-12 03:31:21,654 - DEBUG - debug details
2025-09-12 03:31:21,655 - ERROR - something went wrong
2025-09-12 03:31:23,655 - INFO - Processing cycle...
2025-09-12 03:31:23,656 - DEBUG - debug details
2025-09-12 03:31:23,657 - ERROR - something went wrong
2025-09-12 03:31:25,657 - INFO - Processing cycle...
2025-09-12 03:31:25,658 - DEBUG - debug details
2025-09-12 03:31:25,658 - ERROR - something went wrong
2025-09-12 03:31:27,659 - INFO - Processing cycle...
2025-09-12 03:31:27,659 - DEBUG - debug details
2025-09-12 03:31:27,660 - ERROR - something went wrong
2025-09-12 03:31:29,660 - INFO - Processing cycle...
2025-09-12 03:31:29,661 - DEBUG - debug details
2025-09-12 03:31:29,661 - ERROR - something went wrong
2025-09-12 03:31:31,662 - INFO - Processing cycle...
2025-09-12 03:31:31,662 - DEBUG - debug details
2025-09-12 03:31:31,662 - ERROR - something went wrong
2025-09-12 03:31:33,663 - INFO - Processing cycle...
2025-09-12 03:31:33,663 - DEBUG - debug details
2025-09-12 03:31:33,664 - ERROR - something went wrong
2025-09-12 03:31:35,664 - INFO - Processing cycle...
2025-09-12 03:31:35,665 - DEBUG - debug details
2025-09-12 03:31:35,666 - ERROR - something went wrong
2025-09-12 03:31:37,666 - INFO - Processing cycle...
2025-09-12 03:31:37,667 - DEBUG - debug details
2025-09-12 03:31:37,667 - ERROR - something went wrong
2025-09-12 03:31:39,668 - INFO - Processing cycle...
2025-09-12 03:31:39,669 - DEBUG - debug details
2025-09-12 03:31:39,669 - ERROR - something went wrong
2025-09-12 03:31:41,669 - INFO - Processing cycle...
2025-09-12 03:31:41,670 - DEBUG - debug details
2025-09-12 03:31:41,671 - ERROR - something went wrong
2025-09-12 03:31:43,671 - INFO - Processing cycle...
2025-09-12 03:31:43,672 - DEBUG - debug details
2025-09-12 03:31:43,672 - ERROR - something went wrong
2025-09-12 03:31:45,673 - INFO - Processing cycle...
2025-09-12 03:31:45,673 - DEBUG - debug details
2025-09-12 03:31:45,673 - ERROR - something went wrong
2025-09-12 03:31:47,674 - INFO - Processing cycle...
2025-09-12 03:31:47,675 - DEBUG - debug details
2025-09-12 03:31:47,675 - ERROR - something went wrong
2025-09-12 03:31:49,676 - INFO - Processing cycle...
2025-09-12 03:31:49,677 - DEBUG - debug details
2025-09-12 03:31:49,677 - ERROR - something went wrong
2025-09-12 03:31:51,678 - INFO - Processing cycle...
2025-09-12 03:31:51,679 - DEBUG - debug details
2025-09-12 03:31:51,679 - ERROR - something went wrong
2025-09-12 03:31:53,680 - INFO - Processing cycle...
2025-09-12 03:31:53,680 - DEBUG - debug details
2025-09-12 03:31:53,681 - ERROR - something went wrong
2025-09-12 03:31:55,681 - INFO - Processing cycle...
2025-09-12 03:31:55,682 - DEBUG - debug details
2025-09-12 03:31:55,682 - ERROR - something went wrong
2025-09-12 03:31:57,682 - INFO - Processing cycle...
2025-09-12 03:31:57,683 - DEBUG - debug details
2025-09-12 03:31:57,683 - ERROR - something went wrong
2025-09-12 03:31:59,684 - INFO - Processing cycle...
2025-09-12 03:31:59,684 - DEBUG - debug details
2025-09-12 03:31:59,684 - ERROR - something went wrong
2025-09-12 03:32:01,685 - INFO - Processing cycle...
2025-09-12 03:32:01,686 - DEBUG - debug details
2025-09-12 03:32:01,686 - ERROR - something went wrong
2025-09-12 03:32:03,690 - INFO - Processing cycle...
2025-09-12 03:32:03,691 - DEBUG - debug details
2025-09-12 03:32:03,691 - ERROR - something went wrong
2025-09-12 03:32:05,692 - INFO - Processing cycle...
2025-09-12 03:32:05,692 - DEBUG - debug details
2025-09-12 03:32:05,693 - ERROR - something went wrong
2025-09-12 03:32:07,693 - INFO - Processing cycle...
2025-09-12 03:32:07,694 - DEBUG - debug details
2025-09-12 03:32:07,694 - ERROR - something went wrong
2025-09-12 03:32:09,695 - INFO - Processing cycle...
2025-09-12 03:32:09,695 - DEBUG - debug details
2025-09-12 03:32:09,696 - ERROR - something went wrong
2025-09-12 03:32:11,696 - INFO - Processing cycle...
2025-09-12 03:32:11,697 - DEBUG - debug details
2025-09-12 03:32:11,697 - ERROR - something went wrong
2025-09-12 03:32:13,697 - INFO - Processing cycle...
2025-09-12 03:32:13,698 - DEBUG - debug details
2025-09-12 03:32:13,704 - ERROR - something went wrong
2025-09-12 03:32:15,705 - INFO - Processing cycle...
2025-09-12 03:32:15,706 - DEBUG - debug details
2025-09-12 03:32:15,706 - ERROR - something went wrong
2025-09-12 03:32:17,707 - INFO - Processing cycle...
2025-09-12 03:32:17,708 - DEBUG - debug details
2025-09-12 03:32:17,708 - ERROR - something went wrong
2025-09-12 03:32:19,709 - INFO - Processing cycle...
2025-09-12 03:32:19,709 - DEBUG - debug details
2025-09-12 03:32:19,710 - ERROR - something went wrong
2025-09-12 03:32:21,710 - INFO - Processing cycle...
2025-09-12 03:32:21,711 - DEBUG - debug details
2025-09-12 03:32:21,711 - ERROR - something went wrong
2025-09-12 03:32:23,712 - INFO - Processing cycle...
2025-09-12 03:32:23,712 - DEBUG - debug details
2025-09-12 03:32:23,712 - ERROR - something went wrong
2025-09-12 03:32:25,713 - INFO - Processing cycle...
2025-09-12 03:32:25,713 - DEBUG - debug details
2025-09-12 03:32:25,714 - ERROR - something went wrong
2025-09-12 03:32:27,714 - INFO - Processing cycle...
2025-09-12 03:32:27,715 - DEBUG - debug details
2025-09-12 03:32:27,716 - ERROR - something went wrong
2025-09-12 03:32:29,716 - INFO - Processing cycle...
2025-09-12 03:32:29,717 - DEBUG - debug details
2025-09-12 03:32:29,717 - ERROR - something went wrong
2025-09-12 03:32:31,718 - INFO - Processing cycle...
2025-09-12 03:32:31,719 - DEBUG - debug details
2025-09-12 03:32:31,719 - ERROR - something went wrong
2025-09-12 03:32:33,719 - INFO - Processing cycle...
2025-09-12 03:32:33,720 - DEBUG - debug details
2025-09-12 03:32:33,720 - ERROR - something went wrong
2025-09-12 03:32:35,721 - INFO - Processing cycle...
2025-09-12 03:32:35,721 - DEBUG - debug details
2025-09-12 03:32:35,722 - ERROR - something went wrong
2025-09-12 03:32:37,722 - INFO - Processing cycle...
2025-09-12 03:32:37,723 - DEBUG - debug details
2025-09-12 03:32:37,723 - ERROR - something went wrong
2025-09-12 03:32:39,724 - INFO - Processing cycle...
2025-09-12 03:32:39,725 - DEBUG - debug details
2025-09-12 03:32:39,732 - ERROR - something went wrong
2025-09-12 03:32:41,734 - INFO - Processing cycle...
2025-09-12 03:32:41,735 - DEBUG - debug details
2025-09-12 03:32:41,736 - ERROR - something went wrong
2025-09-12 03:32:43,737 - INFO - Processing cycle...
2025-09-12 03:32:43,737 - DEBUG - debug details
2025-09-12 03:32:43,737 - ERROR - something went wrong
2025-09-12 03:32:45,738 - INFO - Processing cycle...
2025-09-12 03:32:45,739 - DEBUG - debug details
2025-09-12 03:32:45,739 - ERROR - something went wrong
2025-09-12 03:32:47,739 - INFO - Processing cycle...
2025-09-12 03:32:47,740 - DEBUG - debug details
2025-09-12 03:32:47,740 - ERROR - something went wrong
2025-09-12 03:32:49,741 - INFO - Processing cycle...
2025-09-12 03:32:49,741 - DEBUG - debug details
2025-09-12 03:32:49,742 - ERROR - something went wrong
2025-09-12 03:32:51,742 - INFO - Processing cycle...
2025-09-12 03:32:51,743 - DEBUG - debug details
2025-09-12 03:32:51,743 - ERROR - something went wrong
2025-09-12 03:32:53,744 - INFO - Processing cycle...
2025-09-12 03:32:53,745 - DEBUG - debug details
2025-09-12 03:32:53,745 - ERROR - something went wrong
2025-09-12 03:32:55,746 - INFO - Processing cycle...
2025-09-12 03:32:55,746 - DEBUG - debug details
2025-09-12 03:32:55,747 - ERROR - something went wrong
2025-09-12 03:32:57,747 - INFO - Processing cycle...
2025-09-12 03:32:57,748 - DEBUG - debug details
2025-09-12 03:32:57,748 - ERROR - something went wrong
2025-09-12 03:32:59,749 - INFO - Processing cycle...
2025-09-12 03:32:59,749 - DEBUG - debug details
2025-09-12 03:32:59,749 - ERROR - something went wrong
2025-09-12 03:33:01,750 - INFO - Processing cycle...
2025-09-12 03:33:01,751 - DEBUG - debug details
2025-09-12 03:33:01,751 - ERROR - something went wrong
2025-09-12 03:33:03,751 - INFO - Processing cycle...
2025-09-12 03:33:03,752 - DEBUG - debug details
2025-09-12 03:33:03,752 - ERROR - something went wrong
2025-09-12 03:33:05,753 - INFO - Processing cycle...
2025-09-12 03:33:05,754 - DEBUG - debug details
2025-09-12 03:33:05,760 - ERROR - something went wrong
2025-09-12 03:33:07,761 - INFO - Processing cycle...
2025-09-12 03:33:07,762 - DEBUG - debug details
2025-09-12 03:33:07,762 - ERROR - something went wrong
2025-09-12 03:33:09,766 - INFO - Processing cycle...
2025-09-12 03:33:09,767 - DEBUG - debug details
2025-09-12 03:33:09,767 - ERROR - something went wrong
2025-09-12 03:33:11,768 - INFO - Processing cycle...
2025-09-12 03:33:11,768 - DEBUG - debug details
2025-09-12 03:33:11,769 - ERROR - something went wrong
2025-09-12 03:33:13,769 - INFO - Processing cycle...
2025-09-12 03:33:13,770 - DEBUG - debug details
2025-09-12 03:33:13,770 - ERROR - something went wrong
2025-09-12 03:33:15,770 - INFO - Processing cycle...
2025-09-12 03:33:15,771 - DEBUG - debug details
2025-09-12 03:33:15,771 - ERROR - something went wrong
2025-09-12 03:33:17,772 - INFO - Processing cycle...
2025-09-12 03:33:17,772 - DEBUG - debug details
2025-09-12 03:33:17,773 - ERROR - something went wrong
2025-09-12 03:33:19,773 - INFO - Processing cycle...
2025-09-12 03:33:19,774 - DEBUG - debug details
2025-09-12 03:33:19,775 - ERROR - something went wrong
2025-09-12 03:33:21,776 - INFO - Processing cycle...
2025-09-12 03:33:21,776 - DEBUG - debug details
2025-09-12 03:33:21,777 - ERROR - something went wrong
2025-09-12 03:33:23,777 - INFO - Processing cycle...
2025-09-12 03:33:23,778 - DEBUG - debug details
2025-09-12 03:33:23,778 - ERROR - something went wrong
2025-09-12 03:33:25,779 - INFO - Processing cycle...
2025-09-12 03:33:25,779 - DEBUG - debug details
2025-09-12 03:33:25,780 - ERROR - something went wrong
2025-09-12 03:33:27,780 - INFO - Processing cycle...
2025-09-12 03:33:27,781 - DEBUG - debug details
2025-09-12 03:33:27,781 - ERROR - something went wrong
2025-09-12 03:33:29,782 - INFO - Processing cycle...
2025-09-12 03:33:29,782 - DEBUG - debug details
2025-09-12 03:33:29,782 - ERROR - something went wrong
2025-09-12 03:33:31,783 - INFO - Processing cycle...
2025-09-12 03:33:31,784 - DEBUG - debug details
2025-09-12 03:33:31,789 - ERROR - something went wrong
2025-09-12 03:33:33,790 - INFO - Processing cycle...
2025-09-12 03:33:33,791 - DEBUG - debug details
2025-09-12 03:33:33,791 - ERROR - something went wrong
2025-09-12 03:33:35,792 - INFO - Processing cycle...
2025-09-12 03:33:35,793 - DEBUG - debug details
2025-09-12 03:33:35,793 - ERROR - something went wrong
2025-09-12 03:33:37,793 - INFO - Processing cycle...
2025-09-12 03:33:37,794 - DEBUG - debug details
2025-09-12 03:33:37,794 - ERROR - something went wrong
2025-09-12 03:33:39,795 - INFO - Processing cycle...
2025-09-12 03:33:39,796 - DEBUG - debug details
2025-09-12 03:33:39,796 - ERROR - something went wrong
2025-09-12 03:33:41,796 - INFO - Processing cycle...
2025-09-12 03:33:41,797 - DEBUG - debug details
2025-09-12 03:33:41,797 - ERROR - something went wrong
2025-09-12 03:33:43,798 - INFO - Processing cycle...
2025-09-12 03:33:43,798 - DEBUG - debug details
2025-09-12 03:33:43,799 - ERROR - something went wrong
2025-09-12 03:33:45,799 - INFO - Processing cycle...
2025-09-12 03:33:45,800 - DEBUG - debug details
2025-09-12 03:33:45,801 - ERROR - something went wrong
2025-09-12 03:33:47,801 - INFO - Processing cycle...
2025-09-12 03:33:47,802 - DEBUG - debug details
2025-09-12 03:33:47,803 - ERROR - something went wrong
2025-09-12 03:33:49,806 - INFO - Processing cycle...
2025-09-12 03:33:49,807 - DEBUG - debug details
2025-09-12 03:33:49,807 - ERROR - something went wrong
2025-09-12 03:33:51,808 - INFO - Processing cycle...
2025-09-12 03:33:51,808 - DEBUG - debug details
2025-09-12 03:33:51,808 - ERROR - something went wrong
2025-09-12 03:33:53,809 - INFO - Processing cycle...
2025-09-12 03:33:53,809 - DEBUG - debug details
2025-09-12 03:33:53,810 - ERROR - something went wrong
2025-09-12 03:33:55,810 - INFO - Processing cycle...
2025-09-12 03:33:55,811 - DEBUG - debug details
2025-09-12 03:33:55,811 - ERROR - something went wrong
2025-09-12 03:33:57,811 - INFO - Processing cycle...
2025-09-12 03:33:57,812 - DEBUG - debug details
2025-09-12 03:33:57,813 - ERROR - something went wrong
2025-09-12 03:33:59,814 - INFO - Processing cycle...
2025-09-12 03:33:59,814 - DEBUG - debug details
2025-09-12 03:33:59,814 - ERROR - something went wrong
2025-09-12 03:34:01,815 - INFO - Processing cycle...
2025-09-12 03:34:01,816 - DEBUG - debug details
2025-09-12 03:34:01,816 - ERROR - something went wrong
2025-09-12 03:34:03,816 - INFO - Processing cycle...
2025-09-12 03:34:03,817 - DEBUG - debug details
2025-09-12 03:34:03,817 - ERROR - something went wrong
2025-09-12 03:34:05,818 - INFO - Processing cycle...
2025-09-12 03:34:05,819 - DEBUG - debug details
2025-09-12 03:34:05,819 - ERROR - something went wrong
2025-09-12 03:34:07,819 - INFO - Processing cycle...
2025-09-12 03:34:07,820 - DEBUG - debug details
2025-09-12 03:34:07,820 - ERROR - something went wrong
2025-09-12 03:34:09,821 - INFO - Processing cycle...
2025-09-12 03:34:09,821 - DEBUG - debug details
2025-09-12 03:34:09,822 - ERROR - something went wrong
2025-09-12 03:34:11,822 - INFO - Processing cycle...
2025-09-12 03:34:11,823 - DEBUG - debug details
2025-09-12 03:34:11,824 - ERROR - something went wrong
2025-09-12 03:34:13,824 - INFO - Processing cycle...
2025-09-12 03:34:13,825 - DEBUG - debug details
2025-09-12 03:34:13,825 - ERROR - something went wrong
2025-09-12 03:34:15,826 - INFO - Processing cycle...
2025-09-12 03:34:15,826 - DEBUG - debug details
2025-09-12 03:34:15,827 - ERROR - something went wrong
2025-09-12 03:34:17,827 - INFO - Processing cycle...
2025-09-12 03:34:17,828 - DEBUG - debug details
2025-09-12 03:34:17,828 - ERROR - something went wrong
2025-09-12 03:34:19,829 - INFO - Processing cycle...
2025-09-12 03:34:19,829 - DEBUG - debug details
2025-09-12 03:34:19,830 - ERROR - something went wrong
2025-09-12 03:34:21,830 - INFO - Processing cycle...
2025-09-12 03:34:21,830 - DEBUG - debug details
2025-09-12 03:34:21,831 - ERROR - something went wrong
2025-09-12 03:34:23,831 - INFO - Processing cycle...
2025-09-12 03:34:23,832 - DEBUG - debug details
2025-09-12 03:34:23,833 - ERROR - something went wrong
2025-09-12 03:34:25,833 - INFO - Processing cycle...
2025-09-12 03:34:25,834 - DEBUG - debug details
2025-09-12 03:34:25,834 - ERROR - something went wrong
2025-09-12 03:34:27,835 - INFO - Processing cycle...
2025-09-12 03:34:27,835 - DEBUG - debug details
2025-09-12 03:34:27,836 - ERROR - something went wrong
2025-09-12 03:34:29,836 - INFO - Processing cycle...
2025-09-12 03:34:29,837 - DEBUG - debug details
2025-09-12 03:34:29,837 - ERROR - something went wrong
2025-09-12 03:34:31,837 - INFO - Processing cycle...
2025-09-12 03:34:31,838 - DEBUG - debug details
2025-09-12 03:34:31,838 - ERROR - something went wrong
2025-09-12 03:34:33,839 - INFO - Processing cycle...
2025-09-12 03:34:33,839 - DEBUG - debug details
2025-09-12 03:34:33,840 - ERROR - something went wrong
2025-09-12 03:34:35,840 - INFO - Processing cycle...
2025-09-12 03:34:35,841 - DEBUG - debug details
2025-09-12 03:34:35,841 - ERROR - something went wrong
2025-09-12 03:34:37,842 - INFO - Processing cycle...
2025-09-12 03:34:37,843 - DEBUG - debug details
2025-09-12 03:34:37,843 - ERROR - something went wrong
2025-09-12 03:34:39,844 - INFO - Processing cycle...
2025-09-12 03:34:39,845 - DEBUG - debug details
2025-09-12 03:34:39,845 - ERROR - something went wrong
2025-09-12 03:34:41,846 - INFO - Processing cycle...
2025-09-12 03:34:41,846 - DEBUG - debug details
2025-09-12 03:34:41,847 - ERROR - something went wrong
2025-09-12 03:34:43,847 - INFO - Processing cycle...
2025-09-12 03:34:43,848 - DEBUG - debug details
2025-09-12 03:34:43,848 - ERROR - something went wrong
2025-09-12 03:34:45,849 - INFO - Processing cycle...
2025-09-12 03:34:45,849 - DEBUG - debug details
2025-09-12 03:34:45,850 - ERROR - something went wrong
2025-09-12 03:34:47,850 - INFO - Processing cycle...
2025-09-12 03:34:47,851 - DEBUG - debug details
2025-09-12 03:34:47,851 - ERROR - something went wrong
2025-09-12 03:34:49,851 - INFO - Processing cycle...
2025-09-12 03:34:49,852 - DEBUG - debug details
2025-09-12 03:34:49,853 - ERROR - something went wrong
2025-09-12 03:34:51,853 - INFO - Processing cycle...
2025-09-12 03:34:51,854 - DEBUG - debug details
2025-09-12 03:34:51,854 - ERROR - something went wrong
2025-09-12 03:34:53,855 - INFO - Processing cycle...
2025-09-12 03:34:53,855 - DEBUG - debug details
2025-09-12 03:34:53,856 - ERROR - something went wrong
2025-09-12 03:34:55,856 - INFO - Processing cycle...
2025-09-12 03:34:55,857 - DEBUG - debug details
2025-09-12 03:34:55,857 - ERROR - something went wrong
2025-09-12 03:34:57,858 - INFO - Processing cycle...
2025-09-12 03:34:57,858 - DEBUG - debug details
2025-09-12 03:34:57,859 - ERROR - something went wrong
2025-09-12 03:34:59,859 - INFO - Processing cycle...
2025-09-12 03:34:59,860 - DEBUG - debug details
2025-09-12 03:34:59,860 - ERROR - something went wrong
2025-09-12 03:35:01,860 - INFO - Processing cycle...
2025-09-12 03:35:01,861 - DEBUG - debug details
2025-09-12 03:35:01,861 - ERROR - something went wrong
2025-09-12 03:35:03,862 - INFO - Processing cycle...
2025-09-12 03:35:03,863 - DEBUG - debug details
2025-09-12 03:35:03,863 - ERROR - something went wrong
2025-09-12 03:35:05,866 - INFO - Processing cycle...
2025-09-12 03:35:05,867 - DEBUG - debug details
2025-09-12 03:35:05,867 - ERROR - something went wrong
2025-09-12 03:35:07,868 - INFO - Processing cycle...
2025-09-12 03:35:07,868 - DEBUG - debug details
2025-09-12 03:35:07,868 - ERROR - something went wrong
2025-09-12 03:35:09,869 - INFO - Processing cycle...
2025-09-12 03:35:09,869 - DEBUG - debug details
2025-09-12 03:35:09,870 - ERROR - something went wrong
2025-09-12 03:35:11,870 - INFO - Processing cycle...
2025-09-12 03:35:11,871 - DEBUG - debug details
2025-09-12 03:35:11,871 - ERROR - something went wrong
2025-09-12 03:35:13,871 - INFO - Processing cycle...
2025-09-12 03:35:13,872 - DEBUG - debug details
2025-09-12 03:35:13,872 - ERROR - something went wrong
2025-09-12 03:35:15,873 - INFO - Processing cycle...
2025-09-12 03:35:15,874 - DEBUG - debug details
2025-09-12 03:35:15,874 - ERROR - something went wrong
2025-09-12 03:35:17,875 - INFO - Processing cycle...
2025-09-12 03:35:17,876 - DEBUG - debug details
2025-09-12 03:35:17,876 - ERROR - something went wrong
2025-09-12 03:35:19,877 - INFO - Processing cycle...
2025-09-12 03:35:19,877 - DEBUG - debug details
2025-09-12 03:35:19,877 - ERROR - something went wrong
2025-09-12 03:35:21,878 - INFO - Processing cycle...
2025-09-12 03:35:21,879 - DEBUG - debug details
2025-09-12 03:35:21,879 - ERROR - something went wrong
2025-09-12 03:35:23,882 - INFO - Processing cycle...
2025-09-12 03:35:23,883 - DEBUG - debug details
2025-09-12 03:35:23,883 - ERROR - something went wrong
2025-09-12 03:35:25,884 - INFO - Processing cycle...
2025-09-12 03:35:25,884 - DEBUG - debug details
2025-09-12 03:35:25,884 - ERROR - something went wrong
2025-09-12 03:35:27,885 - INFO - Processing cycle...
2025-09-12 03:35:27,886 - DEBUG - debug details
2025-09-12 03:35:27,886 - ERROR - something went wrong
2025-09-12 03:35:29,887 - INFO - Processing cycle...
2025-09-12 03:35:29,888 - DEBUG - debug details
2025-09-12 03:35:29,888 - ERROR - something went wrong
2025-09-12 03:35:31,889 - INFO - Processing cycle...
2025-09-12 03:35:31,890 - DEBUG - debug details
2025-09-12 03:35:31,890 - ERROR - something went wrong
2025-09-12 03:35:33,891 - INFO - Processing cycle...
2025-09-12 03:35:33,891 - DEBUG - debug details
2025-09-12 03:35:33,892 - ERROR - something went wrong
2025-09-12 03:35:35,892 - INFO - Processing cycle...
2025-09-12 03:35:35,893 - DEBUG - debug details
2025-09-12 03:35:35,893 - ERROR - something went wrong
2025-09-12 03:35:37,894 - INFO - Processing cycle...
2025-09-12 03:35:37,894 - DEBUG - debug details
2025-09-12 03:35:37,895 - ERROR - something went wrong
2025-09-12 03:35:39,895 - INFO - Processing cycle...
2025-09-12 03:35:39,895 - DEBUG - debug details
2025-09-12 03:35:39,896 - ERROR - something went wrong
2025-09-12 03:35:41,896 - INFO - Processing cycle...
2025-09-12 03:35:41,897 - DEBUG - debug details
2025-09-12 03:35:41,898 - ERROR - something went wrong
2025-09-12 03:35:43,898 - INFO - Processing cycle...
2025-09-12 03:35:43,899 - DEBUG - debug details
2025-09-12 03:35:43,899 - ERROR - something went wrong
2025-09-12 03:35:45,900 - INFO - Processing cycle...
2025-09-12 03:35:45,900 - DEBUG - debug details
2025-09-12 03:35:45,901 - ERROR - something went wrong
2025-09-12 03:35:47,901 - INFO - Processing cycle...
2025-09-12 03:35:47,902 - DEBUG - debug details
2025-09-12 03:35:47,902 - ERROR - something went wrong
2025-09-12 03:35:49,903 - INFO - Processing cycle...
2025-09-12 03:35:49,903 - DEBUG - debug details
2025-09-12 03:35:49,903 - ERROR - something went wrong
2025-09-12 03:35:51,904 - INFO - Processing cycle...
2025-09-12 03:35:51,904 - DEBUG - debug details
2025-09-12 03:35:51,905 - ERROR - something went wrong
2025-09-12 03:35:53,905 - INFO - Processing cycle...
2025-09-12 03:35:53,906 - DEBUG - debug details
2025-09-12 03:35:53,907 - ERROR - something went wrong
2025-09-12 03:35:55,907 - INFO - Processing cycle...
2025-09-12 03:35:55,908 - DEBUG - debug details
2025-09-12 03:35:55,909 - ERROR - something went wrong
2025-09-12 03:35:57,910 - INFO - Processing cycle...
2025-09-12 03:35:57,910 - DEBUG - debug details
2025-09-12 03:35:57,911 - ERROR - something went wrong
2025-09-12 03:35:59,911 - INFO - Processing cycle...
2025-09-12 03:35:59,912 - DEBUG - debug details
2025-09-12 03:35:59,912 - ERROR - something went wrong
2025-09-12 03:36:01,912 - INFO - Processing cycle...
2025-09-12 03:36:01,913 - DEBUG - debug details
2025-09-12 03:36:01,913 - ERROR - something went wrong
2025-09-12 03:36:03,914 - INFO - Processing cycle...
2025-09-12 03:36:03,915 - DEBUG - debug details
2025-09-12 03:36:03,915 - ERROR - something went wrong
2025-09-12 03:36:05,915 - INFO - Processing cycle...
2025-09-12 03:36:05,916 - DEBUG - debug details
2025-09-12 03:36:05,916 - ERROR - something went wrong
2025-09-12 03:36:07,917 - INFO - Processing cycle...
2025-09-12 03:36:07,918 - DEBUG - debug details
2025-09-12 03:36:07,918 - ERROR - something went wrong
2025-09-12 03:36:09,919 - INFO - Processing cycle...
2025-09-12 03:36:09,920 - DEBUG - debug details
2025-09-12 03:36:09,920 - ERROR - something went wrong
2025-09-12 03:36:11,921 - INFO - Processing cycle...
2025-09-12 03:36:11,922 - DEBUG - debug details
2025-09-12 03:36:11,922 - ERROR - something went wrong
2025-09-12 03:36:13,926 - INFO - Processing cycle...
2025-09-12 03:36:13,927 - DEBUG - debug details
2025-09-12 03:36:13,927 - ERROR - something went wrong
2025-09-12 03:36:15,928 - INFO - Processing cycle...
2025-09-12 03:36:15,929 - DEBUG - debug details
2025-09-12 03:36:15,929 - ERROR - something went wrong
2025-09-12 03:36:17,929 - INFO - Processing cycle...
2025-09-12 03:36:17,930 - DEBUG - debug details
2025-09-12 03:36:17,930 - ERROR - something went wrong
2025-09-12 03:36:19,931 - INFO - Processing cycle...
2025-09-12 03:36:19,932 - DEBUG - debug details
2025-09-12 03:36:19,932 - ERROR - something went wrong
2025-09-12 03:36:21,933 - INFO - Processing cycle...
2025-09-12 03:36:21,933 - DEBUG - debug details
2025-09-12 03:36:21,933 - ERROR - something went wrong
2025-09-12 03:36:23,934 - INFO - Processing cycle...
2025-09-12 03:36:23,934 - DEBUG - debug details
2025-09-12 03:36:23,935 - ERROR - something went wrong
2025-09-12 03:36:25,935 - INFO - Processing cycle...
2025-09-12 03:36:25,935 - DEBUG - debug details
2025-09-12 03:36:25,936 - ERROR - something went wrong
2025-09-12 03:36:27,936 - INFO - Processing cycle...
2025-09-12 03:36:27,937 - DEBUG - debug details
2025-09-12 03:36:27,938 - ERROR - something went wrong
2025-09-12 03:36:29,938 - INFO - Processing cycle...
2025-09-12 03:36:29,939 - DEBUG - debug details
2025-09-12 03:36:29,940 - ERROR - something went wrong
2025-09-12 03:36:31,940 - INFO - Processing cycle...
2025-09-12 03:36:31,941 - DEBUG - debug details
2025-09-12 03:36:31,942 - ERROR - something went wrong
2025-09-12 03:36:33,942 - INFO - Processing cycle...
2025-09-12 03:36:33,943 - DEBUG - debug details
2025-09-12 03:36:33,943 - ERROR - something went wrong
2025-09-12 03:36:35,943 - INFO - Processing cycle...
2025-09-12 03:36:35,944 - DEBUG - debug details
2025-09-12 03:36:35,944 - ERROR - something went wrong
2025-09-12 03:36:37,945 - INFO - Processing cycle...
2025-09-12 03:36:37,946 - DEBUG - debug details
2025-09-12 03:36:37,946 - ERROR - something went wrong
2025-09-12 03:36:39,947 - INFO - Processing cycle...
2025-09-12 03:36:39,947 - DEBUG - debug details
2025-09-12 03:36:39,948 - ERROR - something went wrong
2025-09-12 03:36:41,948 - INFO - Processing cycle...
2025-09-12 03:36:41,949 - DEBUG - debug details
2025-09-12 03:36:41,949 - ERROR - something went wrong
2025-09-12 03:36:43,949 - INFO - Processing cycle...
2025-09-12 03:36:43,950 - DEBUG - debug details
2025-09-12 03:36:43,951 - ERROR - something went wrong
2025-09-12 03:36:45,951 - INFO - Processing cycle...
2025-09-12 03:36:45,952 - DEBUG - debug details
2025-09-12 03:36:45,952 - ERROR - something went wrong
2025-09-12 03:36:47,953 - INFO - Processing cycle...
2025-09-12 03:36:47,953 - DEBUG - debug details
2025-09-12 03:36:47,953 - ERROR - something went wrong
2025-09-12 03:36:49,954 - INFO - Processing cycle...
2025-09-12 03:36:49,955 - DEBUG - debug details
2025-09-12 03:36:49,955 - ERROR - something went wrong
2025-09-12 03:36:51,956 - INFO - Processing cycle...
2025-09-12 03:36:51,957 - DEBUG - debug details
2025-09-12 03:36:51,957 - ERROR - something went wrong
2025-09-12 03:36:53,957 - INFO - Processing cycle...
2025-09-12 03:36:53,958 - DEBUG - debug details
2025-09-12 03:36:53,958 - ERROR - something went wrong
2025-09-12 03:36:55,959 - INFO - Processing cycle...
2025-09-12 03:36:55,959 - DEBUG - debug details
2025-09-12 03:36:55,959 - ERROR - something went wrong
2025-09-12 03:36:57,960 - INFO - Processing cycle...
2025-09-12 03:36:57,960 - DEBUG - debug details
2025-09-12 03:36:57,961 - ERROR - something went wrong
2025-09-12 03:36:59,961 - INFO - Processing cycle...
2025-09-12 03:36:59,962 - DEBUG - debug details
2025-09-12 03:36:59,962 - ERROR - something went wrong
2025-09-12 03:37:01,962 - INFO - Processing cycle...
2025-09-12 03:37:01,963 - DEBUG - debug details
2025-09-12 03:37:01,966 - ERROR - something went wrong
2025-09-12 03:37:03,967 - INFO - Processing cycle...
2025-09-12 03:37:03,968 - DEBUG - debug details
2025-09-12 03:37:03,968 - ERROR - something went wrong
2025-09-12 03:37:05,969 - INFO - Processing cycle...
2025-09-12 03:37:05,969 - DEBUG - debug details
2025-09-12 03:37:05,970 - ERROR - something went wrong
2025-09-12 03:37:07,970 - INFO - Processing cycle...
2025-09-12 03:37:07,971 - DEBUG - debug details
2025-09-12 03:37:07,971 - ERROR - something went wrong
2025-09-12 03:37:09,971 - INFO - Processing cycle...
2025-09-12 03:37:09,972 - DEBUG - debug details
2025-09-12 03:37:09,972 - ERROR - something went wrong
2025-09-12 03:37:11,973 - INFO - Processing cycle...
2025-09-12 03:37:11,973 - DEBUG - debug details
2025-09-12 03:37:11,974 - ERROR - something went wrong
2025-09-12 03:37:13,974 - INFO - Processing cycle...
2025-09-12 03:37:13,975 - DEBUG - debug details
2025-09-12 03:37:13,975 - ERROR - something went wrong
2025-09-12 03:37:15,979 - INFO - Processing cycle...
2025-09-12 03:37:15,979 - DEBUG - debug details
2025-09-12 03:37:15,980 - ERROR - something went wrong
2025-09-12 03:37:17,981 - INFO - Processing cycle...
2025-09-12 03:37:17,981 - DEBUG - debug details
2025-09-12 03:37:17,986 - ERROR - something went wrong
2025-09-12 03:37:19,987 - INFO - Processing cycle...
2025-09-12 03:37:19,987 - DEBUG - debug details
2025-09-12 03:37:19,987 - ERROR - something went wrong
2025-09-12 03:37:21,988 - INFO - Processing cycle...
2025-09-12 03:37:21,989 - DEBUG - debug details
2025-09-12 03:37:21,989 - ERROR - something went wrong
2025-09-12 03:37:23,990 - INFO - Processing cycle...
2025-09-12 03:37:23,990 - DEBUG - debug details
2025-09-12 03:37:23,991 - ERROR - something went wrong
2025-09-12 03:37:25,991 - INFO - Processing cycle...
2025-09-12 03:37:25,991 - DEBUG - debug details
2025-09-12 03:37:25,992 - ERROR - something went wrong
2025-09-12 03:37:27,992 - INFO - Processing cycle...
2025-09-12 03:37:27,993 - DEBUG - debug details
2025-09-12 03:37:27,994 - ERROR - something went wrong
2025-09-12 03:37:29,994 - INFO - Processing cycle...
2025-09-12 03:37:29,995 - DEBUG - debug details
2025-09-12 03:37:29,995 - ERROR - something went wrong
2025-09-12 03:37:31,995 - INFO - Processing cycle...
2025-09-12 03:37:31,996 - DEBUG - debug details
2025-09-12 03:37:31,996 - ERROR - something went wrong
2025-09-12 03:37:33,997 - INFO - Processing cycle...
2025-09-12 03:37:33,998 - DEBUG - debug details
2025-09-12 03:37:34,002 - ERROR - something went wrong
2025-09-12 03:37:36,003 - INFO - Processing cycle...
2025-09-12 03:37:36,003 - DEBUG - debug details
2025-09-12 03:37:36,004 - ERROR - something went wrong
2025-09-12 03:37:38,004 - INFO - Processing cycle...
2025-09-12 03:37:38,005 - DEBUG - debug details
2025-09-12 03:37:38,005 - ERROR - something went wrong
2025-09-12 03:37:40,005 - INFO - Processing cycle...
2025-09-12 03:37:40,006 - DEBUG - debug details
2025-09-12 03:37:40,007 - ERROR - something went wrong
2025-09-12 03:37:42,008 - INFO - Processing cycle...
2025-09-12 03:37:42,008 - DEBUG - debug details
2025-09-12 03:37:42,008 - ERROR - something went wrong
2025-09-12 03:37:44,009 - INFO - Processing cycle...
2025-09-12 03:37:44,009 - DEBUG - debug details
2025-09-12 03:37:44,010 - ERROR - something went wrong
2025-09-12 03:37:46,010 - INFO - Processing cycle...
2025-09-12 03:37:46,010 - DEBUG - debug details
2025-09-12 03:37:46,011 - ERROR - something went wrong
2025-09-12 03:37:48,011 - INFO - Processing cycle...
2025-09-12 03:37:48,012 - DEBUG - debug details
2025-09-12 03:37:48,012 - ERROR - something went wrong
2025-09-12 03:37:50,013 - INFO - Processing cycle...
2025-09-12 03:37:50,014 - DEBUG - debug details
2025-09-12 03:37:50,014 - ERROR - something went wrong
2025-09-12 03:37:52,014 - INFO - Processing cycle...
2025-09-12 03:37:52,015 - DEBUG - debug details
2025-09-12 03:37:52,015 - ERROR - something went wrong
2025-09-12 03:37:54,015 - INFO - Processing cycle...
2025-09-12 03:37:54,016 - DEBUG - debug details
2025-09-12 03:37:54,017 - ERROR - something went wrong
2025-09-12 03:37:56,017 - INFO - Processing cycle...
2025-09-12 03:37:56,018 - DEBUG - debug details
2025-09-12 03:37:56,018 - ERROR - something went wrong
2025-09-12 03:37:58,019 - INFO - Processing cycle...
2025-09-12 03:37:58,019 - DEBUG - debug details
2025-09-12 03:37:58,019 - ERROR - something went wrong
2025-09-12 03:38:00,020 - INFO - Processing cycle...
2025-09-12 03:38:00,020 - DEBUG - debug details
2025-09-12 03:38:00,021 - ERROR - something went wrong
2025-09-12 03:38:02,021 - INFO - Processing cycle...
2025-09-12 03:38:02,022 - DEBUG - debug details
2025-09-12 03:38:02,026 - ERROR - something went wrong
2025-09-12 03:38:04,026 - INFO - Processing cycle...
2025-09-12 03:38:04,027 - DEBUG - debug details
2025-09-12 03:38:04,027 - ERROR - something went wrong
2025-09-12 03:38:06,027 - INFO - Processing cycle...
2025-09-12 03:38:06,028 - DEBUG - debug details
2025-09-12 03:38:06,029 - ERROR - something went wrong
2025-09-12 03:38:08,030 - INFO - Processing cycle...
2025-09-12 03:38:08,030 - DEBUG - debug details
2025-09-12 03:38:08,030 - ERROR - something went wrong
2025-09-12 03:38:10,031 - INFO - Processing cycle...
2025-09-12 03:38:10,031 - DEBUG - debug details
2025-09-12 03:38:10,032 - ERROR - something went wrong
2025-09-12 03:38:12,032 - INFO - Processing cycle...
2025-09-12 03:38:12,033 - DEBUG - debug details
2025-09-12 03:38:12,033 - ERROR - something went wrong
2025-09-12 03:38:14,034 - INFO - Processing cycle...
2025-09-12 03:38:14,035 - DEBUG - debug details
2025-09-12 03:38:14,035 - ERROR - something went wrong
2025-09-12 03:38:16,035 - INFO - Processing cycle...
2025-09-12 03:38:16,036 - DEBUG - debug details
2025-09-12 03:38:16,036 - ERROR - something went wrong
2025-09-12 03:38:18,036 - INFO - Processing cycle...
2025-09-12 03:38:18,037 - DEBUG - debug details
2025-09-12 03:38:18,038 - ERROR - something went wrong
2025-09-12 03:38:20,041 - INFO - Processing cycle...
2025-09-12 03:38:20,042 - DEBUG - debug details
2025-09-12 03:38:20,042 - ERROR - something went wrong
2025-09-12 03:38:22,042 - INFO - Processing cycle...
2025-09-12 03:38:22,043 - DEBUG - debug details
2025-09-12 03:38:22,043 - ERROR - something went wrong
2025-09-12 03:38:24,043 - INFO - Processing cycle...
2025-09-12 03:38:24,044 - DEBUG - debug details
2025-09-12 03:38:24,045 - ERROR - something went wrong
2025-09-12 03:38:26,045 - INFO - Processing cycle...
2025-09-12 03:38:26,046 - DEBUG - debug details
2025-09-12 03:38:26,046 - ERROR - something went wrong
2025-09-12 03:38:28,047 - INFO - Processing cycle...
2025-09-12 03:38:28,047 - DEBUG - debug details
2025-09-12 03:38:28,048 - ERROR - something went wrong
2025-09-12 03:38:30,048 - INFO - Processing cycle...
2025-09-12 03:38:30,048 - DEBUG - debug details
2025-09-12 03:38:30,049 - ERROR - something went wrong
2025-09-12 03:38:32,049 - INFO - Processing cycle...
2025-09-12 03:38:32,050 - DEBUG - debug details
2025-09-12 03:38:32,050 - ERROR - something went wrong
2025-09-12 03:38:34,051 - INFO - Processing cycle...
2025-09-12 03:38:34,051 - DEBUG - debug details
2025-09-12 03:38:34,052 - ERROR - something went wrong
2025-09-12 03:38:36,052 - INFO - Processing cycle...
2025-09-12 03:38:36,053 - DEBUG - debug details
2025-09-12 03:38:36,053 - ERROR - something went wrong
2025-09-12 03:38:38,053 - INFO - Processing cycle...
2025-09-12 03:38:38,054 - DEBUG - debug details
2025-09-12 03:38:38,054 - ERROR - something went wrong
2025-09-12 03:38:40,055 - INFO - Processing cycle...
2025-09-12 03:38:40,055 - DEBUG - debug details
2025-09-12 03:38:40,055 - ERROR - something went wrong
2025-09-12 03:38:42,056 - INFO - Processing cycle...
2025-09-12 03:38:42,056 - DEBUG - debug details
2025-09-12 03:38:42,057 - ERROR - something went wrong
2025-09-12 03:38:44,057 - INFO - Processing cycle...
2025-09-12 03:38:44,058 - DEBUG - debug details
2025-09-12 03:38:44,058 - ERROR - something went wrong
2025-09-12 03:38:46,059 - INFO - Processing cycle...
2025-09-12 03:38:46,059 - DEBUG - debug details
2025-09-12 03:38:46,059 - ERROR - something went wrong
2025-09-12 03:38:48,060 - INFO - Processing cycle...
2025-09-12 03:38:48,060 - DEBUG - debug details
2025-09-12 03:38:48,060 - ERROR - something went wrong
2025-09-12 03:38:50,061 - INFO - Processing cycle...
2025-09-12 03:38:50,062 - DEBUG - debug details
2025-09-12 03:38:50,062 - ERROR - something went wrong
2025-09-12 03:38:52,063 - INFO - Processing cycle...
2025-09-12 03:38:52,064 - DEBUG - debug details
2025-09-12 03:38:52,064 - ERROR - something went wrong
2025-09-12 03:38:54,064 - INFO - Processing cycle...
2025-09-12 03:38:54,065 - DEBUG - debug details
2025-09-12 03:38:54,065 - ERROR - something went wrong
2025-09-12 03:38:56,065 - INFO - Processing cycle...
2025-09-12 03:38:56,066 - DEBUG - debug details
2025-09-12 03:38:56,067 - ERROR - something went wrong
2025-09-12 03:38:58,068 - INFO - Processing cycle...
2025-09-12 03:38:58,068 - DEBUG - debug details
2025-09-12 03:38:58,068 - ERROR - something went wrong
2025-09-12 03:39:00,069 - INFO - Processing cycle...
2025-09-12 03:39:00,069 - DEBUG - debug details
2025-09-12 03:39:00,080 - ERROR - something went wrong
2025-09-12 03:39:02,081 - INFO - Processing cycle...
2025-09-12 03:39:02,082 - DEBUG - debug details
2025-09-12 03:39:02,082 - ERROR - something went wrong
2025-09-12 03:39:04,083 - INFO - Processing cycle...
2025-09-12 03:39:04,084 - DEBUG - debug details
2025-09-12 03:39:04,084 - ERROR - something went wrong
2025-09-12 03:39:06,084 - INFO - Processing cycle...
2025-09-12 03:39:06,085 - DEBUG - debug details
2025-09-12 03:39:06,085 - ERROR - something went wrong
2025-09-12 03:39:08,086 - INFO - Processing cycle...
2025-09-12 03:39:08,087 - DEBUG - debug details
2025-09-12 03:39:08,087 - ERROR - something went wrong
2025-09-12 03:39:10,088 - INFO - Processing cycle...
2025-09-12 03:39:10,088 - DEBUG - debug details
2025-09-12 03:39:10,089 - ERROR - something went wrong
2025-09-12 03:39:12,089 - INFO - Processing cycle...
2025-09-12 03:39:12,089 - DEBUG - debug details
2025-09-12 03:39:12,090 - ERROR - something went wrong
2025-09-12 03:39:14,090 - INFO - Processing cycle...
2025-09-12 03:39:14,091 - DEBUG - debug details
2025-09-12 03:39:14,091 - ERROR - something went wrong
2025-09-12 03:39:16,091 - INFO - Processing cycle...
2025-09-12 03:39:16,092 - DEBUG - debug details
2025-09-12 03:39:16,093 - ERROR - something went wrong
2025-09-12 03:39:18,093 - INFO - Processing cycle...
2025-09-12 03:39:18,093 - DEBUG - debug details
2025-09-12 03:39:18,094 - ERROR - something went wrong
2025-09-12 03:39:20,094 - INFO - Processing cycle...
2025-09-12 03:39:20,095 - DEBUG - debug details
2025-09-12 03:39:20,095 - ERROR - something went wrong
2025-09-12 03:39:22,095 - INFO - Processing cycle...
2025-09-12 03:39:22,096 - DEBUG - debug details
2025-09-12 03:39:22,096 - ERROR - something went wrong
2025-09-12 03:39:24,097 - INFO - Processing cycle...
2025-09-12 03:39:24,097 - DEBUG - debug details
2025-09-12 03:39:24,098 - ERROR - something went wrong
2025-09-12 03:39:26,098 - INFO - Processing cycle...
2025-09-12 03:39:26,099 - DEBUG - debug details
2025-09-12 03:39:26,099 - ERROR - something went wrong
2025-09-12 03:39:28,099 - INFO - Processing cycle...
2025-09-12 03:39:28,100 - DEBUG - debug details
2025-09-12 03:39:28,100 - ERROR - something went wrong
2025-09-12 03:39:30,101 - INFO - Processing cycle...
2025-09-12 03:39:30,101 - DEBUG - debug details
2025-09-12 03:39:30,101 - ERROR - something went wrong
2025-09-12 03:39:32,102 - INFO - Processing cycle...
2025-09-12 03:39:32,102 - DEBUG - debug details
2025-09-12 03:39:32,103 - ERROR - something went wrong
2025-09-12 03:39:34,103 - INFO - Processing cycle...
2025-09-12 03:39:34,104 - DEBUG - debug details
2025-09-12 03:39:34,104 - ERROR - something went wrong
2025-09-12 03:39:36,105 - INFO - Processing cycle...
2025-09-12 03:39:36,106 - DEBUG - debug details
2025-09-12 03:39:36,106 - ERROR - something went wrong
2025-09-12 03:39:38,106 - INFO - Processing cycle...
2025-09-12 03:39:38,107 - DEBUG - debug details
2025-09-12 03:39:38,107 - ERROR - something went wrong
2025-09-12 03:39:40,108 - INFO - Processing cycle...
2025-09-12 03:39:40,108 - DEBUG - debug details
2025-09-12 03:39:40,109 - ERROR - something went wrong
2025-09-12 03:39:42,110 - INFO - Processing cycle...
2025-09-12 03:39:42,110 - DEBUG - debug details
2025-09-12 03:39:42,111 - ERROR - something went wrong
2025-09-12 03:39:44,111 - INFO - Processing cycle...
2025-09-12 03:39:44,111 - DEBUG - debug details
2025-09-12 03:39:44,115 - ERROR - something went wrong
2025-09-12 03:39:46,115 - INFO - Processing cycle...
2025-09-12 03:39:46,116 - DEBUG - debug details
2025-09-12 03:39:46,117 - ERROR - something went wrong
2025-09-12 03:39:48,117 - INFO - Processing cycle...
2025-09-12 03:39:48,118 - DEBUG - debug details
2025-09-12 03:39:48,118 - ERROR - something went wrong
2025-09-12 03:39:50,119 - INFO - Processing cycle...
2025-09-12 03:39:50,119 - DEBUG - debug details
2025-09-12 03:39:50,120 - ERROR - something went wrong
2025-09-12 03:39:52,120 - INFO - Processing cycle...
2025-09-12 03:39:52,120 - DEBUG - debug details
2025-09-12 03:39:52,121 - ERROR - something went wrong
2025-09-12 03:39:54,121 - INFO - Processing cycle...
2025-09-12 03:39:54,122 - DEBUG - debug details
2025-09-12 03:39:54,123 - ERROR - something went wrong
2025-09-12 03:39:56,124 - INFO - Processing cycle...
2025-09-12 03:39:56,124 - DEBUG - debug details
2025-09-12 03:39:56,124 - ERROR - something went wrong
2025-09-12 03:39:58,125 - INFO - Processing cycle...
2025-09-12 03:39:58,125 - DEBUG - debug details
2025-09-12 03:39:58,126 - ERROR - something went wrong
2025-09-12 03:40:00,126 - INFO - Processing cycle...
2025-09-12 03:40:00,127 - DEBUG - debug details
2025-09-12 03:40:00,127 - ERROR - something went wrong
2025-09-12 03:40:02,128 - INFO - Processing cycle...
2025-09-12 03:40:02,129 - DEBUG - debug details
2025-09-12 03:40:02,129 - ERROR - something went wrong
2025-09-12 03:40:04,129 - INFO - Processing cycle...
2025-09-12 03:40:04,130 - DEBUG - debug details
2025-09-12 03:40:04,130 - ERROR - something went wrong
2025-09-12 03:40:06,130 - INFO - Processing cycle...
2025-09-12 03:40:06,131 - DEBUG - debug details
2025-09-12 03:40:06,132 - ERROR - something went wrong
2025-09-12 03:40:08,132 - INFO - Processing cycle...
2025-09-12 03:40:08,133 - DEBUG - debug details
2025-09-12 03:40:08,133 - ERROR - something went wrong
2025-09-12 03:40:10,134 - INFO - Processing cycle...
2025-09-12 03:40:10,134 - DEBUG - debug details
2025-09-12 03:40:10,134 - ERROR - something went wrong
2025-09-12 03:40:12,135 - INFO - Processing cycle...
2025-09-12 03:40:12,136 - DEBUG - debug details
2025-09-12 03:40:12,136 - ERROR - something went wrong
2025-09-12 03:40:14,137 - INFO - Processing cycle...
2025-09-12 03:40:14,138 - DEBUG - debug details
2025-09-12 03:40:14,138 - ERROR - something went wrong
2025-09-12 03:40:16,138 - INFO - Processing cycle...
2025-09-12 03:40:16,139 - DEBUG - debug details
2025-09-12 03:40:16,139 - ERROR - something went wrong
2025-09-12 03:40:18,140 - INFO - Processing cycle...
2025-09-12 03:40:18,140 - DEBUG - debug details
2025-09-12 03:40:18,141 - ERROR - something went wrong
2025-09-12 03:40:20,142 - INFO - Processing cycle...
2025-09-12 03:40:20,143 - DEBUG - debug details
2025-09-12 03:40:20,143 - ERROR - something went wrong
2025-09-12 03:40:22,144 - INFO - Processing cycle...
2025-09-12 03:40:22,145 - DEBUG - debug details
2025-09-12 03:40:22,145 - ERROR - something went wrong
2025-09-12 03:40:24,146 - INFO - Processing cycle...
2025-09-12 03:40:24,147 - DEBUG - debug details
2025-09-12 03:40:24,147 - ERROR - something went wrong
2025-09-12 03:40:26,148 - INFO - Processing cycle...
2025-09-12 03:40:26,149 - DEBUG - debug details
2025-09-12 03:40:26,149 - ERROR - something went wrong
2025-09-12 03:40:28,150 - INFO - Processing cycle...
2025-09-12 03:40:28,151 - DEBUG - debug details
2025-09-12 03:40:28,152 - ERROR - something went wrong
2025-09-12 03:40:30,152 - INFO - Processing cycle...
2025-09-12 03:40:30,153 - DEBUG - debug details
2025-09-12 03:40:30,154 - ERROR - something went wrong
2025-09-12 03:40:32,154 - INFO - Processing cycle...
2025-09-12 03:40:32,155 - DEBUG - debug details
2025-09-12 03:40:32,156 - ERROR - something went wrong
2025-09-12 03:40:34,156 - INFO - Processing cycle...
2025-09-12 03:40:34,157 - DEBUG - debug details
2025-09-12 03:40:34,158 - ERROR - something went wrong
2025-09-12 03:40:36,158 - INFO - Processing cycle...
2025-09-12 03:40:36,159 - DEBUG - debug details
2025-09-12 03:40:36,160 - ERROR - something went wrong
2025-09-12 03:40:38,160 - INFO - Processing cycle...
2025-09-12 03:40:38,161 - DEBUG - debug details
2025-09-12 03:40:38,162 - ERROR - something went wrong
2025-09-12 03:40:40,163 - INFO - Processing cycle...
2025-09-12 03:40:40,163 - DEBUG - debug details
2025-09-12 03:40:40,164 - ERROR - something went wrong
2025-09-12 03:40:42,165 - INFO - Processing cycle...
2025-09-12 03:40:42,166 - DEBUG - debug details
2025-09-12 03:40:42,166 - ERROR - something went wrong
2025-09-12 03:40:44,167 - INFO - Processing cycle...
2025-09-12 03:40:44,168 - DEBUG - debug details
2025-09-12 03:40:44,168 - ERROR - something went wrong
2025-09-12 03:40:46,168 - INFO - Processing cycle...
2025-09-12 03:40:46,169 - DEBUG - debug details
2025-09-12 03:40:46,169 - ERROR - something went wrong
2025-09-12 03:40:48,170 - INFO - Processing cycle...
2025-09-12 03:40:48,171 - DEBUG - debug details
2025-09-12 03:40:48,171 - ERROR - something went wrong
2025-09-12 03:40:50,171 - INFO - Processing cycle...
2025-09-12 03:40:50,172 - DEBUG - debug details
2025-09-12 03:40:50,172 - ERROR - something went wrong
2025-09-12 03:40:52,173 - INFO - Processing cycle...
2025-09-12 03:40:52,173 - DEBUG - debug details
2025-09-12 03:40:52,174 - ERROR - something went wrong
2025-09-12 03:40:54,174 - INFO - Processing cycle...
2025-09-12 03:40:54,175 - DEBUG - debug details
2025-09-12 03:40:54,175 - ERROR - something went wrong
2025-09-12 03:40:56,176 - INFO - Processing cycle...
2025-09-12 03:40:56,177 - DEBUG - debug details
2025-09-12 03:40:56,178 - ERROR - something went wrong
2025-09-12 03:40:58,178 - INFO - Processing cycle...
2025-09-12 03:40:58,179 - DEBUG - debug details
2025-09-12 03:40:58,179 - ERROR - something went wrong
2025-09-12 03:41:00,180 - INFO - Processing cycle...
2025-09-12 03:41:00,180 - DEBUG - debug details
2025-09-12 03:41:00,180 - ERROR - something went wrong
2025-09-12 03:41:02,181 - INFO - Processing cycle...
2025-09-12 03:41:02,181 - DEBUG - debug details
2025-09-12 03:41:02,181 - ERROR - something went wrong
2025-09-12 03:41:04,182 - INFO - Processing cycle...
2025-09-12 03:41:04,183 - DEBUG - debug details
2025-09-12 03:41:04,183 - ERROR - something went wrong
2025-09-12 03:41:06,183 - INFO - Processing cycle...
2025-09-12 03:41:06,184 - DEBUG - debug details
2025-09-12 03:41:06,184 - ERROR - something went wrong
2025-09-12 03:41:08,184 - INFO - Processing cycle...
2025-09-12 03:41:08,185 - DEBUG - debug details
2025-09-12 03:41:08,185 - ERROR - something went wrong
2025-09-12 03:41:10,186 - INFO - Processing cycle...
2025-09-12 03:41:10,186 - DEBUG - debug details
2025-09-12 03:41:10,187 - ERROR - something went wrong
2025-09-12 03:41:12,188 - INFO - Processing cycle...
2025-09-12 03:41:12,188 - DEBUG - debug details
2025-09-12 03:41:12,188 - ERROR - something went wrong
2025-09-12 03:41:14,189 - INFO - Processing cycle...
2025-09-12 03:41:14,189 - DEBUG - debug details
2025-09-12 03:41:14,190 - ERROR - something went wrong
2025-09-12 03:41:16,190 - INFO - Processing cycle...
2025-09-12 03:41:16,191 - DEBUG - debug details
2025-09-12 03:41:16,191 - ERROR - something went wrong
2025-09-12 03:41:18,192 - INFO - Processing cycle...
2025-09-12 03:41:18,193 - DEBUG - debug details
2025-09-12 03:41:18,193 - ERROR - something went wrong
2025-09-12 03:41:20,193 - INFO - Processing cycle...
2025-09-12 03:41:20,194 - DEBUG - debug details
2025-09-12 03:41:20,194 - ERROR - something went wrong
2025-09-12 03:41:22,195 - INFO - Processing cycle...
2025-09-12 03:41:22,195 - DEBUG - debug details
2025-09-12 03:41:22,196 - ERROR - something went wrong
2025-09-12 03:41:24,197 - INFO - Processing cycle...
2025-09-12 03:41:24,197 - DEBUG - debug details
2025-09-12 03:41:24,198 - ERROR - something went wrong
2025-09-12 03:41:26,198 - INFO - Processing cycle...
2025-09-12 03:41:26,198 - DEBUG - debug details
2025-09-12 03:41:26,199 - ERROR - something went wrong
2025-09-12 03:41:28,199 - INFO - Processing cycle...
2025-09-12 03:41:28,200 - DEBUG - debug details
2025-09-12 03:41:28,201 - ERROR - something went wrong
2025-09-12 03:41:30,201 - INFO - Processing cycle...
2025-09-12 03:41:30,202 - DEBUG - debug details
2025-09-12 03:41:30,202 - ERROR - something went wrong
2025-09-12 03:41:32,203 - INFO - Processing cycle...
2025-09-12 03:41:32,203 - DEBUG - debug details
2025-09-12 03:41:32,203 - ERROR - something went wrong
2025-09-12 03:41:34,204 - INFO - Processing cycle...
2025-09-12 03:41:34,205 - DEBUG - debug details
2025-09-12 03:41:34,205 - ERROR - something went wrong
2025-09-12 03:41:36,206 - INFO - Processing cycle...
2025-09-12 03:41:36,207 - DEBUG - debug details
2025-09-12 03:41:36,207 - ERROR - something went wrong
2025-09-12 03:41:38,207 - INFO - Processing cycle...
2025-09-12 03:41:38,208 - DEBUG - debug details
2025-09-12 03:41:38,208 - ERROR - something went wrong
2025-09-12 03:41:40,209 - INFO - Processing cycle...
2025-09-12 03:41:40,209 - DEBUG - debug details
2025-09-12 03:41:40,209 - ERROR - something went wrong
2025-09-12 03:41:42,210 - INFO - Processing cycle...
2025-09-12 03:41:42,211 - DEBUG - debug details
2025-09-12 03:41:42,211 - ERROR - something went wrong
2025-09-12 03:41:44,211 - INFO - Processing cycle...
2025-09-12 03:41:44,212 - DEBUG - debug details
2025-09-12 03:41:44,212 - ERROR - something went wrong
2025-09-12 03:41:46,212 - INFO - Processing cycle...
2025-09-12 03:41:46,213 - DEBUG - debug details
2025-09-12 03:41:46,213 - ERROR - something went wrong
2025-09-12 03:41:48,214 - INFO - Processing cycle...
2025-09-12 03:41:48,214 - DEBUG - debug details
2025-09-12 03:41:48,215 - ERROR - something went wrong
2025-09-12 03:41:50,215 - INFO - Processing cycle...
2025-09-12 03:41:50,216 - DEBUG - debug details
2025-09-12 03:41:50,216 - ERROR - something went wrong
2025-09-12 03:41:52,216 - INFO - Processing cycle...
2025-09-12 03:41:52,217 - DEBUG - debug details
2025-09-12 03:41:52,217 - ERROR - something went wrong
2025-09-12 03:41:54,217 - INFO - Processing cycle...
2025-09-12 03:41:54,218 - DEBUG - debug details
2025-09-12 03:41:54,219 - ERROR - something went wrong
2025-09-12 03:41:56,219 - INFO - Processing cycle...
2025-09-12 03:41:56,220 - DEBUG - debug details
2025-09-12 03:41:56,220 - ERROR - something went wrong
2025-09-12 03:41:58,221 - INFO - Processing cycle...
2025-09-12 03:41:58,221 - DEBUG - debug details
2025-09-12 03:41:58,221 - ERROR - something went wrong
2025-09-12 03:42:00,222 - INFO - Processing cycle...
2025-09-12 03:42:00,223 - DEBUG - debug details
2025-09-12 03:42:00,223 - ERROR - something went wrong
2025-09-12 03:42:02,224 - INFO - Processing cycle...
2025-09-12 03:42:02,225 - DEBUG - debug details
2025-09-12 03:42:02,225 - ERROR - something went wrong
2025-09-12 03:42:04,225 - INFO - Processing cycle...
2025-09-12 03:42:04,226 - DEBUG - debug details
2025-09-12 03:42:04,226 - ERROR - something went wrong
2025-09-12 03:42:06,227 - INFO - Processing cycle...
2025-09-12 03:42:06,228 - DEBUG - debug details
2025-09-12 03:42:06,228 - ERROR - something went wrong
2025-09-12 03:42:08,229 - INFO - Processing cycle...
2025-09-12 03:42:08,229 - DEBUG - debug details
2025-09-12 03:42:08,230 - ERROR - something went wrong
2025-09-12 03:42:10,230 - INFO - Processing cycle...
2025-09-12 03:42:10,231 - DEBUG - debug details
2025-09-12 03:42:10,231 - ERROR - something went wrong
2025-09-12 03:42:12,231 - INFO - Processing cycle...
2025-09-12 03:42:12,232 - DEBUG - debug details
2025-09-12 03:42:12,232 - ERROR - something went wrong
2025-09-12 03:42:14,232 - INFO - Processing cycle...
2025-09-12 03:42:14,233 - DEBUG - debug details
2025-09-12 03:42:14,233 - ERROR - something went wrong
2025-09-12 03:42:16,234 - INFO - Processing cycle...
2025-09-12 03:42:16,234 - DEBUG - debug details
2025-09-12 03:42:16,235 - ERROR - something went wrong
2025-09-12 03:42:18,235 - INFO - Processing cycle...
2025-09-12 03:42:18,236 - DEBUG - debug details
2025-09-12 03:42:18,236 - ERROR - something went wrong
2025-09-12 03:42:20,236 - INFO - Processing cycle...
2025-09-12 03:42:20,237 - DEBUG - debug details
2025-09-12 03:42:20,237 - ERROR - something went wrong
2025-09-12 03:42:22,237 - INFO - Processing cycle...
2025-09-12 03:42:22,238 - DEBUG - debug details
2025-09-12 03:42:22,238 - ERROR - something went wrong
2025-09-12 03:42:24,239 - INFO - Processing cycle...
2025-09-12 03:42:24,239 - DEBUG - debug details
2025-09-12 03:42:24,240 - ERROR - something went wrong
2025-09-12 03:42:26,240 - INFO - Processing cycle...
2025-09-12 03:42:26,242 - DEBUG - debug details
2025-09-12 03:42:26,243 - ERROR - something went wrong
2025-09-12 03:42:28,243 - INFO - Processing cycle...
2025-09-12 03:42:28,244 - DEBUG - debug details
2025-09-12 03:42:28,244 - ERROR - something went wrong
2025-09-12 03:42:30,244 - INFO - Processing cycle...
2025-09-12 03:42:30,245 - DEBUG - debug details
2025-09-12 03:42:30,245 - ERROR - something went wrong
2025-09-12 03:42:32,246 - INFO - Processing cycle...
2025-09-12 03:42:32,246 - DEBUG - debug details
2025-09-12 03:42:32,247 - ERROR - something went wrong
2025-09-12 03:42:34,247 - INFO - Processing cycle...
2025-09-12 03:42:34,248 - DEBUG - debug details
2025-09-12 03:42:34,248 - ERROR - something went wrong
2025-09-12 03:42:36,248 - INFO - Processing cycle...
2025-09-12 03:42:36,249 - DEBUG - debug details
2025-09-12 03:42:36,249 - ERROR - something went wrong
2025-09-12 03:42:38,249 - INFO - Processing cycle...
2025-09-12 03:42:38,250 - DEBUG - debug details
2025-09-12 03:42:38,253 - ERROR - something went wrong
2025-09-12 03:42:40,254 - INFO - Processing cycle...
2025-09-12 03:42:40,255 - DEBUG - debug details
2025-09-12 03:42:40,255 - ERROR - something went wrong
2025-09-12 03:42:42,255 - INFO - Processing cycle...
2025-09-12 03:42:42,256 - DEBUG - debug details
2025-09-12 03:42:42,256 - ERROR - something went wrong
2025-09-12 03:42:44,257 - INFO - Processing cycle...
2025-09-12 03:42:44,257 - DEBUG - debug details
2025-09-12 03:42:44,257 - ERROR - something went wrong
2025-09-12 03:42:46,258 - INFO - Processing cycle...
2025-09-12 03:42:46,258 - DEBUG - debug details
2025-09-12 03:42:46,259 - ERROR - something went wrong
2025-09-12 03:42:48,259 - INFO - Processing cycle...
2025-09-12 03:42:48,260 - DEBUG - debug details
2025-09-12 03:42:48,260 - ERROR - something went wrong
2025-09-12 03:42:50,260 - INFO - Processing cycle...
2025-09-12 03:42:50,261 - DEBUG - debug details
2025-09-12 03:42:50,262 - ERROR - something went wrong
2025-09-12 03:42:52,263 - INFO - Processing cycle...
2025-09-12 03:42:52,264 - DEBUG - debug details
2025-09-12 03:42:52,265 - ERROR - something went wrong
2025-09-12 03:42:54,265 - INFO - Processing cycle...
2025-09-12 03:42:54,266 - DEBUG - debug details
2025-09-12 03:42:54,266 - ERROR - something went wrong
2025-09-12 03:42:56,267 - INFO - Processing cycle...
2025-09-12 03:42:56,267 - DEBUG - debug details
2025-09-12 03:42:56,268 - ERROR - something went wrong
2025-09-12 03:42:58,268 - INFO - Processing cycle...
2025-09-12 03:42:58,269 - DEBUG - debug details
2025-09-12 03:42:58,269 - ERROR - something went wrong
2025-09-12 03:43:00,269 - INFO - Processing cycle...
2025-09-12 03:43:00,270 - DEBUG - debug details
2025-09-12 03:43:00,270 - ERROR - something went wrong
2025-09-12 03:43:02,271 - INFO - Processing cycle...
2025-09-12 03:43:02,271 - DEBUG - debug details
2025-09-12 03:43:02,271 - ERROR - something went wrong
2025-09-12 03:43:04,272 - INFO - Processing cycle...
2025-09-12 03:43:04,272 - DEBUG - debug details
2025-09-12 03:43:04,273 - ERROR - something went wrong
2025-09-12 03:43:06,273 - INFO - Processing cycle...
2025-09-12 03:43:06,273 - DEBUG - debug details
2025-09-12 03:43:06,274 - ERROR - something went wrong
2025-09-12 03:43:08,274 - INFO - Processing cycle...
2025-09-12 03:43:08,275 - DEBUG - debug details
2025-09-12 03:43:08,275 - ERROR - something went wrong
2025-09-12 03:43:10,275 - INFO - Processing cycle...
2025-09-12 03:43:10,276 - DEBUG - debug details
2025-09-12 03:43:10,277 - ERROR - something went wrong
2025-09-12 03:43:12,278 - INFO - Processing cycle...
2025-09-12 03:43:12,278 - DEBUG - debug details
2025-09-12 03:43:12,282 - ERROR - something went wrong
2025-09-12 03:43:14,283 - INFO - Processing cycle...
2025-09-12 03:43:14,283 - DEBUG - debug details
2025-09-12 03:43:14,283 - ERROR - something went wrong
2025-09-12 03:43:16,284 - INFO - Processing cycle...
2025-09-12 03:43:16,285 - DEBUG - debug details
2025-09-12 03:43:16,285 - ERROR - something went wrong
2025-09-12 03:43:18,286 - INFO - Processing cycle...
2025-09-12 03:43:18,287 - DEBUG - debug details
2025-09-12 03:43:18,287 - ERROR - something went wrong
2025-09-12 03:43:20,287 - INFO - Processing cycle...
2025-09-12 03:43:20,288 - DEBUG - debug details
2025-09-12 03:43:20,288 - ERROR - something went wrong
2025-09-12 03:43:22,289 - INFO - Processing cycle...
2025-09-12 03:43:22,289 - DEBUG - debug details
2025-09-12 03:43:22,290 - ERROR - something went wrong
2025-09-12 03:43:24,291 - INFO - Processing cycle...
2025-09-12 03:43:24,291 - DEBUG - debug details
2025-09-12 03:43:24,292 - ERROR - something went wrong
2025-09-12 03:43:26,292 - INFO - Processing cycle...
2025-09-12 03:43:26,292 - DEBUG - debug details
2025-09-12 03:43:26,293 - ERROR - something went wrong
2025-09-12 03:43:28,293 - INFO - Processing cycle...
2025-09-12 03:43:28,294 - DEBUG - debug details
2025-09-12 03:43:28,294 - ERROR - something went wrong
2025-09-12 03:43:30,296 - INFO - Processing cycle...
2025-09-12 03:43:30,297 - DEBUG - debug details
2025-09-12 03:43:30,297 - ERROR - something went wrong
2025-09-12 03:43:32,297 - INFO - Processing cycle...
2025-09-12 03:43:32,298 - DEBUG - debug details
2025-09-12 03:43:32,298 - ERROR - something went wrong
2025-09-12 03:43:34,299 - INFO - Processing cycle...
2025-09-12 03:43:34,299 - DEBUG - debug details
2025-09-12 03:43:34,299 - ERROR - something went wrong
2025-09-12 03:43:36,300 - INFO - Processing cycle...
2025-09-12 03:43:36,300 - DEBUG - debug details
2025-09-12 03:43:36,301 - ERROR - something went wrong
2025-09-12 03:43:38,301 - INFO - Processing cycle...
2025-09-12 03:43:38,302 - DEBUG - debug details
2025-09-12 03:43:38,302 - ERROR - something went wrong
2025-09-12 03:43:40,302 - INFO - Processing cycle...
2025-09-12 03:43:40,303 - DEBUG - debug details
2025-09-12 03:43:40,303 - ERROR - something went wrong
2025-09-12 03:43:42,304 - INFO - Processing cycle...
2025-09-12 03:43:42,304 - DEBUG - debug details
2025-09-12 03:43:42,305 - ERROR - something went wrong
2025-09-12 03:43:44,305 - INFO - Processing cycle...
2025-09-12 03:43:44,306 - DEBUG - debug details
2025-09-12 03:43:44,306 - ERROR - something went wrong
2025-09-12 03:43:46,306 - INFO - Processing cycle...
2025-09-12 03:43:46,307 - DEBUG - debug details
2025-09-12 03:43:46,307 - ERROR - something went wrong
2025-09-12 03:43:48,310 - INFO - Processing cycle...
2025-09-12 03:43:48,310 - DEBUG - debug details
2025-09-12 03:43:48,311 - ERROR - something went wrong
2025-09-12 03:43:50,311 - INFO - Processing cycle...
2025-09-12 03:43:50,315 - DEBUG - debug details
2025-09-12 03:43:50,315 - ERROR - something went wrong
