2025-09-12 03:45:33,005 - INFO - Amplifier script started
2025-09-12 03:45:33,005 - INFO - Processing cycle...
2025-09-12 03:45:33,006 - DEBUG - debug details
2025-09-12 03:45:33,006 - ERROR - something went wrong
2025-09-12 03:45:35,007 - INFO - Processing cycle...
2025-09-12 03:45:35,008 - DEBUG - debug details
2025-09-12 03:45:35,008 - ERROR - something went wrong
2025-09-12 03:45:37,009 - INFO - Processing cycle...
2025-09-12 03:45:37,009 - DEBUG - debug details
2025-09-12 03:45:37,010 - ERROR - something went wrong
2025-09-12 03:45:39,010 - INFO - Processing cycle...
2025-09-12 03:45:39,011 - DEBUG - debug details
2025-09-12 03:45:39,011 - ERROR - something went wrong
2025-09-12 03:45:41,012 - INFO - Processing cycle...
2025-09-12 03:45:41,012 - DEBUG - debug details
2025-09-12 03:45:41,013 - ERROR - something went wrong
2025-09-12 03:45:43,013 - INFO - Processing cycle...
2025-09-12 03:45:43,014 - DEBUG - debug details
2025-09-12 03:45:43,014 - ERROR - something went wrong
2025-09-12 03:45:45,015 - INFO - Processing cycle...
2025-09-12 03:45:45,015 - DEBUG - debug details
2025-09-12 03:45:45,015 - ERROR - something went wrong
2025-09-12 03:45:47,016 - INFO - Processing cycle...
2025-09-12 03:45:47,017 - DEBUG - debug details
2025-09-12 03:45:47,017 - ERROR - something went wrong
2025-09-12 03:45:49,018 - INFO - Processing cycle...
2025-09-12 03:45:49,018 - DEBUG - debug details
2025-09-12 03:45:49,019 - ERROR - something went wrong
2025-09-12 03:45:51,019 - INFO - Processing cycle...
2025-09-12 03:45:51,020 - DEBUG - debug details
2025-09-12 03:45:51,020 - ERROR - something went wrong
2025-09-12 03:45:53,021 - INFO - Processing cycle...
2025-09-12 03:45:53,021 - DEBUG - debug details
2025-09-12 03:45:53,021 - ERROR - something went wrong
2025-09-12 03:45:53,396 - INFO - Received shutdown signal (Ctrl+C)
2025-09-12 03:45:53,397 - INFO - Shutting down gracefully...
2025-09-12 03:45:53,397 - INFO - Amplifier script stopped
