[2025-11-07 02:00:03,110] [INFO] [ButtonReader] GPIO setup complete: 2 pins, no pulls
[2025-11-07 02:00:03,111] [INFO] [ButtonReader] ButtonReader initialized with 2 buttons
[2025-11-07 02:00:03,111] [INFO] [ButtonReader] Button mapping: Button0=GPIO4, Button1=GPIO22
[2025-11-07 02:00:03,115] [INFO] [GameController] Entering state: IdleState
[2025-11-07 02:00:03,116] [INFO] [GameController] GameController initialized: 20ms frame duration, 2 LED strips
[2025-11-07 02:00:03,116] [INFO] [GameController] Game system initialized successfully
[2025-11-07 02:00:03,117] [INFO] [GameController] Configuration: 2 buttons, 2 LED strips, 20ms frame duration
[2025-11-07 02:00:03,117] [INFO] [GameController] Starting game loop with 20ms frame duration
[2025-11-07 02:00:08,827] [DEBUG] [ButtonReader] Button state changed: buttons [(0, 'pressed')]
[2025-11-07 02:00:08,828] [DEBUG] [AmplifyState] AmplifyState initialized with buttons: [0]
[2025-11-07 02:00:08,829] [INFO] [GameController] Exiting state: IdleState
[2025-11-07 02:00:08,829] [INFO] [GameController] State transition: IdleState → AmplifyState
[2025-11-07 02:00:08,830] [INFO] [GameController] Entering state: AmplifyState
[2025-11-07 02:00:11,866] [DEBUG] [ButtonReader] Button state changed: buttons [(0, 'released')]
[2025-11-07 02:00:11,867] [INFO] [GameController] Exiting state: AmplifyState
[2025-11-07 02:00:11,867] [INFO] [GameController] State transition: AmplifyState → IdleState
[2025-11-07 02:00:11,868] [INFO] [GameController] Entering state: IdleState
[2025-11-07 02:00:12,609] [DEBUG] [ButtonReader] Button state changed: buttons [(0, 'pressed')]
[2025-11-07 02:00:12,611] [DEBUG] [AmplifyState] AmplifyState initialized with buttons: [0]
[2025-11-07 02:00:12,612] [INFO] [GameController] Exiting state: IdleState
[2025-11-07 02:00:12,612] [INFO] [GameController] State transition: IdleState → AmplifyState
[2025-11-07 02:00:12,613] [INFO] [GameController] Entering state: AmplifyState
[2025-11-07 02:00:13,854] [DEBUG] [ButtonReader] Button state changed: buttons [(1, 'pressed')]
[2025-11-07 02:00:13,855] [DEBUG] [AmplifyState] AmplifyState button change - currently pressed: [0, 1]
[2025-11-07 02:00:14,879] [DEBUG] [ButtonReader] Button state changed: buttons [(1, 'released')]
[2025-11-07 02:00:14,879] [DEBUG] [AmplifyState] AmplifyState button change - currently pressed: [0]
[2025-11-07 02:00:15,843] [DEBUG] [ButtonReader] Button state changed: buttons [(1, 'pressed')]
[2025-11-07 02:00:15,844] [DEBUG] [AmplifyState] AmplifyState button change - currently pressed: [0, 1]
[2025-11-07 02:00:16,970] [DEBUG] [ButtonReader] Button state changed: buttons [(1, 'released')]
[2025-11-07 02:00:16,971] [DEBUG] [AmplifyState] AmplifyState button change - currently pressed: [0]
[2025-11-07 02:00:18,561] [DEBUG] [ButtonReader] Button state changed: buttons [(1, 'pressed')]
[2025-11-07 02:00:18,562] [DEBUG] [AmplifyState] AmplifyState button change - currently pressed: [0, 1]
[2025-11-07 02:00:20,228] [DEBUG] [ButtonReader] Button state changed: buttons [(1, 'released')]
[2025-11-07 02:00:20,229] [DEBUG] [AmplifyState] AmplifyState button change - currently pressed: [0]
[2025-11-07 02:00:21,151] [DEBUG] [ButtonReader] Button state changed: buttons [(1, 'pressed')]
[2025-11-07 02:00:21,152] [DEBUG] [AmplifyState] AmplifyState button change - currently pressed: [0, 1]
[2025-11-07 02:00:22,397] [DEBUG] [ButtonReader] Button state changed: buttons [(1, 'released')]
[2025-11-07 02:00:22,398] [DEBUG] [AmplifyState] AmplifyState button change - currently pressed: [0]
[2025-11-07 02:00:25,222] [DEBUG] [ButtonReader] Button state changed: buttons [(1, 'pressed')]
[2025-11-07 02:00:25,223] [DEBUG] [AmplifyState] AmplifyState button change - currently pressed: [0, 1]
[2025-11-07 02:00:25,785] [DEBUG] [ButtonReader] Button state changed: buttons [(0, 'released')]
[2025-11-07 02:00:25,786] [DEBUG] [AmplifyState] AmplifyState button change - currently pressed: [1]
[2025-11-07 02:00:27,010] [DEBUG] [ButtonReader] Button state changed: buttons [(1, 'released')]
[2025-11-07 02:00:27,011] [INFO] [GameController] Exiting state: AmplifyState
[2025-11-07 02:00:27,011] [INFO] [GameController] State transition: AmplifyState → IdleState
[2025-11-07 02:00:27,012] [INFO] [GameController] Entering state: IdleState
[2025-11-07 02:00:27,512] [DEBUG] [ButtonReader] Button state changed: buttons [(1, 'pressed')]
[2025-11-07 02:00:27,513] [DEBUG] [AmplifyState] AmplifyState initialized with buttons: [1]
[2025-11-07 02:00:27,513] [INFO] [GameController] Exiting state: IdleState
[2025-11-07 02:00:27,514] [INFO] [GameController] State transition: IdleState → AmplifyState
[2025-11-07 02:00:27,514] [INFO] [GameController] Entering state: AmplifyState
[2025-11-07 02:00:27,954] [DEBUG] [ButtonReader] Button state changed: buttons [(0, 'pressed')]
[2025-11-07 02:00:27,955] [DEBUG] [AmplifyState] AmplifyState button change - currently pressed: [0, 1]
[2025-11-07 02:00:28,517] [DEBUG] [ButtonReader] Button state changed: buttons [(0, 'released')]
[2025-11-07 02:00:28,517] [DEBUG] [AmplifyState] AmplifyState button change - currently pressed: [1]
[2025-11-07 02:00:29,039] [DEBUG] [ButtonReader] Button state changed: buttons [(1, 'released')]
[2025-11-07 02:00:29,040] [INFO] [GameController] Exiting state: AmplifyState
[2025-11-07 02:00:29,041] [INFO] [GameController] State transition: AmplifyState → IdleState
[2025-11-07 02:00:29,041] [INFO] [GameController] Entering state: IdleState
[2025-11-07 02:00:29,803] [DEBUG] [ButtonReader] Button state changed: buttons [(1, 'pressed')]
[2025-11-07 02:00:29,804] [DEBUG] [AmplifyState] AmplifyState initialized with buttons: [1]
[2025-11-07 02:00:29,804] [INFO] [GameController] Exiting state: IdleState
[2025-11-07 02:00:29,804] [INFO] [GameController] State transition: IdleState → AmplifyState
[2025-11-07 02:00:29,805] [INFO] [GameController] Entering state: AmplifyState
[2025-11-07 02:00:30,306] [DEBUG] [ButtonReader] Button state changed: buttons [(0, 'pressed')]
[2025-11-07 02:00:30,308] [DEBUG] [AmplifyState] AmplifyState button change - currently pressed: [0, 1]
[2025-11-07 02:00:45,488] [DEBUG] [ButtonReader] Button state changed: buttons [(0, 'released')]
[2025-11-07 02:00:45,489] [DEBUG] [AmplifyState] AmplifyState button change - currently pressed: [1]
[2025-11-07 02:00:45,568] [DEBUG] [ButtonReader] Button state changed: buttons [(1, 'released')]
[2025-11-07 02:00:45,569] [INFO] [GameController] Exiting state: AmplifyState
[2025-11-07 02:00:45,570] [INFO] [GameController] State transition: AmplifyState → IdleState
[2025-11-07 02:00:45,570] [INFO] [GameController] Entering state: IdleState
