[2025-11-05 23:13:24,053] [INFO] [ButtonReader] GPIO setup complete: 2 pins, no pulls
[2025-11-05 23:13:24,055] [INFO] [ButtonReader] ButtonReader initialized with 2 buttons
[2025-11-05 23:13:24,056] [INFO] [ButtonReader] Button mapping: Button0=GPIO4, Button1=GPIO22
[2025-11-05 23:13:24,062] [INFO] [GameController] Entering state: IdleState
[2025-11-05 23:13:24,063] [INFO] [GameController] GameController initialized: 20ms frame duration, 2 LED strips
[2025-11-05 23:13:24,064] [INFO] [GameController] Game system initialized successfully
[2025-11-05 23:13:24,065] [INFO] [GameController] Configuration: 2 buttons, 2 LED strips, 20ms frame duration
[2025-11-05 23:13:24,065] [INFO] [GameController] Starting game loop with 20ms frame duration
[2025-11-05 23:13:42,236] [INFO] [GameController] Exiting state: IdleState
[2025-11-05 23:13:42,237] [INFO] [GameController] Entering state: AmplifyState
[2025-11-05 23:13:42,237] [INFO] [GameController] State transition: IdleState → AmplifyState
[2025-11-05 23:13:48,049] [INFO] [GameController] Exiting state: AmplifyState
[2025-11-05 23:13:48,051] [INFO] [GameController] Entering state: IdleState
[2025-11-05 23:13:48,051] [INFO] [GameController] State transition: AmplifyState → IdleState
[2025-11-05 23:13:52,007] [INFO] [GameController] Exiting state: IdleState
[2025-11-05 23:13:52,008] [INFO] [GameController] Entering state: AmplifyState
[2025-11-05 23:13:52,008] [INFO] [GameController] State transition: IdleState → AmplifyState
[2025-11-05 23:13:54,031] [INFO] [GameController] Exiting state: AmplifyState
[2025-11-05 23:13:54,032] [INFO] [GameController] Entering state: IdleState
[2025-11-05 23:13:54,032] [INFO] [GameController] State transition: AmplifyState → IdleState
[2025-11-05 23:13:55,703] [INFO] [GameController] Exiting state: IdleState
[2025-11-05 23:13:55,704] [INFO] [GameController] Entering state: AmplifyState
[2025-11-05 23:13:55,705] [INFO] [GameController] State transition: IdleState → AmplifyState
[2025-11-05 23:13:56,587] [INFO] [GameController] Exiting state: AmplifyState
[2025-11-05 23:13:56,588] [INFO] [GameController] Entering state: IdleState
[2025-11-05 23:13:56,589] [INFO] [GameController] State transition: AmplifyState → IdleState
[2025-11-05 23:14:00,892] [INFO] [GameController] Exiting state: IdleState
[2025-11-05 23:14:00,893] [INFO] [GameController] Entering state: AmplifyState
[2025-11-05 23:14:00,894] [INFO] [GameController] State transition: IdleState → AmplifyState
[2025-11-05 23:14:05,194] [INFO] [GameController] Exiting state: AmplifyState
[2025-11-05 23:14:05,195] [INFO] [GameController] Entering state: IdleState
[2025-11-05 23:14:05,195] [INFO] [GameController] State transition: AmplifyState → IdleState
[2025-11-05 23:14:20,802] [INFO] [GameController] Exiting state: IdleState
[2025-11-05 23:14:20,803] [INFO] [GameController] Entering state: AmplifyState
[2025-11-05 23:14:20,803] [INFO] [GameController] State transition: IdleState → AmplifyState
[2025-11-05 23:14:22,717] [INFO] [GameController] Exiting state: AmplifyState
[2025-11-05 23:14:22,717] [INFO] [GameController] Entering state: IdleState
[2025-11-05 23:14:22,718] [INFO] [GameController] State transition: AmplifyState → IdleState
[2025-11-05 23:14:23,721] [INFO] [GameController] Exiting state: IdleState
[2025-11-05 23:14:23,722] [INFO] [GameController] Entering state: AmplifyState
[2025-11-05 23:14:23,723] [INFO] [GameController] State transition: IdleState → AmplifyState
[2025-11-05 23:14:29,698] [INFO] [GameController] Exiting state: AmplifyState
[2025-11-05 23:14:29,699] [INFO] [GameController] Entering state: IdleState
[2025-11-05 23:14:29,699] [INFO] [GameController] State transition: AmplifyState → IdleState
[2025-11-05 23:18:34,909] [INFO] [GameController] Exiting state: IdleState
[2025-11-05 23:18:34,910] [INFO] [GameController] Entering state: AmplifyState
[2025-11-05 23:18:34,911] [INFO] [GameController] State transition: IdleState → AmplifyState
[2025-11-05 23:18:46,558] [INFO] [GameController] Exiting state: AmplifyState
[2025-11-05 23:18:46,559] [INFO] [GameController] Entering state: IdleState
[2025-11-05 23:18:46,559] [INFO] [GameController] State transition: AmplifyState → IdleState
[2025-11-05 23:48:35,765] [INFO] [GameController] Exiting state: IdleState
[2025-11-05 23:48:35,766] [INFO] [GameController] Entering state: AmplifyState
[2025-11-05 23:48:35,767] [INFO] [GameController] State transition: IdleState → AmplifyState
[2025-11-05 23:48:38,981] [INFO] [GameController] Exiting state: AmplifyState
[2025-11-05 23:48:38,981] [INFO] [GameController] Entering state: IdleState
[2025-11-05 23:48:38,982] [INFO] [GameController] State transition: AmplifyState → IdleState
[2025-11-05 23:48:40,129] [INFO] [GameController] Exiting state: IdleState
[2025-11-05 23:48:40,129] [INFO] [GameController] Entering state: AmplifyState
[2025-11-05 23:48:40,130] [INFO] [GameController] State transition: IdleState → AmplifyState
[2025-11-05 23:48:41,075] [INFO] [GameController] Exiting state: AmplifyState
[2025-11-05 23:48:41,076] [INFO] [GameController] Entering state: IdleState
[2025-11-05 23:48:41,077] [INFO] [GameController] State transition: AmplifyState → IdleState
[2025-11-06 00:08:44,914] [INFO] [GameController] Game stopped by user (Ctrl+C)
[2025-11-06 00:08:44,931] [INFO] [GameController] Game stopped
