[2025-11-05 23:11:16,060] [INFO] [ButtonReader] GPIO setup complete: 10 pins, no pulls
[2025-11-05 23:11:16,061] [INFO] [ButtonReader] ButtonReader initialized with 10 buttons
[2025-11-05 23:11:16,062] [INFO] [ButtonReader] Button mapping: Button0=GPIO4, Button1=GPIO5, Button2=GPIO6, Button3=GPIO16, Button4=GPIO17, Button5=GPIO20, Button6=GPIO22, Button7=GPIO23, Button8=GPIO24, Button9=GPIO25
[2025-11-05 23:11:16,068] [INFO] [GameController] Entering state: IdleState
[2025-11-05 23:11:16,069] [INFO] [GameController] GameController initialized: 20ms frame duration, 2 LED strips
[2025-11-05 23:11:16,071] [INFO] [GameController] Game system initialized successfully
[2025-11-05 23:11:16,071] [INFO] [GameController] Configuration: 10 buttons, 2 LED strips, 20ms frame duration
[2025-11-05 23:11:16,073] [INFO] [GameController] Starting game loop with 20ms frame duration
[2025-11-05 23:11:16,179] [ERROR] [GameController] Game loop error: 'Pixel' object has no attribute 'red' | Type: AttributeError | File: /home/yotam/AmpSync/Amp3/src/game_system/animations.py | Line: 143
Traceback (most recent call last):
  File "/home/yotam/AmpSync/Amp3/src/game_system/game_controller.py", line 80, in run_game_loop
    self.update()
  File "/home/yotam/AmpSync/Amp3/src/game_system/game_controller.py", line 114, in update
    new_state = self.current_state.update(button_state)
                ^^^^^^^^^^^^^^^^^^^^^^^^^^^^^^^^^^^^^^^
  File "/home/yotam/AmpSync/Amp3/src/game_system/states.py", line 107, in update
    animation.update_if_needed()
  File "/home/yotam/AmpSync/Amp3/src/game_system/animations.py", line 52, in update_if_needed
    self.advance()
  File "/home/yotam/AmpSync/Amp3/src/game_system/animations.py", line 143, in advance
    int(self.base_color.red * current_brightness),
        ^^^^^^^^^^^^^^^^^^^
AttributeError: 'Pixel' object has no attribute 'red'
[2025-11-05 23:11:16,195] [INFO] [GameController] Game stopped
