[2025-11-07 01:31:43,843] [INFO] [ButtonReader] GPIO setup complete: 2 pins, no pulls
[2025-11-07 01:31:43,844] [INFO] [ButtonReader] ButtonReader initialized with 2 buttons
[2025-11-07 01:31:43,844] [INFO] [ButtonReader] Button mapping: Button0=GPIO4, Button1=GPIO22
[2025-11-07 01:31:43,848] [INFO] [GameController] Entering state: IdleState
[2025-11-07 01:31:43,849] [INFO] [GameController] GameController initialized: 20ms frame duration, 2 LED strips
[2025-11-07 01:31:43,850] [INFO] [GameController] Game system initialized successfully
[2025-11-07 01:31:43,850] [INFO] [GameController] Configuration: 2 buttons, 2 LED strips, 20ms frame duration
[2025-11-07 01:31:43,851] [INFO] [GameController] Starting game loop with 20ms frame duration
[2025-11-07 01:31:49,921] [DEBUG] [ButtonReader] Button state changed: buttons [(0, 'pressed')]
[2025-11-07 01:31:49,922] [DEBUG] [AmplifyState] AmplifyState initialized with buttons: [0]
[2025-11-07 01:31:49,923] [INFO] [GameController] Exiting state: IdleState
[2025-11-07 01:31:49,923] [INFO] [GameController] State transition: IdleState → AmplifyState
[2025-11-07 01:31:49,924] [INFO] [GameController] Entering state: AmplifyState
[2025-11-07 01:31:52,315] [DEBUG] [ButtonReader] Button state changed: buttons [(0, 'released')]
[2025-11-07 01:31:52,316] [INFO] [GameController] Exiting state: AmplifyState
[2025-11-07 01:31:52,319] [INFO] [GameController] State transition: AmplifyState → IdleState
[2025-11-07 01:31:52,320] [INFO] [GameController] Entering state: IdleState
[2025-11-07 01:31:55,468] [DEBUG] [ButtonReader] Button state changed: buttons [(0, 'pressed')]
[2025-11-07 01:31:55,469] [DEBUG] [AmplifyState] AmplifyState initialized with buttons: [0]
[2025-11-07 01:31:55,470] [INFO] [GameController] Exiting state: IdleState
[2025-11-07 01:31:55,470] [INFO] [GameController] State transition: IdleState → AmplifyState
[2025-11-07 01:31:55,471] [INFO] [GameController] Entering state: AmplifyState
[2025-11-07 01:31:56,356] [DEBUG] [ButtonReader] Button state changed: buttons [(1, 'pressed')]
[2025-11-07 01:31:56,357] [DEBUG] [AmplifyState] AmplifyState button change - currently pressed: [0, 1]
[2025-11-07 01:31:57,927] [DEBUG] [ButtonReader] Button state changed: buttons [(0, 'released')]
[2025-11-07 01:31:57,928] [DEBUG] [AmplifyState] AmplifyState button change - currently pressed: [1]
[2025-11-07 01:31:57,947] [DEBUG] [ButtonReader] Button state changed: buttons [(1, 'released')]
[2025-11-07 01:31:57,948] [INFO] [GameController] Exiting state: AmplifyState
[2025-11-07 01:31:57,949] [INFO] [GameController] State transition: AmplifyState → IdleState
[2025-11-07 01:31:57,950] [INFO] [GameController] Entering state: IdleState
[2025-11-07 01:59:57,963] [INFO] [GameController] Game stopped by user (Ctrl+C)
[2025-11-07 01:59:57,974] [INFO] [GameController] Game stopped
