[2025-11-09 04:01:05,475] [INFO] [Amplifier] 🎵 HUMAN AMPLIFIER INTERACTIVE SYSTEM
[2025-11-09 04:01:05,476] [INFO] [Amplifier] Button configuration: 2 buttons on GPIO [4, 22]
[2025-11-09 04:01:05,476] [INFO] [Amplifier] LED configuration: 2 strips
[2025-11-09 04:01:05,477] [INFO] [Amplifier]   Strip 1: 300 LEDs on GPIO 18
[2025-11-09 04:01:05,477] [INFO] [Amplifier]   Strip 2: 300 LEDs on GPIO 21
[2025-11-09 04:01:05,478] [INFO] [Amplifier] Game settings: 20ms frame duration (50.0 FPS)
[2025-11-09 04:01:05,478] [INFO] [Amplifier] Button sample rate: 200Hz
[2025-11-09 04:01:05,479] [INFO] [Amplifier] Audio folder: songs
[2025-11-09 04:01:05,479] [INFO] [Amplifier] Schedule: 4 daily, 1 special entries
[2025-11-09 04:01:06,725] [INFO] [ButtonReader] GPIO setup complete: 2 pins, no pulls
[2025-11-09 04:01:06,726] [INFO] [ButtonReader] ButtonReader initialized with 2 buttons
[2025-11-09 04:01:06,727] [INFO] [ButtonReader] Button mapping: Button0=GPIO4, Button1=GPIO22
[2025-11-09 04:01:06,735] [INFO] [SongLibrary] Creating song codes dictionary
[2025-11-09 04:01:07,377] [INFO] [SongLibrary] Loaded 40 song codes from 2 collections
[2025-11-09 04:01:07,378] [INFO] [SongLibrary] Collections updated: ['SPANISH', 'MORNING']
[2025-11-09 04:01:07,866] [INFO] [GameManager] Entering state: IdleState
[2025-11-09 04:01:07,867] [INFO] [GameManager] GameManager initialized: 20ms frame duration, 2 LED strips
[2025-11-09 04:01:07,868] [INFO] [Amplifier] HumanAmplifier system initialized successfully
[2025-11-09 04:01:07,868] [INFO] [Amplifier] Hardware: 2 buttons, 2 LED strips, 20ms frame duration
[2025-11-09 04:01:07,869] [INFO] [Amplifier] Audio system: {'songs_folder': 'songs', 'all_collections': ['SPANISH', 'MORNING'], 'total_codes': 40, 'daily_schedule_entries': 4, 'special_schedule_entries': 1}
[2025-11-09 04:01:07,870] [INFO] [Amplifier] Sound controller initialized successfully
[2025-11-09 04:01:07,870] [INFO] [Amplifier] ✅ System initialized successfully!
[2025-11-09 04:01:07,871] [INFO] [Amplifier] Hardware status: 2 buttons, 2 LED strips
[2025-11-09 04:01:07,872] [INFO] [Amplifier]   Strip 1: 300 LEDs active
[2025-11-09 04:01:07,873] [INFO] [Amplifier]   Strip 2: 300 LEDs active
[2025-11-09 04:01:07,874] [INFO] [Amplifier] Audio system: 40 song codes, 9 sound effects
[2025-11-09 04:01:07,875] [INFO] [Amplifier] Available collections: SPANISH, MORNING
[2025-11-09 04:01:07,875] [INFO] [Amplifier] 🚀 Starting HumanAmplifier system...
[2025-11-09 04:01:07,876] [INFO] [GameManager] Starting game loop with 20ms frame duration
[2025-11-10 00:48:48,113] [INFO] [GameManager] Game stopped by user (Ctrl+C)
[2025-11-10 00:48:48,133] [INFO] [GameManager] Game stopped
[2025-11-10 00:48:48,134] [INFO] [Amplifier] ✅ HumanAmplifier system shut down
