[2025-11-12 23:20:16,486] [INFO] [Amplifier] 🎵 HUMAN AMPLIFIER INTERACTIVE SYSTEM
[2025-11-12 23:20:16,487] [INFO] [Amplifier] Button configuration: 3 buttons on GPIO [5, 6, 17]
[2025-11-12 23:20:16,488] [INFO] [Amplifier] LED configuration: 2 strips
[2025-11-12 23:20:16,488] [INFO] [Amplifier]   Strip 1: 300 LEDs on GPIO 21
[2025-11-12 23:20:16,489] [INFO] [Amplifier]   Strip 2: 300 LEDs on GPIO 18
[2025-11-12 23:20:16,489] [INFO] [Amplifier] Game settings: 20ms frame duration (50.0 FPS)
[2025-11-12 23:20:16,490] [INFO] [Amplifier] Button sample rate: 200Hz
[2025-11-12 23:20:16,490] [INFO] [Amplifier] Audio folder: songs
[2025-11-12 23:20:16,491] [INFO] [Amplifier] Schedule: 2 daily, 1 special entries
[2025-11-12 23:20:17,825] [INFO] [ButtonReader] GPIO setup complete: 3 pins, no pulls
[2025-11-12 23:20:17,826] [INFO] [ButtonReader] ButtonReader initialized with 3 buttons
[2025-11-12 23:20:17,827] [INFO] [ButtonReader] Button mapping: Button0=GPIO5, Button1=GPIO6, Button2=GPIO17
[2025-11-12 23:20:17,833] [INFO] [SongLibrary] Creating song codes dictionary
[2025-11-12 23:20:18,165] [INFO] [SongLibrary] Loaded 30 song codes from 2 collections
[2025-11-12 23:20:18,166] [INFO] [SongLibrary] Collections updated: ['MAIJAM']
[2025-11-12 23:20:18,378] [INFO] [GameManager] GameManager initialized: 20ms frame duration, 2 LED strips
[2025-11-12 23:20:18,378] [INFO] [Amplifier] HumanAmplifier system initialized successfully
[2025-11-12 23:20:18,379] [INFO] [Amplifier] Hardware: 3 buttons, 2 LED strips, 20ms frame duration
[2025-11-12 23:20:18,379] [INFO] [Amplifier] Audio system: {'songs_folder': 'songs', 'all_collections': ['MORNING', 'MAIJAM'], 'total_codes': 30, 'daily_schedule_entries': 2, 'special_schedule_entries': 1}
[2025-11-12 23:20:18,380] [INFO] [Amplifier] Sound controller initialized successfully
[2025-11-12 23:20:18,380] [INFO] [Amplifier] ✅ System initialized successfully!
[2025-11-12 23:20:18,381] [INFO] [Amplifier] Hardware status: 3 buttons, 2 LED strips
[2025-11-12 23:20:18,381] [INFO] [Amplifier]   Strip 1: 300 LEDs active
[2025-11-12 23:20:18,383] [INFO] [Amplifier]   Strip 2: 300 LEDs active
[2025-11-12 23:20:18,383] [INFO] [Amplifier] Audio system: 30 song codes, 9 sound effects
[2025-11-12 23:20:18,384] [INFO] [Amplifier] Available collections: MORNING, MAIJAM
[2025-11-12 23:20:18,384] [INFO] [Amplifier] 🚀 Starting HumanAmplifier system...
[2025-11-12 23:20:18,385] [INFO] [GameManager] Starting game loop with 20ms frame duration
[2025-11-12 23:20:18,386] [DEBUG] [GameManager] Button sequence: 012
[2025-11-12 23:20:18,386] [INFO] [GameManager] State transition: IdleState → AmplifyState
[2025-11-12 23:20:18,397] [INFO] [SoundController] Song Spice Girls - Wannabe [Lyrics].mp3 was randomly started
[2025-11-12 23:20:18,398] [DEBUG] [AmplifyState] AmplifyState activated with buttons: [0, 1, 2]
[2025-11-12 23:20:18,406] [INFO] [GameManager] State transition: AmplifyState → PartyState
[2025-11-12 23:20:18,417] [INFO] [PartyState] 🎉 PARTY MODE ACTIVATED!
[2025-11-12 23:23:17,505] [INFO] [PartyState] Song finished, returning to idle
[2025-11-12 23:23:17,506] [INFO] [GameManager] State transition: PartyState → IdleState
[2025-11-12 23:42:58,471] [INFO] [GameManager] Game stopped by user (Ctrl+C)
[2025-11-12 23:42:58,482] [INFO] [GameManager] Game stopped
[2025-11-12 23:42:58,483] [INFO] [Amplifier] ✅ HumanAmplifier system shut down
