[2025-11-16 20:37:11,264] [INFO] [Amplifier] 🎵 HUMAN AMPLIFIER INTERACTIVE SYSTEM
[2025-11-16 20:37:11,264] [INFO] [Amplifier] Button configuration: 4 buttons on GPIO [5, 6, 17, 22]
[2025-11-16 20:37:11,265] [INFO] [Amplifier] LED configuration: 2 strips
[2025-11-16 20:37:11,265] [INFO] [Amplifier]   Strip 1: 300 LEDs on GPIO 21
[2025-11-16 20:37:11,265] [INFO] [Amplifier]   Strip 2: 300 LEDs on GPIO 18
[2025-11-16 20:37:11,265] [INFO] [Amplifier] Game settings: 20ms frame duration (50.0 FPS)
[2025-11-16 20:37:11,266] [INFO] [Amplifier] Button sample rate: 200Hz
[2025-11-16 20:37:11,266] [INFO] [Amplifier] Audio folder: songs
[2025-11-16 20:37:11,266] [INFO] [Amplifier] Schedule: 2 daily, 1 special entries
[2025-11-16 20:37:11,267] [INFO] [ButtonReader] GPIO setup complete: 4 pins, no pulls
[2025-11-16 20:37:11,267] [INFO] [ButtonReader] ButtonReader initialized with 4 buttons
[2025-11-16 20:37:11,267] [INFO] [ButtonReader] Button mapping: Button0=GPIO5, Button1=GPIO6, Button2=GPIO17, Button3=GPIO22
[2025-11-16 20:37:11,272] [INFO] [SongLibrary] Creating song codes dictionary
[2025-11-16 20:37:11,849] [INFO] [SongLibrary] Loaded 1 song codes from 2 collections
[2025-11-16 20:37:11,849] [INFO] [SongLibrary] Collections updated: ['MAIJAM']
[2025-11-16 20:37:13,828] [INFO] [GameManager] GameManager initialized: 20ms frame duration, 2 LED strips
[2025-11-16 20:37:13,829] [INFO] [Amplifier] HumanAmplifier system initialized successfully
[2025-11-16 20:37:13,829] [INFO] [Amplifier] Hardware: 4 buttons, 2 LED strips, 20ms frame duration
[2025-11-16 20:37:13,829] [INFO] [Amplifier] Audio system: {'songs_folder': 'songs', 'all_collections': ['MORNING', 'MAIJAM'], 'total_codes': 1, 'daily_schedule_entries': 2, 'special_schedule_entries': 1}
[2025-11-16 20:37:13,830] [INFO] [Amplifier] Sound controller initialized successfully
[2025-11-16 20:37:13,830] [INFO] [Amplifier] ✅ System initialized successfully!
[2025-11-16 20:37:13,830] [INFO] [Amplifier] Hardware status: 4 buttons, 2 LED strips
[2025-11-16 20:37:13,831] [INFO] [Amplifier]   Strip 1: 300 LEDs active
[2025-11-16 20:37:13,831] [INFO] [Amplifier]   Strip 2: 300 LEDs active
[2025-11-16 20:37:13,832] [INFO] [Amplifier] Audio system: 1 song codes, 12 sound effects
[2025-11-16 20:37:13,833] [INFO] [Amplifier] Available collections: MORNING, MAIJAM
[2025-11-16 20:37:13,833] [INFO] [Amplifier] 🚀 Starting HumanAmplifier system...
[2025-11-16 20:37:13,834] [INFO] [GameManager] Starting game loop with 20ms frame duration
[2025-11-16 20:39:40,333] [DEBUG] [ButtonReader] Button state changed: [(0, 'pressed')]
[2025-11-16 20:39:40,333] [DEBUG] [GameManager] Button sequence: 0
[2025-11-16 20:39:40,334] [INFO] [GameManager] State transition: IdleState → AmplifyState
[2025-11-16 20:39:40,346] [INFO] [SoundController] Song "The Offspring - Pretty Fly (For A White Guy) (Official Music Video) [QtTR-_Klcq8].mp3" was randomly started
[2025-11-16 20:39:40,346] [DEBUG] [AmplifyState] AmplifyState activated with buttons: [0]
[2025-11-16 20:39:49,593] [DEBUG] [ButtonReader] Button state changed: [(0, 'released')]
[2025-11-16 20:39:49,593] [INFO] [GameManager] State transition: AmplifyState → IdleState
[2025-11-16 20:39:50,256] [DEBUG] [ButtonReader] Button state changed: [(1, 'pressed')]
[2025-11-16 20:39:50,256] [DEBUG] [GameManager] Button sequence: 1
[2025-11-16 20:39:50,257] [INFO] [GameManager] State transition: IdleState → AmplifyState
[2025-11-16 20:39:50,268] [INFO] [SoundController] Song "Boney M. - Daddy Cool (Sopot Festival 1979).mp3" was randomly started
[2025-11-16 20:39:50,268] [DEBUG] [AmplifyState] AmplifyState activated with buttons: [1]
[2025-11-16 20:39:52,084] [DEBUG] [ButtonReader] Button state changed: [(1, 'released')]
[2025-11-16 20:39:52,085] [INFO] [GameManager] State transition: AmplifyState → IdleState
[2025-11-16 20:39:52,787] [DEBUG] [ButtonReader] Button state changed: [(2, 'pressed')]
[2025-11-16 20:39:52,787] [DEBUG] [GameManager] Button sequence: 2
[2025-11-16 20:39:52,788] [INFO] [GameManager] State transition: IdleState → AmplifyState
[2025-11-16 20:39:52,799] [INFO] [SoundController] Song "Lizzo - Boys (Official Video).mp3" was randomly started
[2025-11-16 20:39:52,800] [DEBUG] [AmplifyState] AmplifyState activated with buttons: [2]
[2025-11-16 20:39:55,338] [DEBUG] [ButtonReader] Button state changed: [(2, 'released')]
[2025-11-16 20:39:55,339] [INFO] [GameManager] State transition: AmplifyState → IdleState
[2025-11-16 20:39:56,041] [DEBUG] [ButtonReader] Button state changed: [(3, 'pressed')]
[2025-11-16 20:39:56,041] [DEBUG] [GameManager] Button sequence: 3
[2025-11-16 20:39:56,042] [INFO] [GameManager] State transition: IdleState → AmplifyState
[2025-11-16 20:39:56,052] [INFO] [SoundController] Song "Queen - I Want to Break Free (Official Lyric Video).mp3" was randomly started
[2025-11-16 20:39:56,053] [DEBUG] [AmplifyState] AmplifyState activated with buttons: [3]
[2025-11-16 20:40:01,083] [DEBUG] [ButtonReader] Button state changed: [(3, 'released')]
[2025-11-16 20:40:01,083] [INFO] [GameManager] State transition: AmplifyState → IdleState
[2025-11-16 20:40:20,260] [INFO] [GameManager] Game stopped by user (Ctrl+C)
[2025-11-16 20:40:20,277] [INFO] [GameManager] Game stopped
[2025-11-16 20:40:20,278] [INFO] [Amplifier] ✅ HumanAmplifier system shut down
