[2025-11-21 03:34:53,254] [INFO] [Amplifier] 🎵 HUMAN AMPLIFIER INTERACTIVE SYSTEM
[2025-11-21 03:34:53,255] [INFO] [Amplifier] Button configuration: 10 buttons on GPIO [6, 5, 22, 17, 4, 23, 24, 25, 16, 20]
[2025-11-21 03:34:53,255] [INFO] [Amplifier] LED configuration: 2 strips
[2025-11-21 03:34:53,256] [INFO] [Amplifier]   Strip 1: 300 LEDs on GPIO 21
[2025-11-21 03:34:53,256] [INFO] [Amplifier]   Strip 2: 293 LEDs on GPIO 18
[2025-11-21 03:34:53,256] [INFO] [Amplifier] Game settings: 20ms frame duration (50.0 FPS)
[2025-11-21 03:34:53,257] [INFO] [Amplifier] Button sample rate: 200Hz
[2025-11-21 03:34:53,257] [INFO] [Amplifier] Audio folder: songs
[2025-11-21 03:34:53,257] [INFO] [Amplifier] Schedule: 16 daily, 1 special entries
[2025-11-21 03:34:53,258] [INFO] [ButtonReader] 🎮 Keyboard sampler initialized (NO GPIO)
[2025-11-21 03:34:53,258] [INFO] [ButtonReader]    10 virtual buttons mapped to digit keys 0-9
[2025-11-21 03:34:53,259] [INFO] [ButtonReader]    Press digit keys to toggle buttons ON/OFF
[2025-11-21 03:34:53,259] [INFO] [ButtonReader]    Each keypress toggles button ON/OFF
[2025-11-21 03:34:53,259] [INFO] [ButtonReader] ButtonReader initialized with 10 buttons
[2025-11-21 03:34:53,261] [INFO] [SongLibrary] Creating song codes dictionary
[2025-11-21 03:34:55,790] [INFO] [SongLibrary] Loaded 724 song codes from 13 collections
[2025-11-21 03:34:55,791] [INFO] [SongLibrary] Collections updated: ['FESTIGAL', 'PARTY', 'VIRAL', 'HAFLA', 'MAIJAM']
[2025-11-21 03:34:55,919] [INFO] [SoundController] Pygame mixer initialized: 48000Hz, format=-16, channels=2
[2025-11-21 03:35:04,165] [INFO] [SoundController] Sound controller initialized - mixer ready, first song will load on demand
[2025-11-21 03:35:04,172] [INFO] [GameManager] GameManager initialized: 20ms frame duration, 2 LED strips
[2025-11-21 03:35:04,173] [INFO] [Amplifier] HumanAmplifier system initialized successfully
[2025-11-21 03:35:04,173] [INFO] [Amplifier] Hardware: 10 buttons, 2 LED strips, 20ms frame duration
[2025-11-21 03:35:04,174] [INFO] [Amplifier] Audio system: {'songs_folder': 'songs', 'all_collections': ['FOUR_AT_NIGHT', 'FESTIGAL', 'GENERAL', 'MAIJAM', 'SPANISH', 'CLASSIC', 'MORNING', 'PARTY', 'VIRAL', 'THREE_AT_NIGHT', 'HAFLA', 'TV', 'DISNEY'], 'total_codes': 724, 'daily_schedule_entries': 16, 'special_schedule_entries': 1}
[2025-11-21 03:35:04,174] [INFO] [Amplifier] Sound controller initialized successfully
[2025-11-21 03:35:04,175] [INFO] [Amplifier] ✅ System initialized successfully!
[2025-11-21 03:35:04,175] [INFO] [Amplifier] Hardware status: 10 buttons, 2 LED strips
[2025-11-21 03:35:04,176] [INFO] [Amplifier]   Strip 1: 300 LEDs active
[2025-11-21 03:35:04,176] [INFO] [Amplifier]   Strip 2: 293 LEDs active
[2025-11-21 03:35:04,176] [INFO] [Amplifier] Audio system: 724 song codes, 13 sound effects
[2025-11-21 03:35:04,177] [INFO] [Amplifier] Available collections: FOUR_AT_NIGHT, FESTIGAL, GENERAL, MAIJAM, SPANISH, CLASSIC, MORNING, PARTY, VIRAL, THREE_AT_NIGHT, HAFLA, TV, DISNEY
[2025-11-21 03:35:04,177] [INFO] [Amplifier] ===========================
[2025-11-21 03:35:04,177] [INFO] [Amplifier] 🚀 Starting HumanAmplifier system...
[2025-11-21 03:35:04,178] [INFO] [GameManager] Starting game loop with 20ms frame duration
[2025-11-21 03:35:04,181] [INFO] [GameManager] 💾 Memory - Process: 87.9MB | System: 245/907MB (27.0%, 662MB free) | ⚙️  CPU - Process: 0.0% | System: 29.8% | Cores: [99%, 5%, 8%, 6%]
[2025-11-21 03:35:20,447] [CRITICAL] [Amplifier] ⚠️  SIGNAL RECEIVED: 2 - Process terminating
[2025-11-21 03:35:20,448] [CRITICAL] [Amplifier] Emergency flush triggered
[2025-11-21 03:35:20,691] [INFO] [SoundController] Sound controller cleaned up successfully
[2025-11-21 03:35:20,702] [INFO] [GameManager] Game stopped
[2025-11-21 03:35:20,702] [INFO] [Amplifier] ✅ HumanAmplifier system shut down
