[2025-11-18 23:40:58,096] [INFO] [Amplifier] 🎵 HUMAN AMPLIFIER INTERACTIVE SYSTEM
[2025-11-18 23:40:58,097] [INFO] [Amplifier] Button configuration: 10 buttons on GPIO [6, 5, 22, 17, 4, 23, 24, 25, 16, 20]
[2025-11-18 23:40:58,097] [INFO] [Amplifier] LED configuration: 2 strips
[2025-11-18 23:40:58,097] [INFO] [Amplifier]   Strip 1: 300 LEDs on GPIO 21
[2025-11-18 23:40:58,098] [INFO] [Amplifier]   Strip 2: 300 LEDs on GPIO 18
[2025-11-18 23:40:58,098] [INFO] [Amplifier] Game settings: 20ms frame duration (50.0 FPS)
[2025-11-18 23:40:58,098] [INFO] [Amplifier] Button sample rate: 200Hz
[2025-11-18 23:40:58,098] [INFO] [Amplifier] Audio folder: songs
[2025-11-18 23:40:58,099] [INFO] [Amplifier] Schedule: 2 daily, 1 special entries
[2025-11-18 23:40:58,100] [INFO] [ButtonReader] GPIO sampler initialized: 10 pins (no pulls)
[2025-11-18 23:40:58,100] [INFO] [ButtonReader] Pin mapping: Btn0=GPIO6, Btn1=GPIO5, Btn2=GPIO22, Btn3=GPIO17, Btn4=GPIO4, Btn5=GPIO23, Btn6=GPIO24, Btn7=GPIO25, Btn8=GPIO16, Btn9=GPIO20
[2025-11-18 23:40:58,100] [INFO] [ButtonReader] 🎮 Keyboard debug enabled: Press digit keys 0-9 to toggle buttons (works over SSH)
[2025-11-18 23:40:58,101] [INFO] [ButtonReader]    Each keypress toggles button ON/OFF
[2025-11-18 23:40:58,101] [INFO] [ButtonReader] ButtonReader initialized with 10 buttons
[2025-11-18 23:40:58,102] [INFO] [SongLibrary] Creating song codes dictionary
[2025-11-18 23:41:00,127] [INFO] [SongLibrary] Loaded 549 song codes from 10 collections
[2025-11-18 23:41:00,128] [INFO] [SongLibrary] Collections updated: ['MAIJAM']
[2025-11-18 23:41:02,053] [INFO] [GameManager] GameManager initialized: 20ms frame duration, 2 LED strips
[2025-11-18 23:41:02,054] [INFO] [Amplifier] HumanAmplifier system initialized successfully
[2025-11-18 23:41:02,054] [INFO] [Amplifier] Hardware: 10 buttons, 2 LED strips, 20ms frame duration
[2025-11-18 23:41:02,054] [INFO] [Amplifier] Audio system: {'songs_folder': 'songs', 'all_collections': ['GENERAL', 'DISNEY', 'FESTIGAL', 'PARTY', 'SPANISH', 'MAIJAM', 'TV', 'VIRAL', 'CLASSIC', 'MORNING'], 'total_codes': 549, 'daily_schedule_entries': 2, 'special_schedule_entries': 1}
[2025-11-18 23:41:02,055] [INFO] [Amplifier] Sound controller initialized successfully
[2025-11-18 23:41:02,055] [INFO] [Amplifier] ✅ System initialized successfully!
[2025-11-18 23:41:02,055] [INFO] [Amplifier] Hardware status: 10 buttons, 2 LED strips
[2025-11-18 23:41:02,056] [INFO] [Amplifier]   Strip 1: 300 LEDs active
[2025-11-18 23:41:02,056] [INFO] [Amplifier]   Strip 2: 300 LEDs active
[2025-11-18 23:41:02,056] [INFO] [Amplifier] Audio system: 549 song codes, 12 sound effects
[2025-11-18 23:41:02,057] [INFO] [Amplifier] Available collections: GENERAL, DISNEY, FESTIGAL, PARTY, SPANISH, MAIJAM, TV, VIRAL, CLASSIC, MORNING
[2025-11-18 23:41:02,057] [INFO] [Amplifier] 🚀 Starting HumanAmplifier system...
[2025-11-18 23:41:02,057] [INFO] [GameManager] Starting game loop with 20ms frame duration
[2025-11-18 23:41:02,058] [INFO] [GameManager] 💾 Memory - Process: 81.6MB | System: 265/907MB (29.2%, 642MB free)
[2025-11-18 23:41:42,981] [CRITICAL] [Amplifier] ⚠️  SIGNAL RECEIVED: 15 - Process terminating
[2025-11-18 23:41:42,981] [CRITICAL] [Amplifier] Emergency flush triggered
[2025-11-18 23:41:43,007] [INFO] [GameManager] Game stopped
[2025-11-18 23:41:43,008] [INFO] [Amplifier] ✅ HumanAmplifier system shut down
