[2025-11-14 17:52:43,978] [INFO] [Amplifier] 🎵 HUMAN AMPLIFIER INTERACTIVE SYSTEM
[2025-11-14 17:52:43,979] [INFO] [Amplifier] Button configuration: 3 buttons on GPIO [5, 6, 17]
[2025-11-14 17:52:43,979] [INFO] [Amplifier] LED configuration: 2 strips
[2025-11-14 17:52:43,980] [INFO] [Amplifier]   Strip 1: 300 LEDs on GPIO 21
[2025-11-14 17:52:43,983] [INFO] [Amplifier]   Strip 2: 300 LEDs on GPIO 18
[2025-11-14 17:52:43,984] [INFO] [Amplifier] Game settings: 20ms frame duration (50.0 FPS)
[2025-11-14 17:52:43,984] [INFO] [Amplifier] Button sample rate: 200Hz
[2025-11-14 17:52:43,984] [INFO] [Amplifier] Audio folder: songs
[2025-11-14 17:52:43,985] [INFO] [Amplifier] Schedule: 2 daily, 1 special entries
[2025-11-14 17:52:47,255] [INFO] [ButtonReader] GPIO setup complete: 3 pins, no pulls
[2025-11-14 17:52:47,255] [INFO] [ButtonReader] ButtonReader initialized with 3 buttons
[2025-11-14 17:52:47,255] [INFO] [ButtonReader] Button mapping: Button0=GPIO5, Button1=GPIO6, Button2=GPIO17
[2025-11-14 17:52:47,259] [INFO] [SongLibrary] Creating song codes dictionary
[2025-11-14 17:52:47,552] [INFO] [SongLibrary] Loaded 30 song codes from 2 collections
[2025-11-14 17:52:47,553] [INFO] [SongLibrary] Collections updated: ['MAIJAM']
[2025-11-14 17:52:47,765] [INFO] [GameManager] GameManager initialized: 20ms frame duration, 2 LED strips
[2025-11-14 17:52:47,766] [INFO] [Amplifier] HumanAmplifier system initialized successfully
[2025-11-14 17:52:47,767] [INFO] [Amplifier] Hardware: 3 buttons, 2 LED strips, 20ms frame duration
[2025-11-14 17:52:47,767] [INFO] [Amplifier] Audio system: {'songs_folder': 'songs', 'all_collections': ['MAIJAM', 'MORNING'], 'total_codes': 30, 'daily_schedule_entries': 2, 'special_schedule_entries': 1}
[2025-11-14 17:52:47,767] [INFO] [Amplifier] Sound controller initialized successfully
[2025-11-14 17:52:47,768] [INFO] [Amplifier] ✅ System initialized successfully!
[2025-11-14 17:52:47,768] [INFO] [Amplifier] Hardware status: 3 buttons, 2 LED strips
[2025-11-14 17:52:47,769] [INFO] [Amplifier]   Strip 1: 300 LEDs active
[2025-11-14 17:52:47,769] [INFO] [Amplifier]   Strip 2: 300 LEDs active
[2025-11-14 17:52:47,769] [INFO] [Amplifier] Audio system: 30 song codes, 9 sound effects
[2025-11-14 17:52:47,770] [INFO] [Amplifier] Available collections: MAIJAM, MORNING
[2025-11-14 17:52:47,770] [INFO] [Amplifier] 🚀 Starting HumanAmplifier system...
[2025-11-14 17:52:47,771] [INFO] [GameManager] Starting game loop with 20ms frame duration
[2025-11-14 17:52:52,817] [DEBUG] [GameManager] Button sequence: 1
[2025-11-14 17:52:52,818] [INFO] [GameManager] State transition: IdleState → AmplifyState
[2025-11-14 17:52:52,830] [INFO] [SoundController] Song Boney M. - Sunny (Official Audio).mp3 was randomly started
[2025-11-14 17:52:52,831] [DEBUG] [AmplifyState] AmplifyState activated with buttons: [1]
[2025-11-14 17:52:56,132] [DEBUG] [GameManager] Button sequence: 12
[2025-11-14 17:52:56,133] [DEBUG] [AmplifyState] AmplifyState button change - currently pressed: [1, 2]
[2025-11-14 17:53:11,587] [DEBUG] [AmplifyState] AmplifyState button change - currently pressed: [1]
[2025-11-14 17:53:13,676] [INFO] [GameManager] State transition: AmplifyState → IdleState
[2025-11-14 17:53:14,499] [DEBUG] [GameManager] Button sequence: 2
[2025-11-14 17:53:14,499] [INFO] [GameManager] State transition: IdleState → AmplifyState
[2025-11-14 17:53:14,510] [INFO] [SoundController] Song Abba - Money, Money, Money (Official Music Video).mp3 was randomly started
[2025-11-14 17:53:14,511] [DEBUG] [AmplifyState] AmplifyState activated with buttons: [2]
[2025-11-14 17:53:14,700] [INFO] [GameManager] State transition: AmplifyState → IdleState
[2025-11-14 17:53:14,780] [DEBUG] [GameManager] Button sequence: 22
[2025-11-14 17:53:14,781] [INFO] [GameManager] State transition: IdleState → AmplifyState
[2025-11-14 17:53:14,792] [INFO] [SoundController] Song Earth, Wind & Fire - September (Official HD Video).mp3 was randomly started
[2025-11-14 17:53:14,793] [DEBUG] [AmplifyState] AmplifyState activated with buttons: [2]
[2025-11-14 17:53:14,981] [INFO] [GameManager] State transition: AmplifyState → IdleState
[2025-11-14 17:53:15,061] [DEBUG] [GameManager] Button sequence: 222
[2025-11-14 17:53:15,062] [INFO] [GameManager] State transition: IdleState → AmplifyState
[2025-11-14 17:53:15,073] [INFO] [SoundController] Song Abba - Money, Money, Money (Official Music Video).mp3 was randomly started
[2025-11-14 17:53:15,074] [DEBUG] [AmplifyState] AmplifyState activated with buttons: [2]
[2025-11-14 17:53:15,242] [INFO] [GameManager] State transition: AmplifyState → IdleState
[2025-11-14 17:53:16,671] [DEBUG] [GameManager] Button sequence: 1
[2025-11-14 17:53:16,672] [INFO] [GameManager] State transition: IdleState → AmplifyState
[2025-11-14 17:53:16,687] [INFO] [SoundController] Song ABBA - Gimme! Gimme! Gimme! (A Man After Midnight).mp3 was randomly started
[2025-11-14 17:53:16,688] [DEBUG] [AmplifyState] AmplifyState activated with buttons: [1]
[2025-11-14 17:53:16,933] [INFO] [GameManager] State transition: AmplifyState → IdleState
[2025-11-14 17:53:17,036] [DEBUG] [GameManager] Button sequence: 11
[2025-11-14 17:53:17,037] [INFO] [GameManager] State transition: IdleState → AmplifyState
[2025-11-14 17:53:17,047] [INFO] [SoundController] Song The Offspring - Pretty Fly (For A White Guy) (Official Music Video) [QtTR-_Klcq8].mp3 was randomly started
[2025-11-14 17:53:17,048] [DEBUG] [AmplifyState] AmplifyState activated with buttons: [1]
[2025-11-14 17:53:19,066] [INFO] [GameManager] State transition: AmplifyState → IdleState
[2025-11-14 17:53:21,460] [DEBUG] [GameManager] Button sequence: 1
[2025-11-14 17:53:21,461] [INFO] [GameManager] State transition: IdleState → AmplifyState
[2025-11-14 17:53:21,473] [INFO] [SoundController] Song Lizzo - Boys (Official Video).mp3 was randomly started
[2025-11-14 17:53:21,474] [DEBUG] [AmplifyState] AmplifyState activated with buttons: [1]
[2025-11-14 17:53:21,682] [INFO] [GameManager] State transition: AmplifyState → IdleState
[2025-11-14 17:53:21,802] [DEBUG] [GameManager] Button sequence: 11
[2025-11-14 17:53:21,804] [INFO] [GameManager] State transition: IdleState → AmplifyState
[2025-11-14 17:53:21,815] [INFO] [SoundController] Song Boney M. - Sunny (Official Audio).mp3 was randomly started
[2025-11-14 17:53:21,816] [DEBUG] [AmplifyState] AmplifyState activated with buttons: [1]
[2025-11-14 17:53:22,024] [INFO] [GameManager] State transition: AmplifyState → IdleState
[2025-11-14 17:53:22,205] [DEBUG] [GameManager] Button sequence: 111
[2025-11-14 17:53:22,206] [INFO] [GameManager] Triple 1 detected - entering code mode!
[2025-11-14 17:53:22,207] [INFO] [GameManager] State transition: IdleState → CodeModeState
[2025-11-14 17:53:22,219] [INFO] [CodeModeState] Entered code mode - awaiting 5-digit code
[2025-11-14 17:53:25,422] [DEBUG] [GameManager] Button sequence: 2
[2025-11-14 17:53:26,486] [INFO] [CodeModeState] Code mode failed: Button was released
[2025-11-14 17:53:26,487] [INFO] [GameManager] State transition: CodeModeState → IdleState
[2025-11-14 17:58:57,343] [INFO] [GameManager] Game stopped by user (Ctrl+C)
[2025-11-14 17:58:57,362] [INFO] [GameManager] Game stopped
[2025-11-14 17:58:57,362] [INFO] [Amplifier] ✅ HumanAmplifier system shut down
