[2025-11-11 17:11:52,886] [INFO] [Amplifier] 🎵 HUMAN AMPLIFIER INTERACTIVE SYSTEM
[2025-11-11 17:11:52,887] [INFO] [Amplifier] Button configuration: 3 buttons on GPIO [23, 24, 25]
[2025-11-11 17:11:52,888] [INFO] [Amplifier] LED configuration: 2 strips
[2025-11-11 17:11:52,889] [INFO] [Amplifier]   Strip 1: 300 LEDs on GPIO 21
[2025-11-11 17:11:52,890] [INFO] [Amplifier]   Strip 2: 300 LEDs on GPIO 18
[2025-11-11 17:11:52,891] [INFO] [Amplifier] Game settings: 20ms frame duration (50.0 FPS)
[2025-11-11 17:11:52,892] [INFO] [Amplifier] Button sample rate: 200Hz
[2025-11-11 17:11:52,893] [INFO] [Amplifier] Audio folder: songs
[2025-11-11 17:11:52,893] [INFO] [Amplifier] Schedule: 2 daily, 1 special entries
[2025-11-11 17:11:54,588] [INFO] [ButtonReader] GPIO setup complete: 3 pins, no pulls
[2025-11-11 17:11:54,589] [INFO] [ButtonReader] ButtonReader initialized with 3 buttons
[2025-11-11 17:11:54,589] [INFO] [ButtonReader] Button mapping: Button0=GPIO23, Button1=GPIO24, Button2=GPIO25
[2025-11-11 17:11:54,593] [INFO] [SongLibrary] Creating song codes dictionary
[2025-11-11 17:11:54,994] [INFO] [SongLibrary] Loaded 30 song codes from 1 collections
[2025-11-11 17:11:54,994] [INFO] [SongLibrary] Collections updated: ['MORNING']
[2025-11-11 17:11:55,267] [INFO] [GameManager] Entering state: IdleState
[2025-11-11 17:11:55,269] [INFO] [GameManager] GameManager initialized: 20ms frame duration, 2 LED strips
[2025-11-11 17:11:55,269] [INFO] [Amplifier] HumanAmplifier system initialized successfully
[2025-11-11 17:11:55,270] [INFO] [Amplifier] Hardware: 3 buttons, 2 LED strips, 20ms frame duration
[2025-11-11 17:11:55,270] [INFO] [Amplifier] Audio system: {'songs_folder': 'songs', 'all_collections': ['MORNING'], 'total_codes': 30, 'daily_schedule_entries': 2, 'special_schedule_entries': 1}
[2025-11-11 17:11:55,270] [INFO] [Amplifier] Sound controller initialized successfully
[2025-11-11 17:11:55,271] [INFO] [Amplifier] ✅ System initialized successfully!
[2025-11-11 17:11:55,271] [INFO] [Amplifier] Hardware status: 3 buttons, 2 LED strips
[2025-11-11 17:11:55,272] [INFO] [Amplifier]   Strip 1: 300 LEDs active
[2025-11-11 17:11:55,272] [INFO] [Amplifier]   Strip 2: 300 LEDs active
[2025-11-11 17:11:55,273] [INFO] [Amplifier] Audio system: 30 song codes, 9 sound effects
[2025-11-11 17:11:55,273] [INFO] [Amplifier] Available collections: MORNING
[2025-11-11 17:11:55,274] [INFO] [Amplifier] 🚀 Starting HumanAmplifier system...
[2025-11-11 17:11:55,274] [INFO] [GameManager] Starting game loop with 20ms frame duration
[2025-11-11 17:12:30,553] [INFO] [GameManager] Exiting state: IdleState
[2025-11-11 17:12:30,554] [INFO] [GameManager] State transition: IdleState → AmplifyState
[2025-11-11 17:12:30,555] [INFO] [GameManager] Entering state: AmplifyState
[2025-11-11 17:12:30,565] [DEBUG] [AmplifyState] AmplifyState activated with buttons: [1]
[2025-11-11 17:12:34,668] [DEBUG] [AmplifyState] AmplifyState button change - currently pressed: [0, 1]
[2025-11-11 17:12:36,362] [DEBUG] [AmplifyState] AmplifyState button change - currently pressed: [1]
[2025-11-11 17:12:37,307] [DEBUG] [AmplifyState] AmplifyState button change - currently pressed: [0, 1]
[2025-11-11 17:12:38,435] [DEBUG] [AmplifyState] AmplifyState button change - currently pressed: [1]
[2025-11-11 17:12:39,371] [INFO] [GameManager] Exiting state: AmplifyState
[2025-11-11 17:12:39,372] [INFO] [GameManager] State transition: AmplifyState → IdleState
[2025-11-11 17:12:39,372] [INFO] [GameManager] Entering state: IdleState
[2025-11-11 17:20:58,889] [INFO] [GameManager] Game stopped by user (Ctrl+C)
[2025-11-11 17:20:58,901] [INFO] [GameManager] Game stopped
[2025-11-11 17:20:58,902] [INFO] [Amplifier] ✅ HumanAmplifier system shut down
