[2025-11-18 19:16:46,413] [INFO] [Amplifier] 🎵 HUMAN AMPLIFIER INTERACTIVE SYSTEM
[2025-11-18 19:16:46,414] [INFO] [Amplifier] Button configuration: 10 buttons on GPIO [6, 5, 22, 17, 4, 23, 24, 25, 16, 20]
[2025-11-18 19:16:46,414] [INFO] [Amplifier] LED configuration: 2 strips
[2025-11-18 19:16:46,415] [INFO] [Amplifier]   Strip 1: 300 LEDs on GPIO 21
[2025-11-18 19:16:46,415] [INFO] [Amplifier]   Strip 2: 300 LEDs on GPIO 18
[2025-11-18 19:16:46,416] [INFO] [Amplifier] Game settings: 20ms frame duration (50.0 FPS)
[2025-11-18 19:16:46,416] [INFO] [Amplifier] Button sample rate: 200Hz
[2025-11-18 19:16:46,417] [INFO] [Amplifier] Audio folder: songs
[2025-11-18 19:16:46,417] [INFO] [Amplifier] Schedule: 2 daily, 1 special entries
[2025-11-18 19:16:46,418] [INFO] [ButtonReader] GPIO sampler initialized: 10 pins (no pulls)
[2025-11-18 19:16:46,419] [INFO] [ButtonReader] Pin mapping: Btn0=GPIO6, Btn1=GPIO5, Btn2=GPIO22, Btn3=GPIO17, Btn4=GPIO4, Btn5=GPIO23, Btn6=GPIO24, Btn7=GPIO25, Btn8=GPIO16, Btn9=GPIO20
[2025-11-18 19:16:46,419] [INFO] [ButtonReader] 🎮 Keyboard debug enabled: Press digit keys 0-9 to toggle buttons (works over SSH)
[2025-11-18 19:16:46,420] [INFO] [ButtonReader]    Each keypress toggles button ON/OFF
[2025-11-18 19:16:46,420] [INFO] [ButtonReader] ButtonReader initialized with 10 buttons
[2025-11-18 19:16:46,421] [INFO] [SongLibrary] Creating song codes dictionary
[2025-11-18 19:16:48,468] [INFO] [SongLibrary] Loaded 549 song codes from 10 collections
[2025-11-18 19:16:48,468] [INFO] [SongLibrary] Collections updated: ['MAIJAM']
[2025-11-18 19:16:50,346] [ERROR] [Amplifier] Failed to initialize HumanAmplifier system: mpg123_getformat: Message: I am done with this track. | Type: error | File: /home/yotam/AmpSync/Amp3/src/audio_system/sound_controller.py | Line: 119
Traceback (most recent call last):
  File "/home/yotam/AmpSync/Amp3/src/amplifier.py", line 175, in create_game_system
    sound_controller = SoundController(
                       ^^^^^^^^^^^^^^^^
  File "/home/yotam/AmpSync/Amp3/src/audio_system/sound_controller.py", line 77, in __init__
    self.load_next_song()
  File "/home/yotam/AmpSync/Amp3/src/audio_system/sound_controller.py", line 119, in load_next_song
    self.mixer.music.load(self.current_song)
pygame.error: mpg123_getformat: Message: I am done with this track.
[2025-11-18 19:16:50,350] [ERROR] [Amplifier] HumanAmplifier system error: mpg123_getformat: Message: I am done with this track. | Type: error | File: /home/yotam/AmpSync/Amp3/src/audio_system/sound_controller.py | Line: 119
Traceback (most recent call last):
  File "/home/yotam/AmpSync/Amp3/src/amplifier.py", line 253, in main
    game_manager = create_game_system(config, amplifier_logger)
                   ^^^^^^^^^^^^^^^^^^^^^^^^^^^^^^^^^^^^^^^^^^^^
  File "/home/yotam/AmpSync/Amp3/src/amplifier.py", line 175, in create_game_system
    sound_controller = SoundController(
                       ^^^^^^^^^^^^^^^^
  File "/home/yotam/AmpSync/Amp3/src/audio_system/sound_controller.py", line 77, in __init__
    self.load_next_song()
  File "/home/yotam/AmpSync/Amp3/src/audio_system/sound_controller.py", line 119, in load_next_song
    self.mixer.music.load(self.current_song)
pygame.error: mpg123_getformat: Message: I am done with this track.
[2025-11-18 19:16:50,355] [INFO] [Amplifier] ✅ HumanAmplifier system shut down
