[2025-11-14 23:28:49,881] [INFO] [Amplifier] 🎵 HUMAN AMPLIFIER INTERACTIVE SYSTEM
[2025-11-14 23:28:49,881] [INFO] [Amplifier] Button configuration: 3 buttons on GPIO [5, 6, 17]
[2025-11-14 23:28:49,882] [INFO] [Amplifier] LED configuration: 2 strips
[2025-11-14 23:28:49,883] [INFO] [Amplifier]   Strip 1: 300 LEDs on GPIO 21
[2025-11-14 23:28:49,883] [INFO] [Amplifier]   Strip 2: 300 LEDs on GPIO 18
[2025-11-14 23:28:49,884] [INFO] [Amplifier] Game settings: 20ms frame duration (50.0 FPS)
[2025-11-14 23:28:49,884] [INFO] [Amplifier] Button sample rate: 200Hz
[2025-11-14 23:28:49,884] [INFO] [Amplifier] Audio folder: songs
[2025-11-14 23:28:49,884] [INFO] [Amplifier] Schedule: 2 daily, 1 special entries
[2025-11-14 23:28:56,589] [INFO] [ButtonReader] GPIO setup complete: 3 pins, no pulls
[2025-11-14 23:28:56,590] [INFO] [ButtonReader] ButtonReader initialized with 3 buttons
[2025-11-14 23:28:56,590] [INFO] [ButtonReader] Button mapping: Button0=GPIO5, Button1=GPIO6, Button2=GPIO17
[2025-11-14 23:28:56,596] [INFO] [SongLibrary] Creating song codes dictionary
[2025-11-14 23:28:56,920] [INFO] [SongLibrary] Loaded 1 song codes from 2 collections
[2025-11-14 23:28:56,921] [INFO] [SongLibrary] Collections updated: ['MAIJAM']
[2025-11-14 23:28:58,700] [INFO] [GameManager] GameManager initialized: 20ms frame duration, 2 LED strips
[2025-11-14 23:28:58,701] [INFO] [Amplifier] HumanAmplifier system initialized successfully
[2025-11-14 23:28:58,701] [INFO] [Amplifier] Hardware: 3 buttons, 2 LED strips, 20ms frame duration
[2025-11-14 23:28:58,702] [INFO] [Amplifier] Audio system: {'songs_folder': 'songs', 'all_collections': ['MORNING', 'MAIJAM'], 'total_codes': 1, 'daily_schedule_entries': 2, 'special_schedule_entries': 1}
[2025-11-14 23:28:58,702] [INFO] [Amplifier] Sound controller initialized successfully
[2025-11-14 23:28:58,703] [INFO] [Amplifier] ✅ System initialized successfully!
[2025-11-14 23:28:58,703] [INFO] [Amplifier] Hardware status: 3 buttons, 2 LED strips
[2025-11-14 23:28:58,703] [INFO] [Amplifier]   Strip 1: 300 LEDs active
[2025-11-14 23:28:58,704] [INFO] [Amplifier]   Strip 2: 300 LEDs active
[2025-11-14 23:28:58,704] [INFO] [Amplifier] Audio system: 1 song codes, 11 sound effects
[2025-11-14 23:28:58,704] [INFO] [Amplifier] Available collections: MORNING, MAIJAM
[2025-11-14 23:28:58,705] [INFO] [Amplifier] 🚀 Starting HumanAmplifier system...
[2025-11-14 23:28:58,705] [INFO] [GameManager] Starting game loop with 20ms frame duration
[2025-11-14 23:29:01,982] [DEBUG] [ButtonReader] Button state changed: [(0, 'pressed')]
[2025-11-14 23:29:01,982] [DEBUG] [GameManager] Button sequence: 0
[2025-11-14 23:29:01,983] [INFO] [GameManager] State transition: IdleState → AmplifyState
[2025-11-14 23:29:01,997] [INFO] [SoundController] Song "Spice Girls - Wannabe [Lyrics].mp3" was randomly started
[2025-11-14 23:29:01,999] [DEBUG] [AmplifyState] AmplifyState activated with buttons: [0]
[2025-11-14 23:29:02,123] [DEBUG] [ButtonReader] Button state changed: [(1, 'pressed')]
[2025-11-14 23:29:02,125] [DEBUG] [GameManager] Button sequence: 01
[2025-11-14 23:29:02,125] [DEBUG] [AmplifyState] AmplifyState button change - currently pressed: [0, 1]
[2025-11-14 23:29:13,560] [DEBUG] [ButtonReader] Button state changed: [(2, 'pressed')]
[2025-11-14 23:29:13,561] [DEBUG] [GameManager] Button sequence: 012
[2025-11-14 23:29:13,561] [DEBUG] [ButtonReader] Button 0 will be ignored until released
[2025-11-14 23:29:13,561] [DEBUG] [ButtonReader] Button 1 will be ignored until released
[2025-11-14 23:29:13,562] [DEBUG] [ButtonReader] Button 2 will be ignored until released
[2025-11-14 23:29:13,562] [INFO] [GameManager] State transition: AmplifyState → PartyState
[2025-11-14 23:29:13,562] [DEBUG] [ButtonReader] Button 0 will be ignored until released
[2025-11-14 23:29:13,563] [DEBUG] [ButtonReader] Button 1 will be ignored until released
[2025-11-14 23:29:13,563] [DEBUG] [ButtonReader] Button 2 will be ignored until released
[2025-11-14 23:29:13,573] [INFO] [PartyState] 🎉 PARTY MODE ACTIVATED!
[2025-11-14 23:29:14,584] [DEBUG] [ButtonReader] Button 2 released, no longer ignored
[2025-11-14 23:29:14,885] [DEBUG] [ButtonReader] Button 0 released, no longer ignored
[2025-11-14 23:29:14,946] [DEBUG] [ButtonReader] Button 1 released, no longer ignored
[2025-11-14 23:29:28,575] [DEBUG] [PartyState] Reduction feature enabled!
[2025-11-14 23:29:28,716] [DEBUG] [ButtonReader] Button state changed: [(2, 'pressed')]
[2025-11-14 23:29:28,717] [DEBUG] [GameManager] Button sequence: 0122
[2025-11-14 23:29:28,718] [DEBUG] [PartyState] Applause started
[2025-11-14 23:29:30,546] [DEBUG] [ButtonReader] Button state changed: [(2, 'released')]
[2025-11-14 23:29:30,547] [DEBUG] [PartyState] Applause stopped
[2025-11-14 23:29:31,109] [DEBUG] [ButtonReader] Button state changed: [(2, 'pressed')]
[2025-11-14 23:29:31,110] [DEBUG] [GameManager] Button sequence: 01222
[2025-11-14 23:29:31,110] [DEBUG] [PartyState] Applause started
[2025-11-14 23:29:33,619] [DEBUG] [ButtonReader] Button state changed: [(2, 'released')]
[2025-11-14 23:29:33,620] [DEBUG] [PartyState] Applause stopped
[2025-11-14 23:30:06,345] [INFO] [GameManager] Game stopped by user (Ctrl+C)
[2025-11-14 23:30:06,357] [INFO] [GameManager] Game stopped
[2025-11-14 23:30:06,358] [INFO] [Amplifier] ✅ HumanAmplifier system shut down
