[2025-11-14 17:59:00,429] [INFO] [Amplifier] 🎵 HUMAN AMPLIFIER INTERACTIVE SYSTEM
[2025-11-14 17:59:00,430] [INFO] [Amplifier] Button configuration: 3 buttons on GPIO [5, 6, 17]
[2025-11-14 17:59:00,431] [INFO] [Amplifier] LED configuration: 2 strips
[2025-11-14 17:59:00,431] [INFO] [Amplifier]   Strip 1: 300 LEDs on GPIO 21
[2025-11-14 17:59:00,432] [INFO] [Amplifier]   Strip 2: 300 LEDs on GPIO 18
[2025-11-14 17:59:00,432] [INFO] [Amplifier] Game settings: 20ms frame duration (50.0 FPS)
[2025-11-14 17:59:00,433] [INFO] [Amplifier] Button sample rate: 200Hz
[2025-11-14 17:59:00,433] [INFO] [Amplifier] Audio folder: songs
[2025-11-14 17:59:00,434] [INFO] [Amplifier] Schedule: 2 daily, 1 special entries
[2025-11-14 17:59:03,602] [INFO] [ButtonReader] GPIO setup complete: 3 pins, no pulls
[2025-11-14 17:59:03,602] [INFO] [ButtonReader] ButtonReader initialized with 3 buttons
[2025-11-14 17:59:03,602] [INFO] [ButtonReader] Button mapping: Button0=GPIO5, Button1=GPIO6, Button2=GPIO17
[2025-11-14 17:59:03,606] [INFO] [SongLibrary] Creating song codes dictionary
[2025-11-14 17:59:03,899] [INFO] [SongLibrary] Loaded 30 song codes from 2 collections
[2025-11-14 17:59:03,899] [INFO] [SongLibrary] Collections updated: ['MAIJAM']
[2025-11-14 17:59:04,112] [INFO] [GameManager] GameManager initialized: 20ms frame duration, 2 LED strips
[2025-11-14 17:59:04,112] [INFO] [Amplifier] HumanAmplifier system initialized successfully
[2025-11-14 17:59:04,113] [INFO] [Amplifier] Hardware: 3 buttons, 2 LED strips, 20ms frame duration
[2025-11-14 17:59:04,113] [INFO] [Amplifier] Audio system: {'songs_folder': 'songs', 'all_collections': ['MORNING', 'MAIJAM'], 'total_codes': 30, 'daily_schedule_entries': 2, 'special_schedule_entries': 1}
[2025-11-14 17:59:04,114] [INFO] [Amplifier] Sound controller initialized successfully
[2025-11-14 17:59:04,114] [INFO] [Amplifier] ✅ System initialized successfully!
[2025-11-14 17:59:04,114] [INFO] [Amplifier] Hardware status: 3 buttons, 2 LED strips
[2025-11-14 17:59:04,115] [INFO] [Amplifier]   Strip 1: 300 LEDs active
[2025-11-14 17:59:04,115] [INFO] [Amplifier]   Strip 2: 300 LEDs active
[2025-11-14 17:59:04,115] [INFO] [Amplifier] Audio system: 30 song codes, 9 sound effects
[2025-11-14 17:59:04,116] [INFO] [Amplifier] Available collections: MORNING, MAIJAM
[2025-11-14 17:59:04,116] [INFO] [Amplifier] 🚀 Starting HumanAmplifier system...
[2025-11-14 17:59:04,117] [INFO] [GameManager] Starting game loop with 20ms frame duration
[2025-11-14 17:59:17,222] [DEBUG] [ButtonReader] Button state changed: [(1, 'pressed')]
[2025-11-14 17:59:17,223] [DEBUG] [GameManager] Button sequence: 1
[2025-11-14 17:59:17,223] [INFO] [GameManager] State transition: IdleState → AmplifyState
[2025-11-14 17:59:17,234] [INFO] [SoundController] Song "Soft Cell - Tainted Love (Official Music Video).mp3" was randomly started
[2025-11-14 17:59:17,234] [DEBUG] [AmplifyState] AmplifyState activated with buttons: [1]
[2025-11-14 17:59:20,438] [DEBUG] [ButtonReader] Button state changed: [(1, 'released')]
[2025-11-14 17:59:20,439] [INFO] [GameManager] State transition: AmplifyState → IdleState
[2025-11-14 17:59:24,037] [DEBUG] [ButtonReader] Button state changed: [(2, 'pressed')]
[2025-11-14 17:59:24,037] [DEBUG] [GameManager] Button sequence: 2
[2025-11-14 17:59:24,038] [INFO] [GameManager] State transition: IdleState → AmplifyState
[2025-11-14 17:59:24,049] [INFO] [SoundController] Song "The Weather Girls - It's Raining Men (Video).mp3" was randomly started
[2025-11-14 17:59:24,050] [DEBUG] [AmplifyState] AmplifyState activated with buttons: [2]
[2025-11-14 17:59:27,594] [DEBUG] [ButtonReader] Button state changed: [(1, 'pressed')]
[2025-11-14 17:59:27,595] [DEBUG] [GameManager] Button sequence: 21
[2025-11-14 17:59:27,595] [DEBUG] [AmplifyState] AmplifyState button change - currently pressed: [1, 2]
[2025-11-14 17:59:35,088] [DEBUG] [ButtonReader] Button state changed: [(2, 'released')]
[2025-11-14 17:59:35,089] [DEBUG] [AmplifyState] AmplifyState button change - currently pressed: [1]
[2025-11-14 17:59:42,185] [DEBUG] [ButtonReader] Button state changed: [(2, 'pressed')]
[2025-11-14 17:59:42,186] [DEBUG] [GameManager] Button sequence: 212
[2025-11-14 17:59:42,186] [DEBUG] [AmplifyState] AmplifyState button change - currently pressed: [1, 2]
[2025-11-14 17:59:43,270] [DEBUG] [ButtonReader] Button state changed: [(2, 'released')]
[2025-11-14 17:59:43,271] [DEBUG] [AmplifyState] AmplifyState button change - currently pressed: [1]
[2025-11-14 17:59:48,455] [DEBUG] [ButtonReader] Button state changed: [(2, 'pressed')]
[2025-11-14 17:59:48,456] [DEBUG] [GameManager] Button sequence: 2122
[2025-11-14 17:59:48,456] [DEBUG] [AmplifyState] AmplifyState button change - currently pressed: [1, 2]
[2025-11-14 17:59:51,812] [DEBUG] [ButtonReader] Button state changed: [(2, 'released')]
[2025-11-14 17:59:51,813] [DEBUG] [AmplifyState] AmplifyState button change - currently pressed: [1]
[2025-11-14 17:59:52,154] [DEBUG] [ButtonReader] Button state changed: [(2, 'pressed')]
[2025-11-14 17:59:52,154] [DEBUG] [GameManager] Button sequence: 21222
[2025-11-14 17:59:52,155] [DEBUG] [AmplifyState] AmplifyState button change - currently pressed: [1, 2]
[2025-11-14 17:59:54,668] [DEBUG] [ButtonReader] Button state changed: [(1, 'released')]
[2025-11-14 17:59:54,670] [DEBUG] [AmplifyState] AmplifyState button change - currently pressed: [2]
[2025-11-14 17:59:56,500] [DEBUG] [ButtonReader] Button state changed: [(2, 'released')]
[2025-11-14 17:59:56,501] [INFO] [GameManager] State transition: AmplifyState → IdleState
[2025-11-14 17:59:57,584] [DEBUG] [ButtonReader] Button state changed: [(1, 'pressed')]
[2025-11-14 17:59:57,585] [DEBUG] [GameManager] Button sequence: 1
[2025-11-14 17:59:57,585] [INFO] [GameManager] State transition: IdleState → AmplifyState
[2025-11-14 17:59:57,596] [INFO] [SoundController] Song "Eurythmics, Annie Lennox, Dave Stewart - Sweet Dreams (Are Made Of This) (Official Video).mp3" was randomly started
[2025-11-14 17:59:57,597] [DEBUG] [AmplifyState] AmplifyState activated with buttons: [1]
[2025-11-14 17:59:57,825] [DEBUG] [ButtonReader] Button state changed: [(1, 'released')]
[2025-11-14 17:59:57,826] [INFO] [GameManager] State transition: AmplifyState → IdleState
[2025-11-14 17:59:58,126] [DEBUG] [ButtonReader] Button state changed: [(1, 'pressed')]
[2025-11-14 17:59:58,127] [DEBUG] [GameManager] Button sequence: 11
[2025-11-14 17:59:58,128] [INFO] [GameManager] State transition: IdleState → AmplifyState
[2025-11-14 17:59:58,138] [INFO] [SoundController] Song "LunchMoney Lewis - Bills (Official Video).mp3" was randomly started
[2025-11-14 17:59:58,139] [DEBUG] [AmplifyState] AmplifyState activated with buttons: [1]
[2025-11-14 17:59:58,347] [DEBUG] [ButtonReader] Button state changed: [(1, 'released')]
[2025-11-14 17:59:58,348] [INFO] [GameManager] State transition: AmplifyState → IdleState
[2025-11-14 17:59:58,729] [DEBUG] [ButtonReader] Button state changed: [(1, 'pressed')]
[2025-11-14 17:59:58,729] [DEBUG] [GameManager] Button sequence: 111
[2025-11-14 17:59:58,730] [INFO] [GameManager] Triple 1 detected - entering code mode!
[2025-11-14 17:59:58,730] [INFO] [GameManager] State transition: IdleState → CodeModeState
[2025-11-14 17:59:58,742] [INFO] [CodeModeState] Entered code mode - awaiting 5-digit code
[2025-11-14 18:00:08,758] [DEBUG] [ButtonReader] Button state changed: [(2, 'pressed')]
[2025-11-14 18:00:08,759] [DEBUG] [GameManager] Button sequence: 2
[2025-11-14 18:00:12,273] [DEBUG] [ButtonReader] Button state changed: [(1, 'released')]
[2025-11-14 18:00:12,274] [INFO] [CodeModeState] Code mode failed: Button was released
[2025-11-14 18:00:12,275] [DEBUG] [ButtonReader] Button 2 will be ignored until released
[2025-11-14 18:00:12,275] [INFO] [GameManager] State transition: CodeModeState → IdleState
[2025-11-14 18:00:12,293] [DEBUG] [ButtonReader] Button state changed: [(2, 'released')]
[2025-11-14 18:00:13,900] [DEBUG] [ButtonReader] Button 2 released, no longer ignored
[2025-11-14 18:02:33,146] [DEBUG] [ButtonReader] Button state changed: [(1, 'pressed')]
[2025-11-14 18:02:33,146] [DEBUG] [GameManager] Button sequence: 1
[2025-11-14 18:02:33,147] [INFO] [GameManager] State transition: IdleState → AmplifyState
[2025-11-14 18:02:33,158] [INFO] [SoundController] Song "LunchMoney Lewis - Bills (Official Video).mp3" was randomly started
[2025-11-14 18:02:33,159] [DEBUG] [AmplifyState] AmplifyState activated with buttons: [1]
[2025-11-14 18:02:33,286] [DEBUG] [ButtonReader] Button state changed: [(1, 'released')]
[2025-11-14 18:02:33,287] [INFO] [GameManager] State transition: AmplifyState → IdleState
[2025-11-14 18:02:33,588] [DEBUG] [ButtonReader] Button state changed: [(1, 'pressed')]
[2025-11-14 18:02:33,588] [DEBUG] [GameManager] Button sequence: 11
[2025-11-14 18:02:33,589] [INFO] [GameManager] State transition: IdleState → AmplifyState
[2025-11-14 18:02:33,600] [INFO] [SoundController] Song "ABBA - Gimme! Gimme! Gimme! (A Man After Midnight).mp3" was randomly started
[2025-11-14 18:02:33,600] [DEBUG] [AmplifyState] AmplifyState activated with buttons: [1]
[2025-11-14 18:02:33,768] [DEBUG] [ButtonReader] Button state changed: [(1, 'released')]
[2025-11-14 18:02:33,769] [INFO] [GameManager] State transition: AmplifyState → IdleState
[2025-11-14 18:02:33,949] [DEBUG] [ButtonReader] Button state changed: [(1, 'pressed')]
[2025-11-14 18:02:33,950] [DEBUG] [GameManager] Button sequence: 111
[2025-11-14 18:02:33,950] [INFO] [GameManager] Triple 1 detected - entering code mode!
[2025-11-14 18:02:33,951] [INFO] [GameManager] State transition: IdleState → CodeModeState
[2025-11-14 18:02:33,962] [INFO] [CodeModeState] Entered code mode - awaiting 5-digit code
[2025-11-14 18:02:34,130] [DEBUG] [ButtonReader] Button state changed: [(1, 'released')]
[2025-11-14 18:02:34,131] [INFO] [CodeModeState] Code mode failed: Button was released
[2025-11-14 18:02:34,131] [INFO] [GameManager] State transition: CodeModeState → IdleState
[2025-11-14 18:02:37,587] [DEBUG] [ButtonReader] Button state changed: [(1, 'pressed')]
[2025-11-14 18:02:37,588] [DEBUG] [GameManager] Button sequence: 1
[2025-11-14 18:02:37,588] [INFO] [GameManager] State transition: IdleState → AmplifyState
[2025-11-14 18:02:37,599] [INFO] [SoundController] Song "Queen - Don't Stop Me Now (Official Video).mp3" was randomly started
[2025-11-14 18:02:37,600] [DEBUG] [AmplifyState] AmplifyState activated with buttons: [1]
[2025-11-14 18:02:37,769] [DEBUG] [ButtonReader] Button state changed: [(1, 'released')]
[2025-11-14 18:02:37,770] [INFO] [GameManager] State transition: AmplifyState → IdleState
[2025-11-14 18:02:37,910] [DEBUG] [ButtonReader] Button state changed: [(1, 'pressed')]
[2025-11-14 18:02:37,912] [DEBUG] [GameManager] Button sequence: 11
[2025-11-14 18:02:37,913] [INFO] [GameManager] State transition: IdleState → AmplifyState
[2025-11-14 18:02:37,925] [INFO] [SoundController] Song "Baccara - Yes Sir, I Can Boogie (Starparade 02.06.1977) (1).mp3" was randomly started
[2025-11-14 18:02:37,927] [DEBUG] [AmplifyState] AmplifyState activated with buttons: [1]
[2025-11-14 18:02:38,031] [DEBUG] [ButtonReader] Button state changed: [(1, 'released')]
[2025-11-14 18:02:38,031] [INFO] [GameManager] State transition: AmplifyState → IdleState
[2025-11-14 18:02:38,131] [DEBUG] [ButtonReader] Button state changed: [(1, 'pressed')]
[2025-11-14 18:02:38,132] [DEBUG] [GameManager] Button sequence: 111
[2025-11-14 18:02:38,132] [INFO] [GameManager] Triple 1 detected - entering code mode!
[2025-11-14 18:02:38,133] [INFO] [GameManager] State transition: IdleState → CodeModeState
[2025-11-14 18:02:38,144] [INFO] [CodeModeState] Entered code mode - awaiting 5-digit code
[2025-11-14 18:02:38,272] [DEBUG] [ButtonReader] Button state changed: [(1, 'released')]
[2025-11-14 18:02:38,273] [INFO] [CodeModeState] Code mode failed: Button was released
[2025-11-14 18:02:38,273] [INFO] [GameManager] State transition: CodeModeState → IdleState
[2025-11-14 18:05:45,931] [INFO] [GameManager] Game stopped by user (Ctrl+C)
[2025-11-14 18:05:45,941] [INFO] [GameManager] Game stopped
[2025-11-14 18:05:45,942] [INFO] [Amplifier] ✅ HumanAmplifier system shut down
