[2025-11-12 16:12:51,569] [INFO] [Amplifier] 🎵 HUMAN AMPLIFIER INTERACTIVE SYSTEM
[2025-11-12 16:12:51,573] [INFO] [Amplifier] Button configuration: 4 buttons on GPIO [5, 6, 17, 22]
[2025-11-12 16:12:51,574] [INFO] [Amplifier] LED configuration: 2 strips
[2025-11-12 16:12:51,574] [INFO] [Amplifier]   Strip 1: 300 LEDs on GPIO 21
[2025-11-12 16:12:51,575] [INFO] [Amplifier]   Strip 2: 300 LEDs on GPIO 18
[2025-11-12 16:12:51,576] [INFO] [Amplifier] Game settings: 20ms frame duration (50.0 FPS)
[2025-11-12 16:12:51,576] [INFO] [Amplifier] Button sample rate: 200Hz
[2025-11-12 16:12:51,576] [INFO] [Amplifier] Audio folder: songs
[2025-11-12 16:12:51,577] [INFO] [Amplifier] Schedule: 2 daily, 1 special entries
[2025-11-12 16:12:54,671] [INFO] [ButtonReader] GPIO setup complete: 4 pins, no pulls
[2025-11-12 16:12:54,671] [INFO] [ButtonReader] ButtonReader initialized with 4 buttons
[2025-11-12 16:12:54,672] [INFO] [ButtonReader] Button mapping: Button0=GPIO5, Button1=GPIO6, Button2=GPIO17, Button3=GPIO22
[2025-11-12 16:12:54,675] [INFO] [SongLibrary] Creating song codes dictionary
[2025-11-12 16:12:55,053] [INFO] [SongLibrary] Loaded 30 song codes from 2 collections
[2025-11-12 16:12:55,053] [INFO] [SongLibrary] Collections updated: ['MAIJAM', 'MORNING']
[2025-11-12 16:12:55,267] [INFO] [GameManager] Entering state: IdleState
[2025-11-12 16:12:55,268] [INFO] [GameManager] GameManager initialized: 20ms frame duration, 2 LED strips
[2025-11-12 16:12:55,269] [INFO] [Amplifier] HumanAmplifier system initialized successfully
[2025-11-12 16:12:55,269] [INFO] [Amplifier] Hardware: 4 buttons, 2 LED strips, 20ms frame duration
[2025-11-12 16:12:55,269] [INFO] [Amplifier] Audio system: {'songs_folder': 'songs', 'all_collections': ['MAIJAM', 'MORNING'], 'total_codes': 30, 'daily_schedule_entries': 2, 'special_schedule_entries': 1}
[2025-11-12 16:12:55,270] [INFO] [Amplifier] Sound controller initialized successfully
[2025-11-12 16:12:55,270] [INFO] [Amplifier] ✅ System initialized successfully!
[2025-11-12 16:12:55,271] [INFO] [Amplifier] Hardware status: 4 buttons, 2 LED strips
[2025-11-12 16:12:55,271] [INFO] [Amplifier]   Strip 1: 300 LEDs active
[2025-11-12 16:12:55,271] [INFO] [Amplifier]   Strip 2: 300 LEDs active
[2025-11-12 16:12:55,271] [INFO] [Amplifier] Audio system: 30 song codes, 9 sound effects
[2025-11-12 16:12:55,271] [INFO] [Amplifier] Available collections: MAIJAM, MORNING
[2025-11-12 16:12:55,272] [INFO] [Amplifier] 🚀 Starting HumanAmplifier system...
[2025-11-12 16:12:55,272] [INFO] [GameManager] Starting game loop with 20ms frame duration
[2025-11-12 16:13:19,731] [INFO] [GameManager] Exiting state: IdleState
[2025-11-12 16:13:19,731] [INFO] [GameManager] State transition: IdleState → AmplifyState
[2025-11-12 16:13:19,732] [INFO] [GameManager] Entering state: AmplifyState
[2025-11-12 16:13:19,743] [DEBUG] [AmplifyState] AmplifyState activated with buttons: [2]
[2025-11-12 16:13:25,924] [INFO] [GameManager] Exiting state: AmplifyState
[2025-11-12 16:13:25,925] [INFO] [GameManager] State transition: AmplifyState → IdleState
[2025-11-12 16:13:25,925] [INFO] [GameManager] Entering state: IdleState
[2025-11-12 16:13:26,386] [INFO] [GameManager] Exiting state: IdleState
[2025-11-12 16:13:26,387] [INFO] [GameManager] State transition: IdleState → AmplifyState
[2025-11-12 16:13:26,387] [INFO] [GameManager] Entering state: AmplifyState
[2025-11-12 16:13:26,398] [DEBUG] [AmplifyState] AmplifyState activated with buttons: [2]
[2025-11-12 16:13:42,603] [INFO] [GameManager] Exiting state: AmplifyState
[2025-11-12 16:13:42,604] [INFO] [GameManager] State transition: AmplifyState → IdleState
[2025-11-12 16:13:42,604] [INFO] [GameManager] Entering state: IdleState
[2025-11-12 16:13:43,285] [INFO] [GameManager] Exiting state: IdleState
[2025-11-12 16:13:43,286] [INFO] [GameManager] State transition: IdleState → AmplifyState
[2025-11-12 16:13:43,286] [INFO] [GameManager] Entering state: AmplifyState
[2025-11-12 16:13:43,297] [DEBUG] [AmplifyState] AmplifyState activated with buttons: [2]
[2025-11-12 16:13:45,400] [INFO] [GameManager] Exiting state: AmplifyState
[2025-11-12 16:13:45,400] [INFO] [GameManager] State transition: AmplifyState → IdleState
[2025-11-12 16:13:45,401] [INFO] [GameManager] Entering state: IdleState
[2025-11-12 16:13:45,840] [INFO] [GameManager] Exiting state: IdleState
[2025-11-12 16:13:45,841] [INFO] [GameManager] State transition: IdleState → AmplifyState
[2025-11-12 16:13:45,841] [INFO] [GameManager] Entering state: AmplifyState
[2025-11-12 16:13:45,852] [DEBUG] [AmplifyState] AmplifyState activated with buttons: [2]
[2025-11-12 16:14:07,566] [INFO] [GameManager] Exiting state: AmplifyState
[2025-11-12 16:14:07,566] [INFO] [GameManager] State transition: AmplifyState → IdleState
[2025-11-12 16:14:07,567] [INFO] [GameManager] Entering state: IdleState
[2025-11-12 16:14:08,268] [INFO] [GameManager] Exiting state: IdleState
[2025-11-12 16:14:08,269] [INFO] [GameManager] State transition: IdleState → AmplifyState
[2025-11-12 16:14:08,270] [INFO] [GameManager] Entering state: AmplifyState
[2025-11-12 16:14:08,280] [DEBUG] [AmplifyState] AmplifyState activated with buttons: [2]
[2025-11-12 16:14:10,477] [INFO] [GameManager] Exiting state: AmplifyState
[2025-11-12 16:14:10,478] [INFO] [GameManager] State transition: AmplifyState → IdleState
[2025-11-12 16:14:10,478] [INFO] [GameManager] Entering state: IdleState
[2025-11-12 16:14:55,078] [INFO] [SongLibrary] Collections updated: ['MAIJAM']
[2025-11-12 16:15:55,091] [INFO] [SongLibrary] Collections updated: ['MORNING']
[2025-11-12 16:16:22,271] [INFO] [GameManager] Game stopped by user (Ctrl+C)
[2025-11-12 16:16:22,282] [INFO] [GameManager] Game stopped
[2025-11-12 16:16:22,282] [INFO] [Amplifier] ✅ HumanAmplifier system shut down
