[2025-11-19 23:09:58,272] [INFO] [Amplifier] 🎵 HUMAN AMPLIFIER INTERACTIVE SYSTEM
[2025-11-19 23:09:58,273] [INFO] [Amplifier] Button configuration: 10 buttons on GPIO [6, 5, 22, 17, 4, 23, 24, 25, 16, 20]
[2025-11-19 23:09:58,274] [INFO] [Amplifier] LED configuration: 2 strips
[2025-11-19 23:09:58,274] [INFO] [Amplifier]   Strip 1: 300 LEDs on GPIO 21
[2025-11-19 23:09:58,275] [INFO] [Amplifier]   Strip 2: 293 LEDs on GPIO 18
[2025-11-19 23:09:58,275] [INFO] [Amplifier] Game settings: 20ms frame duration (50.0 FPS)
[2025-11-19 23:09:58,276] [INFO] [Amplifier] Button sample rate: 200Hz
[2025-11-19 23:09:58,276] [INFO] [Amplifier] Audio folder: songs
[2025-11-19 23:09:58,277] [INFO] [Amplifier] Schedule: 2 daily, 1 special entries
[2025-11-19 23:09:58,278] [INFO] [ButtonReader] GPIO sampler initialized: 10 pins (no pulls)
[2025-11-19 23:09:58,278] [INFO] [ButtonReader] Pin mapping: Btn0=GPIO6, Btn1=GPIO5, Btn2=GPIO22, Btn3=GPIO17, Btn4=GPIO4, Btn5=GPIO23, Btn6=GPIO24, Btn7=GPIO25, Btn8=GPIO16, Btn9=GPIO20
[2025-11-19 23:09:58,278] [INFO] [ButtonReader] 🎮 Keyboard debug enabled: Press digit keys 0-9 to toggle buttons (works over SSH)
[2025-11-19 23:09:58,279] [INFO] [ButtonReader]    Each keypress toggles button ON/OFF
[2025-11-19 23:09:58,279] [INFO] [ButtonReader] ButtonReader initialized with 10 buttons
[2025-11-19 23:09:58,280] [INFO] [SongLibrary] Creating song codes dictionary
[2025-11-19 23:10:00,297] [INFO] [SongLibrary] Loaded 547 song codes from 10 collections
[2025-11-19 23:10:00,297] [INFO] [SongLibrary] Collections updated: ['MAIJAM']
[2025-11-19 23:10:08,415] [INFO] [SoundController] Sound controller initialized - mixer ready, first song will load on demand
[2025-11-19 23:10:08,421] [INFO] [GameManager] GameManager initialized: 20ms frame duration, 2 LED strips
[2025-11-19 23:10:08,422] [INFO] [Amplifier] HumanAmplifier system initialized successfully
[2025-11-19 23:10:08,422] [INFO] [Amplifier] Hardware: 10 buttons, 2 LED strips, 20ms frame duration
[2025-11-19 23:10:08,423] [INFO] [Amplifier] Audio system: {'songs_folder': 'songs', 'all_collections': ['TV', 'DISNEY', 'MORNING', 'SPANISH', 'MAIJAM', 'GENERAL', 'CLASSIC', 'VIRAL', 'PARTY', 'FESTIGAL'], 'total_codes': 547, 'daily_schedule_entries': 2, 'special_schedule_entries': 1}
[2025-11-19 23:10:08,423] [INFO] [Amplifier] Sound controller initialized successfully
[2025-11-19 23:10:08,424] [INFO] [Amplifier] ✅ System initialized successfully!
[2025-11-19 23:10:08,424] [INFO] [Amplifier] Hardware status: 10 buttons, 2 LED strips
[2025-11-19 23:10:08,425] [INFO] [Amplifier]   Strip 1: 300 LEDs active
[2025-11-19 23:10:08,425] [INFO] [Amplifier]   Strip 2: 293 LEDs active
[2025-11-19 23:10:08,426] [INFO] [Amplifier] Audio system: 547 song codes, 12 sound effects
[2025-11-19 23:10:08,426] [INFO] [Amplifier] Available collections: TV, DISNEY, MORNING, SPANISH, MAIJAM, GENERAL, CLASSIC, VIRAL, PARTY, FESTIGAL
[2025-11-19 23:10:08,426] [INFO] [Amplifier] 🚀 Starting HumanAmplifier system...
[2025-11-19 23:10:08,427] [INFO] [GameManager] Starting game loop with 20ms frame duration
[2025-11-19 23:10:08,430] [INFO] [GameManager] 💾 Memory - Process: 86.3MB | System: 268/907MB (29.6%, 638MB free) | ⚙️  CPU - Process: 0.0% | System: 27.7% | Cores: [99%, 3%, 6%, 2%]
[2025-11-19 23:10:14,414] [INFO] [ButtonReader] Keyboard: Button 1 toggled ON (key '1')
[2025-11-19 23:10:14,428] [INFO] [GameManager] State transition: IdleState → AmplifyState
[2025-11-19 23:10:14,447] [INFO] [SoundController] Song "אשליות - ניסים סרוסי2.mp3" was randomly started
[2025-11-19 23:10:16,658] [INFO] [ButtonReader] Keyboard: Button 1 toggled OFF (key '1')
[2025-11-19 23:10:16,660] [INFO] [GameManager] State transition: AmplifyState → IdleState
[2025-11-19 23:10:17,604] [INFO] [ButtonReader] Keyboard: Button 1 toggled ON (key '1')
[2025-11-19 23:10:17,606] [INFO] [GameManager] State transition: IdleState → AmplifyState
[2025-11-19 23:10:17,617] [INFO] [SoundController] Song "Lizzo - Boys (Official Video).mp3" was randomly started
[2025-11-19 23:10:19,255] [INFO] [ButtonReader] Keyboard: Button 1 toggled OFF (key '1')
[2025-11-19 23:10:19,261] [INFO] [GameManager] State transition: AmplifyState → IdleState
[2025-11-19 23:10:23,695] [INFO] [ButtonReader] Keyboard: Button 2 toggled ON (key '2')
[2025-11-19 23:10:23,696] [INFO] [GameManager] State transition: IdleState → AmplifyState
[2025-11-19 23:10:23,710] [INFO] [SoundController] Song "Rihanna - Umbrella (Orange Version) (Official Music Video) ft. JAY-Z.mp3" was randomly started
[2025-11-19 23:10:24,540] [INFO] [ButtonReader] Keyboard: Button 3 toggled ON (key '3')
[2025-11-19 23:10:25,124] [INFO] [ButtonReader] Keyboard: Button 4 toggled ON (key '4')
[2025-11-19 23:10:27,055] [INFO] [ButtonReader] Keyboard: Button 5 toggled ON (key '5')
[2025-11-19 23:10:27,538] [INFO] [ButtonReader] Keyboard: Button 4 toggled OFF (key '4')
[2025-11-19 23:10:28,081] [INFO] [ButtonReader] Keyboard: Button 3 toggled OFF (key '3')
[2025-11-19 23:10:28,643] [INFO] [ButtonReader] Keyboard: Button 2 toggled OFF (key '2')
[2025-11-19 23:10:29,607] [INFO] [ButtonReader] Keyboard: Button 6 toggled ON (key '6')
[2025-11-19 23:10:30,491] [INFO] [ButtonReader] Keyboard: Button 5 toggled OFF (key '5')
[2025-11-19 23:10:30,832] [INFO] [ButtonReader] Keyboard: Button 6 toggled OFF (key '6')
[2025-11-19 23:10:30,839] [INFO] [GameManager] State transition: AmplifyState → IdleState
[2025-11-19 23:10:31,937] [INFO] [ButtonReader] Keyboard: Button 7 toggled ON (key '7')
[2025-11-19 23:10:31,938] [INFO] [GameManager] State transition: IdleState → AmplifyState
[2025-11-19 23:10:31,948] [INFO] [SoundController] Song "Queen - Don't Stop Me Now (Official Video).mp3" was randomly started
[2025-11-19 23:10:32,299] [INFO] [ButtonReader] Keyboard: Button 7 toggled OFF (key '7')
[2025-11-19 23:10:32,301] [INFO] [GameManager] State transition: AmplifyState → IdleState
[2025-11-19 23:10:32,660] [INFO] [ButtonReader] Keyboard: Button 7 toggled ON (key '7')
[2025-11-19 23:10:32,671] [INFO] [GameManager] State transition: IdleState → AmplifyState
[2025-11-19 23:10:32,690] [INFO] [SoundController] Song "Amy Winehouse - Rehab.mp3" was randomly started
[2025-11-19 23:10:33,153] [INFO] [ButtonReader] Keyboard: Button 7 toggled OFF (key '7')
[2025-11-19 23:10:33,154] [INFO] [GameManager] State transition: AmplifyState → IdleState
[2025-11-19 23:10:33,676] [INFO] [ButtonReader] Keyboard: Button 7 toggled ON (key '7')
[2025-11-19 23:10:33,677] [INFO] [GameManager] Triple 777 detected - entering code mode!
[2025-11-19 23:10:33,688] [INFO] [GameManager] State transition: IdleState → CodeModeState
[2025-11-19 23:10:33,707] [INFO] [CodeModeState] Entered code mode - awaiting 5-digit code
[2025-11-19 23:10:35,499] [INFO] [ButtonReader] Keyboard: Button 6 toggled ON (key '6')
[2025-11-19 23:10:36,042] [INFO] [ButtonReader] Keyboard: Button 3 toggled ON (key '3')
[2025-11-19 23:10:36,504] [INFO] [ButtonReader] Keyboard: Button 8 toggled ON (key '8')
[2025-11-19 23:10:36,986] [INFO] [ButtonReader] Keyboard: Button 0 toggled ON (key '0')
[2025-11-19 23:10:37,609] [INFO] [ButtonReader] Keyboard: Button 4 toggled ON (key '4')
[2025-11-19 23:10:37,610] [INFO] [CodeModeState] Code entered: 63804
[2025-11-19 23:10:37,610] [INFO] [CodeModeState] Valid code! Transitioning to CodeRevealState
[2025-11-19 23:10:37,612] [INFO] [GameManager] State transition: CodeModeState → CodeRevealState
[2025-11-19 23:10:37,622] [INFO] [CodeRevealState] Code reveal started for code: 63804
[2025-11-19 23:10:41,628] [INFO] [CodeRevealState] Loading song by code: 63804
[2025-11-19 23:10:41,629] [INFO] [SoundController] Playing song by code 63804: "Bach - Aria (from) Hunt Cantata.mp3"
[2025-11-19 23:10:41,630] [INFO] [CodeRevealState] Song loaded successfully, transitioning to PartyState
[2025-11-19 23:10:41,631] [INFO] [GameManager] State transition: CodeRevealState → PartyState
[2025-11-19 23:10:41,642] [INFO] [PartyState] 🎉 PARTY MODE ACTIVATED for song: Bach - Aria (from) Hunt Cantata.mp3
