[2025-11-21 01:05:30,786] [INFO] [Amplifier] 🎵 HUMAN AMPLIFIER INTERACTIVE SYSTEM
[2025-11-21 01:05:30,787] [INFO] [Amplifier] Button configuration: 10 buttons on GPIO [6, 5, 22, 17, 4, 23, 24, 25, 16, 20]
[2025-11-21 01:05:30,788] [INFO] [Amplifier] LED configuration: 2 strips
[2025-11-21 01:05:30,789] [INFO] [Amplifier]   Strip 1: 300 LEDs on GPIO 21
[2025-11-21 01:05:30,789] [INFO] [Amplifier]   Strip 2: 293 LEDs on GPIO 18
[2025-11-21 01:05:30,790] [INFO] [Amplifier] Game settings: 20ms frame duration (50.0 FPS)
[2025-11-21 01:05:30,791] [INFO] [Amplifier] Button sample rate: 200Hz
[2025-11-21 01:05:30,792] [INFO] [Amplifier] Audio folder: songs
[2025-11-21 01:05:30,792] [INFO] [Amplifier] Schedule: 13 daily, 1 special entries
[2025-11-21 01:05:30,793] [INFO] [ButtonReader] 🎮 Keyboard sampler initialized (NO GPIO)
[2025-11-21 01:05:30,794] [INFO] [ButtonReader]    10 virtual buttons mapped to digit keys 0-9
[2025-11-21 01:05:30,794] [INFO] [ButtonReader]    Press digit keys to toggle buttons ON/OFF
[2025-11-21 01:05:30,795] [INFO] [ButtonReader]    Each keypress toggles button ON/OFF
[2025-11-21 01:05:30,795] [INFO] [ButtonReader] ButtonReader initialized with 10 buttons
[2025-11-21 01:05:30,798] [INFO] [SongLibrary] Creating song codes dictionary
[2025-11-21 01:05:33,258] [INFO] [SongLibrary] Loaded 722 song codes from 11 collections
[2025-11-21 01:05:33,259] [INFO] [SongLibrary] Collections updated: ['MAIJAM']
[2025-11-21 01:05:33,357] [INFO] [SoundController] Pygame mixer initialized: 48000Hz, format=-16, channels=2
[2025-11-21 01:05:41,551] [INFO] [SoundController] Sound controller initialized - mixer ready, first song will load on demand
[2025-11-21 01:05:41,558] [INFO] [GameManager] GameManager initialized: 20ms frame duration, 2 LED strips
[2025-11-21 01:05:41,558] [INFO] [Amplifier] HumanAmplifier system initialized successfully
[2025-11-21 01:05:41,559] [INFO] [Amplifier] Hardware: 10 buttons, 2 LED strips, 20ms frame duration
[2025-11-21 01:05:41,560] [INFO] [Amplifier] Audio system: {'songs_folder': 'songs', 'all_collections': ['CLASSIC', 'PARTY', 'GENERAL', 'FESTIGAL', 'DISNEY', 'VIRAL', 'TV', 'HAFLA', 'SPANISH', 'MORNING', 'MAIJAM'], 'total_codes': 722, 'daily_schedule_entries': 13, 'special_schedule_entries': 1}
[2025-11-21 01:05:41,560] [INFO] [Amplifier] Sound controller initialized successfully
[2025-11-21 01:05:41,560] [INFO] [Amplifier] ✅ System initialized successfully!
[2025-11-21 01:05:41,561] [INFO] [Amplifier] Hardware status: 10 buttons, 2 LED strips
[2025-11-21 01:05:41,561] [INFO] [Amplifier]   Strip 1: 300 LEDs active
[2025-11-21 01:05:41,562] [INFO] [Amplifier]   Strip 2: 293 LEDs active
[2025-11-21 01:05:41,562] [INFO] [Amplifier] Audio system: 722 song codes, 13 sound effects
[2025-11-21 01:05:41,563] [INFO] [Amplifier] Available collections: CLASSIC, PARTY, GENERAL, FESTIGAL, DISNEY, VIRAL, TV, HAFLA, SPANISH, MORNING, MAIJAM
[2025-11-21 01:05:41,563] [INFO] [Amplifier] ===========================
[2025-11-21 01:05:41,564] [INFO] [Amplifier] 🚀 Starting HumanAmplifier system...
[2025-11-21 01:05:41,564] [INFO] [GameManager] Starting game loop with 20ms frame duration
[2025-11-21 01:05:41,567] [INFO] [GameManager] 💾 Memory - Process: 87.8MB | System: 247/907MB (27.2%, 660MB free) | ⚙️  CPU - Process: 0.0% | System: 29.1% | Cores: [5%, 4%, 99%, 7%]
[2025-11-21 01:05:44,501] [INFO] [ButtonReader] Keyboard: Button 6 toggled ON (key '6')
[2025-11-21 01:05:44,502] [INFO] [ButtonReader] Button 6 pressed
[2025-11-21 01:05:44,502] [DEBUG] [SequenceTracker] UPDATE: '' → '6' (added buttons: [6], elapsed: 0.00s)
[2025-11-21 01:05:44,503] [DEBUG] [IdleState] Checking sequence: '6' (need '777' for code mode)
[2025-11-21 01:05:44,515] [INFO] [AmplifyState] Song "Whitney Houston - I Wanna Dance With Somebody.mp3" was randomly started 🎚️
[2025-11-21 01:05:46,773] [INFO] [ButtonReader] Keyboard: Button 5 toggled ON (key '5')
[2025-11-21 01:05:46,775] [INFO] [ButtonReader] Button 5 pressed
[2025-11-21 01:05:46,775] [DEBUG] [SequenceTracker] UPDATE: '6' → '65' (added buttons: [5], elapsed: 2.27s)
[2025-11-21 01:05:47,983] [INFO] [ButtonReader] Keyboard: Button 4 toggled ON (key '4')
[2025-11-21 01:05:47,984] [INFO] [ButtonReader] Button 4 pressed
[2025-11-21 01:05:47,985] [DEBUG] [SequenceTracker] UPDATE: '65' → '654' (added buttons: [4], elapsed: 3.48s)
[2025-11-21 01:06:41,572] [INFO] [GameManager] 💾 Memory - Process: 87.9MB | System: 247/907MB (27.3%, 659MB free) | ⚙️  CPU - Process: 18.2% | System: 8.1% | Cores: [6%, 10%, 9%, 8%]
[2025-11-21 01:07:41,574] [INFO] [GameManager] 💾 Memory - Process: 87.9MB | System: 248/907MB (27.3%, 659MB free) | ⚙️  CPU - Process: 18.1% | System: 8.9% | Cores: [8%, 9%, 9%, 9%]
[2025-11-21 01:08:41,588] [INFO] [GameManager] 💾 Memory - Process: 87.9MB | System: 248/907MB (27.3%, 659MB free) | ⚙️  CPU - Process: 18.6% | System: 8.3% | Cores: [12%, 8%, 7%, 7%]
[2025-11-21 01:09:41,590] [INFO] [GameManager] 💾 Memory - Process: 87.9MB | System: 249/907MB (27.5%, 658MB free) | ⚙️  CPU - Process: 18.2% | System: 8.0% | Cores: [9%, 6%, 8%, 8%]
[2025-11-21 01:10:25,771] [INFO] [AmplifyState] Song "Whitney Houston - I Wanna Dance With Somebody.mp3" was finished while amplifing! 👑
[2025-11-21 01:10:25,791] [DEBUG] [SequenceTracker] RESET: cleared sequence '654', elapsed: 281.29s
[2025-11-21 01:10:41,604] [INFO] [GameManager] 💾 Memory - Process: 87.9MB | System: 249/907MB (27.5%, 657MB free) | ⚙️  CPU - Process: 20.8% | System: 8.7% | Cores: [8%, 10%, 6%, 10%]
[2025-11-21 01:11:41,623] [INFO] [GameManager] 💾 Memory - Process: 87.9MB | System: 249/907MB (27.5%, 657MB free) | ⚙️  CPU - Process: 31.7% | System: 11.6% | Cores: [11%, 13%, 10%, 13%]
[2025-11-21 01:12:41,625] [INFO] [GameManager] 💾 Memory - Process: 87.9MB | System: 249/907MB (27.5%, 657MB free) | ⚙️  CPU - Process: 31.4% | System: 11.4% | Cores: [11%, 12%, 7%, 16%]
[2025-11-21 01:13:41,637] [INFO] [GameManager] 💾 Memory - Process: 87.9MB | System: 248/907MB (27.4%, 659MB free) | ⚙️  CPU - Process: 31.5% | System: 11.4% | Cores: [10%, 11%, 14%, 11%]
[2025-11-21 01:14:41,656] [INFO] [GameManager] 💾 Memory - Process: 87.9MB | System: 251/907MB (27.6%, 656MB free) | ⚙️  CPU - Process: 31.6% | System: 11.5% | Cores: [13%, 8%, 8%, 16%]
[2025-11-21 01:15:41,664] [INFO] [GameManager] 💾 Memory - Process: 87.9MB | System: 252/907MB (27.7%, 655MB free) | ⚙️  CPU - Process: 31.6% | System: 11.4% | Cores: [11%, 11%, 14%, 10%]
[2025-11-21 01:16:41,683] [INFO] [GameManager] 💾 Memory - Process: 88.1MB | System: 250/907MB (27.6%, 657MB free) | ⚙️  CPU - Process: 31.2% | System: 9.8% | Cores: [21%, 7%, 4%, 8%]
[2025-11-21 01:17:41,683] [INFO] [GameManager] 💾 Memory - Process: 88.1MB | System: 250/907MB (27.6%, 657MB free) | ⚙️  CPU - Process: 31.8% | System: 7.9% | Cores: [10%, 2%, 0%, 20%]
[2025-11-21 01:18:41,686] [INFO] [GameManager] 💾 Memory - Process: 88.1MB | System: 250/907MB (27.6%, 657MB free) | ⚙️  CPU - Process: 31.7% | System: 7.9% | Cores: [3%, 5%, 5%, 19%]
[2025-11-21 01:19:41,703] [INFO] [GameManager] 💾 Memory - Process: 88.1MB | System: 250/907MB (27.6%, 656MB free) | ⚙️  CPU - Process: 31.0% | System: 8.0% | Cores: [3%, 11%, 2%, 16%]
[2025-11-21 01:20:41,715] [INFO] [GameManager] 💾 Memory - Process: 88.1MB | System: 250/907MB (27.6%, 657MB free) | ⚙️  CPU - Process: 31.4% | System: 9.2% | Cores: [8%, 4%, 8%, 17%]
[2025-11-21 01:21:41,719] [INFO] [GameManager] 💾 Memory - Process: 88.1MB | System: 249/907MB (27.4%, 658MB free) | ⚙️  CPU - Process: 31.1% | System: 11.4% | Cores: [10%, 5%, 16%, 14%]
[2025-11-21 01:22:41,739] [INFO] [GameManager] 💾 Memory - Process: 88.1MB | System: 251/907MB (27.6%, 656MB free) | ⚙️  CPU - Process: 31.4% | System: 11.6% | Cores: [18%, 11%, 7%, 11%]
[2025-11-21 01:23:41,752] [INFO] [GameManager] 💾 Memory - Process: 88.1MB | System: 252/907MB (27.8%, 655MB free) | ⚙️  CPU - Process: 31.8% | System: 11.6% | Cores: [8%, 16%, 14%, 8%]
[2025-11-21 01:24:41,761] [INFO] [GameManager] 💾 Memory - Process: 88.1MB | System: 251/907MB (27.7%, 655MB free) | ⚙️  CPU - Process: 31.7% | System: 11.4% | Cores: [14%, 8%, 12%, 12%]
[2025-11-21 01:25:41,771] [INFO] [GameManager] 💾 Memory - Process: 88.1MB | System: 248/907MB (27.4%, 658MB free) | ⚙️  CPU - Process: 31.6% | System: 11.5% | Cores: [9%, 10%, 12%, 15%]
[2025-11-21 01:26:41,790] [INFO] [GameManager] 💾 Memory - Process: 88.1MB | System: 248/907MB (27.3%, 659MB free) | ⚙️  CPU - Process: 31.4% | System: 11.4% | Cores: [7%, 16%, 9%, 13%]
[2025-11-21 01:27:41,795] [INFO] [GameManager] 💾 Memory - Process: 88.1MB | System: 249/907MB (27.4%, 658MB free) | ⚙️  CPU - Process: 31.7% | System: 11.9% | Cores: [10%, 18%, 13%, 6%]
[2025-11-21 01:28:41,798] [INFO] [GameManager] 💾 Memory - Process: 88.1MB | System: 249/907MB (27.4%, 658MB free) | ⚙️  CPU - Process: 31.4% | System: 11.6% | Cores: [6%, 14%, 13%, 13%]
[2025-11-21 01:29:41,816] [INFO] [GameManager] 💾 Memory - Process: 88.1MB | System: 251/907MB (27.7%, 655MB free) | ⚙️  CPU - Process: 31.7% | System: 11.5% | Cores: [8%, 12%, 18%, 7%]
[2025-11-21 01:30:41,825] [INFO] [GameManager] 💾 Memory - Process: 88.1MB | System: 250/907MB (27.6%, 657MB free) | ⚙️  CPU - Process: 31.5% | System: 11.9% | Cores: [10%, 15%, 14%, 9%]
[2025-11-21 01:31:41,826] [INFO] [GameManager] 💾 Memory - Process: 88.2MB | System: 248/907MB (27.3%, 659MB free) | ⚙️  CPU - Process: 31.6% | System: 11.6% | Cores: [8%, 12%, 18%, 8%]
[2025-11-21 01:32:19,822] [INFO] [ButtonReader] Keyboard: Button 8 toggled ON (key '8')
[2025-11-21 01:32:19,823] [INFO] [ButtonReader] Button 8 pressed
[2025-11-21 01:32:19,824] [DEBUG] [SequenceTracker] UPDATE: '' → '8' (added buttons: [8], elapsed: 0.00s)
[2025-11-21 01:32:19,825] [DEBUG] [IdleState] Checking sequence: '8' (need '777' for code mode)
[2025-11-21 01:32:19,860] [INFO] [AmplifyState] Song "Boney M. - Sunny (Official Audio).mp3" was randomly started 🎚️
[2025-11-21 01:32:33,672] [CRITICAL] [Amplifier] ⚠️  SIGNAL RECEIVED: 2 - Process terminating
[2025-11-21 01:32:33,672] [CRITICAL] [Amplifier] Emergency flush triggered
[2025-11-21 01:32:33,898] [INFO] [SoundController] Sound controller cleaned up successfully
[2025-11-21 01:32:33,909] [INFO] [GameManager] Game stopped
[2025-11-21 01:32:33,910] [INFO] [Amplifier] ✅ HumanAmplifier system shut down
