[2025-11-14 18:10:40,864] [INFO] [Amplifier] 🎵 HUMAN AMPLIFIER INTERACTIVE SYSTEM
[2025-11-14 18:10:40,865] [INFO] [Amplifier] Button configuration: 3 buttons on GPIO [5, 6, 17]
[2025-11-14 18:10:40,865] [INFO] [Amplifier] LED configuration: 2 strips
[2025-11-14 18:10:40,866] [INFO] [Amplifier]   Strip 1: 300 LEDs on GPIO 21
[2025-11-14 18:10:40,866] [INFO] [Amplifier]   Strip 2: 300 LEDs on GPIO 18
[2025-11-14 18:10:40,867] [INFO] [Amplifier] Game settings: 20ms frame duration (50.0 FPS)
[2025-11-14 18:10:40,867] [INFO] [Amplifier] Button sample rate: 200Hz
[2025-11-14 18:10:40,867] [INFO] [Amplifier] Audio folder: songs
[2025-11-14 18:10:40,868] [INFO] [Amplifier] Schedule: 2 daily, 1 special entries
[2025-11-14 18:10:43,118] [INFO] [ButtonReader] GPIO setup complete: 3 pins, no pulls
[2025-11-14 18:10:43,118] [INFO] [ButtonReader] ButtonReader initialized with 3 buttons
[2025-11-14 18:10:43,119] [INFO] [ButtonReader] Button mapping: Button0=GPIO5, Button1=GPIO6, Button2=GPIO17
[2025-11-14 18:10:43,123] [INFO] [SongLibrary] Creating song codes dictionary
[2025-11-14 18:10:43,416] [INFO] [SongLibrary] Loaded 30 song codes from 2 collections
[2025-11-14 18:10:43,417] [INFO] [SongLibrary] Collections updated: ['MAIJAM']
[2025-11-14 18:10:43,632] [INFO] [GameManager] GameManager initialized: 20ms frame duration, 2 LED strips
[2025-11-14 18:10:43,632] [INFO] [Amplifier] HumanAmplifier system initialized successfully
[2025-11-14 18:10:43,633] [INFO] [Amplifier] Hardware: 3 buttons, 2 LED strips, 20ms frame duration
[2025-11-14 18:10:43,633] [INFO] [Amplifier] Audio system: {'songs_folder': 'songs', 'all_collections': ['MORNING', 'MAIJAM'], 'total_codes': 30, 'daily_schedule_entries': 2, 'special_schedule_entries': 1}
[2025-11-14 18:10:43,633] [INFO] [Amplifier] Sound controller initialized successfully
[2025-11-14 18:10:43,634] [INFO] [Amplifier] ✅ System initialized successfully!
[2025-11-14 18:10:43,634] [INFO] [Amplifier] Hardware status: 3 buttons, 2 LED strips
[2025-11-14 18:10:43,635] [INFO] [Amplifier]   Strip 1: 300 LEDs active
[2025-11-14 18:10:43,635] [INFO] [Amplifier]   Strip 2: 300 LEDs active
[2025-11-14 18:10:43,636] [INFO] [Amplifier] Audio system: 30 song codes, 9 sound effects
[2025-11-14 18:10:43,636] [INFO] [Amplifier] Available collections: MORNING, MAIJAM
[2025-11-14 18:10:43,637] [INFO] [Amplifier] 🚀 Starting HumanAmplifier system...
[2025-11-14 18:10:43,637] [INFO] [GameManager] Starting game loop with 20ms frame duration
[2025-11-14 18:10:45,948] [DEBUG] [ButtonReader] Button state changed: [(2, 'pressed')]
[2025-11-14 18:10:45,949] [DEBUG] [GameManager] Button sequence: 2
[2025-11-14 18:10:45,950] [INFO] [GameManager] State transition: IdleState → AmplifyState
[2025-11-14 18:10:45,962] [INFO] [SoundController] Song "Lady Gaga - Bad Romance (Official Music Video).mp3" was randomly started
[2025-11-14 18:10:45,963] [DEBUG] [AmplifyState] AmplifyState activated with buttons: [2]
[2025-11-14 18:10:57,855] [DEBUG] [ButtonReader] Button state changed: [(1, 'pressed')]
[2025-11-14 18:10:57,856] [DEBUG] [GameManager] Button sequence: 21
[2025-11-14 18:10:57,856] [DEBUG] [AmplifyState] AmplifyState button change - currently pressed: [1, 2]
[2025-11-14 18:11:02,501] [DEBUG] [ButtonReader] Button state changed: [(2, 'released')]
[2025-11-14 18:11:02,502] [DEBUG] [AmplifyState] AmplifyState button change - currently pressed: [1]
[2025-11-14 18:11:03,164] [DEBUG] [ButtonReader] Button state changed: [(1, 'released')]
[2025-11-14 18:11:03,165] [INFO] [GameManager] State transition: AmplifyState → IdleState
[2025-11-14 18:11:03,927] [DEBUG] [ButtonReader] Button state changed: [(1, 'pressed')]
[2025-11-14 18:11:03,928] [DEBUG] [GameManager] Button sequence: 1
[2025-11-14 18:11:03,928] [INFO] [GameManager] State transition: IdleState → AmplifyState
[2025-11-14 18:11:03,939] [INFO] [SoundController] Song "Boney M. - Rasputin (Sopot Festival 1979).mp3" was randomly started
[2025-11-14 18:11:03,940] [DEBUG] [AmplifyState] AmplifyState activated with buttons: [1]
[2025-11-14 18:11:04,148] [DEBUG] [ButtonReader] Button state changed: [(1, 'released')]
[2025-11-14 18:11:04,149] [INFO] [GameManager] State transition: AmplifyState → IdleState
[2025-11-14 18:11:04,409] [DEBUG] [ButtonReader] Button state changed: [(1, 'pressed')]
[2025-11-14 18:11:04,410] [DEBUG] [GameManager] Button sequence: 11
[2025-11-14 18:11:04,410] [INFO] [GameManager] State transition: IdleState → AmplifyState
[2025-11-14 18:11:04,421] [INFO] [SoundController] Song "ABBA - Gimme! Gimme! Gimme! (A Man After Midnight).mp3" was randomly started
[2025-11-14 18:11:04,422] [DEBUG] [AmplifyState] AmplifyState activated with buttons: [1]
[2025-11-14 18:11:04,610] [DEBUG] [ButtonReader] Button state changed: [(1, 'released')]
[2025-11-14 18:11:04,611] [INFO] [GameManager] State transition: AmplifyState → IdleState
[2025-11-14 18:11:04,770] [DEBUG] [ButtonReader] Button state changed: [(1, 'pressed')]
[2025-11-14 18:11:04,771] [DEBUG] [GameManager] Button sequence: 111
[2025-11-14 18:11:04,772] [INFO] [GameManager] Triple 1 detected - entering code mode!
[2025-11-14 18:11:04,772] [INFO] [GameManager] State transition: IdleState → CodeModeState
[2025-11-14 18:11:04,773] [DEBUG] [ButtonReader] Button 1 will be ignored until released
[2025-11-14 18:11:04,784] [INFO] [CodeModeState] Entered code mode - awaiting 5-digit code
[2025-11-14 18:11:08,508] [DEBUG] [ButtonReader] Button state changed: [(2, 'pressed')]
[2025-11-14 18:11:08,508] [DEBUG] [GameManager] Button sequence: 2
[2025-11-14 18:11:09,897] [DEBUG] [ButtonReader] Button 1 released, no longer ignored
[2025-11-14 18:11:13,050] [DEBUG] [ButtonReader] Button state changed: [(1, 'pressed')]
[2025-11-14 18:11:13,051] [DEBUG] [GameManager] Button sequence: 21
[2025-11-14 18:11:16,308] [DEBUG] [ButtonReader] Button state changed: [(1, 'released')]
[2025-11-14 18:11:16,308] [INFO] [CodeModeState] Code mode failed: Button was released
[2025-11-14 18:11:16,309] [DEBUG] [ButtonReader] Button 2 will be ignored until released
[2025-11-14 18:11:16,309] [INFO] [GameManager] State transition: CodeModeState → IdleState
[2025-11-14 18:11:17,914] [DEBUG] [ButtonReader] Button 2 released, no longer ignored
[2025-11-14 18:12:26,625] [INFO] [GameManager] Game stopped by user (Ctrl+C)
[2025-11-14 18:12:26,641] [INFO] [GameManager] Game stopped
[2025-11-14 18:12:26,641] [INFO] [Amplifier] ✅ HumanAmplifier system shut down
