[2025-11-21 00:21:04,782] [INFO] [Amplifier] 🎵 HUMAN AMPLIFIER INTERACTIVE SYSTEM
[2025-11-21 00:21:04,783] [INFO] [Amplifier] Button configuration: 10 buttons on GPIO [6, 5, 22, 17, 4, 23, 24, 25, 16, 20]
[2025-11-21 00:21:04,783] [INFO] [Amplifier] LED configuration: 2 strips
[2025-11-21 00:21:04,784] [INFO] [Amplifier]   Strip 1: 300 LEDs on GPIO 21
[2025-11-21 00:21:04,784] [INFO] [Amplifier]   Strip 2: 293 LEDs on GPIO 18
[2025-11-21 00:21:04,784] [INFO] [Amplifier] Game settings: 20ms frame duration (50.0 FPS)
[2025-11-21 00:21:04,784] [INFO] [Amplifier] Button sample rate: 200Hz
[2025-11-21 00:21:04,785] [INFO] [Amplifier] Audio folder: songs
[2025-11-21 00:21:04,786] [INFO] [Amplifier] Schedule: 13 daily, 1 special entries
[2025-11-21 00:21:04,787] [INFO] [ButtonReader] 🎮 Keyboard sampler initialized (NO GPIO)
[2025-11-21 00:21:04,787] [INFO] [ButtonReader]    10 virtual buttons mapped to digit keys 0-9
[2025-11-21 00:21:04,787] [INFO] [ButtonReader]    Press digit keys to toggle buttons ON/OFF
[2025-11-21 00:21:04,787] [INFO] [ButtonReader]    Each keypress toggles button ON/OFF
[2025-11-21 00:21:04,788] [INFO] [ButtonReader] ButtonReader initialized with 10 buttons
[2025-11-21 00:21:04,789] [INFO] [SongLibrary] Creating song codes dictionary
[2025-11-21 00:21:07,357] [INFO] [SongLibrary] Loaded 722 song codes from 11 collections
[2025-11-21 00:21:07,358] [INFO] [SongLibrary] Collections updated: ['MAIJAM']
[2025-11-21 00:21:07,462] [INFO] [SoundController] Pygame mixer initialized: 48000Hz, format=-16, channels=2
[2025-11-21 00:21:15,684] [INFO] [SoundController] Sound controller initialized - mixer ready, first song will load on demand
[2025-11-21 00:21:15,691] [INFO] [GameManager] GameManager initialized: 20ms frame duration, 2 LED strips
[2025-11-21 00:21:15,692] [INFO] [Amplifier] HumanAmplifier system initialized successfully
[2025-11-21 00:21:15,692] [INFO] [Amplifier] Hardware: 10 buttons, 2 LED strips, 20ms frame duration
[2025-11-21 00:21:15,693] [INFO] [Amplifier] Audio system: {'songs_folder': 'songs', 'all_collections': ['GENERAL', 'PARTY', 'TV', 'VIRAL', 'MORNING', 'HAFLA', 'MAIJAM', 'SPANISH', 'DISNEY', 'CLASSIC', 'FESTIGAL'], 'total_codes': 722, 'daily_schedule_entries': 13, 'special_schedule_entries': 1}
[2025-11-21 00:21:15,693] [INFO] [Amplifier] Sound controller initialized successfully
[2025-11-21 00:21:15,694] [INFO] [Amplifier] ✅ System initialized successfully!
[2025-11-21 00:21:15,694] [INFO] [Amplifier] Hardware status: 10 buttons, 2 LED strips
[2025-11-21 00:21:15,695] [INFO] [Amplifier]   Strip 1: 300 LEDs active
[2025-11-21 00:21:15,695] [INFO] [Amplifier]   Strip 2: 293 LEDs active
[2025-11-21 00:21:15,696] [INFO] [Amplifier] Audio system: 722 song codes, 13 sound effects
[2025-11-21 00:21:15,696] [INFO] [Amplifier] Available collections: GENERAL, PARTY, TV, VIRAL, MORNING, HAFLA, MAIJAM, SPANISH, DISNEY, CLASSIC, FESTIGAL
[2025-11-21 00:21:15,696] [INFO] [Amplifier] ===========================
[2025-11-21 00:21:15,697] [INFO] [Amplifier] 🚀 Starting HumanAmplifier system...
[2025-11-21 00:21:15,697] [INFO] [GameManager] Starting game loop with 20ms frame duration
[2025-11-21 00:21:15,700] [INFO] [GameManager] 💾 Memory - Process: 87.5MB | System: 262/907MB (28.9%, 645MB free) | ⚙️  CPU - Process: 0.0% | System: 29.5% | Cores: [94%, 8%, 12%, 3%]
[2025-11-21 00:21:19,673] [INFO] [ButtonReader] Keyboard: Button 4 toggled ON (key '4')
[2025-11-21 00:21:19,674] [INFO] [ButtonReader] Button 4 pressed
[2025-11-21 00:21:19,675] [DEBUG] [SequenceTracker] UPDATE: '' → '4' (added buttons: [4], elapsed: 0.00s)
[2025-11-21 00:21:19,675] [DEBUG] [IdleState] Checking sequence: '4' (need '777' for code mode)
[2025-11-21 00:21:19,688] [INFO] [AmplifyState] Song "Patti Smith Group - Because the Night (Official Audio).mp3" was randomly started 🎚️
[2025-11-21 00:21:23,371] [INFO] [ButtonReader] Keyboard: Button 4 toggled OFF (key '4')
[2025-11-21 00:21:23,372] [INFO] [AmplifyState] Song "Patti Smith Group - Because the Night (Official Audio).mp3" was released 🤷🏻‍♀️
[2025-11-21 00:21:23,391] [DEBUG] [SequenceTracker] RESET: cleared sequence '4', elapsed: 3.72s
[2025-11-21 00:21:24,014] [INFO] [ButtonReader] Keyboard: Button 4 toggled ON (key '4')
[2025-11-21 00:21:24,014] [INFO] [ButtonReader] Button 4 pressed
[2025-11-21 00:21:24,015] [DEBUG] [SequenceTracker] UPDATE: '' → '4' (added buttons: [4], elapsed: 0.00s)
[2025-11-21 00:21:24,016] [DEBUG] [IdleState] Checking sequence: '4' (need '777' for code mode)
[2025-11-21 00:21:24,046] [INFO] [AmplifyState] Song "Gonna Make You Sweat (Everybody Dance Now) (Official HD Video).mp3" was randomly started 🎚️
[2025-11-21 00:21:27,625] [INFO] [ButtonReader] Keyboard: Button 4 toggled OFF (key '4')
[2025-11-21 00:21:27,626] [INFO] [AmplifyState] Song "Gonna Make You Sweat (Everybody Dance Now) (Official HD Video).mp3" was released 🤷🏻‍♀️
[2025-11-21 00:21:27,645] [DEBUG] [SequenceTracker] RESET: cleared sequence '4', elapsed: 3.63s
[2025-11-21 00:21:28,690] [INFO] [ButtonReader] Keyboard: Button 7 toggled ON (key '7')
[2025-11-21 00:21:28,691] [INFO] [ButtonReader] Button 7 pressed
[2025-11-21 00:21:28,691] [DEBUG] [SequenceTracker] UPDATE: '' → '7' (added buttons: [7], elapsed: 0.00s)
[2025-11-21 00:21:28,692] [DEBUG] [IdleState] Checking sequence: '7' (need '777' for code mode)
[2025-11-21 00:21:28,703] [INFO] [AmplifyState] Song "Carl Douglas  Kung Fu Fighting  (Original Music Video).mp3" was randomly started 🎚️
[2025-11-21 00:21:29,332] [INFO] [ButtonReader] Keyboard: Button 7 toggled OFF (key '7')
[2025-11-21 00:21:29,333] [INFO] [AmplifyState] Song "Carl Douglas  Kung Fu Fighting  (Original Music Video).mp3" was released 🤷🏻‍♀️
[2025-11-21 00:21:29,995] [INFO] [ButtonReader] Keyboard: Button 7 toggled ON (key '7')
[2025-11-21 00:21:29,995] [INFO] [ButtonReader] Button 7 pressed
[2025-11-21 00:21:29,996] [DEBUG] [SequenceTracker] UPDATE: '7' → '77' (added buttons: [7], elapsed: 1.30s)
[2025-11-21 00:21:29,997] [DEBUG] [IdleState] Checking sequence: '77' (need '777' for code mode)
[2025-11-21 00:21:30,008] [INFO] [AmplifyState] Song "Amy Winehouse - Rehab.mp3" was randomly started 🎚️
[2025-11-21 00:21:30,557] [INFO] [ButtonReader] Keyboard: Button 7 toggled OFF (key '7')
[2025-11-21 00:21:30,558] [INFO] [AmplifyState] Song "Amy Winehouse - Rehab.mp3" was released 🤷🏻‍♀️
[2025-11-21 00:21:30,697] [DEBUG] [SequenceTracker] RESET: cleared sequence '77', elapsed: 2.01s
[2025-11-21 00:21:30,999] [INFO] [ButtonReader] Keyboard: Button 7 toggled ON (key '7')
[2025-11-21 00:21:30,999] [INFO] [ButtonReader] Button 7 pressed
[2025-11-21 00:21:31,000] [DEBUG] [SequenceTracker] UPDATE: '' → '7' (added buttons: [7], elapsed: 0.00s)
[2025-11-21 00:21:31,001] [DEBUG] [IdleState] Checking sequence: '7' (need '777' for code mode)
[2025-11-21 00:21:31,030] [INFO] [AmplifyState] Song "a-ha - Take On Me (Official Video) [4K].mp3" was randomly started 🎚️
[2025-11-21 00:22:01,231] [INFO] [ButtonReader] Keyboard: Button 7 toggled OFF (key '7')
[2025-11-21 00:22:01,232] [INFO] [AmplifyState] Song "a-ha - Take On Me (Official Video) [4K].mp3" was released 🤷🏻‍♀️
[2025-11-21 00:22:01,251] [DEBUG] [SequenceTracker] RESET: cleared sequence '7', elapsed: 30.25s
[2025-11-21 00:22:01,673] [INFO] [ButtonReader] Keyboard: Button 7 toggled ON (key '7')
[2025-11-21 00:22:01,674] [INFO] [ButtonReader] Button 7 pressed
[2025-11-21 00:22:01,674] [DEBUG] [SequenceTracker] UPDATE: '' → '7' (added buttons: [7], elapsed: 0.00s)
[2025-11-21 00:22:01,675] [DEBUG] [IdleState] Checking sequence: '7' (need '777' for code mode)
[2025-11-21 00:22:01,704] [INFO] [AmplifyState] Song "Cher - Believe (Official Music Video) [4K Remaster].mp3" was randomly started 🎚️
[2025-11-21 00:22:02,549] [INFO] [ButtonReader] Keyboard: Button 7 toggled OFF (key '7')
[2025-11-21 00:22:02,550] [INFO] [AmplifyState] Song "Cher - Believe (Official Music Video) [4K Remaster].mp3" was released 🤷🏻‍♀️
[2025-11-21 00:22:03,513] [INFO] [ButtonReader] Keyboard: Button 7 toggled ON (key '7')
[2025-11-21 00:22:03,514] [INFO] [ButtonReader] Button 7 pressed
[2025-11-21 00:22:03,515] [DEBUG] [SequenceTracker] UPDATE: '7' → '77' (added buttons: [7], elapsed: 1.84s)
[2025-11-21 00:22:03,515] [DEBUG] [IdleState] Checking sequence: '77' (need '777' for code mode)
[2025-11-21 00:22:03,545] [INFO] [AmplifyState] Song "The Offspring - Pretty Fly (For A White Guy) (Official Music Video) [QtTR-_Klcq8].mp3" was randomly started 🎚️
[2025-11-21 00:22:10,523] [INFO] [ButtonReader] Keyboard: Button 7 toggled OFF (key '7')
[2025-11-21 00:22:10,524] [INFO] [AmplifyState] Song "The Offspring - Pretty Fly (For A White Guy) (Official Music Video) [QtTR-_Klcq8].mp3" was released 🤷🏻‍♀️
[2025-11-21 00:22:10,544] [DEBUG] [SequenceTracker] RESET: cleared sequence '77', elapsed: 8.87s
[2025-11-21 00:22:11,306] [INFO] [ButtonReader] Keyboard: Button 7 toggled ON (key '7')
[2025-11-21 00:22:11,307] [INFO] [ButtonReader] Button 7 pressed
[2025-11-21 00:22:11,307] [DEBUG] [SequenceTracker] UPDATE: '' → '7' (added buttons: [7], elapsed: 0.00s)
[2025-11-21 00:22:11,308] [DEBUG] [IdleState] Checking sequence: '7' (need '777' for code mode)
[2025-11-21 00:22:11,318] [INFO] [AmplifyState] Song "Fame  Theme Song  Irene Cara.mp3" was randomly started 🎚️
[2025-11-21 00:22:11,889] [INFO] [ButtonReader] Keyboard: Button 7 toggled OFF (key '7')
[2025-11-21 00:22:11,890] [INFO] [AmplifyState] Song "Fame  Theme Song  Irene Cara.mp3" was released 🤷🏻‍♀️
[2025-11-21 00:22:12,431] [INFO] [ButtonReader] Keyboard: Button 7 toggled ON (key '7')
[2025-11-21 00:22:12,432] [INFO] [ButtonReader] Button 7 pressed
[2025-11-21 00:22:12,432] [DEBUG] [SequenceTracker] UPDATE: '7' → '77' (added buttons: [7], elapsed: 1.12s)
[2025-11-21 00:22:12,433] [DEBUG] [IdleState] Checking sequence: '77' (need '777' for code mode)
[2025-11-21 00:22:12,443] [INFO] [AmplifyState] Song "Abba - Money, Money, Money (Official Music Video).mp3" was randomly started 🎚️
[2025-11-21 00:22:13,034] [INFO] [ButtonReader] Keyboard: Button 7 toggled OFF (key '7')
[2025-11-21 00:22:13,040] [INFO] [AmplifyState] Song "Abba - Money, Money, Money (Official Music Video).mp3" was released 🤷🏻‍♀️
[2025-11-21 00:22:13,320] [DEBUG] [SequenceTracker] RESET: cleared sequence '77', elapsed: 2.01s
[2025-11-21 00:22:13,702] [INFO] [ButtonReader] Keyboard: Button 7 toggled ON (key '7')
[2025-11-21 00:22:13,703] [INFO] [ButtonReader] Button 7 pressed
[2025-11-21 00:22:13,705] [DEBUG] [SequenceTracker] UPDATE: '' → '7' (added buttons: [7], elapsed: 0.00s)
[2025-11-21 00:22:13,706] [DEBUG] [IdleState] Checking sequence: '7' (need '777' for code mode)
[2025-11-21 00:22:13,738] [INFO] [AmplifyState] Song "Fame  Theme Song  Irene Cara.mp3" was randomly started 🎚️
[2025-11-21 00:22:14,363] [INFO] [ButtonReader] Keyboard: Button 7 toggled OFF (key '7')
[2025-11-21 00:22:14,364] [INFO] [AmplifyState] Song "Fame  Theme Song  Irene Cara.mp3" was released 🤷🏻‍♀️
[2025-11-21 00:22:15,086] [INFO] [ButtonReader] Keyboard: Button 7 toggled ON (key '7')
[2025-11-21 00:22:15,087] [INFO] [ButtonReader] Button 7 pressed
[2025-11-21 00:22:15,088] [DEBUG] [SequenceTracker] UPDATE: '7' → '77' (added buttons: [7], elapsed: 1.38s)
[2025-11-21 00:22:15,088] [DEBUG] [IdleState] Checking sequence: '77' (need '777' for code mode)
[2025-11-21 00:22:15,118] [INFO] [AmplifyState] Song "ABBA - Gimme! Gimme! Gimme! (A Man After Midnight).mp3" was randomly started 🎚️
[2025-11-21 00:22:15,705] [INFO] [GameManager] 💾 Memory - Process: 88.2MB | System: 253/907MB (27.9%, 654MB free) | ⚙️  CPU - Process: 13.4% | System: 7.1% | Cores: [7%, 6%, 7%, 9%]
[2025-11-21 00:22:42,860] [INFO] [ButtonReader] Keyboard: Button 7 toggled OFF (key '7')
[2025-11-21 00:22:42,861] [INFO] [AmplifyState] Song "ABBA - Gimme! Gimme! Gimme! (A Man After Midnight).mp3" was released 🤷🏻‍♀️
[2025-11-21 00:22:42,881] [DEBUG] [SequenceTracker] RESET: cleared sequence '77', elapsed: 29.18s
[2025-11-21 00:22:45,712] [INFO] [ButtonReader] Keyboard: Button 7 toggled ON (key '7')
[2025-11-21 00:22:45,712] [INFO] [ButtonReader] Button 7 pressed
[2025-11-21 00:22:45,713] [DEBUG] [SequenceTracker] UPDATE: '' → '7' (added buttons: [7], elapsed: 0.00s)
[2025-11-21 00:22:45,713] [DEBUG] [IdleState] Checking sequence: '7' (need '777' for code mode)
[2025-11-21 00:22:45,748] [INFO] [AmplifyState] Song "a-ha - Take On Me (Official Video) [4K].mp3" was randomly started 🎚️
[2025-11-21 00:22:46,191] [INFO] [ButtonReader] Keyboard: Button 7 toggled OFF (key '7')
[2025-11-21 00:22:46,192] [INFO] [AmplifyState] Song "a-ha - Take On Me (Official Video) [4K].mp3" was released 🤷🏻‍♀️
[2025-11-21 00:22:47,700] [INFO] [ButtonReader] Keyboard: Button 7 toggled ON (key '7')
[2025-11-21 00:22:47,701] [INFO] [ButtonReader] Button 7 pressed
[2025-11-21 00:22:47,701] [DEBUG] [SequenceTracker] UPDATE: '7' → '77' (added buttons: [7], elapsed: 1.99s)
[2025-11-21 00:22:47,701] [DEBUG] [IdleState] Checking sequence: '77' (need '777' for code mode)
[2025-11-21 00:22:47,712] [INFO] [AmplifyState] Song "Cascada - Everytime We Touch (Official Video).mp3" was randomly started 🎚️
[2025-11-21 00:22:48,483] [INFO] [ButtonReader] Keyboard: Button 7 toggled OFF (key '7')
[2025-11-21 00:22:48,484] [INFO] [AmplifyState] Song "Cascada - Everytime We Touch (Official Video).mp3" was released 🤷🏻‍♀️
[2025-11-21 00:22:48,503] [DEBUG] [SequenceTracker] RESET: cleared sequence '77', elapsed: 2.79s
[2025-11-21 00:22:50,371] [INFO] [ButtonReader] Keyboard: Button 7 toggled ON (key '7')
[2025-11-21 00:22:50,371] [INFO] [ButtonReader] Button 7 pressed
[2025-11-21 00:22:50,372] [DEBUG] [SequenceTracker] UPDATE: '' → '7' (added buttons: [7], elapsed: 0.00s)
[2025-11-21 00:22:50,372] [DEBUG] [IdleState] Checking sequence: '7' (need '777' for code mode)
[2025-11-21 00:22:50,402] [INFO] [AmplifyState] Song "Cher - Believe (Official Music Video) [4K Remaster].mp3" was randomly started 🎚️
[2025-11-21 00:22:50,784] [INFO] [ButtonReader] Keyboard: Button 7 toggled OFF (key '7')
[2025-11-21 00:22:50,785] [INFO] [AmplifyState] Song "Cher - Believe (Official Music Video) [4K Remaster].mp3" was released 🤷🏻‍♀️
[2025-11-21 00:22:51,186] [INFO] [ButtonReader] Keyboard: Button 7 toggled ON (key '7')
[2025-11-21 00:22:51,187] [INFO] [ButtonReader] Button 7 pressed
[2025-11-21 00:22:51,187] [DEBUG] [SequenceTracker] UPDATE: '7' → '77' (added buttons: [7], elapsed: 0.82s)
[2025-11-21 00:22:51,187] [DEBUG] [IdleState] Checking sequence: '77' (need '777' for code mode)
[2025-11-21 00:22:51,216] [INFO] [AmplifyState] Song "Queen - I Want to Break Free (Official Lyric Video).mp3" was randomly started 🎚️
[2025-11-21 00:22:51,579] [INFO] [ButtonReader] Keyboard: Button 7 toggled OFF (key '7')
[2025-11-21 00:22:51,580] [INFO] [AmplifyState] Song "Queen - I Want to Break Free (Official Lyric Video).mp3" was released 🤷🏻‍♀️
[2025-11-21 00:22:52,382] [DEBUG] [SequenceTracker] RESET: cleared sequence '77', elapsed: 2.01s
[2025-11-21 00:22:53,750] [INFO] [ButtonReader] Keyboard: Button 7 toggled ON (key '7')
[2025-11-21 00:22:53,751] [INFO] [ButtonReader] Button 7 pressed
[2025-11-21 00:22:53,751] [DEBUG] [SequenceTracker] UPDATE: '' → '7' (added buttons: [7], elapsed: 0.00s)
[2025-11-21 00:22:53,752] [DEBUG] [IdleState] Checking sequence: '7' (need '777' for code mode)
[2025-11-21 00:22:53,786] [INFO] [AmplifyState] Song "Dead Or Alive - You Spin Me Round (Like a Record) (Official Video) (1).mp3" was randomly started 🎚️
[2025-11-21 00:22:54,128] [INFO] [ButtonReader] Keyboard: Button 7 toggled OFF (key '7')
[2025-11-21 00:22:54,129] [INFO] [AmplifyState] Song "Dead Or Alive - You Spin Me Round (Like a Record) (Official Video) (1).mp3" was released 🤷🏻‍♀️
[2025-11-21 00:22:54,570] [INFO] [ButtonReader] Keyboard: Button 7 toggled ON (key '7')
[2025-11-21 00:22:54,571] [INFO] [ButtonReader] Button 7 pressed
[2025-11-21 00:22:54,572] [DEBUG] [SequenceTracker] UPDATE: '7' → '77' (added buttons: [7], elapsed: 0.82s)
[2025-11-21 00:22:54,572] [DEBUG] [IdleState] Checking sequence: '77' (need '777' for code mode)
[2025-11-21 00:22:54,602] [INFO] [AmplifyState] Song "Boney M. - Daddy Cool (Sopot Festival 1979).mp3" was randomly started 🎚️
[2025-11-21 00:22:54,984] [INFO] [ButtonReader] Keyboard: Button 7 toggled OFF (key '7')
[2025-11-21 00:22:54,985] [INFO] [AmplifyState] Song "Boney M. - Daddy Cool (Sopot Festival 1979).mp3" was released 🤷🏻‍♀️
[2025-11-21 00:22:55,346] [INFO] [ButtonReader] Keyboard: Button 7 toggled ON (key '7')
[2025-11-21 00:22:55,347] [INFO] [ButtonReader] Button 7 pressed
[2025-11-21 00:22:55,347] [DEBUG] [SequenceTracker] UPDATE: '77' → '777' (added buttons: [7], elapsed: 1.60s)
[2025-11-21 00:22:55,348] [INFO] [GameManager] Triple 777 detected - entering code mode!
[2025-11-21 00:22:55,348] [DEBUG] [SequenceTracker] RESET: cleared sequence '777', elapsed: 1.60s
[2025-11-21 00:22:55,391] [INFO] [CodeModeState] Entered code mode - awaiting 5-digit code
[2025-11-21 00:23:09,182] [INFO] [ButtonReader] Keyboard: Button 6 toggled ON (key '6')
[2025-11-21 00:23:09,183] [INFO] [ButtonReader] Button 6 pressed
[2025-11-21 00:23:09,183] [DEBUG] [SequenceTracker] UPDATE: '' → '6' (added buttons: [6], elapsed: 0.00s)
[2025-11-21 00:23:11,491] [INFO] [ButtonReader] Keyboard: Button 5 toggled ON (key '5')
[2025-11-21 00:23:11,492] [INFO] [ButtonReader] Button 5 pressed
[2025-11-21 00:23:11,492] [DEBUG] [SequenceTracker] UPDATE: '6' → '65' (added buttons: [5], elapsed: 2.31s)
[2025-11-21 00:23:13,901] [CRITICAL] [Amplifier] ⚠️  SIGNAL RECEIVED: 2 - Process terminating
[2025-11-21 00:23:13,902] [CRITICAL] [Amplifier] Emergency flush triggered
[2025-11-21 00:23:15,558] [INFO] [SoundController] Sound controller cleaned up successfully
[2025-11-21 00:23:15,569] [INFO] [GameManager] Game stopped
[2025-11-21 00:23:15,570] [INFO] [Amplifier] ✅ HumanAmplifier system shut down
