[2025-11-12 23:43:36,329] [INFO] [Amplifier] 🎵 HUMAN AMPLIFIER INTERACTIVE SYSTEM
[2025-11-12 23:43:36,330] [INFO] [Amplifier] Button configuration: 3 buttons on GPIO [5, 6, 17]
[2025-11-12 23:43:36,330] [INFO] [Amplifier] LED configuration: 2 strips
[2025-11-12 23:43:36,330] [INFO] [Amplifier]   Strip 1: 300 LEDs on GPIO 21
[2025-11-12 23:43:36,330] [INFO] [Amplifier]   Strip 2: 300 LEDs on GPIO 18
[2025-11-12 23:43:36,331] [INFO] [Amplifier] Game settings: 20ms frame duration (50.0 FPS)
[2025-11-12 23:43:36,331] [INFO] [Amplifier] Button sample rate: 200Hz
[2025-11-12 23:43:36,331] [INFO] [Amplifier] Audio folder: songs
[2025-11-12 23:43:36,331] [INFO] [Amplifier] Schedule: 2 daily, 1 special entries
[2025-11-12 23:43:38,825] [INFO] [ButtonReader] GPIO setup complete: 3 pins, no pulls
[2025-11-12 23:43:38,825] [INFO] [ButtonReader] ButtonReader initialized with 3 buttons
[2025-11-12 23:43:38,826] [INFO] [ButtonReader] Button mapping: Button0=GPIO5, Button1=GPIO6, Button2=GPIO17
[2025-11-12 23:43:38,831] [INFO] [SongLibrary] Creating song codes dictionary
[2025-11-12 23:43:39,405] [INFO] [SongLibrary] Loaded 30 song codes from 2 collections
[2025-11-12 23:43:39,406] [INFO] [SongLibrary] Collections updated: ['MAIJAM']
[2025-11-12 23:43:39,687] [INFO] [GameManager] GameManager initialized: 20ms frame duration, 2 LED strips
[2025-11-12 23:43:39,688] [INFO] [Amplifier] HumanAmplifier system initialized successfully
[2025-11-12 23:43:39,689] [INFO] [Amplifier] Hardware: 3 buttons, 2 LED strips, 20ms frame duration
[2025-11-12 23:43:39,689] [INFO] [Amplifier] Audio system: {'songs_folder': 'songs', 'all_collections': ['MORNING', 'MAIJAM'], 'total_codes': 30, 'daily_schedule_entries': 2, 'special_schedule_entries': 1}
[2025-11-12 23:43:39,690] [INFO] [Amplifier] Sound controller initialized successfully
[2025-11-12 23:43:39,690] [INFO] [Amplifier] ✅ System initialized successfully!
[2025-11-12 23:43:39,691] [INFO] [Amplifier] Hardware status: 3 buttons, 2 LED strips
[2025-11-12 23:43:39,692] [INFO] [Amplifier]   Strip 1: 300 LEDs active
[2025-11-12 23:43:39,692] [INFO] [Amplifier]   Strip 2: 300 LEDs active
[2025-11-12 23:43:39,693] [INFO] [Amplifier] Audio system: 30 song codes, 9 sound effects
[2025-11-12 23:43:39,693] [INFO] [Amplifier] Available collections: MORNING, MAIJAM
[2025-11-12 23:43:39,694] [INFO] [Amplifier] 🚀 Starting HumanAmplifier system...
[2025-11-12 23:43:39,694] [INFO] [GameManager] Starting game loop with 20ms frame duration
[2025-11-12 23:53:22,766] [DEBUG] [GameManager] Button sequence: 2
[2025-11-12 23:53:22,767] [INFO] [GameManager] State transition: IdleState → AmplifyState
[2025-11-12 23:53:22,779] [INFO] [SoundController] Song Why - Bronski beat.mp3 was randomly started
[2025-11-12 23:53:22,780] [DEBUG] [AmplifyState] AmplifyState activated with buttons: [2]
[2025-11-12 23:53:24,032] [INFO] [GameManager] State transition: AmplifyState → IdleState
[2025-11-12 23:53:27,023] [DEBUG] [GameManager] Button sequence: 1
[2025-11-12 23:53:27,024] [INFO] [GameManager] State transition: IdleState → AmplifyState
[2025-11-12 23:53:27,035] [INFO] [SoundController] Song Boney M. - Rasputin (Sopot Festival 1979).mp3 was randomly started
[2025-11-12 23:53:27,035] [DEBUG] [AmplifyState] AmplifyState activated with buttons: [1]
[2025-11-12 23:53:33,108] [INFO] [GameManager] State transition: AmplifyState → IdleState
[2025-11-12 23:53:33,731] [DEBUG] [GameManager] Button sequence: 1
[2025-11-12 23:53:33,732] [INFO] [GameManager] State transition: IdleState → AmplifyState
[2025-11-12 23:53:33,742] [INFO] [SoundController] Song Queen - I Want to Break Free (Official Lyric Video).mp3 was randomly started
[2025-11-12 23:53:33,743] [DEBUG] [AmplifyState] AmplifyState activated with buttons: [1]
[2025-11-12 23:53:37,046] [INFO] [GameManager] State transition: AmplifyState → IdleState
[2025-11-12 23:53:37,568] [DEBUG] [GameManager] Button sequence: 1
[2025-11-12 23:53:37,570] [INFO] [GameManager] State transition: IdleState → AmplifyState
[2025-11-12 23:53:37,582] [INFO] [SoundController] Song Baccara - Yes Sir, I Can Boogie (Starparade 02.06.1977) (1).mp3 was randomly started
[2025-11-12 23:53:37,583] [DEBUG] [AmplifyState] AmplifyState activated with buttons: [1]
[2025-11-12 23:53:50,983] [DEBUG] [GameManager] Button sequence: 10
[2025-11-12 23:53:50,984] [DEBUG] [AmplifyState] AmplifyState button change - currently pressed: [0, 1]
[2025-11-12 23:53:53,798] [DEBUG] [AmplifyState] AmplifyState button change - currently pressed: [1]
[2025-11-12 23:54:02,459] [DEBUG] [GameManager] Button sequence: 102
[2025-11-12 23:54:02,460] [DEBUG] [AmplifyState] AmplifyState button change - currently pressed: [1, 2]
[2025-11-12 23:54:06,319] [DEBUG] [AmplifyState] AmplifyState button change - currently pressed: [2]
[2025-11-12 23:54:12,203] [DEBUG] [GameManager] Button sequence: 1021
[2025-11-12 23:54:12,204] [DEBUG] [AmplifyState] AmplifyState button change - currently pressed: [1, 2]
[2025-11-12 23:54:13,702] [DEBUG] [AmplifyState] AmplifyState button change - currently pressed: [2]
[2025-11-12 23:54:13,903] [DEBUG] [GameManager] Button sequence: 10211
[2025-11-12 23:54:13,904] [DEBUG] [AmplifyState] AmplifyState button change - currently pressed: [1, 2]
[2025-11-12 23:54:15,837] [DEBUG] [AmplifyState] AmplifyState button change - currently pressed: [2]
[2025-11-12 23:54:16,240] [DEBUG] [GameManager] Button sequence: 102111
[2025-11-12 23:54:16,241] [DEBUG] [AmplifyState] AmplifyState button change - currently pressed: [1, 2]
[2025-11-12 23:54:17,883] [DEBUG] [AmplifyState] AmplifyState button change - currently pressed: [1]
[2025-11-12 23:54:18,004] [INFO] [GameManager] State transition: AmplifyState → IdleState
[2025-11-12 23:54:18,707] [DEBUG] [GameManager] Button sequence: 2
[2025-11-12 23:54:18,708] [INFO] [GameManager] State transition: IdleState → AmplifyState
[2025-11-12 23:54:18,719] [INFO] [SoundController] Song Boney M. - Rasputin (Sopot Festival 1979).mp3 was randomly started
[2025-11-12 23:54:18,721] [DEBUG] [AmplifyState] AmplifyState activated with buttons: [2]
[2025-11-12 23:54:19,651] [DEBUG] [GameManager] Button sequence: 21
[2025-11-12 23:54:19,652] [DEBUG] [AmplifyState] AmplifyState button change - currently pressed: [1, 2]
[2025-11-12 23:54:20,696] [INFO] [GameManager] State transition: AmplifyState → IdleState
[2025-11-12 23:54:21,137] [DEBUG] [GameManager] Button sequence: 2
[2025-11-12 23:54:21,138] [INFO] [GameManager] State transition: IdleState → AmplifyState
[2025-11-12 23:54:21,149] [INFO] [SoundController] Song The Offspring - Pretty Fly (For A White Guy) (Official Music Video) [QtTR-_Klcq8].mp3 was randomly started
[2025-11-12 23:54:21,150] [DEBUG] [AmplifyState] AmplifyState activated with buttons: [2]
[2025-11-12 23:54:21,840] [DEBUG] [GameManager] Button sequence: 21
[2025-11-12 23:54:21,841] [DEBUG] [AmplifyState] AmplifyState button change - currently pressed: [1, 2]
[2025-11-12 23:54:23,346] [DEBUG] [GameManager] Button sequence: 210
[2025-11-12 23:54:23,349] [INFO] [GameManager] State transition: AmplifyState → PartyState
[2025-11-12 23:54:23,362] [INFO] [PartyState] 🎉 PARTY MODE ACTIVATED!
[2025-11-12 23:54:39,020] [INFO] [GameManager] Game stopped by user (Ctrl+C)
[2025-11-12 23:54:39,031] [INFO] [GameManager] Game stopped
[2025-11-12 23:54:39,031] [INFO] [Amplifier] ✅ HumanAmplifier system shut down
