[2025-11-16 21:09:05,003] [INFO] [Amplifier] 🎵 HUMAN AMPLIFIER INTERACTIVE SYSTEM
[2025-11-16 21:09:05,004] [INFO] [Amplifier] Button configuration: 4 buttons on GPIO [5, 6, 17, 22]
[2025-11-16 21:09:05,004] [INFO] [Amplifier] LED configuration: 2 strips
[2025-11-16 21:09:05,005] [INFO] [Amplifier]   Strip 1: 300 LEDs on GPIO 21
[2025-11-16 21:09:05,005] [INFO] [Amplifier]   Strip 2: 300 LEDs on GPIO 18
[2025-11-16 21:09:05,006] [INFO] [Amplifier] Game settings: 20ms frame duration (50.0 FPS)
[2025-11-16 21:09:05,006] [INFO] [Amplifier] Button sample rate: 200Hz
[2025-11-16 21:09:05,007] [INFO] [Amplifier] Audio folder: songs
[2025-11-16 21:09:05,007] [INFO] [Amplifier] Schedule: 2 daily, 1 special entries
[2025-11-16 21:09:05,008] [INFO] [ButtonReader] GPIO setup complete: 4 pins, no pulls
[2025-11-16 21:09:05,008] [INFO] [ButtonReader] ButtonReader initialized with 4 buttons
[2025-11-16 21:09:05,009] [INFO] [ButtonReader] Button mapping: Button0=GPIO5, Button1=GPIO6, Button2=GPIO17, Button3=GPIO22
[2025-11-16 21:09:05,013] [INFO] [SongLibrary] Creating song codes dictionary
[2025-11-16 21:09:05,307] [INFO] [SongLibrary] Loaded 1 song codes from 2 collections
[2025-11-16 21:09:05,308] [INFO] [SongLibrary] Collections updated: ['MAIJAM']
[2025-11-16 21:09:07,179] [INFO] [GameManager] GameManager initialized: 20ms frame duration, 2 LED strips
[2025-11-16 21:09:07,180] [INFO] [Amplifier] HumanAmplifier system initialized successfully
[2025-11-16 21:09:07,180] [INFO] [Amplifier] Hardware: 4 buttons, 2 LED strips, 20ms frame duration
[2025-11-16 21:09:07,181] [INFO] [Amplifier] Audio system: {'songs_folder': 'songs', 'all_collections': ['MORNING', 'MAIJAM'], 'total_codes': 1, 'daily_schedule_entries': 2, 'special_schedule_entries': 1}
[2025-11-16 21:09:07,181] [INFO] [Amplifier] Sound controller initialized successfully
[2025-11-16 21:09:07,181] [INFO] [Amplifier] ✅ System initialized successfully!
[2025-11-16 21:09:07,182] [INFO] [Amplifier] Hardware status: 4 buttons, 2 LED strips
[2025-11-16 21:09:07,182] [INFO] [Amplifier]   Strip 1: 300 LEDs active
[2025-11-16 21:09:07,183] [INFO] [Amplifier]   Strip 2: 300 LEDs active
[2025-11-16 21:09:07,185] [INFO] [Amplifier] Audio system: 1 song codes, 12 sound effects
[2025-11-16 21:09:07,185] [INFO] [Amplifier] Available collections: MORNING, MAIJAM
[2025-11-16 21:09:07,185] [INFO] [Amplifier] 🚀 Starting HumanAmplifier system...
[2025-11-16 21:09:07,186] [INFO] [GameManager] Starting game loop with 20ms frame duration
[2025-11-16 21:09:18,776] [INFO] [GameManager] Game stopped by user (Ctrl+C)
[2025-11-16 21:09:18,787] [INFO] [GameManager] Game stopped
[2025-11-16 21:09:18,787] [INFO] [Amplifier] ✅ HumanAmplifier system shut down
