[2025-11-21 00:19:11,680] [INFO] [Amplifier] 🎵 HUMAN AMPLIFIER INTERACTIVE SYSTEM
[2025-11-21 00:19:11,681] [INFO] [Amplifier] Button configuration: 10 buttons on GPIO [6, 5, 22, 17, 4, 23, 24, 25, 16, 20]
[2025-11-21 00:19:11,681] [INFO] [Amplifier] LED configuration: 2 strips
[2025-11-21 00:19:11,682] [INFO] [Amplifier]   Strip 1: 300 LEDs on GPIO 21
[2025-11-21 00:19:11,682] [INFO] [Amplifier]   Strip 2: 293 LEDs on GPIO 18
[2025-11-21 00:19:11,683] [INFO] [Amplifier] Game settings: 20ms frame duration (50.0 FPS)
[2025-11-21 00:19:11,683] [INFO] [Amplifier] Button sample rate: 200Hz
[2025-11-21 00:19:11,684] [INFO] [Amplifier] Audio folder: songs
[2025-11-21 00:19:11,684] [INFO] [Amplifier] Schedule: 13 daily, 1 special entries
[2025-11-21 00:19:11,685] [INFO] [ButtonReader] 🎮 Keyboard sampler initialized (NO GPIO)
[2025-11-21 00:19:11,685] [INFO] [ButtonReader]    10 virtual buttons mapped to digit keys 0-9
[2025-11-21 00:19:11,686] [INFO] [ButtonReader]    Press digit keys to toggle buttons ON/OFF
[2025-11-21 00:19:11,686] [INFO] [ButtonReader]    Each keypress toggles button ON/OFF
[2025-11-21 00:19:11,687] [INFO] [ButtonReader] ButtonReader initialized with 10 buttons
[2025-11-21 00:19:11,689] [INFO] [SongLibrary] Creating song codes dictionary
[2025-11-21 00:19:14,156] [INFO] [SongLibrary] Loaded 722 song codes from 11 collections
[2025-11-21 00:19:14,157] [INFO] [SongLibrary] Collections updated: ['MAIJAM']
[2025-11-21 00:19:14,278] [INFO] [SoundController] Pygame mixer initialized: 48000Hz, format=-16, channels=2
[2025-11-21 00:19:22,594] [INFO] [SoundController] Sound controller initialized - mixer ready, first song will load on demand
[2025-11-21 00:19:22,601] [INFO] [GameManager] GameManager initialized: 20ms frame duration, 2 LED strips
[2025-11-21 00:19:22,602] [INFO] [Amplifier] HumanAmplifier system initialized successfully
[2025-11-21 00:19:22,602] [INFO] [Amplifier] Hardware: 10 buttons, 2 LED strips, 20ms frame duration
[2025-11-21 00:19:22,603] [INFO] [Amplifier] Audio system: {'songs_folder': 'songs', 'all_collections': ['SPANISH', 'MAIJAM', 'PARTY', 'VIRAL', 'CLASSIC', 'DISNEY', 'FESTIGAL', 'HAFLA', 'GENERAL', 'MORNING', 'TV'], 'total_codes': 722, 'daily_schedule_entries': 13, 'special_schedule_entries': 1}
[2025-11-21 00:19:22,603] [INFO] [Amplifier] Sound controller initialized successfully
[2025-11-21 00:19:22,604] [INFO] [Amplifier] ✅ System initialized successfully!
[2025-11-21 00:19:22,604] [INFO] [Amplifier] Hardware status: 10 buttons, 2 LED strips
[2025-11-21 00:19:22,605] [INFO] [Amplifier]   Strip 1: 300 LEDs active
[2025-11-21 00:19:22,605] [INFO] [Amplifier]   Strip 2: 293 LEDs active
[2025-11-21 00:19:22,606] [INFO] [Amplifier] Audio system: 722 song codes, 13 sound effects
[2025-11-21 00:19:22,606] [INFO] [Amplifier] Available collections: SPANISH, MAIJAM, PARTY, VIRAL, CLASSIC, DISNEY, FESTIGAL, HAFLA, GENERAL, MORNING, TV
[2025-11-21 00:19:22,607] [INFO] [Amplifier] ===========================
[2025-11-21 00:19:22,607] [INFO] [Amplifier] 🚀 Starting HumanAmplifier system...
[2025-11-21 00:19:22,608] [INFO] [GameManager] Starting game loop with 20ms frame duration
[2025-11-21 00:19:22,611] [INFO] [GameManager] 💾 Memory - Process: 88.3MB | System: 253/907MB (27.9%, 654MB free) | ⚙️  CPU - Process: 0.0% | System: 29.7% | Cores: [7%, 99%, 6%, 5%]
[2025-11-21 00:19:25,178] [INFO] [ButtonReader] Keyboard: Button 7 toggled ON (key '7')
[2025-11-21 00:19:25,179] [INFO] [ButtonReader] Button 7 pressed
[2025-11-21 00:19:25,179] [DEBUG] [SequenceTracker] UPDATE: '' → '7' (added buttons: [7], elapsed: 0.00s)
[2025-11-21 00:19:25,180] [DEBUG] [IdleState] Checking sequence: '7' (need '777' for code mode)
[2025-11-21 00:19:25,192] [INFO] [AmplifyState] Song "Whitney Houston - I Wanna Dance With Somebody.mp3" was randomly started 🎚️
[2025-11-21 00:19:27,084] [INFO] [ButtonReader] Keyboard: Button 7 toggled OFF (key '7')
[2025-11-21 00:19:27,086] [INFO] [AmplifyState] Song "Whitney Houston - I Wanna Dance With Somebody.mp3" was released 🤷🏻‍♀️
[2025-11-21 00:19:27,185] [DEBUG] [SequenceTracker] RESET: cleared sequence '7', elapsed: 2.01s
[2025-11-21 00:19:28,151] [INFO] [ButtonReader] Keyboard: Button 7 toggled ON (key '7')
[2025-11-21 00:19:28,152] [INFO] [ButtonReader] Button 7 pressed
[2025-11-21 00:19:28,152] [DEBUG] [SequenceTracker] UPDATE: '' → '7' (added buttons: [7], elapsed: 0.00s)
[2025-11-21 00:19:28,153] [DEBUG] [IdleState] Checking sequence: '7' (need '777' for code mode)
[2025-11-21 00:19:28,164] [INFO] [AmplifyState] Song "Soft Cell - Tainted Love (Official Music Video).mp3" was randomly started 🎚️
[2025-11-21 00:19:31,186] [INFO] [ButtonReader] Keyboard: Button 7 toggled OFF (key '7')
[2025-11-21 00:19:31,187] [INFO] [AmplifyState] Song "Soft Cell - Tainted Love (Official Music Video).mp3" was released 🤷🏻‍♀️
[2025-11-21 00:19:31,206] [DEBUG] [SequenceTracker] RESET: cleared sequence '7', elapsed: 3.05s
[2025-11-21 00:19:33,316] [INFO] [ButtonReader] Keyboard: Button 7 toggled ON (key '7')
[2025-11-21 00:19:33,317] [INFO] [ButtonReader] Button 7 pressed
[2025-11-21 00:19:33,318] [DEBUG] [SequenceTracker] UPDATE: '' → '7' (added buttons: [7], elapsed: 0.00s)
[2025-11-21 00:19:33,318] [DEBUG] [IdleState] Checking sequence: '7' (need '777' for code mode)
[2025-11-21 00:19:33,354] [INFO] [AmplifyState] Song "Blondie - Call me.mp3" was randomly started 🎚️
[2025-11-21 00:19:33,636] [INFO] [ButtonReader] Keyboard: Button 7 toggled OFF (key '7')
[2025-11-21 00:19:33,638] [INFO] [AmplifyState] Song "Blondie - Call me.mp3" was released 🤷🏻‍♀️
[2025-11-21 00:19:33,958] [INFO] [ButtonReader] Keyboard: Button 7 toggled ON (key '7')
[2025-11-21 00:19:33,959] [INFO] [ButtonReader] Button 7 pressed
[2025-11-21 00:19:33,960] [DEBUG] [SequenceTracker] UPDATE: '7' → '77' (added buttons: [7], elapsed: 0.64s)
[2025-11-21 00:19:33,960] [DEBUG] [IdleState] Checking sequence: '77' (need '777' for code mode)
[2025-11-21 00:19:33,990] [INFO] [AmplifyState] Song "a-ha - Take On Me (Official Video) [4K].mp3" was randomly started 🎚️
[2025-11-21 00:19:34,454] [INFO] [ButtonReader] Keyboard: Button 7 toggled OFF (key '7')
[2025-11-21 00:19:34,455] [INFO] [AmplifyState] Song "a-ha - Take On Me (Official Video) [4K].mp3" was released 🤷🏻‍♀️
[2025-11-21 00:19:34,796] [INFO] [ButtonReader] Keyboard: Button 7 toggled ON (key '7')
[2025-11-21 00:19:34,797] [INFO] [ButtonReader] Button 7 pressed
[2025-11-21 00:19:34,798] [DEBUG] [SequenceTracker] UPDATE: '77' → '777' (added buttons: [7], elapsed: 1.48s)
[2025-11-21 00:19:34,798] [INFO] [GameManager] Triple 777 detected - entering code mode!
[2025-11-21 00:19:34,799] [DEBUG] [SequenceTracker] RESET: cleared sequence '777', elapsed: 1.48s
[2025-11-21 00:19:34,841] [INFO] [CodeModeState] Entered code mode - awaiting 5-digit code
[2025-11-21 00:19:37,855] [INFO] [ButtonReader] Keyboard: Button 4 toggled ON (key '4')
[2025-11-21 00:19:37,855] [INFO] [ButtonReader] Button 4 pressed
[2025-11-21 00:19:37,856] [DEBUG] [SequenceTracker] UPDATE: '' → '4' (added buttons: [4], elapsed: 0.00s)
[2025-11-21 00:19:39,201] [INFO] [ButtonReader] Keyboard: Button 5 toggled ON (key '5')
[2025-11-21 00:19:39,202] [INFO] [ButtonReader] Button 5 pressed
[2025-11-21 00:19:39,203] [DEBUG] [SequenceTracker] UPDATE: '4' → '45' (added buttons: [5], elapsed: 1.35s)
[2025-11-21 00:19:41,817] [INFO] [ButtonReader] Keyboard: Button 7 toggled OFF (key '7')
[2025-11-21 00:19:44,651] [INFO] [ButtonReader] Keyboard: Button 7 toggled ON (key '7')
[2025-11-21 00:19:44,652] [INFO] [ButtonReader] Button 7 pressed
[2025-11-21 00:19:44,652] [DEBUG] [SequenceTracker] UPDATE: '45' → '457' (added buttons: [7], elapsed: 6.80s)
[2025-11-21 00:19:46,558] [INFO] [ButtonReader] Keyboard: Button 2 toggled ON (key '2')
[2025-11-21 00:19:46,559] [INFO] [ButtonReader] Button 2 pressed
[2025-11-21 00:19:46,559] [DEBUG] [SequenceTracker] UPDATE: '457' → '4572' (added buttons: [2], elapsed: 8.70s)
[2025-11-21 00:19:49,178] [INFO] [ButtonReader] Keyboard: Button 2 toggled OFF (key '2')
[2025-11-21 00:19:49,180] [INFO] [CodeFailState] Code mode failed: Button was released
[2025-11-21 00:19:54,703] [DEBUG] [SequenceTracker] RESET: cleared sequence '4572', elapsed: 16.85s
[2025-11-21 00:19:55,771] [INFO] [ButtonReader] Keyboard: Button 4 toggled OFF (key '4')
[2025-11-21 00:19:57,883] [INFO] [ButtonReader] Keyboard: Button 4 toggled ON (key '4')
[2025-11-21 00:19:57,884] [INFO] [ButtonReader] Button 4 pressed
[2025-11-21 00:19:57,885] [DEBUG] [SequenceTracker] UPDATE: '' → '4' (added buttons: [4], elapsed: 0.00s)
[2025-11-21 00:19:57,885] [DEBUG] [IdleState] Checking sequence: '4' (need '777' for code mode)
[2025-11-21 00:19:57,901] [INFO] [AmplifyState] Song "אשליות - ניסים סרוסי.mp3" was randomly started 🎚️
[2025-11-21 00:20:06,319] [INFO] [ButtonReader] Keyboard: Button 1 toggled ON (key '1')
[2025-11-21 00:20:06,320] [INFO] [ButtonReader] Button 1 pressed
[2025-11-21 00:20:06,320] [DEBUG] [SequenceTracker] UPDATE: '4' → '41' (added buttons: [1], elapsed: 8.44s)
[2025-11-21 00:20:06,621] [INFO] [ButtonReader] Keyboard: Button 2 toggled ON (key '2')
[2025-11-21 00:20:06,621] [INFO] [ButtonReader] Button 2 pressed
[2025-11-21 00:20:06,622] [DEBUG] [SequenceTracker] UPDATE: '41' → '412' (added buttons: [2], elapsed: 8.74s)
[2025-11-21 00:20:06,922] [INFO] [ButtonReader] Keyboard: Button 3 toggled ON (key '3')
[2025-11-21 00:20:06,923] [INFO] [ButtonReader] Button 3 pressed
[2025-11-21 00:20:06,923] [DEBUG] [SequenceTracker] UPDATE: '412' → '4123' (added buttons: [3], elapsed: 9.04s)
[2025-11-21 00:20:07,207] [INFO] [ButtonReader] Keyboard: Button 4 toggled OFF (key '4')
[2025-11-21 00:20:07,469] [INFO] [ButtonReader] Keyboard: Button 5 toggled OFF (key '5')
[2025-11-21 00:20:07,733] [INFO] [ButtonReader] Keyboard: Button 6 toggled ON (key '6')
[2025-11-21 00:20:07,734] [INFO] [ButtonReader] Button 6 pressed
[2025-11-21 00:20:07,735] [DEBUG] [SequenceTracker] UPDATE: '4123' → '41236' (added buttons: [6], elapsed: 9.85s)
[2025-11-21 00:20:09,461] [INFO] [ButtonReader] Keyboard: Button 7 toggled OFF (key '7')
[2025-11-21 00:20:10,973] [INFO] [ButtonReader] Keyboard: Button 8 toggled ON (key '8')
[2025-11-21 00:20:10,974] [INFO] [ButtonReader] Button 8 pressed
[2025-11-21 00:20:10,974] [DEBUG] [SequenceTracker] UPDATE: '41236' → '412368' (added buttons: [8], elapsed: 13.09s)
[2025-11-21 00:20:13,941] [INFO] [ButtonReader] Keyboard: Button 8 toggled OFF (key '8')
[2025-11-21 00:20:15,248] [INFO] [ButtonReader] Keyboard: Button 6 toggled OFF (key '6')
[2025-11-21 00:20:16,252] [INFO] [ButtonReader] Keyboard: Button 4 toggled ON (key '4')
[2025-11-21 00:20:16,253] [INFO] [ButtonReader] Button 4 pressed
[2025-11-21 00:20:16,253] [DEBUG] [SequenceTracker] UPDATE: '412368' → '4123684' (added buttons: [4], elapsed: 18.37s)
[2025-11-21 00:20:17,217] [INFO] [ButtonReader] Keyboard: Button 4 toggled OFF (key '4')
[2025-11-21 00:20:17,699] [INFO] [ButtonReader] Keyboard: Button 3 toggled OFF (key '3')
[2025-11-21 00:20:18,221] [INFO] [ButtonReader] Keyboard: Button 2 toggled OFF (key '2')
[2025-11-21 00:20:18,931] [INFO] [ButtonReader] Keyboard: Button 2 toggled ON (key '2')
[2025-11-21 00:20:18,932] [INFO] [ButtonReader] Button 2 pressed
[2025-11-21 00:20:18,932] [DEBUG] [SequenceTracker] UPDATE: '4123684' → '41236842' (added buttons: [2], elapsed: 21.05s)
[2025-11-21 00:20:19,815] [INFO] [ButtonReader] Keyboard: Button 1 toggled OFF (key '1')
[2025-11-21 00:20:21,288] [INFO] [ButtonReader] Keyboard: Button 2 toggled OFF (key '2')
[2025-11-21 00:20:21,289] [INFO] [AmplifyState] Song "אשליות - ניסים סרוסי.mp3" was released 🤷🏻‍♀️
[2025-11-21 00:20:21,308] [DEBUG] [SequenceTracker] RESET: cleared sequence '41236842', elapsed: 23.42s
[2025-11-21 00:20:22,513] [INFO] [ButtonReader] Keyboard: Button 2 toggled ON (key '2')
[2025-11-21 00:20:22,514] [INFO] [ButtonReader] Button 2 pressed
[2025-11-21 00:20:22,514] [DEBUG] [SequenceTracker] UPDATE: '' → '2' (added buttons: [2], elapsed: 0.00s)
[2025-11-21 00:20:22,515] [DEBUG] [IdleState] Checking sequence: '2' (need '777' for code mode)
[2025-11-21 00:20:22,526] [INFO] [AmplifyState] Song "The Offspring - Pretty Fly (For A White Guy) (Official Music Video) [QtTR-_Klcq8].mp3" was randomly started 🎚️
[2025-11-21 00:20:22,615] [INFO] [GameManager] 💾 Memory - Process: 88.9MB | System: 251/907MB (27.6%, 656MB free) | ⚙️  CPU - Process: 14.4% | System: 7.3% | Cores: [7%, 8%, 8%, 6%]
[2025-11-21 00:20:24,943] [INFO] [ButtonReader] Keyboard: Button 2 toggled OFF (key '2')
[2025-11-21 00:20:24,944] [INFO] [AmplifyState] Song "The Offspring - Pretty Fly (For A White Guy) (Official Music Video) [QtTR-_Klcq8].mp3" was released 🤷🏻‍♀️
[2025-11-21 00:20:24,963] [DEBUG] [SequenceTracker] RESET: cleared sequence '2', elapsed: 2.45s
[2025-11-21 00:20:25,847] [INFO] [ButtonReader] Keyboard: Button 2 toggled ON (key '2')
[2025-11-21 00:20:25,847] [INFO] [ButtonReader] Button 2 pressed
[2025-11-21 00:20:25,848] [DEBUG] [SequenceTracker] UPDATE: '' → '2' (added buttons: [2], elapsed: 0.00s)
[2025-11-21 00:20:25,848] [DEBUG] [IdleState] Checking sequence: '2' (need '777' for code mode)
[2025-11-21 00:20:25,858] [INFO] [AmplifyState] Song "Kool & The Gang - Celebration.mp3" was randomly started 🎚️
[2025-11-21 00:20:27,375] [INFO] [ButtonReader] Keyboard: Button 2 toggled OFF (key '2')
[2025-11-21 00:20:27,376] [INFO] [AmplifyState] Song "Kool & The Gang - Celebration.mp3" was released 🤷🏻‍♀️
[2025-11-21 00:20:27,859] [DEBUG] [SequenceTracker] RESET: cleared sequence '2', elapsed: 2.01s
[2025-11-21 00:21:00,390] [CRITICAL] [Amplifier] ⚠️  SIGNAL RECEIVED: 2 - Process terminating
[2025-11-21 00:21:00,391] [CRITICAL] [Amplifier] Emergency flush triggered
[2025-11-21 00:21:00,742] [INFO] [SoundController] Sound controller cleaned up successfully
[2025-11-21 00:21:00,752] [INFO] [GameManager] Game stopped
[2025-11-21 00:21:00,753] [INFO] [Amplifier] ✅ HumanAmplifier system shut down
