[2025-11-16 21:08:48,339] [INFO] [Amplifier] 🎵 HUMAN AMPLIFIER INTERACTIVE SYSTEM
[2025-11-16 21:08:48,340] [INFO] [Amplifier] Button configuration: 4 buttons on GPIO [5, 6, 17, 22]
[2025-11-16 21:08:48,341] [INFO] [Amplifier] LED configuration: 2 strips
[2025-11-16 21:08:48,341] [INFO] [Amplifier]   Strip 1: 300 LEDs on GPIO 21
[2025-11-16 21:08:48,342] [INFO] [Amplifier]   Strip 2: 300 LEDs on GPIO 18
[2025-11-16 21:08:48,342] [INFO] [Amplifier] Game settings: 20ms frame duration (50.0 FPS)
[2025-11-16 21:08:48,343] [INFO] [Amplifier] Button sample rate: 200Hz
[2025-11-16 21:08:48,343] [INFO] [Amplifier] Audio folder: songs
[2025-11-16 21:08:48,344] [INFO] [Amplifier] Schedule: 2 daily, 1 special entries
[2025-11-16 21:08:48,344] [INFO] [ButtonReader] GPIO setup complete: 4 pins, no pulls
[2025-11-16 21:08:48,345] [INFO] [ButtonReader] ButtonReader initialized with 4 buttons
[2025-11-16 21:08:48,345] [INFO] [ButtonReader] Button mapping: Button0=GPIO5, Button1=GPIO6, Button2=GPIO17, Button3=GPIO22
[2025-11-16 21:08:48,349] [INFO] [SongLibrary] Creating song codes dictionary
[2025-11-16 21:08:48,640] [INFO] [SongLibrary] Loaded 1 song codes from 2 collections
[2025-11-16 21:08:48,641] [INFO] [SongLibrary] Collections updated: ['MAIJAM']
[2025-11-16 21:08:50,520] [INFO] [GameManager] GameManager initialized: 20ms frame duration, 2 LED strips
[2025-11-16 21:08:50,520] [INFO] [Amplifier] HumanAmplifier system initialized successfully
[2025-11-16 21:08:50,521] [INFO] [Amplifier] Hardware: 4 buttons, 2 LED strips, 20ms frame duration
[2025-11-16 21:08:50,521] [INFO] [Amplifier] Audio system: {'songs_folder': 'songs', 'all_collections': ['MAIJAM', 'MORNING'], 'total_codes': 1, 'daily_schedule_entries': 2, 'special_schedule_entries': 1}
[2025-11-16 21:08:50,522] [INFO] [Amplifier] Sound controller initialized successfully
[2025-11-16 21:08:50,522] [INFO] [Amplifier] ✅ System initialized successfully!
[2025-11-16 21:08:50,523] [INFO] [Amplifier] Hardware status: 4 buttons, 2 LED strips
[2025-11-16 21:08:50,524] [INFO] [Amplifier]   Strip 1: 300 LEDs active
[2025-11-16 21:08:50,525] [INFO] [Amplifier]   Strip 2: 300 LEDs active
[2025-11-16 21:08:50,525] [INFO] [Amplifier] Audio system: 1 song codes, 12 sound effects
[2025-11-16 21:08:50,525] [INFO] [Amplifier] Available collections: MAIJAM, MORNING
[2025-11-16 21:08:50,526] [INFO] [Amplifier] 🚀 Starting HumanAmplifier system...
[2025-11-16 21:08:50,526] [INFO] [GameManager] Starting game loop with 20ms frame duration
[2025-11-16 21:09:02,051] [INFO] [GameManager] Game stopped by user (Ctrl+C)
[2025-11-16 21:09:02,062] [INFO] [GameManager] Game stopped
[2025-11-16 21:09:02,062] [INFO] [Amplifier] ✅ HumanAmplifier system shut down
