[2025-11-18 02:10:08,483] [INFO] [Amplifier] 🎵 HUMAN AMPLIFIER INTERACTIVE SYSTEM
[2025-11-18 02:10:08,484] [INFO] [Amplifier] Button configuration: 10 buttons on GPIO [6, 5, 22, 17, 4, 23, 24, 25, 16, 20]
[2025-11-18 02:10:08,485] [INFO] [Amplifier] LED configuration: 2 strips
[2025-11-18 02:10:08,486] [INFO] [Amplifier]   Strip 1: 300 LEDs on GPIO 21
[2025-11-18 02:10:08,486] [INFO] [Amplifier]   Strip 2: 300 LEDs on GPIO 18
[2025-11-18 02:10:08,487] [INFO] [Amplifier] Game settings: 20ms frame duration (50.0 FPS)
[2025-11-18 02:10:08,488] [INFO] [Amplifier] Button sample rate: 200Hz
[2025-11-18 02:10:08,488] [INFO] [Amplifier] Audio folder: songs
[2025-11-18 02:10:08,489] [INFO] [Amplifier] Schedule: 2 daily, 1 special entries
[2025-11-18 02:10:08,490] [INFO] [ButtonReader] GPIO sampler initialized: 10 pins (no pulls)
[2025-11-18 02:10:08,490] [INFO] [ButtonReader] Pin mapping: Btn0=GPIO6, Btn1=GPIO5, Btn2=GPIO22, Btn3=GPIO17, Btn4=GPIO4, Btn5=GPIO23, Btn6=GPIO24, Btn7=GPIO25, Btn8=GPIO16, Btn9=GPIO20
[2025-11-18 02:10:08,490] [INFO] [ButtonReader] 🎮 Keyboard debug enabled: Press digit keys 0-9 to toggle buttons (works over SSH)
[2025-11-18 02:10:08,491] [INFO] [ButtonReader]    Each keypress toggles button ON/OFF
[2025-11-18 02:10:08,491] [INFO] [ButtonReader] ButtonReader initialized with 10 buttons
[2025-11-18 02:10:08,492] [INFO] [SongLibrary] Creating song codes dictionary
[2025-11-18 02:10:09,028] [INFO] [SongLibrary] Loaded 0 song codes from 2 collections
[2025-11-18 02:10:09,029] [INFO] [SongLibrary] Collections updated: ['MAIJAM', 'MORNING']
[2025-11-18 02:10:09,031] [INFO] [Amplifier] 🔇 Using MockSoundController (audio hardware disabled)
[2025-11-18 02:10:09,031] [INFO] [SoundController] 🔇 MockSoundController initialized (audio disabled)
[2025-11-18 02:10:09,035] [INFO] [GameManager] GameManager initialized: 20ms frame duration, 2 LED strips
[2025-11-18 02:10:09,036] [INFO] [Amplifier] HumanAmplifier system initialized successfully
[2025-11-18 02:10:09,036] [INFO] [Amplifier] Hardware: 10 buttons, 2 LED strips, 20ms frame duration
[2025-11-18 02:10:09,036] [INFO] [Amplifier] Audio system: {'songs_folder': 'songs', 'all_collections': ['MAIJAM', 'MORNING'], 'total_codes': 0, 'daily_schedule_entries': 2, 'special_schedule_entries': 1}
[2025-11-18 02:10:09,037] [INFO] [Amplifier] Sound controller initialized successfully
[2025-11-18 02:10:09,037] [INFO] [Amplifier] ✅ System initialized successfully!
[2025-11-18 02:10:09,037] [INFO] [Amplifier] Hardware status: 10 buttons, 2 LED strips
[2025-11-18 02:10:09,038] [INFO] [Amplifier]   Strip 1: 300 LEDs active
[2025-11-18 02:10:09,038] [INFO] [Amplifier]   Strip 2: 300 LEDs active
[2025-11-18 02:10:09,039] [INFO] [Amplifier] Audio system: 0 song codes, 0 sound effects
[2025-11-18 02:10:09,039] [INFO] [Amplifier] Available collections: MAIJAM, MORNING
[2025-11-18 02:10:09,039] [INFO] [Amplifier] 🚀 Starting HumanAmplifier system...
[2025-11-18 02:10:09,040] [INFO] [GameManager] Starting game loop with 20ms frame duration
[2025-11-18 02:11:23,127] [DEBUG] [ButtonReader] Button state changed: [(5, 'pressed')]
[2025-11-18 02:11:23,128] [DEBUG] [GameManager] Button sequence: 5
[2025-11-18 02:11:23,129] [INFO] [GameManager] State transition: IdleState → AmplifyState
[2025-11-18 02:11:23,142] [INFO] [SoundController] Mock: Started playback of "songs/morning/אריאל זילבר   שמש שמש.mp3"
[2025-11-18 02:11:23,143] [DEBUG] [AmplifyState] AmplifyState activated with buttons: [5]
[2025-11-18 02:11:24,034] [DEBUG] [ButtonReader] Button state changed: [(6, 'pressed')]
[2025-11-18 02:11:24,035] [DEBUG] [GameManager] Button sequence: 56
[2025-11-18 02:11:24,036] [DEBUG] [AmplifyState] AmplifyState button change - currently pressed: [5, 6]
[2025-11-18 02:11:24,858] [DEBUG] [ButtonReader] Button state changed: [(5, 'released')]
[2025-11-18 02:11:24,858] [DEBUG] [AmplifyState] AmplifyState button change - currently pressed: [6]
[2025-11-18 02:11:25,540] [DEBUG] [ButtonReader] Button state changed: [(4, 'pressed')]
[2025-11-18 02:11:25,541] [DEBUG] [GameManager] Button sequence: 564
[2025-11-18 02:11:25,541] [DEBUG] [AmplifyState] AmplifyState button change - currently pressed: [4, 6]
[2025-11-18 02:11:26,404] [DEBUG] [ButtonReader] Button state changed: [(4, 'released')]
[2025-11-18 02:11:26,404] [DEBUG] [AmplifyState] AmplifyState button change - currently pressed: [6]
[2025-11-18 02:11:27,329] [DEBUG] [ButtonReader] Button state changed: [(2, 'pressed')]
[2025-11-18 02:11:27,330] [DEBUG] [GameManager] Button sequence: 5642
[2025-11-18 02:11:27,330] [DEBUG] [AmplifyState] AmplifyState button change - currently pressed: [2, 6]
[2025-11-18 02:11:29,317] [DEBUG] [ButtonReader] Button state changed: [(0, 'pressed')]
[2025-11-18 02:11:29,318] [DEBUG] [GameManager] Button sequence: 56420
[2025-11-18 02:11:29,318] [DEBUG] [AmplifyState] AmplifyState button change - currently pressed: [0, 2, 6]
[2025-11-18 02:11:30,583] [DEBUG] [ButtonReader] Button state changed: [(6, 'released')]
[2025-11-18 02:11:30,584] [DEBUG] [AmplifyState] AmplifyState button change - currently pressed: [0, 2]
[2025-11-18 02:11:34,260] [DEBUG] [ButtonReader] Button state changed: [(0, 'released')]
[2025-11-18 02:11:34,260] [DEBUG] [AmplifyState] AmplifyState button change - currently pressed: [2]
[2025-11-18 02:11:34,300] [DEBUG] [ButtonReader] Button state changed: [(2, 'released')]
[2025-11-18 02:11:34,300] [INFO] [SoundController] Mock: Stopped playback
[2025-11-18 02:11:34,301] [INFO] [GameManager] State transition: AmplifyState → IdleState
[2025-11-18 02:11:39,302] [DEBUG] [ButtonReader] Button state changed: [(1, 'pressed')]
[2025-11-18 02:11:39,303] [DEBUG] [GameManager] Button sequence: 1
[2025-11-18 02:11:39,303] [INFO] [GameManager] State transition: IdleState → AmplifyState
[2025-11-18 02:11:39,317] [INFO] [SoundController] Mock: Started playback of "songs/maijam/Dua Lipa - Levitating Featuring DaBaby (Official Music Video).mp3"
[2025-11-18 02:11:39,318] [DEBUG] [AmplifyState] AmplifyState activated with buttons: [1]
[2025-11-18 02:11:39,443] [DEBUG] [ButtonReader] Button state changed: [(1, 'released')]
[2025-11-18 02:11:39,443] [INFO] [SoundController] Mock: Stopped playback
[2025-11-18 02:11:39,445] [INFO] [GameManager] State transition: AmplifyState → IdleState
[2025-11-18 02:11:39,523] [DEBUG] [ButtonReader] Button state changed: [(1, 'pressed')]
[2025-11-18 02:11:39,524] [DEBUG] [GameManager] Button sequence: 11
[2025-11-18 02:11:39,525] [INFO] [GameManager] State transition: IdleState → AmplifyState
[2025-11-18 02:11:39,536] [INFO] [SoundController] Mock: Started playback of "songs/maijam/The Offspring - Pretty Fly (For A White Guy) (Official Music Video) [QtTR-_Klcq8].mp3"
[2025-11-18 02:11:39,537] [DEBUG] [AmplifyState] AmplifyState activated with buttons: [1]
[2025-11-18 02:11:40,086] [DEBUG] [ButtonReader] Button state changed: [(1, 'released')]
[2025-11-18 02:11:40,087] [INFO] [SoundController] Mock: Stopped playback
[2025-11-18 02:11:40,089] [INFO] [GameManager] State transition: AmplifyState → IdleState
[2025-11-18 02:11:44,249] [DEBUG] [ButtonReader] Button state changed: [(7, 'pressed')]
[2025-11-18 02:11:44,250] [DEBUG] [GameManager] Button sequence: 7
[2025-11-18 02:11:44,251] [INFO] [GameManager] State transition: IdleState → AmplifyState
[2025-11-18 02:11:44,263] [INFO] [SoundController] Mock: Started playback of "songs/morning/Beatles - Good Day Sunshine.mp3"
[2025-11-18 02:11:44,264] [DEBUG] [AmplifyState] AmplifyState activated with buttons: [7]
[2025-11-18 02:11:46,602] [DEBUG] [ButtonReader] Button state changed: [(7, 'released')]
[2025-11-18 02:11:46,603] [INFO] [SoundController] Mock: Stopped playback
[2025-11-18 02:11:46,603] [INFO] [GameManager] State transition: AmplifyState → IdleState
[2025-11-18 02:11:47,688] [DEBUG] [ButtonReader] Button state changed: [(1, 'pressed')]
[2025-11-18 02:11:47,689] [DEBUG] [GameManager] Button sequence: 1
[2025-11-18 02:11:47,690] [INFO] [GameManager] State transition: IdleState → AmplifyState
[2025-11-18 02:11:47,701] [INFO] [SoundController] Mock: Started playback of "songs/morning/Mercedes Sosa - Gracias A La Vida.mp3"
[2025-11-18 02:11:47,702] [DEBUG] [AmplifyState] AmplifyState activated with buttons: [1]
[2025-11-18 02:11:48,211] [DEBUG] [ButtonReader] Button state changed: [(1, 'released')]
[2025-11-18 02:11:48,211] [INFO] [SoundController] Mock: Stopped playback
[2025-11-18 02:11:48,213] [INFO] [GameManager] State transition: AmplifyState → IdleState
[2025-11-18 02:11:48,271] [DEBUG] [ButtonReader] Button state changed: [(1, 'pressed')]
[2025-11-18 02:11:48,272] [DEBUG] [GameManager] Button sequence: 11
[2025-11-18 02:11:48,272] [INFO] [GameManager] State transition: IdleState → AmplifyState
[2025-11-18 02:11:48,284] [INFO] [SoundController] Mock: Started playback of "songs/maijam/Abba - Money, Money, Money (Official Music Video).mp3"
[2025-11-18 02:11:48,284] [DEBUG] [AmplifyState] AmplifyState activated with buttons: [1]
[2025-11-18 02:11:48,794] [DEBUG] [ButtonReader] Button state changed: [(1, 'released')]
[2025-11-18 02:11:48,795] [INFO] [SoundController] Mock: Stopped playback
[2025-11-18 02:11:48,796] [INFO] [GameManager] State transition: AmplifyState → IdleState
[2025-11-18 02:11:50,221] [DEBUG] [ButtonReader] Button state changed: [(1, 'pressed')]
[2025-11-18 02:11:50,222] [DEBUG] [GameManager] Button sequence: 1
[2025-11-18 02:11:50,223] [INFO] [GameManager] State transition: IdleState → AmplifyState
[2025-11-18 02:11:50,234] [INFO] [SoundController] Mock: Started playback of "songs/morning/Beauty and the Beast (Live Action) - Belle.mp3"
[2025-11-18 02:11:50,235] [DEBUG] [AmplifyState] AmplifyState activated with buttons: [1]
[2025-11-18 02:11:50,724] [DEBUG] [ButtonReader] Button state changed: [(1, 'released')]
[2025-11-18 02:11:50,725] [INFO] [SoundController] Mock: Stopped playback
[2025-11-18 02:11:50,726] [INFO] [GameManager] State transition: AmplifyState → IdleState
[2025-11-18 02:11:51,005] [DEBUG] [ButtonReader] Button state changed: [(1, 'pressed')]
[2025-11-18 02:11:51,006] [DEBUG] [GameManager] Button sequence: 11
[2025-11-18 02:11:51,007] [INFO] [GameManager] State transition: IdleState → AmplifyState
[2025-11-18 02:11:51,019] [INFO] [SoundController] Mock: Started playback of "songs/maijam/Soft Cell - Tainted Love (Official Music Video).mp3"
[2025-11-18 02:11:51,020] [DEBUG] [AmplifyState] AmplifyState activated with buttons: [1]
[2025-11-18 02:11:51,468] [DEBUG] [ButtonReader] Button state changed: [(1, 'released')]
[2025-11-18 02:11:51,469] [INFO] [SoundController] Mock: Stopped playback
[2025-11-18 02:11:51,470] [INFO] [GameManager] State transition: AmplifyState → IdleState
[2025-11-18 02:11:51,769] [DEBUG] [ButtonReader] Button state changed: [(1, 'pressed')]
[2025-11-18 02:11:51,770] [DEBUG] [GameManager] Button sequence: 111
[2025-11-18 02:11:51,771] [INFO] [GameManager] Triple 1 detected - entering code mode!
[2025-11-18 02:11:51,772] [INFO] [GameManager] State transition: IdleState → CodeModeState
[2025-11-18 02:11:51,773] [DEBUG] [ButtonReader] Button 1 will be ignored until released
[2025-11-18 02:11:51,785] [INFO] [SoundController] Mock: Playing special music sounds/sheshtus_long_voice.mp3 at volume 0.6
[2025-11-18 02:11:51,786] [INFO] [CodeModeState] Entered code mode - awaiting 5-digit code
[2025-11-18 02:11:52,332] [DEBUG] [ButtonReader] Button 1 released, no longer ignored
[2025-11-18 02:11:53,620] [DEBUG] [ButtonReader] Button state changed: [(7, 'pressed')]
[2025-11-18 02:11:53,620] [DEBUG] [GameManager] Button sequence: 7
[2025-11-18 02:11:53,740] [DEBUG] [ButtonReader] Button state changed: [(1, 'pressed')]
[2025-11-18 02:11:53,741] [DEBUG] [GameManager] Button sequence: 71
[2025-11-18 02:11:55,406] [DEBUG] [ButtonReader] Button state changed: [(2, 'pressed')]
[2025-11-18 02:11:55,407] [DEBUG] [GameManager] Button sequence: 712
[2025-11-18 02:11:55,408] [INFO] [CodeModeState] Code entered: 712
[2025-11-18 02:11:55,408] [INFO] [CodeModeState] Code mode failed: Invalid code: 712
[2025-11-18 02:11:55,408] [INFO] [SoundController] Mock: Stopped playback
[2025-11-18 02:11:55,409] [DEBUG] [ButtonReader] Button 1 will be ignored until released
[2025-11-18 02:11:55,409] [DEBUG] [ButtonReader] Button 2 will be ignored until released
[2025-11-18 02:11:55,410] [DEBUG] [ButtonReader] Button 7 will be ignored until released
[2025-11-18 02:11:55,410] [INFO] [GameManager] State transition: CodeModeState → IdleState
[2025-11-18 02:11:56,431] [DEBUG] [ButtonReader] Button 2 released, no longer ignored
[2025-11-18 02:11:57,515] [DEBUG] [ButtonReader] Button 7 released, no longer ignored
[2025-11-18 02:11:58,399] [DEBUG] [ButtonReader] Button 1 released, no longer ignored
[2025-11-18 02:11:58,982] [DEBUG] [ButtonReader] Button state changed: [(1, 'pressed')]
[2025-11-18 02:11:58,983] [DEBUG] [GameManager] Button sequence: 1
[2025-11-18 02:11:58,984] [INFO] [GameManager] State transition: IdleState → AmplifyState
[2025-11-18 02:11:58,995] [INFO] [SoundController] Mock: Started playback of "songs/morning/Aretha Franklin - Say A Little Prayer For You.mp3"
[2025-11-18 02:11:58,995] [DEBUG] [AmplifyState] AmplifyState activated with buttons: [1]
[2025-11-18 02:11:59,384] [DEBUG] [ButtonReader] Button state changed: [(1, 'released')]
[2025-11-18 02:11:59,385] [INFO] [SoundController] Mock: Stopped playback
[2025-11-18 02:11:59,386] [INFO] [GameManager] State transition: AmplifyState → IdleState
[2025-11-18 02:11:59,646] [DEBUG] [ButtonReader] Button state changed: [(1, 'pressed')]
[2025-11-18 02:11:59,647] [DEBUG] [GameManager] Button sequence: 11
[2025-11-18 02:11:59,647] [INFO] [GameManager] State transition: IdleState → AmplifyState
[2025-11-18 02:11:59,658] [INFO] [SoundController] Mock: Started playback of "songs/maijam/יהודית רביץ - הכל בסדר - עמרי סמדר רמיקס  Yehudit Ravitz - Hakol Beseder - Omri Smadar RMX.mp3"
[2025-11-18 02:11:59,659] [DEBUG] [AmplifyState] AmplifyState activated with buttons: [1]
[2025-11-18 02:12:00,108] [DEBUG] [ButtonReader] Button state changed: [(1, 'released')]
[2025-11-18 02:12:00,109] [INFO] [SoundController] Mock: Stopped playback
[2025-11-18 02:12:00,110] [INFO] [GameManager] State transition: AmplifyState → IdleState
[2025-11-18 02:12:00,309] [DEBUG] [ButtonReader] Button state changed: [(1, 'pressed')]
[2025-11-18 02:12:00,310] [DEBUG] [GameManager] Button sequence: 111
[2025-11-18 02:12:00,311] [INFO] [GameManager] Triple 1 detected - entering code mode!
[2025-11-18 02:12:00,312] [INFO] [GameManager] State transition: IdleState → CodeModeState
[2025-11-18 02:12:00,313] [DEBUG] [ButtonReader] Button 1 will be ignored until released
[2025-11-18 02:12:00,324] [INFO] [SoundController] Mock: Playing special music sounds/sheshtus_long_voice.mp3 at volume 0.6
[2025-11-18 02:12:00,325] [INFO] [CodeModeState] Entered code mode - awaiting 5-digit code
[2025-11-18 02:12:00,932] [DEBUG] [ButtonReader] Button 1 released, no longer ignored
[2025-11-18 02:12:05,798] [DEBUG] [ButtonReader] Button state changed: [(7, 'pressed')]
[2025-11-18 02:12:05,799] [DEBUG] [GameManager] Button sequence: 7
[2025-11-18 02:12:08,509] [DEBUG] [ButtonReader] Button state changed: [(1, 'pressed')]
[2025-11-18 02:12:08,510] [DEBUG] [GameManager] Button sequence: 71
[2025-11-18 02:12:09,936] [DEBUG] [ButtonReader] Button state changed: [(2, 'pressed')]
[2025-11-18 02:12:09,937] [DEBUG] [GameManager] Button sequence: 712
[2025-11-18 02:12:09,938] [INFO] [CodeModeState] Code entered: 712
[2025-11-18 02:12:09,939] [INFO] [CodeModeState] Code mode failed: Invalid code: 712
[2025-11-18 02:12:09,939] [INFO] [SoundController] Mock: Stopped playback
[2025-11-18 02:12:09,940] [DEBUG] [ButtonReader] Button 1 will be ignored until released
[2025-11-18 02:12:09,940] [DEBUG] [ButtonReader] Button 2 will be ignored until released
[2025-11-18 02:12:09,941] [DEBUG] [ButtonReader] Button 7 will be ignored until released
[2025-11-18 02:12:09,941] [INFO] [GameManager] State transition: CodeModeState → IdleState
[2025-11-18 02:12:13,797] [DEBUG] [ButtonReader] Button 7 released, no longer ignored
[2025-11-18 02:12:16,267] [DEBUG] [ButtonReader] Button 2 released, no longer ignored
[2025-11-18 02:12:17,812] [DEBUG] [ButtonReader] Button 1 released, no longer ignored
[2025-11-18 02:12:19,078] [DEBUG] [ButtonReader] Button state changed: [(1, 'pressed')]
[2025-11-18 02:12:19,079] [DEBUG] [GameManager] Button sequence: 1
[2025-11-18 02:12:19,080] [INFO] [GameManager] State transition: IdleState → AmplifyState
[2025-11-18 02:12:19,093] [INFO] [SoundController] Mock: Started playback of "songs/maijam/יהודית רביץ - הכל בסדר - עמרי סמדר רמיקס  Yehudit Ravitz - Hakol Beseder - Omri Smadar RMX.mp3"
[2025-11-18 02:12:19,093] [DEBUG] [AmplifyState] AmplifyState activated with buttons: [1]
[2025-11-18 02:12:21,571] [DEBUG] [ButtonReader] Button state changed: [(1, 'released')]
[2025-11-18 02:12:21,572] [INFO] [SoundController] Mock: Stopped playback
[2025-11-18 02:12:21,573] [INFO] [GameManager] State transition: AmplifyState → IdleState
[2025-11-18 02:12:23,358] [DEBUG] [ButtonReader] Button state changed: [(7, 'pressed')]
[2025-11-18 02:12:23,358] [DEBUG] [GameManager] Button sequence: 7
[2025-11-18 02:12:23,359] [INFO] [GameManager] State transition: IdleState → AmplifyState
[2025-11-18 02:12:23,370] [INFO] [SoundController] Mock: Started playback of "songs/morning/בוקר טוב - עוץ לי גוץ לי.mp3"
[2025-11-18 02:12:23,370] [DEBUG] [AmplifyState] AmplifyState activated with buttons: [7]
[2025-11-18 02:12:24,402] [DEBUG] [ButtonReader] Button state changed: [(7, 'released')]
[2025-11-18 02:12:24,403] [INFO] [SoundController] Mock: Stopped playback
[2025-11-18 02:12:24,404] [INFO] [GameManager] State transition: AmplifyState → IdleState
[2025-11-18 02:12:25,487] [DEBUG] [ButtonReader] Button state changed: [(1, 'pressed')]
[2025-11-18 02:12:25,488] [DEBUG] [GameManager] Button sequence: 1
[2025-11-18 02:12:25,488] [INFO] [GameManager] State transition: IdleState → AmplifyState
[2025-11-18 02:12:25,499] [INFO] [SoundController] Mock: Started playback of "songs/maijam/Queen - Don't Stop Me Now (Official Video).mp3"
[2025-11-18 02:12:25,499] [DEBUG] [AmplifyState] AmplifyState activated with buttons: [1]
[2025-11-18 02:12:29,544] [DEBUG] [ButtonReader] Button state changed: [(1, 'released')]
[2025-11-18 02:12:29,545] [INFO] [SoundController] Mock: Stopped playback
[2025-11-18 02:12:29,545] [INFO] [GameManager] State transition: AmplifyState → IdleState
[2025-11-18 02:12:30,950] [DEBUG] [ButtonReader] Button state changed: [(7, 'pressed')]
[2025-11-18 02:12:30,951] [DEBUG] [GameManager] Button sequence: 7
[2025-11-18 02:12:30,952] [INFO] [GameManager] State transition: IdleState → AmplifyState
[2025-11-18 02:12:30,962] [INFO] [SoundController] Mock: Started playback of "songs/maijam/Whitney Houston - I Wanna Dance With Somebody.mp3"
[2025-11-18 02:12:30,963] [DEBUG] [AmplifyState] AmplifyState activated with buttons: [7]
[2025-11-18 02:12:31,814] [DEBUG] [ButtonReader] Button state changed: [(7, 'released')]
[2025-11-18 02:12:31,815] [INFO] [SoundController] Mock: Stopped playback
[2025-11-18 02:12:31,816] [INFO] [GameManager] State transition: AmplifyState → IdleState
[2025-11-18 02:12:33,643] [DEBUG] [ButtonReader] Button state changed: [(1, 'pressed')]
[2025-11-18 02:12:33,644] [DEBUG] [GameManager] Button sequence: 1
[2025-11-18 02:12:33,644] [INFO] [GameManager] State transition: IdleState → AmplifyState
[2025-11-18 02:12:33,655] [INFO] [SoundController] Mock: Started playback of "songs/maijam/Blondie - Call me.mp3"
[2025-11-18 02:12:33,656] [DEBUG] [AmplifyState] AmplifyState activated with buttons: [1]
[2025-11-18 02:12:37,381] [DEBUG] [ButtonReader] Button state changed: [(7, 'pressed')]
[2025-11-18 02:12:37,382] [DEBUG] [GameManager] Button sequence: 17
[2025-11-18 02:12:37,383] [DEBUG] [AmplifyState] AmplifyState button change - currently pressed: [1, 7]
[2025-11-18 02:12:38,084] [DEBUG] [ButtonReader] Button state changed: [(7, 'released')]
[2025-11-18 02:12:38,085] [DEBUG] [AmplifyState] AmplifyState button change - currently pressed: [1]
[2025-11-18 02:12:39,149] [DEBUG] [ButtonReader] Button state changed: [(1, 'released')]
[2025-11-18 02:12:39,150] [INFO] [SoundController] Mock: Stopped playback
[2025-11-18 02:12:39,152] [INFO] [GameManager] State transition: AmplifyState → IdleState
[2025-11-18 02:12:39,853] [DEBUG] [ButtonReader] Button state changed: [(1, 'pressed')]
[2025-11-18 02:12:39,854] [DEBUG] [GameManager] Button sequence: 1
[2025-11-18 02:12:39,855] [INFO] [GameManager] State transition: IdleState → AmplifyState
[2025-11-18 02:12:39,866] [INFO] [SoundController] Mock: Started playback of "songs/maijam/The Weather Girls - It's Raining Men (Video).mp3"
[2025-11-18 02:12:39,867] [DEBUG] [AmplifyState] AmplifyState activated with buttons: [1]
[2025-11-18 02:12:42,325] [DEBUG] [ButtonReader] Button state changed: [(7, 'pressed')]
[2025-11-18 02:12:42,326] [DEBUG] [GameManager] Button sequence: 17
[2025-11-18 02:12:42,327] [DEBUG] [AmplifyState] AmplifyState button change - currently pressed: [1, 7]
[2025-11-18 02:12:43,089] [DEBUG] [ButtonReader] Button state changed: [(7, 'released')]
[2025-11-18 02:12:43,090] [DEBUG] [AmplifyState] AmplifyState button change - currently pressed: [1]
[2025-11-18 02:12:44,174] [DEBUG] [ButtonReader] Button state changed: [(1, 'released')]
[2025-11-18 02:12:44,175] [INFO] [SoundController] Mock: Stopped playback
[2025-11-18 02:12:44,176] [INFO] [GameManager] State transition: AmplifyState → IdleState
[2025-11-18 02:12:45,260] [DEBUG] [ButtonReader] Button state changed: [(7, 'pressed')]
[2025-11-18 02:12:45,261] [DEBUG] [GameManager] Button sequence: 7
[2025-11-18 02:12:45,262] [INFO] [GameManager] State transition: IdleState → AmplifyState
[2025-11-18 02:12:45,273] [INFO] [SoundController] Mock: Started playback of "songs/maijam/Baccara - Yes Sir, I Can Boogie (Starparade 02.06.1977) (1).mp3"
[2025-11-18 02:12:45,274] [DEBUG] [AmplifyState] AmplifyState activated with buttons: [7]
[2025-11-18 02:12:46,024] [DEBUG] [ButtonReader] Button state changed: [(7, 'released')]
[2025-11-18 02:12:46,025] [INFO] [SoundController] Mock: Stopped playback
[2025-11-18 02:12:46,026] [INFO] [GameManager] State transition: AmplifyState → IdleState
[2025-11-18 02:12:46,728] [DEBUG] [ButtonReader] Button state changed: [(1, 'pressed')]
[2025-11-18 02:12:46,729] [DEBUG] [GameManager] Button sequence: 71
[2025-11-18 02:12:46,729] [INFO] [GameManager] State transition: IdleState → AmplifyState
[2025-11-18 02:12:46,741] [INFO] [SoundController] Mock: Started playback of "songs/maijam/The Weather Girls - It's Raining Men (Video).mp3"
[2025-11-18 02:12:46,742] [DEBUG] [AmplifyState] AmplifyState activated with buttons: [1]
[2025-11-18 02:12:50,425] [DEBUG] [ButtonReader] Button state changed: [(1, 'released')]
[2025-11-18 02:12:50,426] [INFO] [SoundController] Mock: Stopped playback
[2025-11-18 02:12:50,427] [INFO] [GameManager] State transition: AmplifyState → IdleState
[2025-11-18 02:12:51,933] [DEBUG] [ButtonReader] Button state changed: [(8, 'pressed')]
[2025-11-18 02:12:51,934] [DEBUG] [GameManager] Button sequence: 8
[2025-11-18 02:12:51,935] [INFO] [GameManager] State transition: IdleState → AmplifyState
[2025-11-18 02:12:51,946] [INFO] [SoundController] Mock: Started playback of "songs/maijam/Eurythmics, Annie Lennox, Dave Stewart - Sweet Dreams (Are Made Of This) (Official Video).mp3"
[2025-11-18 02:12:51,947] [DEBUG] [AmplifyState] AmplifyState activated with buttons: [8]
[2025-11-18 02:12:52,657] [DEBUG] [ButtonReader] Button state changed: [(8, 'released')]
[2025-11-18 02:12:52,658] [INFO] [SoundController] Mock: Stopped playback
[2025-11-18 02:12:52,659] [INFO] [GameManager] State transition: AmplifyState → IdleState
[2025-11-18 02:12:53,099] [DEBUG] [ButtonReader] Button state changed: [(8, 'pressed')]
[2025-11-18 02:12:53,100] [DEBUG] [GameManager] Button sequence: 88
[2025-11-18 02:12:53,101] [INFO] [GameManager] State transition: IdleState → AmplifyState
[2025-11-18 02:12:53,112] [INFO] [SoundController] Mock: Started playback of "songs/maijam/ABBA - Gimme! Gimme! Gimme! (A Man After Midnight).mp3"
[2025-11-18 02:12:53,113] [DEBUG] [AmplifyState] AmplifyState activated with buttons: [8]
[2025-11-18 02:12:54,606] [DEBUG] [ButtonReader] Button state changed: [(8, 'released')]
[2025-11-18 02:12:54,607] [INFO] [SoundController] Mock: Stopped playback
[2025-11-18 02:12:54,609] [INFO] [GameManager] State transition: AmplifyState → IdleState
[2025-11-18 02:12:55,873] [DEBUG] [ButtonReader] Button state changed: [(8, 'pressed')]
[2025-11-18 02:12:55,874] [DEBUG] [GameManager] Button sequence: 8
[2025-11-18 02:12:55,875] [INFO] [GameManager] State transition: IdleState → AmplifyState
[2025-11-18 02:12:55,886] [INFO] [SoundController] Mock: Started playback of "songs/maijam/אשליות - ניסים סרוסי.mp3"
[2025-11-18 02:12:55,887] [DEBUG] [AmplifyState] AmplifyState activated with buttons: [8]
[2025-11-18 02:12:57,039] [DEBUG] [ButtonReader] Button state changed: [(8, 'released')]
[2025-11-18 02:12:57,040] [INFO] [SoundController] Mock: Stopped playback
[2025-11-18 02:12:57,041] [INFO] [GameManager] State transition: AmplifyState → IdleState
[2025-11-18 02:12:57,602] [DEBUG] [ButtonReader] Button state changed: [(1, 'pressed')]
[2025-11-18 02:12:57,603] [DEBUG] [GameManager] Button sequence: 81
[2025-11-18 02:12:57,603] [INFO] [GameManager] State transition: IdleState → AmplifyState
[2025-11-18 02:12:57,615] [INFO] [SoundController] Mock: Started playback of "songs/maijam/Queen - Don't Stop Me Now (Official Video).mp3"
[2025-11-18 02:12:57,616] [DEBUG] [AmplifyState] AmplifyState activated with buttons: [1]
[2025-11-18 02:12:58,385] [DEBUG] [ButtonReader] Button state changed: [(8, 'pressed')]
[2025-11-18 02:12:58,386] [DEBUG] [GameManager] Button sequence: 818
[2025-11-18 02:12:58,387] [DEBUG] [AmplifyState] AmplifyState button change - currently pressed: [1, 8]
[2025-11-18 02:12:59,290] [DEBUG] [ButtonReader] Button state changed: [(8, 'released')]
[2025-11-18 02:12:59,291] [DEBUG] [AmplifyState] AmplifyState button change - currently pressed: [1]
[2025-11-18 02:13:05,178] [DEBUG] [ButtonReader] Button state changed: [(1, 'released')]
[2025-11-18 02:13:05,178] [INFO] [SoundController] Mock: Stopped playback
[2025-11-18 02:13:05,179] [INFO] [GameManager] State transition: AmplifyState → IdleState
[2025-11-18 02:13:13,820] [DEBUG] [ButtonReader] Button state changed: [(8, 'pressed')]
[2025-11-18 02:13:13,821] [DEBUG] [GameManager] Button sequence: 8
[2025-11-18 02:13:13,822] [INFO] [GameManager] State transition: IdleState → AmplifyState
[2025-11-18 02:13:13,832] [INFO] [SoundController] Mock: Started playback of "songs/morning/אחינועם ניני - בוקר.mp3"
[2025-11-18 02:13:13,833] [DEBUG] [AmplifyState] AmplifyState activated with buttons: [8]
[2025-11-18 02:13:14,644] [DEBUG] [ButtonReader] Button state changed: [(8, 'released')]
[2025-11-18 02:13:14,645] [INFO] [SoundController] Mock: Stopped playback
[2025-11-18 02:13:14,647] [INFO] [GameManager] State transition: AmplifyState → IdleState
[2025-11-18 02:13:24,914] [DEBUG] [ButtonReader] Button state changed: [(0, 'pressed')]
[2025-11-18 02:13:24,915] [DEBUG] [GameManager] Button sequence: 0
[2025-11-18 02:13:24,916] [INFO] [GameManager] State transition: IdleState → AmplifyState
[2025-11-18 02:13:24,928] [INFO] [SoundController] Mock: Started playback of "songs/morning/אבטיפוס - בוקר טוב עולם.mp3"
[2025-11-18 02:13:24,929] [DEBUG] [AmplifyState] AmplifyState activated with buttons: [0]
[2025-11-18 02:13:25,577] [DEBUG] [ButtonReader] Button state changed: [(0, 'released')]
[2025-11-18 02:13:25,578] [INFO] [SoundController] Mock: Stopped playback
[2025-11-18 02:13:25,579] [INFO] [GameManager] State transition: AmplifyState → IdleState
[2025-11-18 02:13:26,401] [DEBUG] [ButtonReader] Button state changed: [(1, 'pressed')]
[2025-11-18 02:13:26,403] [DEBUG] [GameManager] Button sequence: 01
[2025-11-18 02:13:26,404] [INFO] [GameManager] State transition: IdleState → AmplifyState
[2025-11-18 02:13:26,415] [INFO] [SoundController] Mock: Started playback of "songs/maijam/Earth, Wind & Fire - September (Official HD Video).mp3"
[2025-11-18 02:13:26,416] [DEBUG] [AmplifyState] AmplifyState activated with buttons: [1]
[2025-11-18 02:13:31,265] [DEBUG] [ButtonReader] Button state changed: [(1, 'released')]
[2025-11-18 02:13:31,266] [INFO] [SoundController] Mock: Stopped playback
[2025-11-18 02:13:31,267] [INFO] [GameManager] State transition: AmplifyState → IdleState
[2025-11-18 02:13:31,707] [DEBUG] [ButtonReader] Button state changed: [(1, 'pressed')]
[2025-11-18 02:13:31,708] [DEBUG] [GameManager] Button sequence: 1
[2025-11-18 02:13:31,709] [INFO] [GameManager] State transition: IdleState → AmplifyState
[2025-11-18 02:13:31,721] [INFO] [SoundController] Mock: Started playback of "songs/morning/הבילויים - ניפגש על החוף.mp3"
[2025-11-18 02:13:31,721] [DEBUG] [AmplifyState] AmplifyState activated with buttons: [1]
[2025-11-18 02:13:34,943] [DEBUG] [ButtonReader] Button state changed: [(2, 'pressed')]
[2025-11-18 02:13:34,944] [DEBUG] [GameManager] Button sequence: 12
[2025-11-18 02:13:34,945] [DEBUG] [AmplifyState] AmplifyState button change - currently pressed: [1, 2]
[2025-11-18 02:13:35,546] [DEBUG] [ButtonReader] Button state changed: [(2, 'released')]
[2025-11-18 02:13:35,547] [DEBUG] [AmplifyState] AmplifyState button change - currently pressed: [1]
[2025-11-18 02:13:36,249] [DEBUG] [ButtonReader] Button state changed: [(1, 'released')]
[2025-11-18 02:13:36,250] [INFO] [SoundController] Mock: Stopped playback
[2025-11-18 02:13:36,252] [INFO] [GameManager] State transition: AmplifyState → IdleState
[2025-11-18 02:13:37,536] [DEBUG] [ButtonReader] Button state changed: [(1, 'pressed'), (3, 'pressed')]
[2025-11-18 02:13:37,537] [DEBUG] [GameManager] Button sequence: 13
[2025-11-18 02:13:37,538] [INFO] [GameManager] State transition: IdleState → AmplifyState
[2025-11-18 02:13:37,550] [INFO] [SoundController] Mock: Started playback of "songs/maijam/Boney M. - Rasputin (Sopot Festival 1979).mp3"
[2025-11-18 02:13:37,550] [DEBUG] [AmplifyState] AmplifyState activated with buttons: [1, 3]
[2025-11-18 02:13:37,998] [DEBUG] [ButtonReader] Button state changed: [(1, 'released'), (3, 'released')]
[2025-11-18 02:13:37,999] [INFO] [SoundController] Mock: Stopped playback
[2025-11-18 02:13:38,000] [INFO] [GameManager] State transition: AmplifyState → IdleState
[2025-11-18 02:13:38,943] [DEBUG] [ButtonReader] Button state changed: [(1, 'pressed')]
[2025-11-18 02:13:38,944] [DEBUG] [GameManager] Button sequence: 131
[2025-11-18 02:13:38,945] [INFO] [GameManager] State transition: IdleState → AmplifyState
[2025-11-18 02:13:38,956] [INFO] [SoundController] Mock: Started playback of "songs/maijam/Queen - Don't Stop Me Now (Official Video).mp3"
[2025-11-18 02:13:38,957] [DEBUG] [AmplifyState] AmplifyState activated with buttons: [1]
[2025-11-18 02:13:39,184] [DEBUG] [ButtonReader] Button state changed: [(1, 'released')]
[2025-11-18 02:13:39,185] [INFO] [SoundController] Mock: Stopped playback
[2025-11-18 02:13:39,187] [INFO] [GameManager] State transition: AmplifyState → IdleState
[2025-11-18 02:13:39,245] [DEBUG] [ButtonReader] Button state changed: [(1, 'pressed')]
[2025-11-18 02:13:39,246] [DEBUG] [GameManager] Button sequence: 1311
[2025-11-18 02:13:39,246] [INFO] [GameManager] State transition: IdleState → AmplifyState
[2025-11-18 02:13:39,258] [INFO] [SoundController] Mock: Started playback of "songs/maijam/Boney M. - Rasputin (Sopot Festival 1979).mp3"
[2025-11-18 02:13:39,258] [DEBUG] [AmplifyState] AmplifyState activated with buttons: [1]
[2025-11-18 02:13:39,265] [DEBUG] [ButtonReader] Button state changed: [(4, 'pressed')]
[2025-11-18 02:13:39,266] [DEBUG] [GameManager] Button sequence: 13114
[2025-11-18 02:13:39,266] [DEBUG] [AmplifyState] AmplifyState button change - currently pressed: [1, 4]
[2025-11-18 02:13:39,868] [DEBUG] [ButtonReader] Button state changed: [(4, 'released')]
[2025-11-18 02:13:39,869] [DEBUG] [AmplifyState] AmplifyState button change - currently pressed: [1]
[2025-11-18 02:13:41,214] [DEBUG] [ButtonReader] Button state changed: [(5, 'pressed')]
[2025-11-18 02:13:41,215] [DEBUG] [GameManager] Button sequence: 131145
[2025-11-18 02:13:41,215] [DEBUG] [AmplifyState] AmplifyState button change - currently pressed: [1, 5]
[2025-11-18 02:13:41,676] [DEBUG] [ButtonReader] Button state changed: [(5, 'released')]
[2025-11-18 02:13:41,677] [DEBUG] [AmplifyState] AmplifyState button change - currently pressed: [1]
[2025-11-18 02:13:43,505] [DEBUG] [ButtonReader] Button state changed: [(1, 'released')]
[2025-11-18 02:13:43,506] [INFO] [SoundController] Mock: Stopped playback
[2025-11-18 02:13:43,507] [INFO] [GameManager] State transition: AmplifyState → IdleState
[2025-11-18 02:13:44,169] [DEBUG] [ButtonReader] Button state changed: [(6, 'pressed')]
[2025-11-18 02:13:44,170] [DEBUG] [GameManager] Button sequence: 6
[2025-11-18 02:13:44,171] [INFO] [GameManager] State transition: IdleState → AmplifyState
[2025-11-18 02:13:44,182] [INFO] [SoundController] Mock: Started playback of "songs/maijam/Boney M. - Sunny (Official Audio).mp3"
[2025-11-18 02:13:44,183] [DEBUG] [AmplifyState] AmplifyState activated with buttons: [6]
[2025-11-18 02:13:44,691] [DEBUG] [ButtonReader] Button state changed: [(6, 'released')]
[2025-11-18 02:13:44,692] [INFO] [SoundController] Mock: Stopped playback
[2025-11-18 02:13:44,693] [INFO] [GameManager] State transition: AmplifyState → IdleState
[2025-11-18 02:13:45,877] [DEBUG] [ButtonReader] Button state changed: [(7, 'pressed')]
[2025-11-18 02:13:45,878] [DEBUG] [GameManager] Button sequence: 67
[2025-11-18 02:13:45,879] [INFO] [GameManager] State transition: IdleState → AmplifyState
[2025-11-18 02:13:45,891] [INFO] [SoundController] Mock: Started playback of "songs/maijam/Abba - Money, Money, Money (Official Music Video).mp3"
[2025-11-18 02:13:45,891] [DEBUG] [AmplifyState] AmplifyState activated with buttons: [7]
[2025-11-18 02:13:46,440] [DEBUG] [ButtonReader] Button state changed: [(7, 'released')]
[2025-11-18 02:13:46,441] [INFO] [SoundController] Mock: Stopped playback
[2025-11-18 02:13:46,442] [INFO] [GameManager] State transition: AmplifyState → IdleState
[2025-11-18 02:13:48,048] [DEBUG] [ButtonReader] Button state changed: [(8, 'pressed')]
[2025-11-18 02:13:48,049] [DEBUG] [GameManager] Button sequence: 8
[2025-11-18 02:13:48,050] [INFO] [GameManager] State transition: IdleState → AmplifyState
[2025-11-18 02:13:48,062] [INFO] [SoundController] Mock: Started playback of "songs/morning/Aqua - Good Morning Sunshine.mp3"
[2025-11-18 02:13:48,063] [DEBUG] [AmplifyState] AmplifyState activated with buttons: [8]
[2025-11-18 02:13:48,671] [DEBUG] [ButtonReader] Button state changed: [(8, 'released')]
[2025-11-18 02:13:48,672] [INFO] [SoundController] Mock: Stopped playback
[2025-11-18 02:13:48,674] [INFO] [GameManager] State transition: AmplifyState → IdleState
[2025-11-18 02:16:55,311] [INFO] [GameManager] Game stopped by user (Ctrl+C)
[2025-11-18 02:16:55,322] [INFO] [GameManager] Game stopped
[2025-11-18 02:16:55,323] [INFO] [Amplifier] ✅ HumanAmplifier system shut down
