[2025-11-20 01:30:10,889] [INFO] [Amplifier] 🎵 HUMAN AMPLIFIER INTERACTIVE SYSTEM
[2025-11-20 01:30:10,890] [INFO] [Amplifier] Button configuration: 10 buttons on GPIO [6, 5, 22, 17, 4, 23, 24, 25, 16, 20]
[2025-11-20 01:30:10,891] [INFO] [Amplifier] LED configuration: 2 strips
[2025-11-20 01:30:10,891] [INFO] [Amplifier]   Strip 1: 300 LEDs on GPIO 21
[2025-11-20 01:30:10,891] [INFO] [Amplifier]   Strip 2: 293 LEDs on GPIO 18
[2025-11-20 01:30:10,892] [INFO] [Amplifier] Game settings: 20ms frame duration (50.0 FPS)
[2025-11-20 01:30:10,893] [INFO] [Amplifier] Button sample rate: 200Hz
[2025-11-20 01:30:10,893] [INFO] [Amplifier] Audio folder: songs
[2025-11-20 01:30:10,894] [INFO] [Amplifier] Schedule: 2 daily, 1 special entries
[2025-11-20 01:30:10,894] [INFO] [ButtonReader] GPIO sampler initialized: 10 pins (no pulls)
[2025-11-20 01:30:10,895] [INFO] [ButtonReader] Pin mapping: Btn0=GPIO6, Btn1=GPIO5, Btn2=GPIO22, Btn3=GPIO17, Btn4=GPIO4, Btn5=GPIO23, Btn6=GPIO24, Btn7=GPIO25, Btn8=GPIO16, Btn9=GPIO20
[2025-11-20 01:30:10,895] [INFO] [ButtonReader] 🎮 Keyboard debug enabled: Press digit keys 0-9 to toggle buttons (works over SSH)
[2025-11-20 01:30:10,896] [INFO] [ButtonReader]    Each keypress toggles button ON/OFF
[2025-11-20 01:30:10,896] [INFO] [ButtonReader] ButtonReader initialized with 10 buttons
[2025-11-20 01:30:10,897] [INFO] [SongLibrary] Creating song codes dictionary
[2025-11-20 01:30:12,971] [INFO] [SongLibrary] Loaded 547 song codes from 10 collections
[2025-11-20 01:30:12,972] [INFO] [SongLibrary] Collections updated: ['CLASSIC', 'FESTIGAL', 'MORNING', 'PARTY', 'DISNEY', 'SPANISH', 'VIRAL', 'GENERAL', 'MAIJAM', 'TV']
[2025-11-20 01:30:21,202] [INFO] [SoundController] Sound controller initialized - mixer ready, first song will load on demand
[2025-11-20 01:30:21,243] [INFO] [GameManager] GameManager initialized: 20ms frame duration, 2 LED strips
[2025-11-20 01:30:21,244] [INFO] [Amplifier] HumanAmplifier system initialized successfully
[2025-11-20 01:30:21,244] [INFO] [Amplifier] Hardware: 10 buttons, 2 LED strips, 20ms frame duration
[2025-11-20 01:30:21,245] [INFO] [Amplifier] Audio system: {'songs_folder': 'songs', 'all_collections': ['CLASSIC', 'FESTIGAL', 'MORNING', 'PARTY', 'DISNEY', 'SPANISH', 'VIRAL', 'GENERAL', 'MAIJAM', 'TV'], 'total_codes': 547, 'daily_schedule_entries': 2, 'special_schedule_entries': 1}
[2025-11-20 01:30:21,245] [INFO] [Amplifier] Sound controller initialized successfully
[2025-11-20 01:30:21,246] [INFO] [Amplifier] ✅ System initialized successfully!
[2025-11-20 01:30:21,246] [INFO] [Amplifier] Hardware status: 10 buttons, 2 LED strips
[2025-11-20 01:30:21,246] [INFO] [Amplifier]   Strip 1: 300 LEDs active
[2025-11-20 01:30:21,247] [INFO] [Amplifier]   Strip 2: 293 LEDs active
[2025-11-20 01:30:21,247] [INFO] [Amplifier] Audio system: 547 song codes, 12 sound effects
[2025-11-20 01:30:21,247] [INFO] [Amplifier] Available collections: CLASSIC, FESTIGAL, MORNING, PARTY, DISNEY, SPANISH, VIRAL, GENERAL, MAIJAM, TV
[2025-11-20 01:30:21,248] [INFO] [Amplifier] 🚀 Starting HumanAmplifier system...
[2025-11-20 01:30:21,248] [INFO] [GameManager] Starting game loop with 20ms frame duration
[2025-11-20 01:30:21,251] [INFO] [GameManager] 💾 Memory - Process: 86.3MB | System: 263/907MB (29.0%, 644MB free) | ⚙️  CPU - Process: 0.0% | System: 27.7% | Cores: [3%, 99%, 4%, 3%]
[2025-11-20 01:30:23,640] [INFO] [ButtonReader] Keyboard: Button 4 toggled ON (key '4')
[2025-11-20 01:30:23,641] [INFO] [GameManager] State transition: IdleState → AmplifyState
[2025-11-20 01:30:23,652] [INFO] [SoundController] Song "ראש בראש.mp3" was randomly started
[2025-11-20 01:30:23,774] [INFO] [GameManager] State transition: AmplifyState → IdleState
[2025-11-20 01:30:25,129] [INFO] [ButtonReader] Keyboard: Button 4 toggled OFF (key '4')
[2025-11-20 01:30:26,213] [INFO] [ButtonReader] Keyboard: Button 3 toggled ON (key '3')
[2025-11-20 01:30:26,227] [INFO] [GameManager] State transition: IdleState → AmplifyState
[2025-11-20 01:30:26,246] [INFO] [SoundController] Song "טלויזיה - בילבי.mp3" was randomly started
[2025-11-20 01:30:28,879] [INFO] [ButtonReader] Keyboard: Button 2 toggled ON (key '2')
[2025-11-20 01:30:35,760] [INFO] [ButtonReader] Keyboard: Button 5 toggled ON (key '5')
[2025-11-20 01:30:36,668] [INFO] [ButtonReader] Keyboard: Button 6 toggled ON (key '6')
[2025-11-20 01:30:37,577] [INFO] [ButtonReader] Keyboard: Button 7 toggled ON (key '7')
[2025-11-20 01:31:21,252] [INFO] [GameManager] 💾 Memory - Process: 86.4MB | System: 242/907MB (26.6%, 665MB free) | ⚙️  CPU - Process: 18.1% | System: 7.4% | Cores: [8%, 5%, 9%, 7%]
[2025-11-20 01:31:26,226] [INFO] [GameManager] State transition: AmplifyState → IdleState
[2025-11-20 01:31:31,287] [CRITICAL] [Amplifier] ⚠️  SIGNAL RECEIVED: 2 - Process terminating
[2025-11-20 01:31:31,288] [CRITICAL] [Amplifier] Emergency flush triggered
[2025-11-20 01:31:31,517] [INFO] [SoundController] Sound controller cleaned up successfully
[2025-11-20 01:31:31,527] [INFO] [GameManager] Game stopped
[2025-11-20 01:31:31,528] [INFO] [Amplifier] ✅ HumanAmplifier system shut down
