[2025-11-19 20:57:07,923] [INFO] [Amplifier] 🎵 HUMAN AMPLIFIER INTERACTIVE SYSTEM
[2025-11-19 20:57:07,924] [INFO] [Amplifier] Button configuration: 10 buttons on GPIO [6, 5, 22, 17, 4, 23, 24, 25, 16, 20]
[2025-11-19 20:57:07,924] [INFO] [Amplifier] LED configuration: 2 strips
[2025-11-19 20:57:07,925] [INFO] [Amplifier]   Strip 1: 300 LEDs on GPIO 21
[2025-11-19 20:57:07,925] [INFO] [Amplifier]   Strip 2: 300 LEDs on GPIO 18
[2025-11-19 20:57:07,926] [INFO] [Amplifier] Game settings: 20ms frame duration (50.0 FPS)
[2025-11-19 20:57:07,926] [INFO] [Amplifier] Button sample rate: 200Hz
[2025-11-19 20:57:07,927] [INFO] [Amplifier] Audio folder: songs
[2025-11-19 20:57:07,927] [INFO] [Amplifier] Schedule: 2 daily, 1 special entries
[2025-11-19 20:57:07,928] [INFO] [ButtonReader] GPIO sampler initialized: 10 pins (no pulls)
[2025-11-19 20:57:07,928] [INFO] [ButtonReader] Pin mapping: Btn0=GPIO6, Btn1=GPIO5, Btn2=GPIO22, Btn3=GPIO17, Btn4=GPIO4, Btn5=GPIO23, Btn6=GPIO24, Btn7=GPIO25, Btn8=GPIO16, Btn9=GPIO20
[2025-11-19 20:57:07,929] [INFO] [ButtonReader] 🎮 Keyboard debug enabled: Press digit keys 0-9 to toggle buttons (works over SSH)
[2025-11-19 20:57:07,929] [INFO] [ButtonReader]    Each keypress toggles button ON/OFF
[2025-11-19 20:57:07,930] [INFO] [ButtonReader] ButtonReader initialized with 10 buttons
[2025-11-19 20:57:07,931] [INFO] [SongLibrary] Creating song codes dictionary
[2025-11-19 20:57:09,951] [INFO] [SongLibrary] Loaded 549 song codes from 10 collections
[2025-11-19 20:57:09,952] [INFO] [SongLibrary] Collections updated: ['MAIJAM']
[2025-11-19 20:57:11,794] [INFO] [GameManager] GameManager initialized: 20ms frame duration, 2 LED strips
[2025-11-19 20:57:11,795] [INFO] [Amplifier] HumanAmplifier system initialized successfully
[2025-11-19 20:57:11,795] [INFO] [Amplifier] Hardware: 10 buttons, 2 LED strips, 20ms frame duration
[2025-11-19 20:57:11,795] [INFO] [Amplifier] Audio system: {'songs_folder': 'songs', 'all_collections': ['MORNING', 'SPANISH', 'MAIJAM', 'VIRAL', 'GENERAL', 'FESTIGAL', 'CLASSIC', 'DISNEY', 'PARTY', 'TV'], 'total_codes': 549, 'daily_schedule_entries': 2, 'special_schedule_entries': 1}
[2025-11-19 20:57:11,796] [INFO] [Amplifier] Sound controller initialized successfully
[2025-11-19 20:57:11,796] [INFO] [Amplifier] ✅ System initialized successfully!
[2025-11-19 20:57:11,796] [INFO] [Amplifier] Hardware status: 10 buttons, 2 LED strips
[2025-11-19 20:57:11,797] [INFO] [Amplifier]   Strip 1: 300 LEDs active
[2025-11-19 20:57:11,797] [INFO] [Amplifier]   Strip 2: 300 LEDs active
[2025-11-19 20:57:11,798] [INFO] [Amplifier] Audio system: 549 song codes, 12 sound effects
[2025-11-19 20:57:11,798] [INFO] [Amplifier] Available collections: MORNING, SPANISH, MAIJAM, VIRAL, GENERAL, FESTIGAL, CLASSIC, DISNEY, PARTY, TV
[2025-11-19 20:57:11,798] [INFO] [Amplifier] 🚀 Starting HumanAmplifier system...
[2025-11-19 20:57:11,799] [INFO] [GameManager] Starting game loop with 20ms frame duration
[2025-11-19 20:57:11,800] [INFO] [GameManager] 💾 Memory - Process: 81.8MB | System: 263/907MB (29.0%, 644MB free)
[2025-11-19 20:57:16,807] [INFO] [ButtonReader] Keyboard: Button 1 toggled ON (key '1')
[2025-11-19 20:57:16,809] [INFO] [GameManager] State transition: IdleState → AmplifyState
[2025-11-19 20:57:16,822] [INFO] [SoundController] Song "Dua Lipa - Levitating Featuring DaBaby (Official Music Video).mp3" was randomly started
[2025-11-19 20:57:18,316] [INFO] [ButtonReader] Keyboard: Button 1 toggled OFF (key '1')
[2025-11-19 20:57:18,318] [INFO] [GameManager] State transition: AmplifyState → IdleState
[2025-11-19 20:57:20,386] [CRITICAL] [Amplifier] ⚠️  SIGNAL RECEIVED: 2 - Process terminating
[2025-11-19 20:57:20,387] [CRITICAL] [Amplifier] Emergency flush triggered
[2025-11-19 20:57:20,402] [INFO] [GameManager] Game stopped
[2025-11-19 20:57:20,402] [INFO] [Amplifier] ✅ HumanAmplifier system shut down
