[2025-11-18 03:21:36,748] [INFO] [Amplifier] 🎵 HUMAN AMPLIFIER INTERACTIVE SYSTEM
[2025-11-18 03:21:36,749] [INFO] [Amplifier] Button configuration: 10 buttons on GPIO [6, 5, 22, 17, 4, 23, 24, 25, 16, 20]
[2025-11-18 03:21:36,749] [INFO] [Amplifier] LED configuration: 2 strips
[2025-11-18 03:21:36,749] [INFO] [Amplifier]   Strip 1: 300 LEDs on GPIO 21
[2025-11-18 03:21:36,750] [INFO] [Amplifier]   Strip 2: 300 LEDs on GPIO 18
[2025-11-18 03:21:36,750] [INFO] [Amplifier] Game settings: 20ms frame duration (50.0 FPS)
[2025-11-18 03:21:36,751] [INFO] [Amplifier] Button sample rate: 200Hz
[2025-11-18 03:21:36,751] [INFO] [Amplifier] Audio folder: songs
[2025-11-18 03:21:36,751] [INFO] [Amplifier] Schedule: 2 daily, 1 special entries
[2025-11-18 03:21:36,752] [INFO] [ButtonReader] GPIO sampler initialized: 10 pins (no pulls)
[2025-11-18 03:21:36,752] [INFO] [ButtonReader] Pin mapping: Btn0=GPIO6, Btn1=GPIO5, Btn2=GPIO22, Btn3=GPIO17, Btn4=GPIO4, Btn5=GPIO23, Btn6=GPIO24, Btn7=GPIO25, Btn8=GPIO16, Btn9=GPIO20
[2025-11-18 03:21:36,753] [INFO] [ButtonReader] 🎮 Keyboard debug enabled: Press digit keys 0-9 to toggle buttons (works over SSH)
[2025-11-18 03:21:36,753] [INFO] [ButtonReader]    Each keypress toggles button ON/OFF
[2025-11-18 03:21:36,754] [INFO] [ButtonReader] ButtonReader initialized with 10 buttons
[2025-11-18 03:21:36,754] [INFO] [SongLibrary] Creating song codes dictionary
[2025-11-18 03:21:37,030] [INFO] [SongLibrary] Loaded 0 song codes from 2 collections
[2025-11-18 03:21:37,031] [INFO] [SongLibrary] Collections updated: ['MAIJAM', 'MORNING']
[2025-11-18 03:21:37,032] [INFO] [Amplifier] 🔇 Using MockSoundController (audio hardware disabled)
[2025-11-18 03:21:37,033] [INFO] [SoundController] 🔇 MockSoundController initialized (audio disabled)
[2025-11-18 03:21:37,037] [INFO] [GameManager] GameManager initialized: 20ms frame duration, 2 LED strips
[2025-11-18 03:21:37,037] [INFO] [Amplifier] HumanAmplifier system initialized successfully
[2025-11-18 03:21:37,038] [INFO] [Amplifier] Hardware: 10 buttons, 2 LED strips, 20ms frame duration
[2025-11-18 03:21:37,038] [INFO] [Amplifier] Audio system: {'songs_folder': 'songs', 'all_collections': ['MAIJAM', 'MORNING'], 'total_codes': 0, 'daily_schedule_entries': 2, 'special_schedule_entries': 1}
[2025-11-18 03:21:37,039] [INFO] [Amplifier] Sound controller initialized successfully
[2025-11-18 03:21:37,039] [INFO] [Amplifier] ✅ System initialized successfully!
[2025-11-18 03:21:37,039] [INFO] [Amplifier] Hardware status: 10 buttons, 2 LED strips
[2025-11-18 03:21:37,040] [INFO] [Amplifier]   Strip 1: 300 LEDs active
[2025-11-18 03:21:37,040] [INFO] [Amplifier]   Strip 2: 300 LEDs active
[2025-11-18 03:21:37,041] [INFO] [Amplifier] Audio system: 0 song codes, 0 sound effects
[2025-11-18 03:21:37,041] [INFO] [Amplifier] Available collections: MAIJAM, MORNING
[2025-11-18 03:21:37,041] [INFO] [Amplifier] 🚀 Starting HumanAmplifier system...
[2025-11-18 03:21:37,042] [INFO] [GameManager] Starting game loop with 20ms frame duration
[2025-11-18 03:21:41,602] [INFO] [ButtonReader] Keyboard: Button 1 toggled ON (key '1')
[2025-11-18 03:21:41,603] [DEBUG] [ButtonReader] Button state changed: [(1, 'pressed')]
[2025-11-18 03:21:41,604] [DEBUG] [GameManager] Button sequence: 1
[2025-11-18 03:21:41,604] [INFO] [GameManager] State transition: IdleState → AmplifyState
[2025-11-18 03:21:41,618] [INFO] [SoundController] Mock: Started playback of "songs/maijam/Queen - Don't Stop Me Now (Official Video).mp3"
[2025-11-18 03:21:41,619] [DEBUG] [AmplifyState] AmplifyState activated with buttons: [1]
[2025-11-18 03:21:41,944] [INFO] [ButtonReader] Keyboard: Button 1 toggled OFF (key '1')
[2025-11-18 03:21:41,945] [DEBUG] [ButtonReader] Button state changed: [(1, 'released')]
[2025-11-18 03:21:41,946] [INFO] [SoundController] Mock: Stopped playback
[2025-11-18 03:21:41,947] [INFO] [GameManager] State transition: AmplifyState → IdleState
[2025-11-18 03:21:42,346] [INFO] [ButtonReader] Keyboard: Button 1 toggled ON (key '1')
[2025-11-18 03:21:42,347] [DEBUG] [ButtonReader] Button state changed: [(1, 'pressed')]
[2025-11-18 03:21:42,348] [DEBUG] [GameManager] Button sequence: 11
[2025-11-18 03:21:42,349] [INFO] [GameManager] State transition: IdleState → AmplifyState
[2025-11-18 03:21:42,360] [INFO] [SoundController] Mock: Started playback of "songs/maijam/Baccara - Yes Sir, I Can Boogie (Starparade 02.06.1977).mp3"
[2025-11-18 03:21:42,361] [DEBUG] [AmplifyState] AmplifyState activated with buttons: [1]
[2025-11-18 03:21:42,829] [INFO] [ButtonReader] Keyboard: Button 1 toggled OFF (key '1')
[2025-11-18 03:21:42,830] [DEBUG] [ButtonReader] Button state changed: [(1, 'released')]
[2025-11-18 03:21:42,831] [INFO] [SoundController] Mock: Stopped playback
[2025-11-18 03:21:42,832] [INFO] [GameManager] State transition: AmplifyState → IdleState
[2025-11-18 03:21:43,512] [INFO] [ButtonReader] Keyboard: Button 1 toggled ON (key '1')
[2025-11-18 03:21:43,513] [DEBUG] [ButtonReader] Button state changed: [(1, 'pressed')]
[2025-11-18 03:21:43,514] [DEBUG] [GameManager] Button sequence: 111
[2025-11-18 03:21:43,515] [INFO] [GameManager] Triple 1 detected - entering code mode!
[2025-11-18 03:21:43,515] [INFO] [GameManager] State transition: IdleState → CodeModeState
[2025-11-18 03:21:43,516] [DEBUG] [ButtonReader] Button 1 will be ignored until released
[2025-11-18 03:21:43,527] [INFO] [SoundController] Mock: Playing special music sounds/sheshtus_long_voice.mp3 at volume 0.6
[2025-11-18 03:21:43,528] [INFO] [CodeModeState] Entered code mode - awaiting 5-digit code
[2025-11-18 03:21:44,759] [INFO] [ButtonReader] Keyboard: Button 1 toggled OFF (key '1')
[2025-11-18 03:21:44,760] [DEBUG] [ButtonReader] Button 1 released, no longer ignored
[2025-11-18 03:21:45,563] [INFO] [ButtonReader] Keyboard: Button 1 toggled ON (key '1')
[2025-11-18 03:21:45,564] [DEBUG] [ButtonReader] Button state changed: [(1, 'pressed')]
[2025-11-18 03:21:45,565] [DEBUG] [GameManager] Button sequence: 1
[2025-11-18 03:21:46,930] [INFO] [ButtonReader] Keyboard: Button 2 toggled ON (key '2')
[2025-11-18 03:21:46,931] [DEBUG] [ButtonReader] Button state changed: [(2, 'pressed')]
[2025-11-18 03:21:46,932] [DEBUG] [GameManager] Button sequence: 12
[2025-11-18 03:21:47,794] [INFO] [ButtonReader] Keyboard: Button 3 toggled ON (key '3')
[2025-11-18 03:21:47,795] [DEBUG] [ButtonReader] Button state changed: [(3, 'pressed')]
[2025-11-18 03:21:47,795] [DEBUG] [GameManager] Button sequence: 123
[2025-11-18 03:21:47,796] [INFO] [CodeModeState] Code entered: 123
[2025-11-18 03:21:47,797] [INFO] [CodeModeState] Code mode failed: Invalid code: 123
[2025-11-18 03:21:47,797] [INFO] [SoundController] Mock: Stopped playback
[2025-11-18 03:21:47,797] [DEBUG] [ButtonReader] Button 1 will be ignored until released
[2025-11-18 03:21:47,798] [DEBUG] [ButtonReader] Button 2 will be ignored until released
[2025-11-18 03:21:47,798] [DEBUG] [ButtonReader] Button 3 will be ignored until released
[2025-11-18 03:21:47,799] [INFO] [GameManager] State transition: CodeModeState → IdleState
[2025-11-18 03:24:43,217] [INFO] [GameManager] Game stopped by user (Ctrl+C)
[2025-11-18 03:24:43,228] [INFO] [GameManager] Game stopped
[2025-11-18 03:24:43,228] [INFO] [Amplifier] ✅ HumanAmplifier system shut down
