[2025-11-14 18:15:51,559] [INFO] [Amplifier] 🎵 HUMAN AMPLIFIER INTERACTIVE SYSTEM
[2025-11-14 18:15:51,560] [INFO] [Amplifier] Button configuration: 3 buttons on GPIO [5, 6, 17]
[2025-11-14 18:15:51,560] [INFO] [Amplifier] LED configuration: 2 strips
[2025-11-14 18:15:51,561] [INFO] [Amplifier]   Strip 1: 300 LEDs on GPIO 21
[2025-11-14 18:15:51,561] [INFO] [Amplifier]   Strip 2: 300 LEDs on GPIO 18
[2025-11-14 18:15:51,562] [INFO] [Amplifier] Game settings: 20ms frame duration (50.0 FPS)
[2025-11-14 18:15:51,562] [INFO] [Amplifier] Button sample rate: 200Hz
[2025-11-14 18:15:51,563] [INFO] [Amplifier] Audio folder: songs
[2025-11-14 18:15:51,563] [INFO] [Amplifier] Schedule: 2 daily, 1 special entries
[2025-11-14 18:15:52,379] [INFO] [ButtonReader] GPIO setup complete: 3 pins, no pulls
[2025-11-14 18:15:52,379] [INFO] [ButtonReader] ButtonReader initialized with 3 buttons
[2025-11-14 18:15:52,380] [INFO] [ButtonReader] Button mapping: Button0=GPIO5, Button1=GPIO6, Button2=GPIO17
[2025-11-14 18:15:52,384] [INFO] [SongLibrary] Creating song codes dictionary
[2025-11-14 18:15:52,678] [INFO] [SongLibrary] Loaded 0 song codes from 2 collections
[2025-11-14 18:15:52,679] [INFO] [SongLibrary] Collections updated: ['MAIJAM']
[2025-11-14 18:15:52,892] [INFO] [GameManager] GameManager initialized: 20ms frame duration, 2 LED strips
[2025-11-14 18:15:52,893] [INFO] [Amplifier] HumanAmplifier system initialized successfully
[2025-11-14 18:15:52,893] [INFO] [Amplifier] Hardware: 3 buttons, 2 LED strips, 20ms frame duration
[2025-11-14 18:15:52,893] [INFO] [Amplifier] Audio system: {'songs_folder': 'songs', 'all_collections': ['MORNING', 'MAIJAM'], 'total_codes': 0, 'daily_schedule_entries': 2, 'special_schedule_entries': 1}
[2025-11-14 18:15:52,894] [INFO] [Amplifier] Sound controller initialized successfully
[2025-11-14 18:15:52,894] [INFO] [Amplifier] ✅ System initialized successfully!
[2025-11-14 18:15:52,894] [INFO] [Amplifier] Hardware status: 3 buttons, 2 LED strips
[2025-11-14 18:15:52,894] [INFO] [Amplifier]   Strip 1: 300 LEDs active
[2025-11-14 18:15:52,894] [INFO] [Amplifier]   Strip 2: 300 LEDs active
[2025-11-14 18:15:52,895] [INFO] [Amplifier] Audio system: 0 song codes, 9 sound effects
[2025-11-14 18:15:52,895] [INFO] [Amplifier] Available collections: MORNING, MAIJAM
[2025-11-14 18:15:52,895] [INFO] [Amplifier] 🚀 Starting HumanAmplifier system...
[2025-11-14 18:15:52,895] [INFO] [GameManager] Starting game loop with 20ms frame duration
[2025-11-14 18:16:22,439] [INFO] [GameManager] Game stopped by user (Ctrl+C)
[2025-11-14 18:16:22,458] [INFO] [GameManager] Game stopped
[2025-11-14 18:16:22,459] [INFO] [Amplifier] ✅ HumanAmplifier system shut down
