[2025-11-14 20:46:31,367] [INFO] [Amplifier] 🎵 HUMAN AMPLIFIER INTERACTIVE SYSTEM
[2025-11-14 20:46:31,368] [INFO] [Amplifier] Button configuration: 3 buttons on GPIO [5, 6, 17]
[2025-11-14 20:46:31,368] [INFO] [Amplifier] LED configuration: 2 strips
[2025-11-14 20:46:31,368] [INFO] [Amplifier]   Strip 1: 300 LEDs on GPIO 21
[2025-11-14 20:46:31,369] [INFO] [Amplifier]   Strip 2: 300 LEDs on GPIO 18
[2025-11-14 20:46:31,369] [INFO] [Amplifier] Game settings: 20ms frame duration (50.0 FPS)
[2025-11-14 20:46:31,369] [INFO] [Amplifier] Button sample rate: 200Hz
[2025-11-14 20:46:31,369] [INFO] [Amplifier] Audio folder: songs
[2025-11-14 20:46:31,369] [INFO] [Amplifier] Schedule: 2 daily, 1 special entries
[2025-11-14 20:46:33,353] [INFO] [ButtonReader] GPIO setup complete: 3 pins, no pulls
[2025-11-14 20:46:33,354] [INFO] [ButtonReader] ButtonReader initialized with 3 buttons
[2025-11-14 20:46:33,355] [INFO] [ButtonReader] Button mapping: Button0=GPIO5, Button1=GPIO6, Button2=GPIO17
[2025-11-14 20:46:33,358] [INFO] [SongLibrary] Creating song codes dictionary
[2025-11-14 20:46:33,651] [INFO] [SongLibrary] Loaded 1 song codes from 2 collections
[2025-11-14 20:46:33,652] [INFO] [SongLibrary] Collections updated: ['MAIJAM']
[2025-11-14 20:46:33,866] [INFO] [GameManager] GameManager initialized: 20ms frame duration, 2 LED strips
[2025-11-14 20:46:33,866] [INFO] [Amplifier] HumanAmplifier system initialized successfully
[2025-11-14 20:46:33,867] [INFO] [Amplifier] Hardware: 3 buttons, 2 LED strips, 20ms frame duration
[2025-11-14 20:46:33,867] [INFO] [Amplifier] Audio system: {'songs_folder': 'songs', 'all_collections': ['MAIJAM', 'MORNING'], 'total_codes': 1, 'daily_schedule_entries': 2, 'special_schedule_entries': 1}
[2025-11-14 20:46:33,868] [INFO] [Amplifier] Sound controller initialized successfully
[2025-11-14 20:46:33,868] [INFO] [Amplifier] ✅ System initialized successfully!
[2025-11-14 20:46:33,869] [INFO] [Amplifier] Hardware status: 3 buttons, 2 LED strips
[2025-11-14 20:46:33,869] [INFO] [Amplifier]   Strip 1: 300 LEDs active
[2025-11-14 20:46:33,869] [INFO] [Amplifier]   Strip 2: 300 LEDs active
[2025-11-14 20:46:33,870] [INFO] [Amplifier] Audio system: 1 song codes, 10 sound effects
[2025-11-14 20:46:33,870] [INFO] [Amplifier] Available collections: MAIJAM, MORNING
[2025-11-14 20:46:33,871] [INFO] [Amplifier] 🚀 Starting HumanAmplifier system...
[2025-11-14 20:46:33,871] [INFO] [GameManager] Starting game loop with 20ms frame duration
[2025-11-14 20:46:38,635] [DEBUG] [ButtonReader] Button state changed: [(1, 'pressed')]
[2025-11-14 20:46:38,636] [DEBUG] [GameManager] Button sequence: 1
[2025-11-14 20:46:38,636] [INFO] [GameManager] State transition: IdleState → AmplifyState
[2025-11-14 20:46:38,648] [INFO] [SoundController] Song "Queen - I Want to Break Free (Official Lyric Video).mp3" was randomly started
[2025-11-14 20:46:38,649] [DEBUG] [AmplifyState] AmplifyState activated with buttons: [1]
[2025-11-14 20:46:42,029] [DEBUG] [ButtonReader] Button state changed: [(2, 'pressed')]
[2025-11-14 20:46:42,030] [DEBUG] [GameManager] Button sequence: 12
[2025-11-14 20:46:42,032] [DEBUG] [AmplifyState] AmplifyState button change - currently pressed: [1, 2]
[2025-11-14 20:46:45,201] [DEBUG] [ButtonReader] Button state changed: [(1, 'released')]
[2025-11-14 20:46:45,202] [DEBUG] [AmplifyState] AmplifyState button change - currently pressed: [2]
[2025-11-14 20:46:45,422] [DEBUG] [ButtonReader] Button state changed: [(2, 'released')]
[2025-11-14 20:46:45,423] [INFO] [GameManager] State transition: AmplifyState → IdleState
[2025-11-14 20:46:49,519] [DEBUG] [ButtonReader] Button state changed: [(1, 'pressed')]
[2025-11-14 20:46:49,519] [DEBUG] [GameManager] Button sequence: 1
[2025-11-14 20:46:49,520] [INFO] [GameManager] State transition: IdleState → AmplifyState
[2025-11-14 20:46:49,531] [INFO] [SoundController] Song "Boney M. - Rasputin (Sopot Festival 1979).mp3" was randomly started
[2025-11-14 20:46:49,531] [DEBUG] [AmplifyState] AmplifyState activated with buttons: [1]
[2025-11-14 20:46:49,860] [DEBUG] [ButtonReader] Button state changed: [(1, 'released')]
[2025-11-14 20:46:49,862] [INFO] [GameManager] State transition: AmplifyState → IdleState
[2025-11-14 20:46:50,001] [DEBUG] [ButtonReader] Button state changed: [(1, 'pressed')]
[2025-11-14 20:46:50,002] [DEBUG] [GameManager] Button sequence: 11
[2025-11-14 20:46:50,003] [INFO] [GameManager] State transition: IdleState → AmplifyState
[2025-11-14 20:46:50,013] [INFO] [SoundController] Song "Queen - Don't Stop Me Now (Official Video).mp3" was randomly started
[2025-11-14 20:46:50,014] [DEBUG] [AmplifyState] AmplifyState activated with buttons: [1]
[2025-11-14 20:46:50,202] [DEBUG] [ButtonReader] Button state changed: [(1, 'released')]
[2025-11-14 20:46:50,203] [INFO] [GameManager] State transition: AmplifyState → IdleState
[2025-11-14 20:46:50,363] [DEBUG] [ButtonReader] Button state changed: [(1, 'pressed')]
[2025-11-14 20:46:50,364] [DEBUG] [GameManager] Button sequence: 111
[2025-11-14 20:46:50,365] [INFO] [GameManager] Triple 1 detected - entering code mode!
[2025-11-14 20:46:50,366] [INFO] [GameManager] State transition: IdleState → CodeModeState
[2025-11-14 20:46:50,367] [DEBUG] [ButtonReader] Button 1 will be ignored until released
[2025-11-14 20:46:50,378] [INFO] [CodeModeState] Entered code mode - awaiting 5-digit code
[2025-11-14 20:46:50,585] [DEBUG] [ButtonReader] Button 1 released, no longer ignored
[2025-11-14 20:46:58,493] [DEBUG] [ButtonReader] Button state changed: [(1, 'pressed')]
[2025-11-14 20:46:58,494] [DEBUG] [GameManager] Button sequence: 1
[2025-11-14 20:46:59,899] [DEBUG] [ButtonReader] Button state changed: [(2, 'pressed')]
[2025-11-14 20:46:59,900] [DEBUG] [GameManager] Button sequence: 12
[2025-11-14 20:47:02,048] [DEBUG] [ButtonReader] Button state changed: [(0, 'pressed')]
[2025-11-14 20:47:02,049] [DEBUG] [GameManager] Button sequence: 120
[2025-11-14 20:47:02,049] [INFO] [CodeModeState] Code entered: 120
[2025-11-14 20:47:02,049] [INFO] [CodeModeState] Valid code! Transitioning to CodeRevealState
[2025-11-14 20:47:02,050] [DEBUG] [ButtonReader] Button 0 will be ignored until released
[2025-11-14 20:47:02,051] [DEBUG] [ButtonReader] Button 1 will be ignored until released
[2025-11-14 20:47:02,051] [DEBUG] [ButtonReader] Button 2 will be ignored until released
[2025-11-14 20:47:02,051] [INFO] [GameManager] State transition: CodeModeState → CodeRevealState
[2025-11-14 20:47:02,062] [INFO] [CodeRevealState] Code reveal started for code: 120
[2025-11-14 20:47:02,891] [DEBUG] [CodeRevealState] CODE_SOUND finished, playing ONE_TWO_THREE sound
[2025-11-14 20:47:03,012] [DEBUG] [ButtonReader] Button 0 released, no longer ignored
[2025-11-14 20:47:04,082] [DEBUG] [ButtonReader] Button 1 released, no longer ignored
[2025-11-14 20:47:04,183] [DEBUG] [ButtonReader] Button 2 released, no longer ignored
[2025-11-14 20:47:05,990] [INFO] [CodeRevealState] Loading song by code: 120
[2025-11-14 20:47:05,992] [INFO] [SoundController] Playing song by code 120: "The Offspring - Pretty Fly (For A White Guy) (Official Music Video) [QtTR-_Klcq8].mp3"
[2025-11-14 20:47:05,992] [INFO] [CodeRevealState] Song loaded successfully, transitioning to PartyState
[2025-11-14 20:47:05,992] [INFO] [GameManager] State transition: CodeRevealState → PartyState
[2025-11-14 20:47:06,003] [INFO] [PartyState] 🎉 PARTY MODE ACTIVATED!
[2025-11-14 20:47:14,740] [INFO] [GameManager] Game stopped by user (Ctrl+C)
[2025-11-14 20:47:14,755] [INFO] [GameManager] Game stopped
[2025-11-14 20:47:14,756] [INFO] [Amplifier] ✅ HumanAmplifier system shut down
