[2025-11-10 01:27:31,728] [INFO] [Amplifier] 🎵 HUMAN AMPLIFIER INTERACTIVE SYSTEM
[2025-11-10 01:27:31,729] [INFO] [Amplifier] Button configuration: 3 buttons on GPIO [4, 5, 22]
[2025-11-10 01:27:31,730] [INFO] [Amplifier] LED configuration: 2 strips
[2025-11-10 01:27:31,730] [INFO] [Amplifier]   Strip 1: 300 LEDs on GPIO 18
[2025-11-10 01:27:31,731] [INFO] [Amplifier]   Strip 2: 300 LEDs on GPIO 21
[2025-11-10 01:27:31,731] [INFO] [Amplifier] Game settings: 20ms frame duration (50.0 FPS)
[2025-11-10 01:27:31,732] [INFO] [Amplifier] Button sample rate: 200Hz
[2025-11-10 01:27:31,732] [INFO] [Amplifier] Audio folder: songs
[2025-11-10 01:27:31,733] [INFO] [Amplifier] Schedule: 2 daily, 1 special entries
[2025-11-10 01:27:32,841] [INFO] [ButtonReader] GPIO setup complete: 3 pins, no pulls
[2025-11-10 01:27:32,842] [INFO] [ButtonReader] ButtonReader initialized with 3 buttons
[2025-11-10 01:27:32,842] [INFO] [ButtonReader] Button mapping: Button0=GPIO4, Button1=GPIO5, Button2=GPIO22
[2025-11-10 01:27:32,846] [INFO] [SongLibrary] Creating song codes dictionary
[2025-11-10 01:27:32,937] [INFO] [SongLibrary] Loaded 1 song codes from 1 collections
[2025-11-10 01:27:32,938] [INFO] [SongLibrary] Collections updated: ['TESTS']
[2025-11-10 01:27:33,152] [INFO] [GameManager] Entering state: IdleState
[2025-11-10 01:27:33,153] [INFO] [GameManager] GameManager initialized: 20ms frame duration, 2 LED strips
[2025-11-10 01:27:33,154] [INFO] [Amplifier] HumanAmplifier system initialized successfully
[2025-11-10 01:27:33,154] [INFO] [Amplifier] Hardware: 3 buttons, 2 LED strips, 20ms frame duration
[2025-11-10 01:27:33,155] [INFO] [Amplifier] Audio system: {'songs_folder': 'songs', 'all_collections': ['TESTS'], 'total_codes': 1, 'daily_schedule_entries': 2, 'special_schedule_entries': 1}
[2025-11-10 01:27:33,155] [INFO] [Amplifier] Sound controller initialized successfully
[2025-11-10 01:27:33,156] [INFO] [Amplifier] ✅ System initialized successfully!
[2025-11-10 01:27:33,156] [INFO] [Amplifier] Hardware status: 3 buttons, 2 LED strips
[2025-11-10 01:27:33,157] [INFO] [Amplifier]   Strip 1: 300 LEDs active
[2025-11-10 01:27:33,157] [INFO] [Amplifier]   Strip 2: 300 LEDs active
[2025-11-10 01:27:33,158] [INFO] [Amplifier] Audio system: 1 song codes, 9 sound effects
[2025-11-10 01:27:33,158] [INFO] [Amplifier] Available collections: TESTS
[2025-11-10 01:27:33,159] [INFO] [Amplifier] 🚀 Starting HumanAmplifier system...
[2025-11-10 01:27:33,159] [INFO] [GameManager] Starting game loop with 20ms frame duration
[2025-11-10 01:27:37,805] [INFO] [GameManager] Exiting state: IdleState
[2025-11-10 01:27:37,806] [INFO] [GameManager] State transition: IdleState → AmplifyState
[2025-11-10 01:27:37,807] [INFO] [GameManager] Entering state: AmplifyState
[2025-11-10 01:27:37,820] [DEBUG] [AmplifyState] AmplifyState activated with buttons: [0]
[2025-11-10 01:27:40,941] [INFO] [GameManager] Exiting state: AmplifyState
[2025-11-10 01:27:40,941] [INFO] [GameManager] State transition: AmplifyState → IdleState
[2025-11-10 01:27:40,942] [INFO] [GameManager] Entering state: IdleState
[2025-11-10 01:27:40,961] [INFO] [GameManager] Exiting state: IdleState
[2025-11-10 01:27:40,961] [INFO] [GameManager] State transition: IdleState → AmplifyState
[2025-11-10 01:27:40,962] [INFO] [GameManager] Entering state: AmplifyState
[2025-11-10 01:27:40,973] [DEBUG] [AmplifyState] AmplifyState activated with buttons: [0]
[2025-11-10 01:27:44,081] [INFO] [GameManager] Exiting state: AmplifyState
[2025-11-10 01:27:44,082] [INFO] [GameManager] State transition: AmplifyState → IdleState
[2025-11-10 01:27:44,083] [INFO] [GameManager] Entering state: IdleState
[2025-11-10 01:27:44,101] [INFO] [GameManager] Exiting state: IdleState
[2025-11-10 01:27:44,102] [INFO] [GameManager] State transition: IdleState → AmplifyState
[2025-11-10 01:27:44,104] [INFO] [GameManager] Entering state: AmplifyState
[2025-11-10 01:27:44,117] [DEBUG] [AmplifyState] AmplifyState activated with buttons: [0]
[2025-11-10 01:27:47,687] [INFO] [GameManager] Exiting state: AmplifyState
[2025-11-10 01:27:47,688] [INFO] [GameManager] State transition: AmplifyState → IdleState
[2025-11-10 01:27:47,688] [INFO] [GameManager] Entering state: IdleState
[2025-11-10 01:27:48,973] [INFO] [GameManager] Exiting state: IdleState
[2025-11-10 01:27:48,974] [INFO] [GameManager] State transition: IdleState → AmplifyState
[2025-11-10 01:27:48,975] [INFO] [GameManager] Entering state: AmplifyState
[2025-11-10 01:27:48,986] [DEBUG] [AmplifyState] AmplifyState activated with buttons: [0]
[2025-11-10 01:28:02,372] [INFO] [GameManager] Exiting state: AmplifyState
[2025-11-10 01:28:02,372] [INFO] [GameManager] State transition: AmplifyState → IdleState
[2025-11-10 01:28:02,372] [INFO] [GameManager] Entering state: IdleState
[2025-11-10 01:28:02,894] [INFO] [GameManager] Exiting state: IdleState
[2025-11-10 01:28:02,894] [INFO] [GameManager] State transition: IdleState → AmplifyState
[2025-11-10 01:28:02,894] [INFO] [GameManager] Entering state: AmplifyState
[2025-11-10 01:28:02,905] [DEBUG] [AmplifyState] AmplifyState activated with buttons: [0]
[2025-11-10 01:28:06,003] [INFO] [GameManager] Exiting state: AmplifyState
[2025-11-10 01:28:06,004] [INFO] [GameManager] State transition: AmplifyState → IdleState
[2025-11-10 01:28:06,004] [INFO] [GameManager] Entering state: IdleState
[2025-11-10 01:28:06,023] [INFO] [GameManager] Exiting state: IdleState
[2025-11-10 01:28:06,024] [INFO] [GameManager] State transition: IdleState → AmplifyState
[2025-11-10 01:28:06,026] [INFO] [GameManager] Entering state: AmplifyState
[2025-11-10 01:28:06,038] [DEBUG] [AmplifyState] AmplifyState activated with buttons: [0]
[2025-11-10 01:28:08,296] [INFO] [GameManager] Exiting state: AmplifyState
[2025-11-10 01:28:08,296] [INFO] [GameManager] State transition: AmplifyState → IdleState
[2025-11-10 01:28:08,297] [INFO] [GameManager] Entering state: IdleState
[2025-11-10 01:28:15,294] [INFO] [GameManager] Exiting state: IdleState
[2025-11-10 01:28:15,295] [INFO] [GameManager] State transition: IdleState → AmplifyState
[2025-11-10 01:28:15,295] [INFO] [GameManager] Entering state: AmplifyState
[2025-11-10 01:28:15,305] [DEBUG] [AmplifyState] AmplifyState activated with buttons: [2]
[2025-11-10 01:28:18,429] [INFO] [GameManager] Exiting state: AmplifyState
[2025-11-10 01:28:18,430] [INFO] [GameManager] State transition: AmplifyState → IdleState
[2025-11-10 01:28:18,432] [INFO] [GameManager] Entering state: IdleState
[2025-11-10 01:28:18,449] [INFO] [GameManager] Exiting state: IdleState
[2025-11-10 01:28:18,451] [INFO] [GameManager] State transition: IdleState → AmplifyState
[2025-11-10 01:28:18,452] [INFO] [GameManager] Entering state: AmplifyState
[2025-11-10 01:28:18,465] [DEBUG] [AmplifyState] AmplifyState activated with buttons: [2]
[2025-11-10 01:28:19,639] [DEBUG] [AmplifyState] AmplifyState button change - currently pressed: [0, 2]
[2025-11-10 01:28:21,543] [DEBUG] [AmplifyState] AmplifyState button change - currently pressed: [2]
[2025-11-10 01:28:21,583] [INFO] [GameManager] Exiting state: AmplifyState
[2025-11-10 01:28:21,583] [INFO] [GameManager] State transition: AmplifyState → IdleState
[2025-11-10 01:28:21,584] [INFO] [GameManager] Entering state: IdleState
[2025-11-10 01:28:21,603] [INFO] [GameManager] Exiting state: IdleState
[2025-11-10 01:28:21,604] [INFO] [GameManager] State transition: IdleState → AmplifyState
[2025-11-10 01:28:21,604] [INFO] [GameManager] Entering state: AmplifyState
[2025-11-10 01:28:21,615] [DEBUG] [AmplifyState] AmplifyState activated with buttons: [2]
[2025-11-10 01:28:22,808] [DEBUG] [AmplifyState] AmplifyState button change - currently pressed: [0, 2]
[2025-11-10 01:28:24,053] [DEBUG] [AmplifyState] AmplifyState button change - currently pressed: [2]
[2025-11-10 01:28:25,440] [DEBUG] [AmplifyState] AmplifyState button change - currently pressed: [0, 2]
[2025-11-10 01:28:28,369] [DEBUG] [AmplifyState] AmplifyState button change - currently pressed: [2]
[2025-11-10 01:28:32,158] [DEBUG] [AmplifyState] AmplifyState button change - currently pressed: [0, 2]
[2025-11-10 01:28:33,672] [DEBUG] [AmplifyState] AmplifyState button change - currently pressed: [2]
[2025-11-10 01:28:35,637] [DEBUG] [AmplifyState] AmplifyState button change - currently pressed: [0, 2]
[2025-11-10 01:28:37,063] [DEBUG] [AmplifyState] AmplifyState button change - currently pressed: [2]
[2025-11-10 01:28:38,790] [INFO] [GameManager] Exiting state: AmplifyState
[2025-11-10 01:28:38,791] [INFO] [GameManager] State transition: AmplifyState → IdleState
[2025-11-10 01:28:38,791] [INFO] [GameManager] Entering state: IdleState
[2025-11-10 01:29:14,284] [INFO] [GameManager] Exiting state: IdleState
[2025-11-10 01:29:14,286] [INFO] [GameManager] State transition: IdleState → AmplifyState
[2025-11-10 01:29:14,287] [INFO] [GameManager] Entering state: AmplifyState
[2025-11-10 01:29:14,303] [DEBUG] [AmplifyState] AmplifyState activated with buttons: [0]
[2025-11-10 01:29:16,882] [DEBUG] [AmplifyState] AmplifyState button change - currently pressed: [0, 2]
[2025-11-10 01:29:17,413] [INFO] [GameManager] Exiting state: AmplifyState
[2025-11-10 01:29:17,413] [INFO] [GameManager] State transition: AmplifyState → IdleState
[2025-11-10 01:29:17,414] [INFO] [GameManager] Entering state: IdleState
[2025-11-10 01:29:17,433] [INFO] [GameManager] Exiting state: IdleState
[2025-11-10 01:29:17,433] [INFO] [GameManager] State transition: IdleState → AmplifyState
[2025-11-10 01:29:17,434] [INFO] [GameManager] Entering state: AmplifyState
[2025-11-10 01:29:17,445] [DEBUG] [AmplifyState] AmplifyState activated with buttons: [0, 2]
[2025-11-10 01:29:19,300] [DEBUG] [AmplifyState] AmplifyState button change - currently pressed: [2]
[2025-11-10 01:29:20,948] [DEBUG] [AmplifyState] AmplifyState button change - currently pressed: [0, 2]
[2025-11-10 01:29:21,603] [DEBUG] [AmplifyState] AmplifyState button change - currently pressed: [2]
[2025-11-10 01:29:22,617] [DEBUG] [AmplifyState] AmplifyState button change - currently pressed: [0, 2]
[2025-11-10 01:29:24,868] [DEBUG] [AmplifyState] AmplifyState button change - currently pressed: [2]
[2025-11-10 01:29:25,973] [DEBUG] [AmplifyState] AmplifyState button change - currently pressed: [0, 2]
[2025-11-10 01:29:36,551] [DEBUG] [AmplifyState] AmplifyState button change - currently pressed: [2]
[2025-11-10 01:29:39,220] [DEBUG] [AmplifyState] AmplifyState button change - currently pressed: [0, 2]
[2025-11-10 01:29:40,573] [DEBUG] [AmplifyState] AmplifyState button change - currently pressed: [2]
[2025-11-10 01:29:49,825] [INFO] [GameManager] Exiting state: AmplifyState
[2025-11-10 01:29:49,826] [INFO] [GameManager] State transition: AmplifyState → IdleState
[2025-11-10 01:29:49,827] [INFO] [GameManager] Entering state: IdleState
[2025-11-10 01:34:28,985] [INFO] [GameManager] Exiting state: IdleState
[2025-11-10 01:34:28,986] [INFO] [GameManager] State transition: IdleState → AmplifyState
[2025-11-10 01:34:28,987] [INFO] [GameManager] Entering state: AmplifyState
[2025-11-10 01:34:28,998] [DEBUG] [AmplifyState] AmplifyState activated with buttons: [1]
[2025-11-10 01:34:29,086] [INFO] [GameManager] Exiting state: AmplifyState
[2025-11-10 01:34:29,088] [INFO] [GameManager] State transition: AmplifyState → IdleState
[2025-11-10 01:34:29,090] [INFO] [GameManager] Entering state: IdleState
[2025-11-10 01:34:29,107] [INFO] [GameManager] Exiting state: IdleState
[2025-11-10 01:34:29,108] [INFO] [GameManager] State transition: IdleState → AmplifyState
[2025-11-10 01:34:29,111] [INFO] [GameManager] Entering state: AmplifyState
[2025-11-10 01:34:29,124] [DEBUG] [AmplifyState] AmplifyState activated with buttons: [1]
[2025-11-10 01:34:29,147] [INFO] [GameManager] Exiting state: AmplifyState
[2025-11-10 01:34:29,148] [INFO] [GameManager] State transition: AmplifyState → IdleState
[2025-11-10 01:34:29,149] [INFO] [GameManager] Entering state: IdleState
[2025-11-10 01:34:29,167] [INFO] [GameManager] Exiting state: IdleState
[2025-11-10 01:34:29,168] [INFO] [GameManager] State transition: IdleState → AmplifyState
[2025-11-10 01:34:29,169] [INFO] [GameManager] Entering state: AmplifyState
[2025-11-10 01:34:29,181] [DEBUG] [AmplifyState] AmplifyState activated with buttons: [1]
[2025-11-10 01:34:29,248] [INFO] [GameManager] Exiting state: AmplifyState
[2025-11-10 01:34:29,249] [INFO] [GameManager] State transition: AmplifyState → IdleState
[2025-11-10 01:34:29,250] [INFO] [GameManager] Entering state: IdleState
[2025-11-10 01:34:29,288] [INFO] [GameManager] Exiting state: IdleState
[2025-11-10 01:34:29,289] [INFO] [GameManager] State transition: IdleState → AmplifyState
[2025-11-10 01:34:29,290] [INFO] [GameManager] Entering state: AmplifyState
[2025-11-10 01:34:29,302] [DEBUG] [AmplifyState] AmplifyState activated with buttons: [1]
[2025-11-10 01:34:29,369] [INFO] [GameManager] Exiting state: AmplifyState
[2025-11-10 01:34:29,370] [INFO] [GameManager] State transition: AmplifyState → IdleState
[2025-11-10 01:34:29,371] [INFO] [GameManager] Entering state: IdleState
[2025-11-10 01:34:29,409] [INFO] [GameManager] Exiting state: IdleState
[2025-11-10 01:34:29,410] [INFO] [GameManager] State transition: IdleState → AmplifyState
[2025-11-10 01:34:29,411] [INFO] [GameManager] Entering state: AmplifyState
[2025-11-10 01:34:29,422] [DEBUG] [AmplifyState] AmplifyState activated with buttons: [1]
[2025-11-10 01:34:29,469] [INFO] [GameManager] Exiting state: AmplifyState
[2025-11-10 01:34:29,470] [INFO] [GameManager] State transition: AmplifyState → IdleState
[2025-11-10 01:34:29,471] [INFO] [GameManager] Entering state: IdleState
[2025-11-10 01:34:29,489] [INFO] [GameManager] Exiting state: IdleState
[2025-11-10 01:34:29,491] [INFO] [GameManager] State transition: IdleState → AmplifyState
[2025-11-10 01:34:29,492] [INFO] [GameManager] Entering state: AmplifyState
[2025-11-10 01:34:29,504] [DEBUG] [AmplifyState] AmplifyState activated with buttons: [1]
[2025-11-10 01:34:29,712] [INFO] [GameManager] Exiting state: AmplifyState
[2025-11-10 01:34:29,713] [INFO] [GameManager] State transition: AmplifyState → IdleState
[2025-11-10 01:34:29,715] [INFO] [GameManager] Entering state: IdleState
[2025-11-10 01:34:29,752] [INFO] [GameManager] Exiting state: IdleState
[2025-11-10 01:34:29,753] [INFO] [GameManager] State transition: IdleState → AmplifyState
[2025-11-10 01:34:29,754] [INFO] [GameManager] Entering state: AmplifyState
[2025-11-10 01:34:29,766] [DEBUG] [AmplifyState] AmplifyState activated with buttons: [1]
[2025-11-10 01:34:29,773] [INFO] [GameManager] Exiting state: AmplifyState
[2025-11-10 01:34:29,773] [INFO] [GameManager] State transition: AmplifyState → IdleState
[2025-11-10 01:34:29,774] [INFO] [GameManager] Entering state: IdleState
[2025-11-10 01:34:29,813] [INFO] [GameManager] Exiting state: IdleState
[2025-11-10 01:34:29,814] [INFO] [GameManager] State transition: IdleState → AmplifyState
[2025-11-10 01:34:29,815] [INFO] [GameManager] Entering state: AmplifyState
[2025-11-10 01:34:29,827] [DEBUG] [AmplifyState] AmplifyState activated with buttons: [1]
[2025-11-10 01:34:29,914] [INFO] [GameManager] Exiting state: AmplifyState
[2025-11-10 01:34:29,915] [INFO] [GameManager] State transition: AmplifyState → IdleState
[2025-11-10 01:34:29,915] [INFO] [GameManager] Entering state: IdleState
[2025-11-10 01:34:29,974] [INFO] [GameManager] Exiting state: IdleState
[2025-11-10 01:34:29,975] [INFO] [GameManager] State transition: IdleState → AmplifyState
[2025-11-10 01:34:29,976] [INFO] [GameManager] Entering state: AmplifyState
[2025-11-10 01:34:29,987] [DEBUG] [AmplifyState] AmplifyState activated with buttons: [1]
[2025-11-10 01:34:30,054] [INFO] [GameManager] Exiting state: AmplifyState
[2025-11-10 01:34:30,055] [INFO] [GameManager] State transition: AmplifyState → IdleState
[2025-11-10 01:34:30,056] [INFO] [GameManager] Entering state: IdleState
[2025-11-10 01:34:30,115] [INFO] [GameManager] Exiting state: IdleState
[2025-11-10 01:34:30,116] [INFO] [GameManager] State transition: IdleState → AmplifyState
[2025-11-10 01:34:30,116] [INFO] [GameManager] Entering state: AmplifyState
[2025-11-10 01:34:30,128] [DEBUG] [AmplifyState] AmplifyState activated with buttons: [1]
[2025-11-10 01:34:30,155] [INFO] [GameManager] Exiting state: AmplifyState
[2025-11-10 01:34:30,156] [INFO] [GameManager] State transition: AmplifyState → IdleState
[2025-11-10 01:34:30,156] [INFO] [GameManager] Entering state: IdleState
[2025-11-10 01:34:30,235] [INFO] [GameManager] Exiting state: IdleState
[2025-11-10 01:34:30,236] [INFO] [GameManager] State transition: IdleState → AmplifyState
[2025-11-10 01:34:30,237] [INFO] [GameManager] Entering state: AmplifyState
[2025-11-10 01:34:30,249] [DEBUG] [AmplifyState] AmplifyState activated with buttons: [1]
[2025-11-10 01:34:30,758] [INFO] [GameManager] Exiting state: AmplifyState
[2025-11-10 01:34:30,759] [INFO] [GameManager] State transition: AmplifyState → IdleState
[2025-11-10 01:34:30,760] [INFO] [GameManager] Entering state: IdleState
[2025-11-10 01:34:30,778] [INFO] [GameManager] Exiting state: IdleState
[2025-11-10 01:34:30,779] [INFO] [GameManager] State transition: IdleState → AmplifyState
[2025-11-10 01:34:30,780] [INFO] [GameManager] Entering state: AmplifyState
[2025-11-10 01:34:30,792] [DEBUG] [AmplifyState] AmplifyState activated with buttons: [1]
[2025-11-10 01:34:30,798] [INFO] [GameManager] Exiting state: AmplifyState
[2025-11-10 01:34:30,799] [INFO] [GameManager] State transition: AmplifyState → IdleState
[2025-11-10 01:34:30,800] [INFO] [GameManager] Entering state: IdleState
[2025-11-10 01:34:30,818] [INFO] [GameManager] Exiting state: IdleState
[2025-11-10 01:34:30,819] [INFO] [GameManager] State transition: IdleState → AmplifyState
[2025-11-10 01:34:30,820] [INFO] [GameManager] Entering state: AmplifyState
[2025-11-10 01:34:30,832] [DEBUG] [AmplifyState] AmplifyState activated with buttons: [1]
[2025-11-10 01:34:30,839] [INFO] [GameManager] Exiting state: AmplifyState
[2025-11-10 01:34:30,840] [INFO] [GameManager] State transition: AmplifyState → IdleState
[2025-11-10 01:34:30,841] [INFO] [GameManager] Entering state: IdleState
[2025-11-10 01:34:30,879] [INFO] [GameManager] Exiting state: IdleState
[2025-11-10 01:34:30,880] [INFO] [GameManager] State transition: IdleState → AmplifyState
[2025-11-10 01:34:30,881] [INFO] [GameManager] Entering state: AmplifyState
[2025-11-10 01:34:30,892] [DEBUG] [AmplifyState] AmplifyState activated with buttons: [1]
[2025-11-10 01:34:30,919] [INFO] [GameManager] Exiting state: AmplifyState
[2025-11-10 01:34:30,920] [INFO] [GameManager] State transition: AmplifyState → IdleState
[2025-11-10 01:34:30,921] [INFO] [GameManager] Entering state: IdleState
[2025-11-10 01:34:30,939] [INFO] [GameManager] Exiting state: IdleState
[2025-11-10 01:34:30,940] [INFO] [GameManager] State transition: IdleState → AmplifyState
[2025-11-10 01:34:30,941] [INFO] [GameManager] Entering state: AmplifyState
[2025-11-10 01:34:30,953] [DEBUG] [AmplifyState] AmplifyState activated with buttons: [1]
[2025-11-10 01:34:30,959] [INFO] [GameManager] Exiting state: AmplifyState
[2025-11-10 01:34:30,960] [INFO] [GameManager] State transition: AmplifyState → IdleState
[2025-11-10 01:34:30,961] [INFO] [GameManager] Entering state: IdleState
[2025-11-10 01:34:30,979] [INFO] [GameManager] Exiting state: IdleState
[2025-11-10 01:34:30,980] [INFO] [GameManager] State transition: IdleState → AmplifyState
[2025-11-10 01:34:30,981] [INFO] [GameManager] Entering state: AmplifyState
[2025-11-10 01:34:30,993] [DEBUG] [AmplifyState] AmplifyState activated with buttons: [1]
[2025-11-10 01:34:31,100] [INFO] [GameManager] Exiting state: AmplifyState
[2025-11-10 01:34:31,101] [INFO] [GameManager] State transition: AmplifyState → IdleState
[2025-11-10 01:34:31,102] [INFO] [GameManager] Entering state: IdleState
[2025-11-10 01:34:31,120] [INFO] [GameManager] Exiting state: IdleState
[2025-11-10 01:34:31,121] [INFO] [GameManager] State transition: IdleState → AmplifyState
[2025-11-10 01:34:31,122] [INFO] [GameManager] Entering state: AmplifyState
[2025-11-10 01:34:31,134] [DEBUG] [AmplifyState] AmplifyState activated with buttons: [1]
[2025-11-10 01:34:31,140] [INFO] [GameManager] Exiting state: AmplifyState
[2025-11-10 01:34:31,141] [INFO] [GameManager] State transition: AmplifyState → IdleState
[2025-11-10 01:34:31,142] [INFO] [GameManager] Entering state: IdleState
[2025-11-10 01:34:31,502] [INFO] [GameManager] Exiting state: IdleState
[2025-11-10 01:34:31,503] [INFO] [GameManager] State transition: IdleState → AmplifyState
[2025-11-10 01:34:31,504] [INFO] [GameManager] Entering state: AmplifyState
[2025-11-10 01:34:31,515] [DEBUG] [AmplifyState] AmplifyState activated with buttons: [1]
[2025-11-10 01:34:31,522] [INFO] [GameManager] Exiting state: AmplifyState
[2025-11-10 01:34:31,523] [INFO] [GameManager] State transition: AmplifyState → IdleState
[2025-11-10 01:34:31,524] [INFO] [GameManager] Entering state: IdleState
[2025-11-10 01:34:31,603] [INFO] [GameManager] Exiting state: IdleState
[2025-11-10 01:34:31,604] [INFO] [GameManager] State transition: IdleState → AmplifyState
[2025-11-10 01:34:31,605] [INFO] [GameManager] Entering state: AmplifyState
[2025-11-10 01:34:31,617] [DEBUG] [AmplifyState] AmplifyState activated with buttons: [1]
[2025-11-10 01:34:31,643] [INFO] [GameManager] Exiting state: AmplifyState
[2025-11-10 01:34:31,645] [INFO] [GameManager] State transition: AmplifyState → IdleState
[2025-11-10 01:34:31,646] [INFO] [GameManager] Entering state: IdleState
[2025-11-10 01:34:31,663] [INFO] [GameManager] Exiting state: IdleState
[2025-11-10 01:34:31,665] [INFO] [GameManager] State transition: IdleState → AmplifyState
[2025-11-10 01:34:31,666] [INFO] [GameManager] Entering state: AmplifyState
[2025-11-10 01:34:31,678] [DEBUG] [AmplifyState] AmplifyState activated with buttons: [1]
[2025-11-10 01:34:31,885] [INFO] [GameManager] Exiting state: AmplifyState
[2025-11-10 01:34:31,886] [INFO] [GameManager] State transition: AmplifyState → IdleState
[2025-11-10 01:34:31,887] [INFO] [GameManager] Entering state: IdleState
[2025-11-10 01:34:31,905] [INFO] [GameManager] Exiting state: IdleState
[2025-11-10 01:34:31,906] [INFO] [GameManager] State transition: IdleState → AmplifyState
[2025-11-10 01:34:31,907] [INFO] [GameManager] Entering state: AmplifyState
[2025-11-10 01:34:31,918] [DEBUG] [AmplifyState] AmplifyState activated with buttons: [1]
[2025-11-10 01:34:32,266] [INFO] [GameManager] Exiting state: AmplifyState
[2025-11-10 01:34:32,267] [INFO] [GameManager] State transition: AmplifyState → IdleState
[2025-11-10 01:34:32,267] [INFO] [GameManager] Entering state: IdleState
[2025-11-10 01:34:32,286] [INFO] [GameManager] Exiting state: IdleState
[2025-11-10 01:34:32,287] [INFO] [GameManager] State transition: IdleState → AmplifyState
[2025-11-10 01:34:32,287] [INFO] [GameManager] Entering state: AmplifyState
[2025-11-10 01:34:32,298] [DEBUG] [AmplifyState] AmplifyState activated with buttons: [1]
[2025-11-10 01:34:32,547] [INFO] [GameManager] Exiting state: AmplifyState
[2025-11-10 01:34:32,548] [INFO] [GameManager] State transition: AmplifyState → IdleState
[2025-11-10 01:34:32,548] [INFO] [GameManager] Entering state: IdleState
[2025-11-10 01:34:32,567] [INFO] [GameManager] Exiting state: IdleState
[2025-11-10 01:34:32,568] [INFO] [GameManager] State transition: IdleState → AmplifyState
[2025-11-10 01:34:32,568] [INFO] [GameManager] Entering state: AmplifyState
[2025-11-10 01:34:32,579] [DEBUG] [AmplifyState] AmplifyState activated with buttons: [1]
[2025-11-10 01:34:32,909] [INFO] [GameManager] Exiting state: AmplifyState
[2025-11-10 01:34:32,909] [INFO] [GameManager] State transition: AmplifyState → IdleState
[2025-11-10 01:34:32,910] [INFO] [GameManager] Entering state: IdleState
[2025-11-10 01:34:32,929] [INFO] [GameManager] Exiting state: IdleState
[2025-11-10 01:34:32,929] [INFO] [GameManager] State transition: IdleState → AmplifyState
[2025-11-10 01:34:32,930] [INFO] [GameManager] Entering state: AmplifyState
[2025-11-10 01:34:32,940] [DEBUG] [AmplifyState] AmplifyState activated with buttons: [1]
[2025-11-10 01:34:32,949] [INFO] [GameManager] Exiting state: AmplifyState
[2025-11-10 01:34:32,950] [INFO] [GameManager] State transition: AmplifyState → IdleState
[2025-11-10 01:34:32,950] [INFO] [GameManager] Entering state: IdleState
[2025-11-10 01:34:33,130] [INFO] [GameManager] Exiting state: IdleState
[2025-11-10 01:34:33,130] [INFO] [GameManager] State transition: IdleState → AmplifyState
[2025-11-10 01:34:33,130] [INFO] [GameManager] Entering state: AmplifyState
[2025-11-10 01:34:33,141] [DEBUG] [AmplifyState] AmplifyState activated with buttons: [1]
[2025-11-10 01:34:33,150] [INFO] [GameManager] Exiting state: AmplifyState
[2025-11-10 01:34:33,150] [INFO] [GameManager] State transition: AmplifyState → IdleState
[2025-11-10 01:34:33,151] [INFO] [GameManager] Entering state: IdleState
[2025-11-10 01:34:33,170] [INFO] [GameManager] Exiting state: IdleState
[2025-11-10 01:34:33,170] [INFO] [GameManager] State transition: IdleState → AmplifyState
[2025-11-10 01:34:33,171] [INFO] [GameManager] Entering state: AmplifyState
[2025-11-10 01:34:33,182] [DEBUG] [AmplifyState] AmplifyState activated with buttons: [1]
[2025-11-10 01:34:33,210] [INFO] [GameManager] Exiting state: AmplifyState
[2025-11-10 01:34:33,211] [INFO] [GameManager] State transition: AmplifyState → IdleState
[2025-11-10 01:34:33,211] [INFO] [GameManager] Entering state: IdleState
[2025-11-10 01:34:33,230] [INFO] [GameManager] Exiting state: IdleState
[2025-11-10 01:34:33,231] [INFO] [GameManager] State transition: IdleState → AmplifyState
[2025-11-10 01:34:33,231] [INFO] [GameManager] Entering state: AmplifyState
[2025-11-10 01:34:33,242] [DEBUG] [AmplifyState] AmplifyState activated with buttons: [1]
[2025-11-10 01:34:33,291] [INFO] [GameManager] Exiting state: AmplifyState
[2025-11-10 01:34:33,291] [INFO] [GameManager] State transition: AmplifyState → IdleState
[2025-11-10 01:34:33,292] [INFO] [GameManager] Entering state: IdleState
[2025-11-10 01:34:33,311] [INFO] [GameManager] Exiting state: IdleState
[2025-11-10 01:34:33,312] [INFO] [GameManager] State transition: IdleState → AmplifyState
[2025-11-10 01:34:33,312] [INFO] [GameManager] Entering state: AmplifyState
[2025-11-10 01:34:33,324] [DEBUG] [AmplifyState] AmplifyState activated with buttons: [1]
[2025-11-10 01:34:33,331] [INFO] [GameManager] Exiting state: AmplifyState
[2025-11-10 01:34:33,332] [INFO] [GameManager] State transition: AmplifyState → IdleState
[2025-11-10 01:34:33,332] [INFO] [GameManager] Entering state: IdleState
[2025-11-10 01:34:33,351] [INFO] [GameManager] Exiting state: IdleState
[2025-11-10 01:34:33,352] [INFO] [GameManager] State transition: IdleState → AmplifyState
[2025-11-10 01:34:33,352] [INFO] [GameManager] Entering state: AmplifyState
[2025-11-10 01:34:33,363] [DEBUG] [AmplifyState] AmplifyState activated with buttons: [1]
[2025-11-10 01:34:33,411] [INFO] [GameManager] Exiting state: AmplifyState
[2025-11-10 01:34:33,412] [INFO] [GameManager] State transition: AmplifyState → IdleState
[2025-11-10 01:34:33,413] [INFO] [GameManager] Entering state: IdleState
[2025-11-10 01:34:33,431] [INFO] [GameManager] Exiting state: IdleState
[2025-11-10 01:34:33,432] [INFO] [GameManager] State transition: IdleState → AmplifyState
[2025-11-10 01:34:33,433] [INFO] [GameManager] Entering state: AmplifyState
[2025-11-10 01:34:33,444] [DEBUG] [AmplifyState] AmplifyState activated with buttons: [1]
[2025-11-10 01:34:33,552] [INFO] [GameManager] Exiting state: AmplifyState
[2025-11-10 01:34:33,553] [INFO] [GameManager] State transition: AmplifyState → IdleState
[2025-11-10 01:34:33,554] [INFO] [GameManager] Entering state: IdleState
[2025-11-10 01:34:33,572] [INFO] [GameManager] Exiting state: IdleState
[2025-11-10 01:34:33,573] [INFO] [GameManager] State transition: IdleState → AmplifyState
[2025-11-10 01:34:33,574] [INFO] [GameManager] Entering state: AmplifyState
[2025-11-10 01:34:33,585] [DEBUG] [AmplifyState] AmplifyState activated with buttons: [1]
[2025-11-10 01:34:33,733] [INFO] [GameManager] Exiting state: AmplifyState
[2025-11-10 01:34:33,734] [INFO] [GameManager] State transition: AmplifyState → IdleState
[2025-11-10 01:34:33,735] [INFO] [GameManager] Entering state: IdleState
[2025-11-10 01:34:33,753] [INFO] [GameManager] Exiting state: IdleState
[2025-11-10 01:34:33,754] [INFO] [GameManager] State transition: IdleState → AmplifyState
[2025-11-10 01:34:33,755] [INFO] [GameManager] Entering state: AmplifyState
[2025-11-10 01:34:33,767] [DEBUG] [AmplifyState] AmplifyState activated with buttons: [1]
[2025-11-10 01:34:33,894] [INFO] [GameManager] Exiting state: AmplifyState
[2025-11-10 01:34:33,895] [INFO] [GameManager] State transition: AmplifyState → IdleState
[2025-11-10 01:34:33,896] [INFO] [GameManager] Entering state: IdleState
[2025-11-10 01:34:33,914] [INFO] [GameManager] Exiting state: IdleState
[2025-11-10 01:34:33,915] [INFO] [GameManager] State transition: IdleState → AmplifyState
[2025-11-10 01:34:33,916] [INFO] [GameManager] Entering state: AmplifyState
[2025-11-10 01:34:33,927] [DEBUG] [AmplifyState] AmplifyState activated with buttons: [1]
[2025-11-10 01:34:33,995] [INFO] [GameManager] Exiting state: AmplifyState
[2025-11-10 01:34:33,995] [INFO] [GameManager] State transition: AmplifyState → IdleState
[2025-11-10 01:34:33,996] [INFO] [GameManager] Entering state: IdleState
[2025-11-10 01:34:34,015] [INFO] [GameManager] Exiting state: IdleState
[2025-11-10 01:34:34,016] [INFO] [GameManager] State transition: IdleState → AmplifyState
[2025-11-10 01:34:34,016] [INFO] [GameManager] Entering state: AmplifyState
[2025-11-10 01:34:34,027] [DEBUG] [AmplifyState] AmplifyState activated with buttons: [1]
[2025-11-10 01:34:34,417] [INFO] [GameManager] Exiting state: AmplifyState
[2025-11-10 01:34:34,418] [INFO] [GameManager] State transition: AmplifyState → IdleState
[2025-11-10 01:34:34,419] [INFO] [GameManager] Entering state: IdleState
[2025-11-10 01:34:34,437] [INFO] [GameManager] Exiting state: IdleState
[2025-11-10 01:34:34,438] [INFO] [GameManager] State transition: IdleState → AmplifyState
[2025-11-10 01:34:34,439] [INFO] [GameManager] Entering state: AmplifyState
[2025-11-10 01:34:34,450] [DEBUG] [AmplifyState] AmplifyState activated with buttons: [1]
[2025-11-10 01:34:34,498] [INFO] [GameManager] Exiting state: AmplifyState
[2025-11-10 01:34:34,498] [INFO] [GameManager] State transition: AmplifyState → IdleState
[2025-11-10 01:34:34,499] [INFO] [GameManager] Entering state: IdleState
[2025-11-10 01:34:34,518] [INFO] [GameManager] Exiting state: IdleState
[2025-11-10 01:34:34,519] [INFO] [GameManager] State transition: IdleState → AmplifyState
[2025-11-10 01:34:34,519] [INFO] [GameManager] Entering state: AmplifyState
[2025-11-10 01:34:34,531] [DEBUG] [AmplifyState] AmplifyState activated with buttons: [1]
[2025-11-10 01:34:34,558] [INFO] [GameManager] Exiting state: AmplifyState
[2025-11-10 01:34:34,559] [INFO] [GameManager] State transition: AmplifyState → IdleState
[2025-11-10 01:34:34,559] [INFO] [GameManager] Entering state: IdleState
[2025-11-10 01:34:34,679] [INFO] [GameManager] Exiting state: IdleState
[2025-11-10 01:34:34,680] [INFO] [GameManager] State transition: IdleState → AmplifyState
[2025-11-10 01:34:34,680] [INFO] [GameManager] Entering state: AmplifyState
[2025-11-10 01:34:34,692] [DEBUG] [AmplifyState] AmplifyState activated with buttons: [1]
[2025-11-10 01:34:34,819] [INFO] [GameManager] Exiting state: AmplifyState
[2025-11-10 01:34:34,820] [INFO] [GameManager] State transition: AmplifyState → IdleState
[2025-11-10 01:34:34,821] [INFO] [GameManager] Entering state: IdleState
[2025-11-10 01:34:34,840] [INFO] [GameManager] Exiting state: IdleState
[2025-11-10 01:34:34,840] [INFO] [GameManager] State transition: IdleState → AmplifyState
[2025-11-10 01:34:34,841] [INFO] [GameManager] Entering state: AmplifyState
[2025-11-10 01:34:34,853] [DEBUG] [AmplifyState] AmplifyState activated with buttons: [1]
[2025-11-10 01:34:34,900] [INFO] [GameManager] Exiting state: AmplifyState
[2025-11-10 01:34:34,901] [INFO] [GameManager] State transition: AmplifyState → IdleState
[2025-11-10 01:34:34,902] [INFO] [GameManager] Entering state: IdleState
[2025-11-10 01:34:34,940] [INFO] [GameManager] Exiting state: IdleState
[2025-11-10 01:34:34,941] [INFO] [GameManager] State transition: IdleState → AmplifyState
[2025-11-10 01:34:34,942] [INFO] [GameManager] Entering state: AmplifyState
[2025-11-10 01:34:34,953] [DEBUG] [AmplifyState] AmplifyState activated with buttons: [1]
[2025-11-10 01:34:35,142] [INFO] [GameManager] Exiting state: AmplifyState
[2025-11-10 01:34:35,142] [INFO] [GameManager] State transition: AmplifyState → IdleState
[2025-11-10 01:34:35,143] [INFO] [GameManager] Entering state: IdleState
[2025-11-10 01:34:35,162] [INFO] [GameManager] Exiting state: IdleState
[2025-11-10 01:34:35,163] [INFO] [GameManager] State transition: IdleState → AmplifyState
[2025-11-10 01:34:35,164] [INFO] [GameManager] Entering state: AmplifyState
[2025-11-10 01:34:35,175] [DEBUG] [AmplifyState] AmplifyState activated with buttons: [1]
[2025-11-10 01:34:35,222] [INFO] [GameManager] Exiting state: AmplifyState
[2025-11-10 01:34:35,223] [INFO] [GameManager] State transition: AmplifyState → IdleState
[2025-11-10 01:34:35,223] [INFO] [GameManager] Entering state: IdleState
[2025-11-10 01:34:35,242] [INFO] [GameManager] Exiting state: IdleState
[2025-11-10 01:34:35,243] [INFO] [GameManager] State transition: IdleState → AmplifyState
[2025-11-10 01:34:35,243] [INFO] [GameManager] Entering state: AmplifyState
[2025-11-10 01:34:35,254] [DEBUG] [AmplifyState] AmplifyState activated with buttons: [1]
[2025-11-10 01:34:35,322] [INFO] [GameManager] Exiting state: AmplifyState
[2025-11-10 01:34:35,323] [INFO] [GameManager] State transition: AmplifyState → IdleState
[2025-11-10 01:34:35,324] [INFO] [GameManager] Entering state: IdleState
[2025-11-10 01:34:35,383] [INFO] [GameManager] Exiting state: IdleState
[2025-11-10 01:34:35,384] [INFO] [GameManager] State transition: IdleState → AmplifyState
[2025-11-10 01:34:35,384] [INFO] [GameManager] Entering state: AmplifyState
[2025-11-10 01:34:35,395] [DEBUG] [AmplifyState] AmplifyState activated with buttons: [1]
[2025-11-10 01:34:35,403] [INFO] [GameManager] Exiting state: AmplifyState
[2025-11-10 01:34:35,404] [INFO] [GameManager] State transition: AmplifyState → IdleState
[2025-11-10 01:34:35,405] [INFO] [GameManager] Entering state: IdleState
[2025-11-10 01:34:35,423] [INFO] [GameManager] Exiting state: IdleState
[2025-11-10 01:34:35,424] [INFO] [GameManager] State transition: IdleState → AmplifyState
[2025-11-10 01:34:35,425] [INFO] [GameManager] Entering state: AmplifyState
[2025-11-10 01:34:35,436] [DEBUG] [AmplifyState] AmplifyState activated with buttons: [1]
[2025-11-10 01:34:35,506] [INFO] [GameManager] Exiting state: AmplifyState
[2025-11-10 01:34:35,507] [INFO] [GameManager] State transition: AmplifyState → IdleState
[2025-11-10 01:34:35,507] [INFO] [GameManager] Entering state: IdleState
[2025-11-10 01:34:35,526] [INFO] [GameManager] Exiting state: IdleState
[2025-11-10 01:34:35,527] [INFO] [GameManager] State transition: IdleState → AmplifyState
[2025-11-10 01:34:35,527] [INFO] [GameManager] Entering state: AmplifyState
[2025-11-10 01:34:35,538] [DEBUG] [AmplifyState] AmplifyState activated with buttons: [1]
[2025-11-10 01:34:35,607] [INFO] [GameManager] Exiting state: AmplifyState
[2025-11-10 01:34:35,608] [INFO] [GameManager] State transition: AmplifyState → IdleState
[2025-11-10 01:34:35,608] [INFO] [GameManager] Entering state: IdleState
[2025-11-10 01:34:35,627] [INFO] [GameManager] Exiting state: IdleState
[2025-11-10 01:34:35,628] [INFO] [GameManager] State transition: IdleState → AmplifyState
[2025-11-10 01:34:35,628] [INFO] [GameManager] Entering state: AmplifyState
[2025-11-10 01:34:35,639] [DEBUG] [AmplifyState] AmplifyState activated with buttons: [1]
[2025-11-10 01:34:35,667] [INFO] [GameManager] Exiting state: AmplifyState
[2025-11-10 01:34:35,668] [INFO] [GameManager] State transition: AmplifyState → IdleState
[2025-11-10 01:34:35,670] [INFO] [GameManager] Entering state: IdleState
[2025-11-10 01:34:35,688] [INFO] [GameManager] Exiting state: IdleState
[2025-11-10 01:34:35,689] [INFO] [GameManager] State transition: IdleState → AmplifyState
[2025-11-10 01:34:35,690] [INFO] [GameManager] Entering state: AmplifyState
[2025-11-10 01:34:35,702] [DEBUG] [AmplifyState] AmplifyState activated with buttons: [1]
[2025-11-10 01:34:35,708] [INFO] [GameManager] Exiting state: AmplifyState
[2025-11-10 01:34:35,709] [INFO] [GameManager] State transition: AmplifyState → IdleState
[2025-11-10 01:34:35,710] [INFO] [GameManager] Entering state: IdleState
[2025-11-10 01:34:35,728] [INFO] [GameManager] Exiting state: IdleState
[2025-11-10 01:34:35,729] [INFO] [GameManager] State transition: IdleState → AmplifyState
[2025-11-10 01:34:35,730] [INFO] [GameManager] Entering state: AmplifyState
[2025-11-10 01:34:35,742] [DEBUG] [AmplifyState] AmplifyState activated with buttons: [1]
[2025-11-10 01:34:36,455] [INFO] [GameManager] Exiting state: AmplifyState
[2025-11-10 01:34:36,456] [INFO] [GameManager] State transition: AmplifyState → IdleState
[2025-11-10 01:34:36,457] [INFO] [GameManager] Entering state: IdleState
[2025-11-10 01:34:36,495] [INFO] [GameManager] Exiting state: IdleState
[2025-11-10 01:34:36,497] [INFO] [GameManager] State transition: IdleState → AmplifyState
[2025-11-10 01:34:36,499] [INFO] [GameManager] Entering state: AmplifyState
[2025-11-10 01:34:36,511] [DEBUG] [AmplifyState] AmplifyState activated with buttons: [1]
[2025-11-10 01:34:36,536] [INFO] [GameManager] Exiting state: AmplifyState
[2025-11-10 01:34:36,537] [INFO] [GameManager] State transition: AmplifyState → IdleState
[2025-11-10 01:34:36,538] [INFO] [GameManager] Entering state: IdleState
[2025-11-10 01:34:36,556] [INFO] [GameManager] Exiting state: IdleState
[2025-11-10 01:34:36,557] [INFO] [GameManager] State transition: IdleState → AmplifyState
[2025-11-10 01:34:36,558] [INFO] [GameManager] Entering state: AmplifyState
[2025-11-10 01:34:36,570] [DEBUG] [AmplifyState] AmplifyState activated with buttons: [1]
[2025-11-10 01:34:36,576] [INFO] [GameManager] Exiting state: AmplifyState
[2025-11-10 01:34:36,577] [INFO] [GameManager] State transition: AmplifyState → IdleState
[2025-11-10 01:34:36,578] [INFO] [GameManager] Entering state: IdleState
[2025-11-10 01:34:36,657] [INFO] [GameManager] Exiting state: IdleState
[2025-11-10 01:34:36,658] [INFO] [GameManager] State transition: IdleState → AmplifyState
[2025-11-10 01:34:36,659] [INFO] [GameManager] Entering state: AmplifyState
[2025-11-10 01:34:36,671] [DEBUG] [AmplifyState] AmplifyState activated with buttons: [1]
[2025-11-10 01:34:36,677] [INFO] [GameManager] Exiting state: AmplifyState
[2025-11-10 01:34:36,678] [INFO] [GameManager] State transition: AmplifyState → IdleState
[2025-11-10 01:34:36,679] [INFO] [GameManager] Entering state: IdleState
[2025-11-10 01:34:36,717] [INFO] [GameManager] Exiting state: IdleState
[2025-11-10 01:34:36,719] [INFO] [GameManager] State transition: IdleState → AmplifyState
[2025-11-10 01:34:36,721] [INFO] [GameManager] Entering state: AmplifyState
[2025-11-10 01:34:36,737] [DEBUG] [AmplifyState] AmplifyState activated with buttons: [1]
[2025-11-10 01:34:36,820] [INFO] [GameManager] Exiting state: AmplifyState
[2025-11-10 01:34:36,821] [INFO] [GameManager] State transition: AmplifyState → IdleState
[2025-11-10 01:34:36,822] [INFO] [GameManager] Entering state: IdleState
[2025-11-10 01:34:36,840] [INFO] [GameManager] Exiting state: IdleState
[2025-11-10 01:34:36,841] [INFO] [GameManager] State transition: IdleState → AmplifyState
[2025-11-10 01:34:36,842] [INFO] [GameManager] Entering state: AmplifyState
[2025-11-10 01:34:36,854] [DEBUG] [AmplifyState] AmplifyState activated with buttons: [1]
[2025-11-10 01:34:37,042] [INFO] [GameManager] Exiting state: AmplifyState
[2025-11-10 01:34:37,043] [INFO] [GameManager] State transition: AmplifyState → IdleState
[2025-11-10 01:34:37,044] [INFO] [GameManager] Entering state: IdleState
[2025-11-10 01:34:37,062] [INFO] [GameManager] Exiting state: IdleState
[2025-11-10 01:34:37,063] [INFO] [GameManager] State transition: IdleState → AmplifyState
[2025-11-10 01:34:37,064] [INFO] [GameManager] Entering state: AmplifyState
[2025-11-10 01:34:37,076] [DEBUG] [AmplifyState] AmplifyState activated with buttons: [1]
[2025-11-10 01:34:37,082] [INFO] [GameManager] Exiting state: AmplifyState
[2025-11-10 01:34:37,083] [INFO] [GameManager] State transition: AmplifyState → IdleState
[2025-11-10 01:34:37,084] [INFO] [GameManager] Entering state: IdleState
[2025-11-10 01:34:37,102] [INFO] [GameManager] Exiting state: IdleState
[2025-11-10 01:34:37,103] [INFO] [GameManager] State transition: IdleState → AmplifyState
[2025-11-10 01:34:37,104] [INFO] [GameManager] Entering state: AmplifyState
[2025-11-10 01:34:37,116] [DEBUG] [AmplifyState] AmplifyState activated with buttons: [1]
[2025-11-10 01:34:37,143] [INFO] [GameManager] Exiting state: AmplifyState
[2025-11-10 01:34:37,144] [INFO] [GameManager] State transition: AmplifyState → IdleState
[2025-11-10 01:34:37,144] [INFO] [GameManager] Entering state: IdleState
[2025-11-10 01:34:37,163] [INFO] [GameManager] Exiting state: IdleState
[2025-11-10 01:34:37,163] [INFO] [GameManager] State transition: IdleState → AmplifyState
[2025-11-10 01:34:37,164] [INFO] [GameManager] Entering state: AmplifyState
[2025-11-10 01:34:37,175] [DEBUG] [AmplifyState] AmplifyState activated with buttons: [1]
[2025-11-10 01:34:37,283] [INFO] [GameManager] Exiting state: AmplifyState
[2025-11-10 01:34:37,284] [INFO] [GameManager] State transition: AmplifyState → IdleState
[2025-11-10 01:34:37,285] [INFO] [GameManager] Entering state: IdleState
[2025-11-10 01:34:37,303] [INFO] [GameManager] Exiting state: IdleState
[2025-11-10 01:34:37,304] [INFO] [GameManager] State transition: IdleState → AmplifyState
[2025-11-10 01:34:37,305] [INFO] [GameManager] Entering state: AmplifyState
[2025-11-10 01:34:37,317] [DEBUG] [AmplifyState] AmplifyState activated with buttons: [1]
[2025-11-10 01:34:37,424] [INFO] [GameManager] Exiting state: AmplifyState
[2025-11-10 01:34:37,425] [INFO] [GameManager] State transition: AmplifyState → IdleState
[2025-11-10 01:34:37,426] [INFO] [GameManager] Entering state: IdleState
[2025-11-10 01:34:37,525] [INFO] [GameManager] Exiting state: IdleState
[2025-11-10 01:34:37,526] [INFO] [GameManager] State transition: IdleState → AmplifyState
[2025-11-10 01:34:37,527] [INFO] [GameManager] Entering state: AmplifyState
[2025-11-10 01:34:37,538] [DEBUG] [AmplifyState] AmplifyState activated with buttons: [1]
[2025-11-10 01:34:37,565] [INFO] [GameManager] Exiting state: AmplifyState
[2025-11-10 01:34:37,566] [INFO] [GameManager] State transition: AmplifyState → IdleState
[2025-11-10 01:34:37,567] [INFO] [GameManager] Entering state: IdleState
[2025-11-10 01:34:37,585] [INFO] [GameManager] Exiting state: IdleState
[2025-11-10 01:34:37,586] [INFO] [GameManager] State transition: IdleState → AmplifyState
[2025-11-10 01:34:37,587] [INFO] [GameManager] Entering state: AmplifyState
[2025-11-10 01:34:37,599] [DEBUG] [AmplifyState] AmplifyState activated with buttons: [1]
[2025-11-10 01:34:37,645] [INFO] [GameManager] Exiting state: AmplifyState
[2025-11-10 01:34:37,647] [INFO] [GameManager] State transition: AmplifyState → IdleState
[2025-11-10 01:34:37,647] [INFO] [GameManager] Entering state: IdleState
[2025-11-10 01:34:37,686] [INFO] [GameManager] Exiting state: IdleState
[2025-11-10 01:34:37,687] [INFO] [GameManager] State transition: IdleState → AmplifyState
[2025-11-10 01:34:37,687] [INFO] [GameManager] Entering state: AmplifyState
[2025-11-10 01:34:37,699] [DEBUG] [AmplifyState] AmplifyState activated with buttons: [1]
[2025-11-10 01:34:37,806] [INFO] [GameManager] Exiting state: AmplifyState
[2025-11-10 01:34:37,807] [INFO] [GameManager] State transition: AmplifyState → IdleState
[2025-11-10 01:34:37,808] [INFO] [GameManager] Entering state: IdleState
[2025-11-10 01:34:37,826] [INFO] [GameManager] Exiting state: IdleState
[2025-11-10 01:34:37,827] [INFO] [GameManager] State transition: IdleState → AmplifyState
[2025-11-10 01:34:37,828] [INFO] [GameManager] Entering state: AmplifyState
[2025-11-10 01:34:37,840] [DEBUG] [AmplifyState] AmplifyState activated with buttons: [1]
[2025-11-10 01:34:37,847] [INFO] [GameManager] Exiting state: AmplifyState
[2025-11-10 01:34:37,847] [INFO] [GameManager] State transition: AmplifyState → IdleState
[2025-11-10 01:34:37,848] [INFO] [GameManager] Entering state: IdleState
[2025-11-10 01:34:37,907] [INFO] [GameManager] Exiting state: IdleState
[2025-11-10 01:34:37,908] [INFO] [GameManager] State transition: IdleState → AmplifyState
[2025-11-10 01:34:37,909] [INFO] [GameManager] Entering state: AmplifyState
[2025-11-10 01:34:37,920] [DEBUG] [AmplifyState] AmplifyState activated with buttons: [1]
[2025-11-10 01:34:38,007] [INFO] [GameManager] Exiting state: AmplifyState
[2025-11-10 01:34:38,009] [INFO] [GameManager] State transition: AmplifyState → IdleState
[2025-11-10 01:34:38,009] [INFO] [GameManager] Entering state: IdleState
[2025-11-10 01:34:38,028] [INFO] [GameManager] Exiting state: IdleState
[2025-11-10 01:34:38,029] [INFO] [GameManager] State transition: IdleState → AmplifyState
[2025-11-10 01:34:38,029] [INFO] [GameManager] Entering state: AmplifyState
[2025-11-10 01:34:38,041] [DEBUG] [AmplifyState] AmplifyState activated with buttons: [1]
[2025-11-10 01:34:38,148] [INFO] [GameManager] Exiting state: AmplifyState
[2025-11-10 01:34:38,149] [INFO] [GameManager] State transition: AmplifyState → IdleState
[2025-11-10 01:34:38,150] [INFO] [GameManager] Entering state: IdleState
[2025-11-10 01:34:38,168] [INFO] [GameManager] Exiting state: IdleState
[2025-11-10 01:34:38,169] [INFO] [GameManager] State transition: IdleState → AmplifyState
[2025-11-10 01:34:38,170] [INFO] [GameManager] Entering state: AmplifyState
[2025-11-10 01:34:38,182] [DEBUG] [AmplifyState] AmplifyState activated with buttons: [1]
[2025-11-10 01:34:38,269] [INFO] [GameManager] Exiting state: AmplifyState
[2025-11-10 01:34:38,270] [INFO] [GameManager] State transition: AmplifyState → IdleState
[2025-11-10 01:34:38,271] [INFO] [GameManager] Entering state: IdleState
[2025-11-10 01:34:38,289] [INFO] [GameManager] Exiting state: IdleState
[2025-11-10 01:34:38,290] [INFO] [GameManager] State transition: IdleState → AmplifyState
[2025-11-10 01:34:38,291] [INFO] [GameManager] Entering state: AmplifyState
[2025-11-10 01:34:38,302] [DEBUG] [AmplifyState] AmplifyState activated with buttons: [1]
[2025-11-10 01:34:38,490] [INFO] [GameManager] Exiting state: AmplifyState
[2025-11-10 01:34:38,491] [INFO] [GameManager] State transition: AmplifyState → IdleState
[2025-11-10 01:34:38,492] [INFO] [GameManager] Entering state: IdleState
[2025-11-10 01:34:38,530] [INFO] [GameManager] Exiting state: IdleState
[2025-11-10 01:34:38,531] [INFO] [GameManager] State transition: IdleState → AmplifyState
[2025-11-10 01:34:38,532] [INFO] [GameManager] Entering state: AmplifyState
[2025-11-10 01:34:38,544] [DEBUG] [AmplifyState] AmplifyState activated with buttons: [1]
[2025-11-10 01:34:38,551] [INFO] [GameManager] Exiting state: AmplifyState
[2025-11-10 01:34:38,552] [INFO] [GameManager] State transition: AmplifyState → IdleState
[2025-11-10 01:34:38,552] [INFO] [GameManager] Entering state: IdleState
[2025-11-10 01:34:38,571] [INFO] [GameManager] Exiting state: IdleState
[2025-11-10 01:34:38,572] [INFO] [GameManager] State transition: IdleState → AmplifyState
[2025-11-10 01:34:38,572] [INFO] [GameManager] Entering state: AmplifyState
[2025-11-10 01:34:38,584] [DEBUG] [AmplifyState] AmplifyState activated with buttons: [1]
[2025-11-10 01:34:38,591] [INFO] [GameManager] Exiting state: AmplifyState
[2025-11-10 01:34:38,592] [INFO] [GameManager] State transition: AmplifyState → IdleState
[2025-11-10 01:34:38,593] [INFO] [GameManager] Entering state: IdleState
[2025-11-10 01:34:38,611] [INFO] [GameManager] Exiting state: IdleState
[2025-11-10 01:34:38,612] [INFO] [GameManager] State transition: IdleState → AmplifyState
[2025-11-10 01:34:38,613] [INFO] [GameManager] Entering state: AmplifyState
[2025-11-10 01:34:38,624] [DEBUG] [AmplifyState] AmplifyState activated with buttons: [1]
[2025-11-10 01:34:38,631] [INFO] [GameManager] Exiting state: AmplifyState
[2025-11-10 01:34:38,632] [INFO] [GameManager] State transition: AmplifyState → IdleState
[2025-11-10 01:34:38,633] [INFO] [GameManager] Entering state: IdleState
[2025-11-10 01:34:38,651] [INFO] [GameManager] Exiting state: IdleState
[2025-11-10 01:34:38,652] [INFO] [GameManager] State transition: IdleState → AmplifyState
[2025-11-10 01:34:38,653] [INFO] [GameManager] Entering state: AmplifyState
[2025-11-10 01:34:38,664] [DEBUG] [AmplifyState] AmplifyState activated with buttons: [1]
[2025-11-10 01:34:38,812] [INFO] [GameManager] Exiting state: AmplifyState
[2025-11-10 01:34:38,813] [INFO] [GameManager] State transition: AmplifyState → IdleState
[2025-11-10 01:34:38,814] [INFO] [GameManager] Entering state: IdleState
[2025-11-10 01:34:38,832] [INFO] [GameManager] Exiting state: IdleState
[2025-11-10 01:34:38,833] [INFO] [GameManager] State transition: IdleState → AmplifyState
[2025-11-10 01:34:38,834] [INFO] [GameManager] Entering state: AmplifyState
[2025-11-10 01:34:38,846] [DEBUG] [AmplifyState] AmplifyState activated with buttons: [1]
[2025-11-10 01:34:38,852] [INFO] [GameManager] Exiting state: AmplifyState
[2025-11-10 01:34:38,853] [INFO] [GameManager] State transition: AmplifyState → IdleState
[2025-11-10 01:34:38,855] [INFO] [GameManager] Entering state: IdleState
[2025-11-10 01:34:38,912] [INFO] [GameManager] Exiting state: IdleState
[2025-11-10 01:34:38,913] [INFO] [GameManager] State transition: IdleState → AmplifyState
[2025-11-10 01:34:38,913] [INFO] [GameManager] Entering state: AmplifyState
[2025-11-10 01:34:38,924] [DEBUG] [AmplifyState] AmplifyState activated with buttons: [1]
[2025-11-10 01:34:38,933] [INFO] [GameManager] Exiting state: AmplifyState
[2025-11-10 01:34:38,933] [INFO] [GameManager] State transition: AmplifyState → IdleState
[2025-11-10 01:34:38,934] [INFO] [GameManager] Entering state: IdleState
[2025-11-10 01:34:39,133] [INFO] [GameManager] Exiting state: IdleState
[2025-11-10 01:34:39,134] [INFO] [GameManager] State transition: IdleState → AmplifyState
[2025-11-10 01:34:39,135] [INFO] [GameManager] Entering state: AmplifyState
[2025-11-10 01:34:39,145] [DEBUG] [AmplifyState] AmplifyState activated with buttons: [1]
[2025-11-10 01:34:39,153] [INFO] [GameManager] Exiting state: AmplifyState
[2025-11-10 01:34:39,154] [INFO] [GameManager] State transition: AmplifyState → IdleState
[2025-11-10 01:34:39,155] [INFO] [GameManager] Entering state: IdleState
[2025-11-10 01:34:39,234] [INFO] [GameManager] Exiting state: IdleState
[2025-11-10 01:34:39,234] [INFO] [GameManager] State transition: IdleState → AmplifyState
[2025-11-10 01:34:39,235] [INFO] [GameManager] Entering state: AmplifyState
[2025-11-10 01:34:39,245] [DEBUG] [AmplifyState] AmplifyState activated with buttons: [1]
[2025-11-10 01:34:39,254] [INFO] [GameManager] Exiting state: AmplifyState
[2025-11-10 01:34:39,254] [INFO] [GameManager] State transition: AmplifyState → IdleState
[2025-11-10 01:34:39,255] [INFO] [GameManager] Entering state: IdleState
[2025-11-10 01:34:39,274] [INFO] [GameManager] Exiting state: IdleState
[2025-11-10 01:34:39,274] [INFO] [GameManager] State transition: IdleState → AmplifyState
[2025-11-10 01:34:39,275] [INFO] [GameManager] Entering state: AmplifyState
[2025-11-10 01:34:39,285] [DEBUG] [AmplifyState] AmplifyState activated with buttons: [1]
[2025-11-10 01:34:39,314] [INFO] [GameManager] Exiting state: AmplifyState
[2025-11-10 01:34:39,315] [INFO] [GameManager] State transition: AmplifyState → IdleState
[2025-11-10 01:34:39,315] [INFO] [GameManager] Entering state: IdleState
[2025-11-10 01:34:39,334] [INFO] [GameManager] Exiting state: IdleState
[2025-11-10 01:34:39,335] [INFO] [GameManager] State transition: IdleState → AmplifyState
[2025-11-10 01:34:39,335] [INFO] [GameManager] Entering state: AmplifyState
[2025-11-10 01:34:39,346] [DEBUG] [AmplifyState] AmplifyState activated with buttons: [1]
[2025-11-10 01:34:39,435] [INFO] [GameManager] Exiting state: AmplifyState
[2025-11-10 01:34:39,435] [INFO] [GameManager] State transition: AmplifyState → IdleState
[2025-11-10 01:34:39,436] [INFO] [GameManager] Entering state: IdleState
[2025-11-10 01:34:39,495] [INFO] [GameManager] Exiting state: IdleState
[2025-11-10 01:34:39,495] [INFO] [GameManager] State transition: IdleState → AmplifyState
[2025-11-10 01:34:39,496] [INFO] [GameManager] Entering state: AmplifyState
[2025-11-10 01:34:39,507] [DEBUG] [AmplifyState] AmplifyState activated with buttons: [1]
[2025-11-10 01:34:39,535] [INFO] [GameManager] Exiting state: AmplifyState
[2025-11-10 01:34:39,536] [INFO] [GameManager] State transition: AmplifyState → IdleState
[2025-11-10 01:34:39,536] [INFO] [GameManager] Entering state: IdleState
[2025-11-10 01:34:39,555] [INFO] [GameManager] Exiting state: IdleState
[2025-11-10 01:34:39,556] [INFO] [GameManager] State transition: IdleState → AmplifyState
[2025-11-10 01:34:39,556] [INFO] [GameManager] Entering state: AmplifyState
[2025-11-10 01:34:39,567] [DEBUG] [AmplifyState] AmplifyState activated with buttons: [1]
[2025-11-10 01:34:39,575] [INFO] [GameManager] Exiting state: AmplifyState
[2025-11-10 01:34:39,576] [INFO] [GameManager] State transition: AmplifyState → IdleState
[2025-11-10 01:34:39,576] [INFO] [GameManager] Entering state: IdleState
[2025-11-10 01:34:39,595] [INFO] [GameManager] Exiting state: IdleState
[2025-11-10 01:34:39,596] [INFO] [GameManager] State transition: IdleState → AmplifyState
[2025-11-10 01:34:39,596] [INFO] [GameManager] Entering state: AmplifyState
[2025-11-10 01:34:39,607] [DEBUG] [AmplifyState] AmplifyState activated with buttons: [1]
[2025-11-10 01:34:40,339] [INFO] [GameManager] Exiting state: AmplifyState
[2025-11-10 01:34:40,339] [INFO] [GameManager] State transition: AmplifyState → IdleState
[2025-11-10 01:34:40,340] [INFO] [GameManager] Entering state: IdleState
[2025-11-10 01:34:40,359] [INFO] [GameManager] Exiting state: IdleState
[2025-11-10 01:34:40,360] [INFO] [GameManager] State transition: IdleState → AmplifyState
[2025-11-10 01:34:40,360] [INFO] [GameManager] Entering state: AmplifyState
[2025-11-10 01:34:40,372] [DEBUG] [AmplifyState] AmplifyState activated with buttons: [1]
[2025-11-10 01:34:43,501] [INFO] [GameManager] Exiting state: AmplifyState
[2025-11-10 01:34:43,503] [INFO] [GameManager] State transition: AmplifyState → IdleState
[2025-11-10 01:34:43,504] [INFO] [GameManager] Entering state: IdleState
[2025-11-10 01:34:43,521] [INFO] [GameManager] Exiting state: IdleState
[2025-11-10 01:34:43,523] [INFO] [GameManager] State transition: IdleState → AmplifyState
[2025-11-10 01:34:43,524] [INFO] [GameManager] Entering state: AmplifyState
[2025-11-10 01:34:43,536] [DEBUG] [AmplifyState] AmplifyState activated with buttons: [1]
[2025-11-10 01:34:47,340] [DEBUG] [AmplifyState] AmplifyState button change - currently pressed: [0, 1]
[2025-11-10 01:34:49,049] [INFO] [GameManager] Exiting state: AmplifyState
[2025-11-10 01:34:49,051] [INFO] [GameManager] State transition: AmplifyState → PartyState
[2025-11-10 01:34:49,051] [INFO] [GameManager] Entering state: PartyState
[2025-11-10 01:34:49,064] [INFO] [PartyState] 🎉 PARTY MODE ACTIVATED!
[2025-11-10 01:35:33,911] [INFO] [GameManager] Game stopped by user (Ctrl+C)
[2025-11-10 01:35:33,933] [INFO] [GameManager] Game stopped
[2025-11-10 01:35:33,934] [INFO] [Amplifier] ✅ HumanAmplifier system shut down
