[2025-11-14 18:18:14,929] [INFO] [Amplifier] 🎵 HUMAN AMPLIFIER INTERACTIVE SYSTEM
[2025-11-14 18:18:14,930] [INFO] [Amplifier] Button configuration: 3 buttons on GPIO [5, 6, 17]
[2025-11-14 18:18:14,931] [INFO] [Amplifier] LED configuration: 2 strips
[2025-11-14 18:18:14,931] [INFO] [Amplifier]   Strip 1: 300 LEDs on GPIO 21
[2025-11-14 18:18:14,932] [INFO] [Amplifier]   Strip 2: 300 LEDs on GPIO 18
[2025-11-14 18:18:14,933] [INFO] [Amplifier] Game settings: 20ms frame duration (50.0 FPS)
[2025-11-14 18:18:14,934] [INFO] [Amplifier] Button sample rate: 200Hz
[2025-11-14 18:18:14,934] [INFO] [Amplifier] Audio folder: songs
[2025-11-14 18:18:14,934] [INFO] [Amplifier] Schedule: 2 daily, 1 special entries
[2025-11-14 18:18:16,904] [INFO] [ButtonReader] GPIO setup complete: 3 pins, no pulls
[2025-11-14 18:18:16,905] [INFO] [ButtonReader] ButtonReader initialized with 3 buttons
[2025-11-14 18:18:16,905] [INFO] [ButtonReader] Button mapping: Button0=GPIO5, Button1=GPIO6, Button2=GPIO17
[2025-11-14 18:18:16,909] [INFO] [SongLibrary] Creating song codes dictionary
[2025-11-14 18:18:17,489] [INFO] [SongLibrary] Loaded 0 song codes from 2 collections
[2025-11-14 18:18:17,490] [INFO] [SongLibrary] Collections updated: ['MAIJAM']
[2025-11-14 18:18:17,781] [INFO] [GameManager] GameManager initialized: 20ms frame duration, 2 LED strips
[2025-11-14 18:18:17,783] [INFO] [Amplifier] HumanAmplifier system initialized successfully
[2025-11-14 18:18:17,783] [INFO] [Amplifier] Hardware: 3 buttons, 2 LED strips, 20ms frame duration
[2025-11-14 18:18:17,784] [INFO] [Amplifier] Audio system: {'songs_folder': 'songs', 'all_collections': ['MAIJAM', 'MORNING'], 'total_codes': 0, 'daily_schedule_entries': 2, 'special_schedule_entries': 1}
[2025-11-14 18:18:17,785] [INFO] [Amplifier] Sound controller initialized successfully
[2025-11-14 18:18:17,785] [INFO] [Amplifier] ✅ System initialized successfully!
[2025-11-14 18:18:17,786] [INFO] [Amplifier] Hardware status: 3 buttons, 2 LED strips
[2025-11-14 18:18:17,787] [INFO] [Amplifier]   Strip 1: 300 LEDs active
[2025-11-14 18:18:17,788] [INFO] [Amplifier]   Strip 2: 300 LEDs active
[2025-11-14 18:18:17,789] [INFO] [Amplifier] Audio system: 0 song codes, 9 sound effects
[2025-11-14 18:18:17,790] [INFO] [Amplifier] Available collections: MAIJAM, MORNING
[2025-11-14 18:18:17,791] [INFO] [Amplifier] 🚀 Starting HumanAmplifier system...
[2025-11-14 18:18:17,792] [INFO] [GameManager] Starting game loop with 20ms frame duration
[2025-11-14 18:37:34,220] [INFO] [GameManager] Game stopped by user (Ctrl+C)
[2025-11-14 18:37:34,238] [INFO] [GameManager] Game stopped
[2025-11-14 18:37:34,238] [INFO] [Amplifier] ✅ HumanAmplifier system shut down
