[2025-11-14 18:12:30,310] [INFO] [Amplifier] 🎵 HUMAN AMPLIFIER INTERACTIVE SYSTEM
[2025-11-14 18:12:30,310] [INFO] [Amplifier] Button configuration: 3 buttons on GPIO [5, 6, 17]
[2025-11-14 18:12:30,311] [INFO] [Amplifier] LED configuration: 2 strips
[2025-11-14 18:12:30,311] [INFO] [Amplifier]   Strip 1: 300 LEDs on GPIO 21
[2025-11-14 18:12:30,311] [INFO] [Amplifier]   Strip 2: 300 LEDs on GPIO 18
[2025-11-14 18:12:30,312] [INFO] [Amplifier] Game settings: 20ms frame duration (50.0 FPS)
[2025-11-14 18:12:30,312] [INFO] [Amplifier] Button sample rate: 200Hz
[2025-11-14 18:12:30,312] [INFO] [Amplifier] Audio folder: songs
[2025-11-14 18:12:30,313] [INFO] [Amplifier] Schedule: 2 daily, 1 special entries
[2025-11-14 18:12:33,491] [INFO] [ButtonReader] GPIO setup complete: 3 pins, no pulls
[2025-11-14 18:12:33,491] [INFO] [ButtonReader] ButtonReader initialized with 3 buttons
[2025-11-14 18:12:33,492] [INFO] [ButtonReader] Button mapping: Button0=GPIO5, Button1=GPIO6, Button2=GPIO17
[2025-11-14 18:12:33,496] [INFO] [SongLibrary] Creating song codes dictionary
[2025-11-14 18:12:33,839] [INFO] [SongLibrary] Loaded 30 song codes from 2 collections
[2025-11-14 18:12:33,840] [INFO] [SongLibrary] Collections updated: ['MAIJAM']
[2025-11-14 18:12:34,067] [INFO] [GameManager] GameManager initialized: 20ms frame duration, 2 LED strips
[2025-11-14 18:12:34,068] [INFO] [Amplifier] HumanAmplifier system initialized successfully
[2025-11-14 18:12:34,068] [INFO] [Amplifier] Hardware: 3 buttons, 2 LED strips, 20ms frame duration
[2025-11-14 18:12:34,069] [INFO] [Amplifier] Audio system: {'songs_folder': 'songs', 'all_collections': ['MAIJAM', 'MORNING'], 'total_codes': 30, 'daily_schedule_entries': 2, 'special_schedule_entries': 1}
[2025-11-14 18:12:34,069] [INFO] [Amplifier] Sound controller initialized successfully
[2025-11-14 18:12:34,069] [INFO] [Amplifier] ✅ System initialized successfully!
[2025-11-14 18:12:34,069] [INFO] [Amplifier] Hardware status: 3 buttons, 2 LED strips
[2025-11-14 18:12:34,069] [INFO] [Amplifier]   Strip 1: 300 LEDs active
[2025-11-14 18:12:34,070] [INFO] [Amplifier]   Strip 2: 300 LEDs active
[2025-11-14 18:12:34,070] [INFO] [Amplifier] Audio system: 30 song codes, 9 sound effects
[2025-11-14 18:12:34,070] [INFO] [Amplifier] Available collections: MAIJAM, MORNING
[2025-11-14 18:12:34,070] [INFO] [Amplifier] 🚀 Starting HumanAmplifier system...
[2025-11-14 18:12:34,071] [INFO] [GameManager] Starting game loop with 20ms frame duration
[2025-11-14 18:14:01,156] [INFO] [GameManager] Game stopped by user (Ctrl+C)
[2025-11-14 18:14:01,167] [INFO] [GameManager] Game stopped
[2025-11-14 18:14:01,168] [INFO] [Amplifier] ✅ HumanAmplifier system shut down
