[2025-11-16 21:09:43,625] [INFO] [Amplifier] 🎵 HUMAN AMPLIFIER INTERACTIVE SYSTEM
[2025-11-16 21:09:43,627] [INFO] [Amplifier] Button configuration: 4 buttons on GPIO [6, 5, 17, 22]
[2025-11-16 21:09:43,628] [INFO] [Amplifier] LED configuration: 2 strips
[2025-11-16 21:09:43,628] [INFO] [Amplifier]   Strip 1: 300 LEDs on GPIO 21
[2025-11-16 21:09:43,629] [INFO] [Amplifier]   Strip 2: 300 LEDs on GPIO 18
[2025-11-16 21:09:43,629] [INFO] [Amplifier] Game settings: 20ms frame duration (50.0 FPS)
[2025-11-16 21:09:43,630] [INFO] [Amplifier] Button sample rate: 200Hz
[2025-11-16 21:09:43,630] [INFO] [Amplifier] Audio folder: songs
[2025-11-16 21:09:43,631] [INFO] [Amplifier] Schedule: 2 daily, 1 special entries
[2025-11-16 21:09:43,632] [INFO] [ButtonReader] GPIO setup complete: 4 pins, no pulls
[2025-11-16 21:09:43,632] [INFO] [ButtonReader] ButtonReader initialized with 4 buttons
[2025-11-16 21:09:43,632] [INFO] [ButtonReader] Button mapping: Button0=GPIO6, Button1=GPIO5, Button2=GPIO17, Button3=GPIO22
[2025-11-16 21:09:43,636] [INFO] [SongLibrary] Creating song codes dictionary
[2025-11-16 21:09:43,929] [INFO] [SongLibrary] Loaded 1 song codes from 2 collections
[2025-11-16 21:09:43,929] [INFO] [SongLibrary] Collections updated: ['MAIJAM']
[2025-11-16 21:09:45,801] [INFO] [GameManager] GameManager initialized: 20ms frame duration, 2 LED strips
[2025-11-16 21:09:45,802] [INFO] [Amplifier] HumanAmplifier system initialized successfully
[2025-11-16 21:09:45,802] [INFO] [Amplifier] Hardware: 4 buttons, 2 LED strips, 20ms frame duration
[2025-11-16 21:09:45,802] [INFO] [Amplifier] Audio system: {'songs_folder': 'songs', 'all_collections': ['MAIJAM', 'MORNING'], 'total_codes': 1, 'daily_schedule_entries': 2, 'special_schedule_entries': 1}
[2025-11-16 21:09:45,803] [INFO] [Amplifier] Sound controller initialized successfully
[2025-11-16 21:09:45,803] [INFO] [Amplifier] ✅ System initialized successfully!
[2025-11-16 21:09:45,804] [INFO] [Amplifier] Hardware status: 4 buttons, 2 LED strips
[2025-11-16 21:09:45,804] [INFO] [Amplifier]   Strip 1: 300 LEDs active
[2025-11-16 21:09:45,804] [INFO] [Amplifier]   Strip 2: 300 LEDs active
[2025-11-16 21:09:45,804] [INFO] [Amplifier] Audio system: 1 song codes, 12 sound effects
[2025-11-16 21:09:45,805] [INFO] [Amplifier] Available collections: MAIJAM, MORNING
[2025-11-16 21:09:45,805] [INFO] [Amplifier] 🚀 Starting HumanAmplifier system...
[2025-11-16 21:09:45,805] [INFO] [GameManager] Starting game loop with 20ms frame duration
[2025-11-16 21:09:59,459] [DEBUG] [ButtonReader] Button state changed: [(1, 'pressed')]
[2025-11-16 21:09:59,460] [DEBUG] [GameManager] Button sequence: 1
[2025-11-16 21:09:59,460] [INFO] [GameManager] State transition: IdleState → AmplifyState
[2025-11-16 21:09:59,472] [INFO] [SoundController] Song "LunchMoney Lewis - Bills (Official Video).mp3" was randomly started
[2025-11-16 21:09:59,472] [DEBUG] [AmplifyState] AmplifyState activated with buttons: [1]
[2025-11-16 21:10:04,346] [DEBUG] [ButtonReader] Button state changed: [(2, 'pressed')]
[2025-11-16 21:10:04,347] [DEBUG] [GameManager] Button sequence: 12
[2025-11-16 21:10:04,347] [DEBUG] [AmplifyState] AmplifyState button change - currently pressed: [1, 2]
[2025-11-16 21:10:11,361] [DEBUG] [ButtonReader] Button state changed: [(1, 'released')]
[2025-11-16 21:10:11,361] [DEBUG] [AmplifyState] AmplifyState button change - currently pressed: [2]
[2025-11-16 21:10:13,208] [DEBUG] [ButtonReader] Button state changed: [(1, 'pressed')]
[2025-11-16 21:10:13,209] [DEBUG] [GameManager] Button sequence: 121
[2025-11-16 21:10:13,210] [DEBUG] [AmplifyState] AmplifyState button change - currently pressed: [1, 2]
[2025-11-16 21:10:14,112] [DEBUG] [ButtonReader] Button state changed: [(1, 'released')]
[2025-11-16 21:10:14,112] [DEBUG] [AmplifyState] AmplifyState button change - currently pressed: [2]
[2025-11-16 21:10:14,915] [DEBUG] [ButtonReader] Button state changed: [(0, 'pressed')]
[2025-11-16 21:10:14,916] [DEBUG] [GameManager] Button sequence: 1210
[2025-11-16 21:10:14,916] [DEBUG] [AmplifyState] AmplifyState button change - currently pressed: [0, 2]
[2025-11-16 21:10:20,180] [DEBUG] [ButtonReader] Button state changed: [(2, 'released')]
[2025-11-16 21:10:20,181] [DEBUG] [AmplifyState] AmplifyState button change - currently pressed: [0]
[2025-11-16 21:10:20,201] [DEBUG] [ButtonReader] Button state changed: [(0, 'released')]
[2025-11-16 21:10:20,202] [INFO] [GameManager] State transition: AmplifyState → IdleState
[2025-11-16 21:10:24,364] [DEBUG] [ButtonReader] Button state changed: [(1, 'pressed')]
[2025-11-16 21:10:24,365] [DEBUG] [GameManager] Button sequence: 1
[2025-11-16 21:10:24,366] [INFO] [GameManager] State transition: IdleState → AmplifyState
[2025-11-16 21:10:24,377] [INFO] [SoundController] Song "Lady Gaga - Bad Romance (Official Music Video).mp3" was randomly started
[2025-11-16 21:10:24,380] [DEBUG] [AmplifyState] AmplifyState activated with buttons: [1]
[2025-11-16 21:10:24,545] [DEBUG] [ButtonReader] Button state changed: [(1, 'released')]
[2025-11-16 21:10:24,547] [INFO] [GameManager] State transition: AmplifyState → IdleState
[2025-11-16 21:10:24,907] [DEBUG] [ButtonReader] Button state changed: [(1, 'pressed')]
[2025-11-16 21:10:24,908] [DEBUG] [GameManager] Button sequence: 11
[2025-11-16 21:10:24,908] [INFO] [GameManager] State transition: IdleState → AmplifyState
[2025-11-16 21:10:24,919] [INFO] [SoundController] Song "אשליות - ניסים סרוסי.mp3" was randomly started
[2025-11-16 21:10:24,920] [DEBUG] [AmplifyState] AmplifyState activated with buttons: [1]
[2025-11-16 21:10:25,067] [DEBUG] [ButtonReader] Button state changed: [(1, 'released')]
[2025-11-16 21:10:25,069] [INFO] [GameManager] State transition: AmplifyState → IdleState
[2025-11-16 21:10:25,188] [DEBUG] [ButtonReader] Button state changed: [(1, 'pressed')]
[2025-11-16 21:10:25,189] [DEBUG] [GameManager] Button sequence: 111
[2025-11-16 21:10:25,189] [INFO] [GameManager] Triple 1 detected - entering code mode!
[2025-11-16 21:10:25,190] [INFO] [GameManager] State transition: IdleState → CodeModeState
[2025-11-16 21:10:25,191] [DEBUG] [ButtonReader] Button 1 will be ignored until released
[2025-11-16 21:10:25,204] [INFO] [CodeModeState] Entered code mode - awaiting 5-digit code
[2025-11-16 21:10:25,389] [DEBUG] [ButtonReader] Button 1 released, no longer ignored
[2025-11-16 21:10:27,718] [DEBUG] [ButtonReader] Button state changed: [(0, 'pressed')]
[2025-11-16 21:10:27,719] [DEBUG] [GameManager] Button sequence: 0
[2025-11-16 21:10:28,683] [DEBUG] [ButtonReader] Button state changed: [(1, 'pressed')]
[2025-11-16 21:10:28,684] [DEBUG] [GameManager] Button sequence: 01
[2025-11-16 21:10:31,218] [DEBUG] [ButtonReader] Button state changed: [(1, 'released')]
[2025-11-16 21:10:31,219] [INFO] [CodeModeState] Code mode failed: Button was released
[2025-11-16 21:10:31,219] [DEBUG] [ButtonReader] Button 0 will be ignored until released
[2025-11-16 21:10:31,220] [INFO] [GameManager] State transition: CodeModeState → IdleState
[2025-11-16 21:10:32,262] [DEBUG] [ButtonReader] Button 0 released, no longer ignored
[2025-11-16 21:10:37,583] [DEBUG] [ButtonReader] Button state changed: [(2, 'pressed')]
[2025-11-16 21:10:37,584] [DEBUG] [GameManager] Button sequence: 2
[2025-11-16 21:10:37,584] [INFO] [GameManager] State transition: IdleState → AmplifyState
[2025-11-16 21:10:37,596] [INFO] [SoundController] Song "Earth, Wind & Fire - September (Official HD Video).mp3" was randomly started
[2025-11-16 21:10:37,597] [DEBUG] [AmplifyState] AmplifyState activated with buttons: [2]
[2025-11-16 21:10:39,817] [DEBUG] [ButtonReader] Button state changed: [(1, 'pressed')]
[2025-11-16 21:10:39,819] [DEBUG] [GameManager] Button sequence: 21
[2025-11-16 21:10:39,820] [DEBUG] [AmplifyState] AmplifyState button change - currently pressed: [1, 2]
[2025-11-16 21:10:41,424] [DEBUG] [ButtonReader] Button state changed: [(2, 'released')]
[2025-11-16 21:10:41,424] [DEBUG] [AmplifyState] AmplifyState button change - currently pressed: [1]
[2025-11-16 21:10:42,227] [DEBUG] [ButtonReader] Button state changed: [(0, 'pressed')]
[2025-11-16 21:10:42,228] [DEBUG] [GameManager] Button sequence: 210
[2025-11-16 21:10:42,228] [DEBUG] [AmplifyState] AmplifyState button change - currently pressed: [0, 1]
[2025-11-16 21:10:43,372] [DEBUG] [ButtonReader] Button state changed: [(1, 'released')]
[2025-11-16 21:10:43,372] [DEBUG] [AmplifyState] AmplifyState button change - currently pressed: [0]
[2025-11-16 21:10:44,617] [DEBUG] [ButtonReader] Button state changed: [(3, 'pressed')]
[2025-11-16 21:10:44,617] [DEBUG] [GameManager] Button sequence: 2103
[2025-11-16 21:10:44,617] [DEBUG] [AmplifyState] AmplifyState button change - currently pressed: [0, 3]
[2025-11-16 21:10:47,113] [DEBUG] [ButtonReader] Button state changed: [(0, 'released')]
[2025-11-16 21:10:47,113] [DEBUG] [AmplifyState] AmplifyState button change - currently pressed: [3]
[2025-11-16 21:10:47,354] [DEBUG] [ButtonReader] Button state changed: [(0, 'pressed')]
[2025-11-16 21:10:47,354] [DEBUG] [GameManager] Button sequence: 21030
[2025-11-16 21:10:47,355] [DEBUG] [AmplifyState] AmplifyState button change - currently pressed: [0, 3]
[2025-11-16 21:10:58,080] [DEBUG] [ButtonReader] Button state changed: [(3, 'released')]
[2025-11-16 21:10:58,081] [DEBUG] [AmplifyState] AmplifyState button change - currently pressed: [0]
[2025-11-16 21:10:58,120] [DEBUG] [ButtonReader] Button state changed: [(0, 'released')]
[2025-11-16 21:10:58,121] [INFO] [GameManager] State transition: AmplifyState → IdleState
[2025-11-16 21:12:00,200] [DEBUG] [ButtonReader] Button state changed: [(1, 'pressed')]
[2025-11-16 21:12:00,200] [DEBUG] [GameManager] Button sequence: 1
[2025-11-16 21:12:00,201] [INFO] [GameManager] State transition: IdleState → AmplifyState
[2025-11-16 21:12:00,211] [INFO] [SoundController] Song "Boney M. - Rasputin (Sopot Festival 1979).mp3" was randomly started
[2025-11-16 21:12:00,212] [DEBUG] [AmplifyState] AmplifyState activated with buttons: [1]
[2025-11-16 21:12:09,405] [DEBUG] [ButtonReader] Button state changed: [(1, 'released')]
[2025-11-16 21:12:09,406] [INFO] [GameManager] State transition: AmplifyState → IdleState
[2025-11-16 21:12:10,047] [DEBUG] [ButtonReader] Button state changed: [(1, 'pressed')]
[2025-11-16 21:12:10,048] [DEBUG] [GameManager] Button sequence: 1
[2025-11-16 21:12:10,048] [INFO] [GameManager] State transition: IdleState → AmplifyState
[2025-11-16 21:12:10,059] [INFO] [SoundController] Song "ABBA - Gimme! Gimme! Gimme! (A Man After Midnight).mp3" was randomly started
[2025-11-16 21:12:10,060] [DEBUG] [AmplifyState] AmplifyState activated with buttons: [1]
[2025-11-16 21:12:15,354] [DEBUG] [ButtonReader] Button state changed: [(0, 'pressed')]
[2025-11-16 21:12:15,355] [DEBUG] [GameManager] Button sequence: 10
[2025-11-16 21:12:15,356] [DEBUG] [AmplifyState] AmplifyState button change - currently pressed: [0, 1]
[2025-11-16 21:12:17,708] [DEBUG] [ButtonReader] Button state changed: [(0, 'released')]
[2025-11-16 21:12:17,708] [DEBUG] [AmplifyState] AmplifyState button change - currently pressed: [1]
[2025-11-16 21:12:19,957] [DEBUG] [ButtonReader] Button state changed: [(0, 'pressed')]
[2025-11-16 21:12:19,957] [DEBUG] [GameManager] Button sequence: 100
[2025-11-16 21:12:19,957] [DEBUG] [AmplifyState] AmplifyState button change - currently pressed: [0, 1]
[2025-11-16 21:12:20,720] [DEBUG] [ButtonReader] Button state changed: [(0, 'released')]
[2025-11-16 21:12:20,720] [DEBUG] [AmplifyState] AmplifyState button change - currently pressed: [1]
[2025-11-16 21:12:22,025] [DEBUG] [ButtonReader] Button state changed: [(0, 'pressed')]
[2025-11-16 21:12:22,026] [DEBUG] [GameManager] Button sequence: 1000
[2025-11-16 21:12:22,027] [DEBUG] [AmplifyState] AmplifyState button change - currently pressed: [0, 1]
[2025-11-16 21:12:24,676] [DEBUG] [ButtonReader] Button state changed: [(0, 'released')]
[2025-11-16 21:12:24,677] [DEBUG] [AmplifyState] AmplifyState button change - currently pressed: [1]
[2025-11-16 21:12:35,079] [DEBUG] [ButtonReader] Button state changed: [(1, 'released')]
[2025-11-16 21:12:35,080] [INFO] [GameManager] State transition: AmplifyState → IdleState
[2025-11-16 21:12:57,105] [DEBUG] [ButtonReader] Button state changed: [(0, 'pressed')]
[2025-11-16 21:12:57,106] [DEBUG] [GameManager] Button sequence: 0
[2025-11-16 21:12:57,107] [INFO] [GameManager] State transition: IdleState → AmplifyState
[2025-11-16 21:12:57,118] [INFO] [SoundController] Song "Baccara - Yes Sir, I Can Boogie (Starparade 02.06.1977) (1).mp3" was randomly started
[2025-11-16 21:12:57,119] [DEBUG] [AmplifyState] AmplifyState activated with buttons: [0]
[2025-11-16 21:12:59,997] [DEBUG] [ButtonReader] Button state changed: [(1, 'pressed')]
[2025-11-16 21:12:59,998] [DEBUG] [GameManager] Button sequence: 01
[2025-11-16 21:12:59,999] [DEBUG] [AmplifyState] AmplifyState button change - currently pressed: [0, 1]
[2025-11-16 21:13:04,094] [DEBUG] [ButtonReader] Button state changed: [(0, 'released')]
[2025-11-16 21:13:04,095] [DEBUG] [AmplifyState] AmplifyState button change - currently pressed: [1]
[2025-11-16 21:13:06,142] [DEBUG] [ButtonReader] Button state changed: [(0, 'pressed')]
[2025-11-16 21:13:06,143] [DEBUG] [GameManager] Button sequence: 010
[2025-11-16 21:13:06,143] [DEBUG] [AmplifyState] AmplifyState button change - currently pressed: [0, 1]
[2025-11-16 21:13:10,058] [DEBUG] [ButtonReader] Button state changed: [(1, 'released')]
[2025-11-16 21:13:10,059] [DEBUG] [AmplifyState] AmplifyState button change - currently pressed: [0]
[2025-11-16 21:13:10,078] [DEBUG] [ButtonReader] Button state changed: [(1, 'pressed')]
[2025-11-16 21:13:10,079] [DEBUG] [GameManager] Button sequence: 0101
[2025-11-16 21:13:10,079] [DEBUG] [AmplifyState] AmplifyState button change - currently pressed: [0, 1]
[2025-11-16 21:13:15,460] [DEBUG] [ButtonReader] Button state changed: [(0, 'released'), (1, 'released')]
[2025-11-16 21:13:15,461] [INFO] [GameManager] State transition: AmplifyState → IdleState
[2025-11-16 21:52:01,272] [INFO] [GameManager] Game stopped by user (Ctrl+C)
[2025-11-16 21:52:01,283] [INFO] [GameManager] Game stopped
[2025-11-16 21:52:01,283] [INFO] [Amplifier] ✅ HumanAmplifier system shut down
