[2025-11-14 17:29:17,547] [INFO] [Amplifier] 🎵 HUMAN AMPLIFIER INTERACTIVE SYSTEM
[2025-11-14 17:29:17,548] [INFO] [Amplifier] Button configuration: 3 buttons on GPIO [5, 6, 17]
[2025-11-14 17:29:17,549] [INFO] [Amplifier] LED configuration: 2 strips
[2025-11-14 17:29:17,549] [INFO] [Amplifier]   Strip 1: 300 LEDs on GPIO 21
[2025-11-14 17:29:17,550] [INFO] [Amplifier]   Strip 2: 300 LEDs on GPIO 18
[2025-11-14 17:29:17,550] [INFO] [Amplifier] Game settings: 20ms frame duration (50.0 FPS)
[2025-11-14 17:29:17,550] [INFO] [Amplifier] Button sample rate: 200Hz
[2025-11-14 17:29:17,551] [INFO] [Amplifier] Audio folder: songs
[2025-11-14 17:29:17,551] [INFO] [Amplifier] Schedule: 2 daily, 1 special entries
[2025-11-14 17:29:24,978] [INFO] [ButtonReader] GPIO setup complete: 3 pins, no pulls
[2025-11-14 17:29:24,978] [INFO] [ButtonReader] ButtonReader initialized with 3 buttons
[2025-11-14 17:29:24,979] [INFO] [ButtonReader] Button mapping: Button0=GPIO5, Button1=GPIO6, Button2=GPIO17
[2025-11-14 17:29:24,985] [INFO] [SongLibrary] Creating song codes dictionary
[2025-11-14 17:29:25,303] [INFO] [SongLibrary] Loaded 30 song codes from 2 collections
[2025-11-14 17:29:25,304] [INFO] [SongLibrary] Collections updated: ['MAIJAM']
[2025-11-14 17:29:25,516] [INFO] [GameManager] GameManager initialized: 20ms frame duration, 2 LED strips
[2025-11-14 17:29:25,517] [INFO] [Amplifier] HumanAmplifier system initialized successfully
[2025-11-14 17:29:25,517] [INFO] [Amplifier] Hardware: 3 buttons, 2 LED strips, 20ms frame duration
[2025-11-14 17:29:25,518] [INFO] [Amplifier] Audio system: {'songs_folder': 'songs', 'all_collections': ['MORNING', 'MAIJAM'], 'total_codes': 30, 'daily_schedule_entries': 2, 'special_schedule_entries': 1}
[2025-11-14 17:29:25,518] [INFO] [Amplifier] Sound controller initialized successfully
[2025-11-14 17:29:25,518] [INFO] [Amplifier] ✅ System initialized successfully!
[2025-11-14 17:29:25,519] [INFO] [Amplifier] Hardware status: 3 buttons, 2 LED strips
[2025-11-14 17:29:25,519] [INFO] [Amplifier]   Strip 1: 300 LEDs active
[2025-11-14 17:29:25,520] [INFO] [Amplifier]   Strip 2: 300 LEDs active
[2025-11-14 17:29:25,520] [INFO] [Amplifier] Audio system: 30 song codes, 9 sound effects
[2025-11-14 17:29:25,520] [INFO] [Amplifier] Available collections: MORNING, MAIJAM
[2025-11-14 17:29:25,521] [INFO] [Amplifier] 🚀 Starting HumanAmplifier system...
[2025-11-14 17:29:25,521] [INFO] [GameManager] Starting game loop with 20ms frame duration
[2025-11-14 17:29:33,132] [DEBUG] [GameManager] Button sequence: 2
[2025-11-14 17:29:33,133] [INFO] [GameManager] State transition: IdleState → AmplifyState
[2025-11-14 17:29:33,144] [INFO] [SoundController] Song Eurythmics, Annie Lennox, Dave Stewart - Sweet Dreams (Are Made Of This) (Official Video).mp3 was randomly started
[2025-11-14 17:29:33,145] [DEBUG] [AmplifyState] AmplifyState activated with buttons: [2]
[2025-11-14 17:29:33,413] [INFO] [GameManager] State transition: AmplifyState → IdleState
[2025-11-14 17:29:34,317] [DEBUG] [GameManager] Button sequence: 21
[2025-11-14 17:29:34,317] [INFO] [GameManager] State transition: IdleState → AmplifyState
[2025-11-14 17:29:34,328] [INFO] [SoundController] Song Queen - I Want to Break Free (Official Lyric Video).mp3 was randomly started
[2025-11-14 17:29:34,329] [DEBUG] [AmplifyState] AmplifyState activated with buttons: [1]
[2025-11-14 17:29:34,678] [INFO] [GameManager] State transition: AmplifyState → IdleState
[2025-11-14 17:29:35,482] [DEBUG] [GameManager] Button sequence: 0
[2025-11-14 17:29:35,483] [INFO] [GameManager] State transition: IdleState → AmplifyState
[2025-11-14 17:29:35,495] [INFO] [SoundController] Song Eurythmics, Annie Lennox, Dave Stewart - Sweet Dreams (Are Made Of This) (Official Video).mp3 was randomly started
[2025-11-14 17:29:35,496] [DEBUG] [AmplifyState] AmplifyState activated with buttons: [0]
[2025-11-14 17:29:35,904] [INFO] [GameManager] State transition: AmplifyState → IdleState
[2025-11-14 17:29:46,806] [DEBUG] [GameManager] Button sequence: 1
[2025-11-14 17:29:46,807] [INFO] [GameManager] State transition: IdleState → AmplifyState
[2025-11-14 17:29:46,819] [INFO] [SoundController] Song Abba - Money, Money, Money (Official Music Video).mp3 was randomly started
[2025-11-14 17:29:46,820] [DEBUG] [AmplifyState] AmplifyState activated with buttons: [1]
[2025-11-14 17:29:47,068] [INFO] [GameManager] State transition: AmplifyState → IdleState
[2025-11-14 17:29:51,284] [DEBUG] [GameManager] Button sequence: 1
[2025-11-14 17:29:51,285] [INFO] [GameManager] State transition: IdleState → AmplifyState
[2025-11-14 17:29:51,296] [INFO] [SoundController] Song Earth, Wind & Fire - September (Official HD Video).mp3 was randomly started
[2025-11-14 17:29:51,296] [DEBUG] [AmplifyState] AmplifyState activated with buttons: [1]
[2025-11-14 17:29:52,991] [INFO] [GameManager] State transition: AmplifyState → IdleState
[2025-11-14 17:29:53,192] [DEBUG] [GameManager] Button sequence: 11
[2025-11-14 17:29:53,193] [INFO] [GameManager] State transition: IdleState → AmplifyState
[2025-11-14 17:29:53,203] [INFO] [SoundController] Song Blondie - Call me.mp3 was randomly started
[2025-11-14 17:29:53,204] [DEBUG] [AmplifyState] AmplifyState activated with buttons: [1]
[2025-11-14 17:29:53,413] [INFO] [GameManager] State transition: AmplifyState → IdleState
[2025-11-14 17:29:53,533] [DEBUG] [GameManager] Button sequence: 1
[2025-11-14 17:29:53,534] [INFO] [GameManager] State transition: IdleState → AmplifyState
[2025-11-14 17:29:53,545] [INFO] [SoundController] Song Queen - Don't Stop Me Now (Official Video).mp3 was randomly started
[2025-11-14 17:29:53,545] [DEBUG] [AmplifyState] AmplifyState activated with buttons: [1]
[2025-11-14 17:29:53,734] [INFO] [GameManager] State transition: AmplifyState → IdleState
[2025-11-14 17:29:53,895] [DEBUG] [GameManager] Button sequence: 11
[2025-11-14 17:29:53,895] [INFO] [GameManager] State transition: IdleState → AmplifyState
[2025-11-14 17:29:53,906] [INFO] [SoundController] Song Boney M. - Daddy Cool (Sopot Festival 1979).mp3 was randomly started
[2025-11-14 17:29:53,907] [DEBUG] [AmplifyState] AmplifyState activated with buttons: [1]
[2025-11-14 17:29:54,075] [INFO] [GameManager] State transition: AmplifyState → IdleState
[2025-11-14 17:29:55,099] [DEBUG] [GameManager] Button sequence: 111
[2025-11-14 17:29:55,100] [INFO] [GameManager] State transition: IdleState → AmplifyState
[2025-11-14 17:29:55,111] [INFO] [SoundController] Song Abba - Money, Money, Money (Official Music Video).mp3 was randomly started
[2025-11-14 17:29:55,112] [DEBUG] [AmplifyState] AmplifyState activated with buttons: [1]
[2025-11-14 17:29:55,280] [INFO] [GameManager] State transition: AmplifyState → IdleState
[2025-11-14 17:29:55,300] [INFO] [GameManager] Triple 1 pattern detected!
[2025-11-14 17:29:55,340] [DEBUG] [GameManager] Button sequence: 1
[2025-11-14 17:29:55,341] [INFO] [GameManager] State transition: IdleState → AmplifyState
[2025-11-14 17:29:55,352] [INFO] [SoundController] Song Queen - Don't Stop Me Now (Official Video).mp3 was randomly started
[2025-11-14 17:29:55,352] [DEBUG] [AmplifyState] AmplifyState activated with buttons: [1]
[2025-11-14 17:29:55,561] [INFO] [GameManager] State transition: AmplifyState → IdleState
[2025-11-14 17:29:55,581] [DEBUG] [GameManager] Button sequence: 11
[2025-11-14 17:29:55,582] [INFO] [GameManager] State transition: IdleState → AmplifyState
[2025-11-14 17:29:55,593] [INFO] [SoundController] Song Baccara - Yes Sir, I Can Boogie (Starparade 02.06.1977).mp3 was randomly started
[2025-11-14 17:29:55,594] [DEBUG] [AmplifyState] AmplifyState activated with buttons: [1]
[2025-11-14 17:29:55,843] [INFO] [GameManager] State transition: AmplifyState → IdleState
[2025-11-14 17:30:07,598] [DEBUG] [GameManager] Button sequence: 1
[2025-11-14 17:30:07,599] [INFO] [GameManager] State transition: IdleState → AmplifyState
[2025-11-14 17:30:07,611] [INFO] [SoundController] Song Queen - Don't Stop Me Now (Official Video).mp3 was randomly started
[2025-11-14 17:30:07,612] [DEBUG] [AmplifyState] AmplifyState activated with buttons: [1]
[2025-11-14 17:30:07,759] [INFO] [GameManager] State transition: AmplifyState → IdleState
[2025-11-14 17:30:07,799] [DEBUG] [GameManager] Button sequence: 11
[2025-11-14 17:30:07,800] [INFO] [GameManager] State transition: IdleState → AmplifyState
[2025-11-14 17:30:07,811] [INFO] [SoundController] Song Abba - Money, Money, Money (Official Music Video).mp3 was randomly started
[2025-11-14 17:30:07,812] [DEBUG] [AmplifyState] AmplifyState activated with buttons: [1]
[2025-11-14 17:30:08,261] [INFO] [GameManager] State transition: AmplifyState → IdleState
[2025-11-14 17:31:27,841] [DEBUG] [GameManager] Button sequence: 1
[2025-11-14 17:31:27,842] [INFO] [GameManager] State transition: IdleState → AmplifyState
[2025-11-14 17:31:27,852] [INFO] [SoundController] Song LunchMoney Lewis - Bills (Official Video).mp3 was randomly started
[2025-11-14 17:31:27,854] [DEBUG] [AmplifyState] AmplifyState activated with buttons: [1]
[2025-11-14 17:31:28,063] [INFO] [GameManager] State transition: AmplifyState → IdleState
[2025-11-14 17:31:28,968] [DEBUG] [GameManager] Button sequence: 11
[2025-11-14 17:31:28,969] [INFO] [GameManager] State transition: IdleState → AmplifyState
[2025-11-14 17:31:28,980] [INFO] [SoundController] Song LunchMoney Lewis - Bills (Official Video).mp3 was randomly started
[2025-11-14 17:31:28,980] [DEBUG] [AmplifyState] AmplifyState activated with buttons: [1]
[2025-11-14 17:31:29,129] [INFO] [GameManager] State transition: AmplifyState → IdleState
[2025-11-14 17:31:29,792] [DEBUG] [GameManager] Button sequence: 111
[2025-11-14 17:31:29,792] [INFO] [GameManager] State transition: IdleState → AmplifyState
[2025-11-14 17:31:29,803] [INFO] [SoundController] Song ABBA - Gimme! Gimme! Gimme! (A Man After Midnight).mp3 was randomly started
[2025-11-14 17:31:29,804] [DEBUG] [AmplifyState] AmplifyState activated with buttons: [1]
[2025-11-14 17:31:29,973] [INFO] [GameManager] State transition: AmplifyState → IdleState
[2025-11-14 17:31:33,908] [DEBUG] [GameManager] Button sequence: 1
[2025-11-14 17:31:33,909] [INFO] [GameManager] State transition: IdleState → AmplifyState
[2025-11-14 17:31:33,920] [INFO] [SoundController] Song The Offspring - Pretty Fly (For A White Guy) (Official Music Video) [QtTR-_Klcq8].mp3 was randomly started
[2025-11-14 17:31:33,920] [DEBUG] [AmplifyState] AmplifyState activated with buttons: [1]
[2025-11-14 17:31:34,110] [INFO] [GameManager] State transition: AmplifyState → IdleState
[2025-11-14 17:31:40,397] [DEBUG] [GameManager] Button sequence: 1
[2025-11-14 17:31:40,398] [INFO] [GameManager] State transition: IdleState → AmplifyState
[2025-11-14 17:31:40,410] [INFO] [SoundController] Song The Offspring - Pretty Fly (For A White Guy) (Official Music Video) [QtTR-_Klcq8].mp3 was randomly started
[2025-11-14 17:31:40,410] [DEBUG] [AmplifyState] AmplifyState activated with buttons: [1]
[2025-11-14 17:31:40,820] [INFO] [GameManager] State transition: AmplifyState → IdleState
[2025-11-14 17:31:41,624] [DEBUG] [GameManager] Button sequence: 11
[2025-11-14 17:31:41,625] [INFO] [GameManager] State transition: IdleState → AmplifyState
[2025-11-14 17:31:41,636] [INFO] [SoundController] Song Why - Bronski beat.mp3 was randomly started
[2025-11-14 17:31:41,637] [DEBUG] [AmplifyState] AmplifyState activated with buttons: [1]
[2025-11-14 17:31:52,257] [INFO] [GameManager] State transition: AmplifyState → IdleState
[2025-11-14 17:31:53,523] [DEBUG] [GameManager] Button sequence: 1
[2025-11-14 17:31:53,524] [INFO] [GameManager] State transition: IdleState → AmplifyState
[2025-11-14 17:31:53,535] [INFO] [SoundController] Song Blondie - Call me.mp3 was randomly started
[2025-11-14 17:31:53,536] [DEBUG] [AmplifyState] AmplifyState activated with buttons: [1]
[2025-11-14 17:31:53,725] [INFO] [GameManager] State transition: AmplifyState → IdleState
[2025-11-14 17:31:53,845] [DEBUG] [GameManager] Button sequence: 11
[2025-11-14 17:31:53,846] [INFO] [GameManager] State transition: IdleState → AmplifyState
[2025-11-14 17:31:53,857] [INFO] [SoundController] Song Soft Cell - Tainted Love (Official Music Video).mp3 was randomly started
[2025-11-14 17:31:53,858] [DEBUG] [AmplifyState] AmplifyState activated with buttons: [1]
[2025-11-14 17:31:54,047] [INFO] [GameManager] State transition: AmplifyState → IdleState
[2025-11-14 17:31:54,674] [DEBUG] [GameManager] Button sequence: 111
[2025-11-14 17:31:54,674] [INFO] [GameManager] State transition: IdleState → AmplifyState
[2025-11-14 17:31:54,685] [INFO] [SoundController] Song Lady Gaga - Bad Romance (Official Music Video).mp3 was randomly started
[2025-11-14 17:31:54,686] [DEBUG] [AmplifyState] AmplifyState activated with buttons: [1]
[2025-11-14 17:31:54,854] [INFO] [GameManager] State transition: AmplifyState → IdleState
[2025-11-14 17:31:54,874] [INFO] [GameManager] Triple 1 pattern detected!
[2025-11-14 17:31:57,665] [DEBUG] [GameManager] Button sequence: 1
[2025-11-14 17:31:57,666] [INFO] [GameManager] State transition: IdleState → AmplifyState
[2025-11-14 17:31:57,677] [INFO] [SoundController] Song Earth, Wind & Fire - September (Official HD Video).mp3 was randomly started
[2025-11-14 17:31:57,677] [DEBUG] [AmplifyState] AmplifyState activated with buttons: [1]
[2025-11-14 17:31:58,027] [INFO] [GameManager] State transition: AmplifyState → IdleState
[2025-11-14 17:32:27,680] [INFO] [GameManager] Game stopped by user (Ctrl+C)
[2025-11-14 17:32:27,692] [INFO] [GameManager] Game stopped
[2025-11-14 17:32:27,692] [INFO] [Amplifier] ✅ HumanAmplifier system shut down
