[2025-11-10 23:29:55,449] [INFO] [Amplifier] 🎵 HUMAN AMPLIFIER INTERACTIVE SYSTEM
[2025-11-10 23:29:55,450] [INFO] [Amplifier] Button configuration: 3 buttons on GPIO [23, 24, 25]
[2025-11-10 23:29:55,450] [INFO] [Amplifier] LED configuration: 2 strips
[2025-11-10 23:29:55,451] [INFO] [Amplifier]   Strip 1: 300 LEDs on GPIO 21
[2025-11-10 23:29:55,451] [INFO] [Amplifier]   Strip 2: 300 LEDs on GPIO 18
[2025-11-10 23:29:55,452] [INFO] [Amplifier] Game settings: 20ms frame duration (50.0 FPS)
[2025-11-10 23:29:55,452] [INFO] [Amplifier] Button sample rate: 200Hz
[2025-11-10 23:29:55,452] [INFO] [Amplifier] Audio folder: songs
[2025-11-10 23:29:55,453] [INFO] [Amplifier] Schedule: 2 daily, 1 special entries
[2025-11-10 23:30:01,427] [INFO] [ButtonReader] GPIO setup complete: 3 pins, no pulls
[2025-11-10 23:30:01,428] [INFO] [ButtonReader] ButtonReader initialized with 3 buttons
[2025-11-10 23:30:01,428] [INFO] [ButtonReader] Button mapping: Button0=GPIO23, Button1=GPIO24, Button2=GPIO25
[2025-11-10 23:30:01,434] [INFO] [SongLibrary] Creating song codes dictionary
[2025-11-10 23:30:01,663] [INFO] [SongLibrary] Loaded 30 song codes from 1 collections
[2025-11-10 23:30:01,664] [INFO] [SongLibrary] Collections updated: ['MORNING']
[2025-11-10 23:30:01,880] [INFO] [GameManager] Entering state: IdleState
[2025-11-10 23:30:01,881] [INFO] [GameManager] GameManager initialized: 20ms frame duration, 2 LED strips
[2025-11-10 23:30:01,882] [INFO] [Amplifier] HumanAmplifier system initialized successfully
[2025-11-10 23:30:01,882] [INFO] [Amplifier] Hardware: 3 buttons, 2 LED strips, 20ms frame duration
[2025-11-10 23:30:01,883] [INFO] [Amplifier] Audio system: {'songs_folder': 'songs', 'all_collections': ['MORNING'], 'total_codes': 30, 'daily_schedule_entries': 2, 'special_schedule_entries': 1}
[2025-11-10 23:30:01,883] [INFO] [Amplifier] Sound controller initialized successfully
[2025-11-10 23:30:01,884] [INFO] [Amplifier] ✅ System initialized successfully!
[2025-11-10 23:30:01,884] [INFO] [Amplifier] Hardware status: 3 buttons, 2 LED strips
[2025-11-10 23:30:01,884] [INFO] [Amplifier]   Strip 1: 300 LEDs active
[2025-11-10 23:30:01,885] [INFO] [Amplifier]   Strip 2: 300 LEDs active
[2025-11-10 23:30:01,886] [INFO] [Amplifier] Audio system: 30 song codes, 9 sound effects
[2025-11-10 23:30:01,886] [INFO] [Amplifier] Available collections: MORNING
[2025-11-10 23:30:01,886] [INFO] [Amplifier] 🚀 Starting HumanAmplifier system...
[2025-11-10 23:30:01,887] [INFO] [GameManager] Starting game loop with 20ms frame duration
[2025-11-10 23:30:44,973] [INFO] [GameManager] Exiting state: IdleState
[2025-11-10 23:30:44,973] [INFO] [GameManager] State transition: IdleState → AmplifyState
[2025-11-10 23:30:44,974] [INFO] [GameManager] Entering state: AmplifyState
[2025-11-10 23:30:44,985] [DEBUG] [AmplifyState] AmplifyState activated with buttons: [2]
[2025-11-10 23:30:45,294] [INFO] [GameManager] Exiting state: AmplifyState
[2025-11-10 23:30:45,295] [INFO] [GameManager] State transition: AmplifyState → IdleState
[2025-11-10 23:30:45,296] [INFO] [GameManager] Entering state: IdleState
[2025-11-10 23:30:47,141] [INFO] [GameManager] Exiting state: IdleState
[2025-11-10 23:30:47,142] [INFO] [GameManager] State transition: IdleState → AmplifyState
[2025-11-10 23:30:47,143] [INFO] [GameManager] Entering state: AmplifyState
[2025-11-10 23:30:47,153] [DEBUG] [AmplifyState] AmplifyState activated with buttons: [2]
[2025-11-10 23:30:57,570] [DEBUG] [AmplifyState] AmplifyState button change - currently pressed: [1, 2]
[2025-11-10 23:30:58,703] [DEBUG] [AmplifyState] AmplifyState button change - currently pressed: [2]
[2025-11-10 23:30:59,299] [INFO] [GameManager] Exiting state: AmplifyState
[2025-11-10 23:30:59,300] [INFO] [GameManager] State transition: AmplifyState → IdleState
[2025-11-10 23:30:59,301] [INFO] [GameManager] Entering state: IdleState
[2025-11-10 23:31:00,183] [INFO] [GameManager] Exiting state: IdleState
[2025-11-10 23:31:00,184] [INFO] [GameManager] State transition: IdleState → AmplifyState
[2025-11-10 23:31:00,184] [INFO] [GameManager] Entering state: AmplifyState
[2025-11-10 23:31:00,195] [DEBUG] [AmplifyState] AmplifyState activated with buttons: [1]
[2025-11-10 23:31:05,046] [DEBUG] [AmplifyState] AmplifyState button change - currently pressed: [1, 2]
[2025-11-10 23:31:14,376] [INFO] [GameManager] Exiting state: AmplifyState
[2025-11-10 23:31:14,376] [INFO] [GameManager] State transition: AmplifyState → PartyState
[2025-11-10 23:31:14,376] [INFO] [GameManager] Entering state: PartyState
[2025-11-10 23:31:14,389] [INFO] [PartyState] 🎉 PARTY MODE ACTIVATED!
[2025-11-10 23:34:04,688] [INFO] [PartyState] Song finished, returning to idle
[2025-11-10 23:34:04,690] [INFO] [GameManager] Exiting state: PartyState
[2025-11-10 23:34:04,691] [INFO] [GameManager] State transition: PartyState → IdleState
[2025-11-10 23:34:04,692] [INFO] [GameManager] Entering state: IdleState
[2025-11-10 23:35:09,153] [INFO] [GameManager] Exiting state: IdleState
[2025-11-10 23:35:09,154] [INFO] [GameManager] State transition: IdleState → AmplifyState
[2025-11-10 23:35:09,154] [INFO] [GameManager] Entering state: AmplifyState
[2025-11-10 23:35:09,166] [DEBUG] [AmplifyState] AmplifyState activated with buttons: [2]
[2025-11-10 23:35:11,367] [INFO] [GameManager] Exiting state: AmplifyState
[2025-11-10 23:35:11,369] [INFO] [GameManager] State transition: AmplifyState → IdleState
[2025-11-10 23:35:11,371] [INFO] [GameManager] Entering state: IdleState
[2025-11-10 23:35:11,770] [INFO] [GameManager] Exiting state: IdleState
[2025-11-10 23:35:11,772] [INFO] [GameManager] State transition: IdleState → AmplifyState
[2025-11-10 23:35:11,772] [INFO] [GameManager] Entering state: AmplifyState
[2025-11-10 23:35:11,784] [DEBUG] [AmplifyState] AmplifyState activated with buttons: [2]
[2025-11-10 23:35:11,891] [INFO] [GameManager] Exiting state: AmplifyState
[2025-11-10 23:35:11,892] [INFO] [GameManager] State transition: AmplifyState → IdleState
[2025-11-10 23:35:11,893] [INFO] [GameManager] Entering state: IdleState
[2025-11-10 23:35:12,555] [INFO] [GameManager] Exiting state: IdleState
[2025-11-10 23:35:12,556] [INFO] [GameManager] State transition: IdleState → AmplifyState
[2025-11-10 23:35:12,557] [INFO] [GameManager] Entering state: AmplifyState
[2025-11-10 23:35:12,568] [DEBUG] [AmplifyState] AmplifyState activated with buttons: [2]
[2025-11-10 23:35:15,167] [INFO] [GameManager] Exiting state: AmplifyState
[2025-11-10 23:35:15,167] [INFO] [GameManager] State transition: AmplifyState → IdleState
[2025-11-10 23:35:15,169] [INFO] [GameManager] Entering state: IdleState
[2025-11-10 23:35:16,874] [INFO] [GameManager] Exiting state: IdleState
[2025-11-10 23:35:16,874] [INFO] [GameManager] State transition: IdleState → AmplifyState
[2025-11-10 23:35:16,874] [INFO] [GameManager] Entering state: AmplifyState
[2025-11-10 23:35:16,885] [DEBUG] [AmplifyState] AmplifyState activated with buttons: [2]
[2025-11-10 23:35:22,366] [DEBUG] [AmplifyState] AmplifyState button change - currently pressed: [0, 2]
[2025-11-10 23:35:23,979] [DEBUG] [AmplifyState] AmplifyState button change - currently pressed: [2]
[2025-11-10 23:35:39,100] [INFO] [GameManager] Exiting state: AmplifyState
[2025-11-10 23:35:39,101] [INFO] [GameManager] State transition: AmplifyState → IdleState
[2025-11-10 23:35:39,101] [INFO] [GameManager] Entering state: IdleState
[2025-11-10 23:35:44,443] [INFO] [GameManager] Exiting state: IdleState
[2025-11-10 23:35:44,444] [INFO] [GameManager] State transition: IdleState → AmplifyState
[2025-11-10 23:35:44,444] [INFO] [GameManager] Entering state: AmplifyState
[2025-11-10 23:35:44,455] [DEBUG] [AmplifyState] AmplifyState activated with buttons: [0]
[2025-11-10 23:35:53,052] [INFO] [GameManager] Exiting state: AmplifyState
[2025-11-10 23:35:53,053] [INFO] [GameManager] State transition: AmplifyState → IdleState
[2025-11-10 23:35:53,054] [INFO] [GameManager] Entering state: IdleState
[2025-11-10 23:35:53,755] [INFO] [GameManager] Exiting state: IdleState
[2025-11-10 23:35:53,756] [INFO] [GameManager] State transition: IdleState → AmplifyState
[2025-11-10 23:35:53,757] [INFO] [GameManager] Entering state: AmplifyState
[2025-11-10 23:35:53,768] [DEBUG] [AmplifyState] AmplifyState activated with buttons: [0]
[2025-11-10 23:35:57,271] [DEBUG] [AmplifyState] AmplifyState button change - currently pressed: [0, 2]
[2025-11-10 23:35:59,648] [DEBUG] [AmplifyState] AmplifyState button change - currently pressed: [2]
[2025-11-10 23:36:01,030] [INFO] [GameManager] Exiting state: AmplifyState
[2025-11-10 23:36:01,032] [INFO] [GameManager] State transition: AmplifyState → IdleState
[2025-11-10 23:36:01,033] [INFO] [GameManager] Entering state: IdleState
[2025-11-10 23:36:02,435] [INFO] [GameManager] Exiting state: IdleState
[2025-11-10 23:36:02,436] [INFO] [GameManager] State transition: IdleState → AmplifyState
[2025-11-10 23:36:02,437] [INFO] [GameManager] Entering state: AmplifyState
[2025-11-10 23:36:02,448] [DEBUG] [AmplifyState] AmplifyState activated with buttons: [2]
[2025-11-10 23:36:05,754] [DEBUG] [AmplifyState] AmplifyState button change - currently pressed: [1, 2]
[2025-11-10 23:36:15,454] [INFO] [GameManager] Exiting state: AmplifyState
[2025-11-10 23:36:15,454] [INFO] [GameManager] State transition: AmplifyState → PartyState
[2025-11-10 23:36:15,454] [INFO] [GameManager] Entering state: PartyState
[2025-11-10 23:36:15,465] [INFO] [PartyState] 🎉 PARTY MODE ACTIVATED!
[2025-11-10 23:37:35,872] [INFO] [PartyState] Song finished, returning to idle
[2025-11-10 23:37:35,873] [INFO] [GameManager] Exiting state: PartyState
[2025-11-10 23:37:35,873] [INFO] [GameManager] State transition: PartyState → IdleState
[2025-11-10 23:37:35,874] [INFO] [GameManager] Entering state: IdleState
[2025-11-10 23:42:01,476] [INFO] [GameManager] Exiting state: IdleState
[2025-11-10 23:42:01,476] [INFO] [GameManager] State transition: IdleState → AmplifyState
[2025-11-10 23:42:01,477] [INFO] [GameManager] Entering state: AmplifyState
[2025-11-10 23:42:01,488] [DEBUG] [AmplifyState] AmplifyState activated with buttons: [0]
[2025-11-10 23:42:03,616] [INFO] [GameManager] Exiting state: AmplifyState
[2025-11-10 23:42:03,616] [INFO] [GameManager] State transition: AmplifyState → IdleState
[2025-11-10 23:42:03,617] [INFO] [GameManager] Entering state: IdleState
[2025-11-10 23:42:04,459] [INFO] [GameManager] Exiting state: IdleState
[2025-11-10 23:42:04,460] [INFO] [GameManager] State transition: IdleState → AmplifyState
[2025-11-10 23:42:04,460] [INFO] [GameManager] Entering state: AmplifyState
[2025-11-10 23:42:04,471] [DEBUG] [AmplifyState] AmplifyState activated with buttons: [0]
[2025-11-10 23:42:08,376] [DEBUG] [AmplifyState] AmplifyState button change - currently pressed: [0, 1]
[2025-11-10 23:42:10,343] [DEBUG] [AmplifyState] AmplifyState button change - currently pressed: [0]
[2025-11-10 23:42:14,254] [DEBUG] [AmplifyState] AmplifyState button change - currently pressed: [0, 1]
[2025-11-10 23:42:16,987] [DEBUG] [AmplifyState] AmplifyState button change - currently pressed: [0]
[2025-11-10 23:42:20,838] [DEBUG] [AmplifyState] AmplifyState button change - currently pressed: [0, 1]
[2025-11-10 23:42:21,822] [DEBUG] [AmplifyState] AmplifyState button change - currently pressed: [0]
[2025-11-10 23:42:24,735] [DEBUG] [AmplifyState] AmplifyState button change - currently pressed: [0, 1]
[2025-11-10 23:42:26,469] [DEBUG] [AmplifyState] AmplifyState button change - currently pressed: [0]
[2025-11-10 23:42:29,245] [DEBUG] [AmplifyState] AmplifyState button change - currently pressed: [0, 1]
[2025-11-10 23:42:29,848] [DEBUG] [AmplifyState] AmplifyState button change - currently pressed: [0]
[2025-11-10 23:42:33,885] [DEBUG] [AmplifyState] AmplifyState button change - currently pressed: [0, 1]
[2025-11-10 23:42:34,046] [DEBUG] [AmplifyState] AmplifyState button change - currently pressed: [0]
[2025-11-10 23:42:37,907] [INFO] [GameManager] Exiting state: AmplifyState
[2025-11-10 23:42:37,907] [INFO] [GameManager] State transition: AmplifyState → IdleState
[2025-11-10 23:42:37,908] [INFO] [GameManager] Entering state: IdleState
[2025-11-10 23:42:39,114] [INFO] [GameManager] Exiting state: IdleState
[2025-11-10 23:42:39,117] [INFO] [GameManager] State transition: IdleState → AmplifyState
[2025-11-10 23:42:39,118] [INFO] [GameManager] Entering state: AmplifyState
[2025-11-10 23:42:39,129] [DEBUG] [AmplifyState] AmplifyState activated with buttons: [0]
[2025-11-10 23:42:40,821] [INFO] [GameManager] Exiting state: AmplifyState
[2025-11-10 23:42:40,821] [INFO] [GameManager] State transition: AmplifyState → IdleState
[2025-11-10 23:42:40,822] [INFO] [GameManager] Entering state: IdleState
[2025-11-10 23:42:41,965] [INFO] [GameManager] Exiting state: IdleState
[2025-11-10 23:42:41,966] [INFO] [GameManager] State transition: IdleState → AmplifyState
[2025-11-10 23:42:41,966] [INFO] [GameManager] Entering state: AmplifyState
[2025-11-10 23:42:41,976] [DEBUG] [AmplifyState] AmplifyState activated with buttons: [0]
[2025-11-10 23:42:43,050] [DEBUG] [AmplifyState] AmplifyState button change - currently pressed: [0, 2]
[2025-11-10 23:42:44,969] [INFO] [GameManager] Exiting state: AmplifyState
[2025-11-10 23:42:44,971] [INFO] [GameManager] State transition: AmplifyState → PartyState
[2025-11-10 23:42:44,972] [INFO] [GameManager] Entering state: PartyState
[2025-11-10 23:42:44,992] [INFO] [PartyState] 🎉 PARTY MODE ACTIVATED!
[2025-11-10 23:46:44,763] [INFO] [PartyState] Song finished, returning to idle
[2025-11-10 23:46:44,764] [INFO] [GameManager] Exiting state: PartyState
[2025-11-10 23:46:44,764] [INFO] [GameManager] State transition: PartyState → IdleState
[2025-11-10 23:46:44,764] [INFO] [GameManager] Entering state: IdleState
[2025-11-10 23:47:02,933] [INFO] [GameManager] Exiting state: IdleState
[2025-11-10 23:47:02,933] [INFO] [GameManager] State transition: IdleState → AmplifyState
[2025-11-10 23:47:02,934] [INFO] [GameManager] Entering state: AmplifyState
[2025-11-10 23:47:02,945] [DEBUG] [AmplifyState] AmplifyState activated with buttons: [2]
[2025-11-10 23:47:10,296] [INFO] [GameManager] Exiting state: AmplifyState
[2025-11-10 23:47:10,297] [INFO] [GameManager] State transition: AmplifyState → IdleState
[2025-11-10 23:47:10,297] [INFO] [GameManager] Entering state: IdleState
[2025-11-10 23:47:11,261] [INFO] [GameManager] Exiting state: IdleState
[2025-11-10 23:47:11,262] [INFO] [GameManager] State transition: IdleState → AmplifyState
[2025-11-10 23:47:11,266] [INFO] [GameManager] Entering state: AmplifyState
[2025-11-10 23:47:11,280] [DEBUG] [AmplifyState] AmplifyState activated with buttons: [1]
[2025-11-10 23:47:18,564] [DEBUG] [AmplifyState] AmplifyState button change - currently pressed: [0, 1]
[2025-11-10 23:47:19,855] [DEBUG] [AmplifyState] AmplifyState button change - currently pressed: [1]
[2025-11-10 23:47:23,584] [INFO] [GameManager] Exiting state: AmplifyState
[2025-11-10 23:47:23,585] [INFO] [GameManager] State transition: AmplifyState → IdleState
[2025-11-10 23:47:23,588] [INFO] [GameManager] Entering state: IdleState
[2025-11-10 23:47:23,826] [INFO] [GameManager] Exiting state: IdleState
[2025-11-10 23:47:23,827] [INFO] [GameManager] State transition: IdleState → AmplifyState
[2025-11-10 23:47:23,829] [INFO] [GameManager] Entering state: AmplifyState
[2025-11-10 23:47:23,841] [DEBUG] [AmplifyState] AmplifyState activated with buttons: [1]
[2025-11-10 23:47:25,319] [INFO] [GameManager] Exiting state: AmplifyState
[2025-11-10 23:47:25,320] [INFO] [GameManager] State transition: AmplifyState → IdleState
[2025-11-10 23:47:25,321] [INFO] [GameManager] Entering state: IdleState
[2025-11-10 23:47:25,581] [INFO] [GameManager] Exiting state: IdleState
[2025-11-10 23:47:25,584] [INFO] [GameManager] State transition: IdleState → AmplifyState
[2025-11-10 23:47:25,586] [INFO] [GameManager] Entering state: AmplifyState
[2025-11-10 23:47:25,599] [DEBUG] [AmplifyState] AmplifyState activated with buttons: [0]
[2025-11-10 23:47:26,972] [DEBUG] [AmplifyState] AmplifyState button change - currently pressed: [0, 1]
[2025-11-10 23:47:28,545] [DEBUG] [AmplifyState] AmplifyState button change - currently pressed: [0]
[2025-11-10 23:47:30,354] [DEBUG] [AmplifyState] AmplifyState button change - currently pressed: [0, 1]
[2025-11-10 23:47:32,544] [DEBUG] [AmplifyState] AmplifyState button change - currently pressed: [0]
[2025-11-10 23:47:34,238] [DEBUG] [AmplifyState] AmplifyState button change - currently pressed: [0, 1]
[2025-11-10 23:47:36,077] [DEBUG] [AmplifyState] AmplifyState button change - currently pressed: [0]
[2025-11-10 23:47:36,600] [INFO] [GameManager] Exiting state: AmplifyState
[2025-11-10 23:47:36,600] [INFO] [GameManager] State transition: AmplifyState → IdleState
[2025-11-10 23:47:36,601] [INFO] [GameManager] Entering state: IdleState
[2025-11-10 23:48:11,426] [INFO] [GameManager] Game stopped by user (Ctrl+C)
[2025-11-10 23:48:11,437] [INFO] [GameManager] Game stopped
[2025-11-10 23:48:11,438] [INFO] [Amplifier] ✅ HumanAmplifier system shut down
