[2025-11-12 01:10:26,849] [INFO] [Amplifier] 🎵 HUMAN AMPLIFIER INTERACTIVE SYSTEM
[2025-11-12 01:10:26,851] [INFO] [Amplifier] Button configuration: 4 buttons on GPIO [5, 6, 17, 22]
[2025-11-12 01:10:26,851] [INFO] [Amplifier] LED configuration: 2 strips
[2025-11-12 01:10:26,852] [INFO] [Amplifier]   Strip 1: 300 LEDs on GPIO 21
[2025-11-12 01:10:26,852] [INFO] [Amplifier]   Strip 2: 300 LEDs on GPIO 18
[2025-11-12 01:10:26,853] [INFO] [Amplifier] Game settings: 20ms frame duration (50.0 FPS)
[2025-11-12 01:10:26,853] [INFO] [Amplifier] Button sample rate: 200Hz
[2025-11-12 01:10:26,854] [INFO] [Amplifier] Audio folder: songs
[2025-11-12 01:10:26,854] [INFO] [Amplifier] Schedule: 2 daily, 1 special entries
[2025-11-12 01:10:27,281] [INFO] [ButtonReader] GPIO setup complete: 4 pins, no pulls
[2025-11-12 01:10:27,282] [INFO] [ButtonReader] ButtonReader initialized with 4 buttons
[2025-11-12 01:10:27,282] [INFO] [ButtonReader] Button mapping: Button0=GPIO5, Button1=GPIO6, Button2=GPIO17, Button3=GPIO22
[2025-11-12 01:10:27,286] [INFO] [SongLibrary] Creating song codes dictionary
[2025-11-12 01:10:27,669] [INFO] [SongLibrary] Loaded 30 song codes from 1 collections
[2025-11-12 01:10:27,670] [INFO] [SongLibrary] Collections updated: ['MORNING']
[2025-11-12 01:10:27,949] [INFO] [GameManager] Entering state: IdleState
[2025-11-12 01:10:27,950] [INFO] [GameManager] GameManager initialized: 20ms frame duration, 2 LED strips
[2025-11-12 01:10:27,951] [INFO] [Amplifier] HumanAmplifier system initialized successfully
[2025-11-12 01:10:27,952] [INFO] [Amplifier] Hardware: 4 buttons, 2 LED strips, 20ms frame duration
[2025-11-12 01:10:27,953] [INFO] [Amplifier] Audio system: {'songs_folder': 'songs', 'all_collections': ['MORNING'], 'total_codes': 30, 'daily_schedule_entries': 2, 'special_schedule_entries': 1}
[2025-11-12 01:10:27,953] [INFO] [Amplifier] Sound controller initialized successfully
[2025-11-12 01:10:27,954] [INFO] [Amplifier] ✅ System initialized successfully!
[2025-11-12 01:10:27,955] [INFO] [Amplifier] Hardware status: 4 buttons, 2 LED strips
[2025-11-12 01:10:27,956] [INFO] [Amplifier]   Strip 1: 300 LEDs active
[2025-11-12 01:10:27,957] [INFO] [Amplifier]   Strip 2: 300 LEDs active
[2025-11-12 01:10:27,957] [INFO] [Amplifier] Audio system: 30 song codes, 9 sound effects
[2025-11-12 01:10:27,958] [INFO] [Amplifier] Available collections: MORNING
[2025-11-12 01:10:27,958] [INFO] [Amplifier] 🚀 Starting HumanAmplifier system...
[2025-11-12 01:10:27,959] [INFO] [GameManager] Starting game loop with 20ms frame duration
[2025-11-12 01:10:58,806] [INFO] [GameManager] Game stopped by user (Ctrl+C)
[2025-11-12 01:10:58,817] [INFO] [GameManager] Game stopped
[2025-11-12 01:10:58,818] [INFO] [Amplifier] ✅ HumanAmplifier system shut down
