[2025-11-19 23:38:21,462] [INFO] [Amplifier] 🎵 HUMAN AMPLIFIER INTERACTIVE SYSTEM
[2025-11-19 23:38:21,463] [INFO] [Amplifier] Button configuration: 10 buttons on GPIO [6, 5, 22, 17, 4, 23, 24, 25, 16, 20]
[2025-11-19 23:38:21,463] [INFO] [Amplifier] LED configuration: 2 strips
[2025-11-19 23:38:21,464] [INFO] [Amplifier]   Strip 1: 300 LEDs on GPIO 21
[2025-11-19 23:38:21,464] [INFO] [Amplifier]   Strip 2: 293 LEDs on GPIO 18
[2025-11-19 23:38:21,465] [INFO] [Amplifier] Game settings: 20ms frame duration (50.0 FPS)
[2025-11-19 23:38:21,465] [INFO] [Amplifier] Button sample rate: 200Hz
[2025-11-19 23:38:21,466] [INFO] [Amplifier] Audio folder: songs
[2025-11-19 23:38:21,466] [INFO] [Amplifier] Schedule: 2 daily, 1 special entries
[2025-11-19 23:38:21,467] [INFO] [ButtonReader] GPIO sampler initialized: 10 pins (no pulls)
[2025-11-19 23:38:21,468] [INFO] [ButtonReader] Pin mapping: Btn0=GPIO6, Btn1=GPIO5, Btn2=GPIO22, Btn3=GPIO17, Btn4=GPIO4, Btn5=GPIO23, Btn6=GPIO24, Btn7=GPIO25, Btn8=GPIO16, Btn9=GPIO20
[2025-11-19 23:38:21,468] [INFO] [ButtonReader] 🎮 Keyboard debug enabled: Press digit keys 0-9 to toggle buttons (works over SSH)
[2025-11-19 23:38:21,469] [INFO] [ButtonReader]    Each keypress toggles button ON/OFF
[2025-11-19 23:38:21,469] [INFO] [ButtonReader] ButtonReader initialized with 10 buttons
[2025-11-19 23:38:21,470] [INFO] [SongLibrary] Creating song codes dictionary
[2025-11-19 23:38:23,808] [INFO] [SongLibrary] Loaded 547 song codes from 10 collections
[2025-11-19 23:38:23,809] [INFO] [SongLibrary] Collections updated: ['MAIJAM']
[2025-11-19 23:38:31,977] [INFO] [SoundController] Sound controller initialized - mixer ready, first song will load on demand
[2025-11-19 23:38:32,003] [INFO] [GameManager] GameManager initialized: 20ms frame duration, 2 LED strips
[2025-11-19 23:38:32,004] [INFO] [Amplifier] HumanAmplifier system initialized successfully
[2025-11-19 23:38:32,004] [INFO] [Amplifier] Hardware: 10 buttons, 2 LED strips, 20ms frame duration
[2025-11-19 23:38:32,005] [INFO] [Amplifier] Audio system: {'songs_folder': 'songs', 'all_collections': ['DISNEY', 'MAIJAM', 'SPANISH', 'CLASSIC', 'TV', 'PARTY', 'VIRAL', 'FESTIGAL', 'GENERAL', 'MORNING'], 'total_codes': 547, 'daily_schedule_entries': 2, 'special_schedule_entries': 1}
[2025-11-19 23:38:32,005] [INFO] [Amplifier] Sound controller initialized successfully
[2025-11-19 23:38:32,006] [INFO] [Amplifier] ✅ System initialized successfully!
[2025-11-19 23:38:32,006] [INFO] [Amplifier] Hardware status: 10 buttons, 2 LED strips
[2025-11-19 23:38:32,007] [INFO] [Amplifier]   Strip 1: 300 LEDs active
[2025-11-19 23:38:32,007] [INFO] [Amplifier]   Strip 2: 293 LEDs active
[2025-11-19 23:38:32,008] [INFO] [Amplifier] Audio system: 547 song codes, 12 sound effects
[2025-11-19 23:38:32,008] [INFO] [Amplifier] Available collections: DISNEY, MAIJAM, SPANISH, CLASSIC, TV, PARTY, VIRAL, FESTIGAL, GENERAL, MORNING
[2025-11-19 23:38:32,008] [INFO] [Amplifier] 🚀 Starting HumanAmplifier system...
[2025-11-19 23:38:32,009] [INFO] [GameManager] Starting game loop with 20ms frame duration
[2025-11-19 23:38:32,012] [INFO] [GameManager] 💾 Memory - Process: 86.1MB | System: 319/907MB (35.2%, 587MB free) | ⚙️  CPU - Process: 0.0% | System: 33.9% | Cores: [67%, 8%, 50%, 11%]
[2025-11-19 23:38:35,888] [INFO] [ButtonReader] Keyboard: Button 3 toggled ON (key '3')
[2025-11-19 23:38:35,889] [INFO] [GameManager] State transition: IdleState → AmplifyState
[2025-11-19 23:38:35,910] [INFO] [SoundController] Song "LunchMoney Lewis - Bills (Official Video).mp3" was randomly started
[2025-11-19 23:38:40,016] [INFO] [ButtonReader] Keyboard: Button 3 toggled OFF (key '3')
[2025-11-19 23:38:40,017] [INFO] [GameManager] State transition: AmplifyState → IdleState
[2025-11-19 23:39:11,004] [CRITICAL] [Amplifier] ⚠️  SIGNAL RECEIVED: 2 - Process terminating
[2025-11-19 23:39:11,005] [CRITICAL] [Amplifier] Emergency flush triggered
[2025-11-19 23:39:11,290] [INFO] [SoundController] Sound controller cleaned up successfully
[2025-11-19 23:39:11,301] [INFO] [GameManager] Game stopped
[2025-11-19 23:39:11,301] [INFO] [Amplifier] ✅ HumanAmplifier system shut down
