[2025-11-14 23:17:13,678] [INFO] [Amplifier] 🎵 HUMAN AMPLIFIER INTERACTIVE SYSTEM
[2025-11-14 23:17:13,679] [INFO] [Amplifier] Button configuration: 3 buttons on GPIO [5, 6, 17]
[2025-11-14 23:17:13,680] [INFO] [Amplifier] LED configuration: 2 strips
[2025-11-14 23:17:13,680] [INFO] [Amplifier]   Strip 1: 300 LEDs on GPIO 21
[2025-11-14 23:17:13,681] [INFO] [Amplifier]   Strip 2: 300 LEDs on GPIO 18
[2025-11-14 23:17:13,682] [INFO] [Amplifier] Game settings: 20ms frame duration (50.0 FPS)
[2025-11-14 23:17:13,682] [INFO] [Amplifier] Button sample rate: 200Hz
[2025-11-14 23:17:13,683] [INFO] [Amplifier] Audio folder: songs
[2025-11-14 23:17:13,683] [INFO] [Amplifier] Schedule: 2 daily, 1 special entries
[2025-11-14 23:17:15,269] [INFO] [ButtonReader] GPIO setup complete: 3 pins, no pulls
[2025-11-14 23:17:15,269] [INFO] [ButtonReader] ButtonReader initialized with 3 buttons
[2025-11-14 23:17:15,270] [INFO] [ButtonReader] Button mapping: Button0=GPIO5, Button1=GPIO6, Button2=GPIO17
[2025-11-14 23:17:15,274] [INFO] [SongLibrary] Creating song codes dictionary
[2025-11-14 23:17:15,565] [INFO] [SongLibrary] Loaded 1 song codes from 2 collections
[2025-11-14 23:17:15,566] [INFO] [SongLibrary] Collections updated: ['MAIJAM']
[2025-11-14 23:17:17,344] [INFO] [GameManager] GameManager initialized: 20ms frame duration, 2 LED strips
[2025-11-14 23:17:17,345] [INFO] [Amplifier] HumanAmplifier system initialized successfully
[2025-11-14 23:17:17,345] [INFO] [Amplifier] Hardware: 3 buttons, 2 LED strips, 20ms frame duration
[2025-11-14 23:17:17,346] [INFO] [Amplifier] Audio system: {'songs_folder': 'songs', 'all_collections': ['MAIJAM', 'MORNING'], 'total_codes': 1, 'daily_schedule_entries': 2, 'special_schedule_entries': 1}
[2025-11-14 23:17:17,346] [INFO] [Amplifier] Sound controller initialized successfully
[2025-11-14 23:17:17,347] [INFO] [Amplifier] ✅ System initialized successfully!
[2025-11-14 23:17:17,347] [INFO] [Amplifier] Hardware status: 3 buttons, 2 LED strips
[2025-11-14 23:17:17,347] [INFO] [Amplifier]   Strip 1: 300 LEDs active
[2025-11-14 23:17:17,348] [INFO] [Amplifier]   Strip 2: 300 LEDs active
[2025-11-14 23:17:17,348] [INFO] [Amplifier] Audio system: 1 song codes, 11 sound effects
[2025-11-14 23:17:17,349] [INFO] [Amplifier] Available collections: MAIJAM, MORNING
[2025-11-14 23:17:17,349] [INFO] [Amplifier] 🚀 Starting HumanAmplifier system...
[2025-11-14 23:17:17,349] [INFO] [GameManager] Starting game loop with 20ms frame duration
[2025-11-14 23:17:19,621] [DEBUG] [ButtonReader] Button state changed: [(1, 'pressed')]
[2025-11-14 23:17:19,622] [DEBUG] [GameManager] Button sequence: 1
[2025-11-14 23:17:19,623] [INFO] [GameManager] State transition: IdleState → AmplifyState
[2025-11-14 23:17:19,633] [INFO] [SoundController] Song "Why - Bronski beat.mp3" was randomly started
[2025-11-14 23:17:19,635] [DEBUG] [AmplifyState] AmplifyState activated with buttons: [1]
[2025-11-14 23:17:24,767] [DEBUG] [ButtonReader] Button state changed: [(0, 'pressed')]
[2025-11-14 23:17:24,768] [DEBUG] [GameManager] Button sequence: 10
[2025-11-14 23:17:24,769] [DEBUG] [AmplifyState] AmplifyState button change - currently pressed: [0, 1]
[2025-11-14 23:17:25,180] [DEBUG] [ButtonReader] Button state changed: [(0, 'released')]
[2025-11-14 23:17:25,181] [DEBUG] [AmplifyState] AmplifyState button change - currently pressed: [1]
[2025-11-14 23:17:27,477] [DEBUG] [ButtonReader] Button state changed: [(0, 'pressed')]
[2025-11-14 23:17:27,478] [DEBUG] [GameManager] Button sequence: 100
[2025-11-14 23:17:27,478] [DEBUG] [AmplifyState] AmplifyState button change - currently pressed: [0, 1]
[2025-11-14 23:17:35,878] [DEBUG] [ButtonReader] Button state changed: [(1, 'released')]
[2025-11-14 23:17:35,879] [DEBUG] [AmplifyState] AmplifyState button change - currently pressed: [0]
[2025-11-14 23:17:35,983] [DEBUG] [ButtonReader] Button state changed: [(0, 'released')]
[2025-11-14 23:17:35,985] [INFO] [GameManager] State transition: AmplifyState → IdleState
[2025-11-14 23:17:41,488] [DEBUG] [ButtonReader] Button state changed: [(0, 'pressed')]
[2025-11-14 23:17:41,489] [DEBUG] [GameManager] Button sequence: 0
[2025-11-14 23:17:41,489] [INFO] [GameManager] State transition: IdleState → AmplifyState
[2025-11-14 23:17:41,499] [INFO] [SoundController] Song "ABBA - Gimme! Gimme! Gimme! (A Man After Midnight).mp3" was randomly started
[2025-11-14 23:17:41,500] [DEBUG] [AmplifyState] AmplifyState activated with buttons: [0]
[2025-11-14 23:17:41,849] [DEBUG] [ButtonReader] Button state changed: [(1, 'pressed')]
[2025-11-14 23:17:41,850] [DEBUG] [GameManager] Button sequence: 01
[2025-11-14 23:17:41,851] [DEBUG] [AmplifyState] AmplifyState button change - currently pressed: [0, 1]
[2025-11-14 23:17:44,239] [DEBUG] [ButtonReader] Button state changed: [(1, 'released')]
[2025-11-14 23:17:44,240] [DEBUG] [AmplifyState] AmplifyState button change - currently pressed: [0]
[2025-11-14 23:17:44,360] [DEBUG] [ButtonReader] Button state changed: [(0, 'released')]
[2025-11-14 23:17:44,361] [INFO] [GameManager] State transition: AmplifyState → IdleState
[2025-11-14 23:17:44,902] [DEBUG] [ButtonReader] Button state changed: [(0, 'pressed')]
[2025-11-14 23:17:44,903] [DEBUG] [GameManager] Button sequence: 0
[2025-11-14 23:17:44,903] [INFO] [GameManager] State transition: IdleState → AmplifyState
[2025-11-14 23:17:44,914] [INFO] [SoundController] Song "LunchMoney Lewis - Bills (Official Video).mp3" was randomly started
[2025-11-14 23:17:44,915] [DEBUG] [AmplifyState] AmplifyState activated with buttons: [0]
[2025-11-14 23:17:45,103] [DEBUG] [ButtonReader] Button state changed: [(1, 'pressed')]
[2025-11-14 23:17:45,103] [DEBUG] [GameManager] Button sequence: 01
[2025-11-14 23:17:45,104] [DEBUG] [AmplifyState] AmplifyState button change - currently pressed: [0, 1]
[2025-11-14 23:17:50,513] [DEBUG] [ButtonReader] Button state changed: [(2, 'pressed')]
[2025-11-14 23:17:50,514] [DEBUG] [GameManager] Button sequence: 012
[2025-11-14 23:17:50,515] [DEBUG] [ButtonReader] Button 0 will be ignored until released
[2025-11-14 23:17:50,515] [DEBUG] [ButtonReader] Button 1 will be ignored until released
[2025-11-14 23:17:50,515] [DEBUG] [ButtonReader] Button 2 will be ignored until released
[2025-11-14 23:17:50,515] [INFO] [GameManager] State transition: AmplifyState → PartyState
[2025-11-14 23:17:50,515] [DEBUG] [ButtonReader] Button 0 will be ignored until released
[2025-11-14 23:17:50,516] [DEBUG] [ButtonReader] Button 1 will be ignored until released
[2025-11-14 23:17:50,516] [DEBUG] [ButtonReader] Button 2 will be ignored until released
[2025-11-14 23:17:50,526] [INFO] [PartyState] 🎉 PARTY MODE ACTIVATED!
[2025-11-14 23:17:50,935] [DEBUG] [ButtonReader] Button 2 released, no longer ignored
[2025-11-14 23:17:51,136] [DEBUG] [ButtonReader] Button 1 released, no longer ignored
[2025-11-14 23:17:51,437] [DEBUG] [ButtonReader] Button 0 released, no longer ignored
[2025-11-14 23:17:59,356] [DEBUG] [ButtonReader] Button state changed: [(1, 'pressed')]
[2025-11-14 23:17:59,357] [DEBUG] [GameManager] Button sequence: 0121
[2025-11-14 23:18:00,743] [DEBUG] [ButtonReader] Button state changed: [(1, 'released')]
[2025-11-14 23:18:01,004] [DEBUG] [ButtonReader] Button state changed: [(1, 'pressed')]
[2025-11-14 23:18:01,004] [DEBUG] [GameManager] Button sequence: 01211
[2025-11-14 23:18:01,787] [DEBUG] [ButtonReader] Button state changed: [(1, 'released')]
[2025-11-14 23:18:02,129] [DEBUG] [ButtonReader] Button state changed: [(1, 'pressed')]
[2025-11-14 23:18:02,129] [DEBUG] [GameManager] Button sequence: 012111
[2025-11-14 23:18:05,543] [DEBUG] [PartyState] Reduction feature enabled!
[2025-11-14 23:18:06,972] [DEBUG] [ButtonReader] Button state changed: [(1, 'released')]
[2025-11-14 23:18:08,599] [DEBUG] [ButtonReader] Button state changed: [(1, 'pressed')]
[2025-11-14 23:18:08,600] [DEBUG] [GameManager] Button sequence: 0121111
[2025-11-14 23:18:13,365] [DEBUG] [ButtonReader] Button state changed: [(1, 'released')]
[2025-11-14 23:18:15,936] [DEBUG] [ButtonReader] Button state changed: [(0, 'pressed')]
[2025-11-14 23:18:15,937] [DEBUG] [GameManager] Button sequence: 01211110
[2025-11-14 23:18:16,719] [DEBUG] [ButtonReader] Button state changed: [(0, 'released')]
[2025-11-14 23:18:17,784] [DEBUG] [ButtonReader] Button state changed: [(2, 'pressed')]
[2025-11-14 23:18:17,786] [DEBUG] [GameManager] Button sequence: 012111102
[2025-11-14 23:18:17,787] [DEBUG] [PartyState] Applause started
[2025-11-14 23:18:21,181] [DEBUG] [ButtonReader] Button state changed: [(2, 'released')]
[2025-11-14 23:18:21,182] [DEBUG] [PartyState] Applause stopped
[2025-11-14 23:18:21,864] [DEBUG] [ButtonReader] Button state changed: [(2, 'pressed')]
[2025-11-14 23:18:21,865] [DEBUG] [GameManager] Button sequence: 0121111022
[2025-11-14 23:18:21,866] [DEBUG] [PartyState] Applause started
[2025-11-14 23:18:27,598] [DEBUG] [ButtonReader] Button state changed: [(2, 'released')]
[2025-11-14 23:18:27,599] [DEBUG] [PartyState] Applause stopped
[2025-11-14 23:18:32,341] [DEBUG] [ButtonReader] Button state changed: [(1, 'pressed')]
[2025-11-14 23:18:32,342] [DEBUG] [GameManager] Button sequence: 1211110221
[2025-11-14 23:18:38,369] [INFO] [PartyState] Reduction complete!
[2025-11-14 23:18:38,371] [INFO] [GameManager] State transition: PartyState → IdleState
[2025-11-14 23:18:38,390] [INFO] [GameManager] State transition: IdleState → AmplifyState
[2025-11-14 23:18:38,403] [INFO] [SoundController] Song "Baccara - Yes Sir, I Can Boogie (Starparade 02.06.1977) (1).mp3" was randomly started
[2025-11-14 23:18:38,403] [DEBUG] [AmplifyState] AmplifyState activated with buttons: [1]
[2025-11-14 23:18:39,215] [DEBUG] [ButtonReader] Button state changed: [(1, 'released')]
[2025-11-14 23:18:39,217] [INFO] [GameManager] State transition: AmplifyState → IdleState
[2025-11-14 23:18:42,409] [DEBUG] [ButtonReader] Button state changed: [(1, 'pressed')]
[2025-11-14 23:18:42,410] [DEBUG] [GameManager] Button sequence: 1
[2025-11-14 23:18:42,410] [INFO] [GameManager] State transition: IdleState → AmplifyState
[2025-11-14 23:18:42,421] [INFO] [SoundController] Song "Baccara - Yes Sir, I Can Boogie (Starparade 02.06.1977) (1).mp3" was randomly started
[2025-11-14 23:18:42,422] [DEBUG] [AmplifyState] AmplifyState activated with buttons: [1]
[2025-11-14 23:18:42,630] [DEBUG] [ButtonReader] Button state changed: [(1, 'released')]
[2025-11-14 23:18:42,631] [INFO] [GameManager] State transition: AmplifyState → IdleState
[2025-11-14 23:25:16,755] [INFO] [GameManager] Game stopped by user (Ctrl+C)
[2025-11-14 23:25:16,770] [INFO] [GameManager] Game stopped
[2025-11-14 23:25:16,771] [INFO] [Amplifier] ✅ HumanAmplifier system shut down
