[2025-11-21 04:21:55,755] [INFO] [Amplifier] 🎵 HUMAN AMPLIFIER INTERACTIVE SYSTEM
[2025-11-21 04:21:55,756] [INFO] [Amplifier] Button configuration: 10 buttons on GPIO [6, 5, 22, 17, 4, 23, 24, 25, 16, 20]
[2025-11-21 04:21:55,756] [INFO] [Amplifier] LED configuration: 2 strips
[2025-11-21 04:21:55,756] [INFO] [Amplifier]   Strip 1: 300 LEDs on GPIO 21
[2025-11-21 04:21:55,757] [INFO] [Amplifier]   Strip 2: 293 LEDs on GPIO 18
[2025-11-21 04:21:55,757] [INFO] [Amplifier] Game settings: 20ms frame duration (50.0 FPS)
[2025-11-21 04:21:55,757] [INFO] [Amplifier] Button sample rate: 200Hz
[2025-11-21 04:21:55,757] [INFO] [Amplifier] Audio folder: songs
[2025-11-21 04:21:55,758] [INFO] [Amplifier] Schedule: 16 daily, 1 special entries
[2025-11-21 04:21:55,759] [INFO] [ButtonReader] GPIO sampler initialized: 10 pins (no pulls)
[2025-11-21 04:21:55,760] [INFO] [ButtonReader] Pin mapping: Btn0=GPIO6, Btn1=GPIO5, Btn2=GPIO22, Btn3=GPIO17, Btn4=GPIO4, Btn5=GPIO23, Btn6=GPIO24, Btn7=GPIO25, Btn8=GPIO16, Btn9=GPIO20
[2025-11-21 04:21:55,760] [INFO] [ButtonReader] ButtonReader initialized with 10 buttons
[2025-11-21 04:21:55,763] [INFO] [SongLibrary] Creating song codes dictionary
[2025-11-21 04:21:58,280] [INFO] [SongLibrary] Loaded 724 song codes from 13 collections
[2025-11-21 04:21:58,283] [INFO] [SongLibrary] Collections updated: ['CLASSIC']
[2025-11-21 04:21:58,408] [INFO] [SoundController] Pygame mixer initialized: 48000Hz, format=-16, channels=2
[2025-11-21 04:22:06,715] [INFO] [SoundController] Sound controller initialized - mixer ready, first song will load on demand
[2025-11-21 04:22:06,722] [INFO] [GameManager] GameManager initialized: 20ms frame duration, 2 LED strips
[2025-11-21 04:22:06,723] [INFO] [Amplifier] HumanAmplifier system initialized successfully
[2025-11-21 04:22:06,723] [INFO] [Amplifier] Hardware: 10 buttons, 2 LED strips, 20ms frame duration
[2025-11-21 04:22:06,723] [INFO] [Amplifier] Audio system: {'songs_folder': 'songs', 'all_collections': ['GENERAL', 'CLASSIC', 'DISNEY', 'SPANISH', 'MAIJAM', 'HAFLA', 'PARTY', 'FOUR_AT_NIGHT', 'MORNING', 'TV', 'VIRAL', 'THREE_AT_NIGHT', 'FESTIGAL'], 'total_codes': 724, 'daily_schedule_entries': 16, 'special_schedule_entries': 1}
[2025-11-21 04:22:06,724] [INFO] [Amplifier] Sound controller initialized successfully
[2025-11-21 04:22:06,724] [INFO] [Amplifier] ✅ System initialized successfully!
[2025-11-21 04:22:06,724] [INFO] [Amplifier] Hardware status: 10 buttons, 2 LED strips
[2025-11-21 04:22:06,725] [INFO] [Amplifier]   Strip 1: 300 LEDs active
[2025-11-21 04:22:06,725] [INFO] [Amplifier]   Strip 2: 293 LEDs active
[2025-11-21 04:22:06,725] [INFO] [Amplifier] Audio system: 724 song codes, 13 sound effects
[2025-11-21 04:22:06,725] [INFO] [Amplifier] Available collections: GENERAL, CLASSIC, DISNEY, SPANISH, MAIJAM, HAFLA, PARTY, FOUR_AT_NIGHT, MORNING, TV, VIRAL, THREE_AT_NIGHT, FESTIGAL
[2025-11-21 04:22:06,726] [INFO] [Amplifier] ===========================
[2025-11-21 04:22:06,726] [INFO] [Amplifier] 🚀 Starting HumanAmplifier system...
[2025-11-21 04:22:06,726] [INFO] [GameManager] Starting game loop with 20ms frame duration
[2025-11-21 04:22:06,729] [INFO] [GameManager] 💾 Memory - Process: 87.8MB | System: 258/907MB (28.4%, 649MB free) | ⚙️  CPU - Process: 0.0% | System: 32.9% | Cores: [71%, 39%, 11%, 10%]
[2025-11-21 04:22:06,729] [INFO] [ButtonReader] Button 0 pressed
[2025-11-21 04:22:06,730] [INFO] [ButtonReader] Button 1 pressed
[2025-11-21 04:22:06,730] [INFO] [ButtonReader] Button 4 pressed
[2025-11-21 04:22:06,741] [INFO] [AmplifyState] Song "Chopin - Prelude In E Minor, Op.28 No.4.mp3" was randomly started 🎚️
[2025-11-21 04:22:43,010] [CRITICAL] [Amplifier] ⚠️  SIGNAL RECEIVED: 15 - Process terminating
[2025-11-21 04:22:43,012] [CRITICAL] [Amplifier] Emergency flush triggered
[2025-11-21 04:22:43,244] [INFO] [SoundController] Sound controller cleaned up successfully
[2025-11-21 04:22:43,255] [INFO] [GameManager] Game stopped
[2025-11-21 04:22:43,255] [INFO] [Amplifier] ✅ HumanAmplifier system shut down
