[2025-11-18 19:09:54,239] [INFO] [Amplifier] 🎵 HUMAN AMPLIFIER INTERACTIVE SYSTEM
[2025-11-18 19:09:54,240] [INFO] [Amplifier] Button configuration: 10 buttons on GPIO [6, 5, 22, 17, 4, 23, 24, 25, 16, 20]
[2025-11-18 19:09:54,240] [INFO] [Amplifier] LED configuration: 2 strips
[2025-11-18 19:09:54,240] [INFO] [Amplifier]   Strip 1: 300 LEDs on GPIO 21
[2025-11-18 19:09:54,241] [INFO] [Amplifier]   Strip 2: 300 LEDs on GPIO 18
[2025-11-18 19:09:54,241] [INFO] [Amplifier] Game settings: 20ms frame duration (50.0 FPS)
[2025-11-18 19:09:54,241] [INFO] [Amplifier] Button sample rate: 200Hz
[2025-11-18 19:09:54,241] [INFO] [Amplifier] Audio folder: songs
[2025-11-18 19:09:54,242] [INFO] [Amplifier] Schedule: 2 daily, 1 special entries
[2025-11-18 19:09:54,242] [INFO] [ButtonReader] GPIO sampler initialized: 10 pins (no pulls)
[2025-11-18 19:09:54,243] [INFO] [ButtonReader] Pin mapping: Btn0=GPIO6, Btn1=GPIO5, Btn2=GPIO22, Btn3=GPIO17, Btn4=GPIO4, Btn5=GPIO23, Btn6=GPIO24, Btn7=GPIO25, Btn8=GPIO16, Btn9=GPIO20
[2025-11-18 19:09:54,243] [INFO] [ButtonReader] 🎮 Keyboard debug enabled: Press digit keys 0-9 to toggle buttons (works over SSH)
[2025-11-18 19:09:54,243] [INFO] [ButtonReader]    Each keypress toggles button ON/OFF
[2025-11-18 19:09:54,243] [INFO] [ButtonReader] ButtonReader initialized with 10 buttons
[2025-11-18 19:09:54,244] [INFO] [SongLibrary] Creating song codes dictionary
[2025-11-18 19:09:58,399] [INFO] [SongLibrary] Loaded 549 song codes from 10 collections
[2025-11-18 19:09:58,400] [INFO] [SongLibrary] Collections updated: ['MAIJAM']
[2025-11-18 19:10:00,296] [INFO] [GameManager] GameManager initialized: 20ms frame duration, 2 LED strips
[2025-11-18 19:10:00,297] [INFO] [Amplifier] HumanAmplifier system initialized successfully
[2025-11-18 19:10:00,297] [INFO] [Amplifier] Hardware: 10 buttons, 2 LED strips, 20ms frame duration
[2025-11-18 19:10:00,298] [INFO] [Amplifier] Audio system: {'songs_folder': 'songs', 'all_collections': ['SPANISH', 'DISNEY', 'CLASSIC', 'MAIJAM', 'MORNING', 'GENERAL', 'VIRAL', 'TV', 'PARTY', 'FESTIGAL'], 'total_codes': 549, 'daily_schedule_entries': 2, 'special_schedule_entries': 1}
[2025-11-18 19:10:00,299] [INFO] [Amplifier] Sound controller initialized successfully
[2025-11-18 19:10:00,299] [INFO] [Amplifier] ✅ System initialized successfully!
[2025-11-18 19:10:00,300] [INFO] [Amplifier] Hardware status: 10 buttons, 2 LED strips
[2025-11-18 19:10:00,300] [INFO] [Amplifier]   Strip 1: 300 LEDs active
[2025-11-18 19:10:00,301] [INFO] [Amplifier]   Strip 2: 300 LEDs active
[2025-11-18 19:10:00,301] [INFO] [Amplifier] Audio system: 549 song codes, 12 sound effects
[2025-11-18 19:10:00,302] [INFO] [Amplifier] Available collections: SPANISH, DISNEY, CLASSIC, MAIJAM, MORNING, GENERAL, VIRAL, TV, PARTY, FESTIGAL
[2025-11-18 19:10:00,302] [INFO] [Amplifier] 🚀 Starting HumanAmplifier system...
[2025-11-18 19:10:00,303] [INFO] [GameManager] Starting game loop with 20ms frame duration
[2025-11-18 19:10:07,924] [DEBUG] [ButtonReader] Button state changed: [(9, 'pressed')]
[2025-11-18 19:10:07,925] [DEBUG] [GameManager] Button sequence: 9
[2025-11-18 19:10:07,925] [INFO] [GameManager] State transition: IdleState → AmplifyState
[2025-11-18 19:10:07,936] [INFO] [SoundController] Song "אשליות - ניסים סרוסי.mp3" was randomly started
[2025-11-18 19:10:07,937] [DEBUG] [AmplifyState] AmplifyState activated with buttons: [9]
[2025-11-18 19:10:13,231] [DEBUG] [ButtonReader] Button state changed: [(8, 'pressed')]
[2025-11-18 19:10:13,232] [DEBUG] [GameManager] Button sequence: 98
[2025-11-18 19:10:13,233] [DEBUG] [AmplifyState] AmplifyState button change - currently pressed: [8, 9]
[2025-11-18 19:10:19,767] [DEBUG] [ButtonReader] Button state changed: [(9, 'released')]
[2025-11-18 19:10:19,768] [DEBUG] [AmplifyState] AmplifyState button change - currently pressed: [8]
[2025-11-18 19:10:20,952] [DEBUG] [ButtonReader] Button state changed: [(7, 'pressed')]
[2025-11-18 19:10:20,953] [DEBUG] [GameManager] Button sequence: 987
[2025-11-18 19:10:20,953] [DEBUG] [AmplifyState] AmplifyState button change - currently pressed: [7, 8]
[2025-11-18 19:10:22,117] [DEBUG] [ButtonReader] Button state changed: [(7, 'released')]
[2025-11-18 19:10:22,118] [DEBUG] [AmplifyState] AmplifyState button change - currently pressed: [8]
[2025-11-18 19:10:22,178] [DEBUG] [ButtonReader] Button state changed: [(8, 'released')]
[2025-11-18 19:10:22,179] [INFO] [GameManager] State transition: AmplifyState → IdleState
[2025-11-18 19:10:22,185] [ERROR] [GameManager] Game loop error: mpg123_getformat: Message: I am done with this track. | Type: error | File: /home/yotam/AmpSync/Amp3/src/audio_system/sound_controller.py | Line: 119
Traceback (most recent call last):
  File "/home/yotam/AmpSync/Amp3/src/game_system/game_manager.py", line 79, in run_game_loop
    self.update()
  File "/home/yotam/AmpSync/Amp3/src/game_system/game_manager.py", line 122, in update
    self._transition_to_state(new_state)
  File "/home/yotam/AmpSync/Amp3/src/game_system/game_manager.py", line 156, in _transition_to_state
    self.current_state.on_enter()
  File "/home/yotam/AmpSync/Amp3/src/game_system/states.py", line 49, in on_enter
    self.custom_on_enter()
  File "/home/yotam/AmpSync/Amp3/src/game_system/states.py", line 101, in custom_on_enter
    self.game_manager.sound_controller.load_next_song()
  File "/home/yotam/AmpSync/Amp3/src/audio_system/sound_controller.py", line 119, in load_next_song
    self.mixer.music.load(self.current_song)
pygame.error: mpg123_getformat: Message: I am done with this track.
[2025-11-18 19:10:22,199] [INFO] [GameManager] Game stopped
[2025-11-18 19:10:22,202] [ERROR] [Amplifier] HumanAmplifier system error: mpg123_getformat: Message: I am done with this track. | Type: error | File: /home/yotam/AmpSync/Amp3/src/audio_system/sound_controller.py | Line: 119
Traceback (most recent call last):
  File "/home/yotam/AmpSync/Amp3/src/amplifier.py", line 271, in main
    game_manager.run_game_loop()
  File "/home/yotam/AmpSync/Amp3/src/game_system/game_manager.py", line 79, in run_game_loop
    self.update()
  File "/home/yotam/AmpSync/Amp3/src/game_system/game_manager.py", line 122, in update
    self._transition_to_state(new_state)
  File "/home/yotam/AmpSync/Amp3/src/game_system/game_manager.py", line 156, in _transition_to_state
    self.current_state.on_enter()
  File "/home/yotam/AmpSync/Amp3/src/game_system/states.py", line 49, in on_enter
    self.custom_on_enter()
  File "/home/yotam/AmpSync/Amp3/src/game_system/states.py", line 101, in custom_on_enter
    self.game_manager.sound_controller.load_next_song()
  File "/home/yotam/AmpSync/Amp3/src/audio_system/sound_controller.py", line 119, in load_next_song
    self.mixer.music.load(self.current_song)
pygame.error: mpg123_getformat: Message: I am done with this track.
[2025-11-18 19:10:22,207] [INFO] [Amplifier] ✅ HumanAmplifier system shut down
