[2025-11-14 20:26:56,585] [INFO] [Amplifier] 🎵 HUMAN AMPLIFIER INTERACTIVE SYSTEM
[2025-11-14 20:26:56,586] [INFO] [Amplifier] Button configuration: 3 buttons on GPIO [5, 6, 17]
[2025-11-14 20:26:56,587] [INFO] [Amplifier] LED configuration: 2 strips
[2025-11-14 20:26:56,588] [INFO] [Amplifier]   Strip 1: 300 LEDs on GPIO 21
[2025-11-14 20:26:56,588] [INFO] [Amplifier]   Strip 2: 300 LEDs on GPIO 18
[2025-11-14 20:26:56,589] [INFO] [Amplifier] Game settings: 20ms frame duration (50.0 FPS)
[2025-11-14 20:26:56,590] [INFO] [Amplifier] Button sample rate: 200Hz
[2025-11-14 20:26:56,590] [INFO] [Amplifier] Audio folder: songs
[2025-11-14 20:26:56,591] [INFO] [Amplifier] Schedule: 2 daily, 1 special entries
[2025-11-14 20:26:57,873] [INFO] [ButtonReader] GPIO setup complete: 3 pins, no pulls
[2025-11-14 20:26:57,874] [INFO] [ButtonReader] ButtonReader initialized with 3 buttons
[2025-11-14 20:26:57,875] [INFO] [ButtonReader] Button mapping: Button0=GPIO5, Button1=GPIO6, Button2=GPIO17
[2025-11-14 20:26:57,879] [INFO] [SongLibrary] Creating song codes dictionary
[2025-11-14 20:26:58,171] [INFO] [SongLibrary] Loaded 1 song codes from 2 collections
[2025-11-14 20:26:58,172] [INFO] [SongLibrary] Collections updated: ['MAIJAM']
[2025-11-14 20:26:58,387] [INFO] [GameManager] GameManager initialized: 20ms frame duration, 2 LED strips
[2025-11-14 20:26:58,388] [INFO] [Amplifier] HumanAmplifier system initialized successfully
[2025-11-14 20:26:58,388] [INFO] [Amplifier] Hardware: 3 buttons, 2 LED strips, 20ms frame duration
[2025-11-14 20:26:58,389] [INFO] [Amplifier] Audio system: {'songs_folder': 'songs', 'all_collections': ['MAIJAM', 'MORNING'], 'total_codes': 1, 'daily_schedule_entries': 2, 'special_schedule_entries': 1}
[2025-11-14 20:26:58,389] [INFO] [Amplifier] Sound controller initialized successfully
[2025-11-14 20:26:58,390] [INFO] [Amplifier] ✅ System initialized successfully!
[2025-11-14 20:26:58,390] [INFO] [Amplifier] Hardware status: 3 buttons, 2 LED strips
[2025-11-14 20:26:58,391] [INFO] [Amplifier]   Strip 1: 300 LEDs active
[2025-11-14 20:26:58,392] [INFO] [Amplifier]   Strip 2: 300 LEDs active
[2025-11-14 20:26:58,392] [INFO] [Amplifier] Audio system: 1 song codes, 10 sound effects
[2025-11-14 20:26:58,393] [INFO] [Amplifier] Available collections: MAIJAM, MORNING
[2025-11-14 20:26:58,393] [INFO] [Amplifier] 🚀 Starting HumanAmplifier system...
[2025-11-14 20:26:58,394] [INFO] [GameManager] Starting game loop with 20ms frame duration
[2025-11-14 20:27:03,299] [DEBUG] [ButtonReader] Button state changed: [(1, 'pressed')]
[2025-11-14 20:27:03,299] [DEBUG] [GameManager] Button sequence: 1
[2025-11-14 20:27:03,300] [INFO] [GameManager] State transition: IdleState → AmplifyState
[2025-11-14 20:27:03,311] [INFO] [SoundController] Song "Boney M. - Sunny (Official Audio).mp3" was randomly started
[2025-11-14 20:27:03,312] [DEBUG] [AmplifyState] AmplifyState activated with buttons: [1]
[2025-11-14 20:27:06,933] [DEBUG] [ButtonReader] Button state changed: [(0, 'pressed')]
[2025-11-14 20:27:06,935] [DEBUG] [GameManager] Button sequence: 10
[2025-11-14 20:27:06,936] [DEBUG] [AmplifyState] AmplifyState button change - currently pressed: [0, 1]
[2025-11-14 20:27:10,664] [DEBUG] [ButtonReader] Button state changed: [(0, 'released')]
[2025-11-14 20:27:10,665] [DEBUG] [AmplifyState] AmplifyState button change - currently pressed: [1]
[2025-11-14 20:27:10,724] [DEBUG] [ButtonReader] Button state changed: [(1, 'released')]
[2025-11-14 20:27:10,725] [INFO] [GameManager] State transition: AmplifyState → IdleState
[2025-11-14 20:27:11,547] [DEBUG] [ButtonReader] Button state changed: [(1, 'pressed')]
[2025-11-14 20:27:11,548] [DEBUG] [GameManager] Button sequence: 1
[2025-11-14 20:27:11,549] [INFO] [GameManager] State transition: IdleState → AmplifyState
[2025-11-14 20:27:11,559] [INFO] [SoundController] Song "Lizzo - Boys (Official Video).mp3" was randomly started
[2025-11-14 20:27:11,560] [DEBUG] [AmplifyState] AmplifyState activated with buttons: [1]
[2025-11-14 20:27:11,768] [DEBUG] [ButtonReader] Button state changed: [(1, 'released')]
[2025-11-14 20:27:11,769] [INFO] [GameManager] State transition: AmplifyState → IdleState
[2025-11-14 20:27:11,929] [DEBUG] [ButtonReader] Button state changed: [(1, 'pressed')]
[2025-11-14 20:27:11,929] [DEBUG] [GameManager] Button sequence: 11
[2025-11-14 20:27:11,930] [INFO] [GameManager] State transition: IdleState → AmplifyState
[2025-11-14 20:27:11,941] [INFO] [SoundController] Song "Eurythmics, Annie Lennox, Dave Stewart - Sweet Dreams (Are Made Of This) (Official Video).mp3" was randomly started
[2025-11-14 20:27:11,941] [DEBUG] [AmplifyState] AmplifyState activated with buttons: [1]
[2025-11-14 20:27:12,110] [DEBUG] [ButtonReader] Button state changed: [(1, 'released')]
[2025-11-14 20:27:12,111] [INFO] [GameManager] State transition: AmplifyState → IdleState
[2025-11-14 20:27:12,270] [DEBUG] [ButtonReader] Button state changed: [(1, 'pressed')]
[2025-11-14 20:27:12,271] [DEBUG] [GameManager] Button sequence: 111
[2025-11-14 20:27:12,271] [INFO] [GameManager] Triple 1 detected - entering code mode!
[2025-11-14 20:27:12,272] [INFO] [GameManager] State transition: IdleState → CodeModeState
[2025-11-14 20:27:12,273] [DEBUG] [ButtonReader] Button 1 will be ignored until released
[2025-11-14 20:27:12,284] [INFO] [CodeModeState] Entered code mode - awaiting 5-digit code
[2025-11-14 20:27:15,003] [DEBUG] [ButtonReader] Button 1 released, no longer ignored
[2025-11-14 20:27:22,321] [DEBUG] [ButtonReader] Button state changed: [(1, 'pressed')]
[2025-11-14 20:27:22,322] [DEBUG] [GameManager] Button sequence: 1
[2025-11-14 20:27:23,887] [DEBUG] [ButtonReader] Button state changed: [(2, 'pressed')]
[2025-11-14 20:27:23,888] [DEBUG] [GameManager] Button sequence: 12
[2025-11-14 20:27:30,643] [DEBUG] [ButtonReader] Button state changed: [(0, 'pressed')]
[2025-11-14 20:27:30,644] [DEBUG] [GameManager] Button sequence: 120
[2025-11-14 20:27:30,645] [INFO] [CodeModeState] Code entered: 120
[2025-11-14 20:27:30,645] [INFO] [CodeModeState] Valid code! Transitioning to CodeRevealState
[2025-11-14 20:27:30,646] [DEBUG] [ButtonReader] Button 0 will be ignored until released
[2025-11-14 20:27:30,646] [DEBUG] [ButtonReader] Button 1 will be ignored until released
[2025-11-14 20:27:30,647] [DEBUG] [ButtonReader] Button 2 will be ignored until released
[2025-11-14 20:27:30,647] [INFO] [GameManager] State transition: CodeModeState → CodeRevealState
[2025-11-14 20:27:30,657] [INFO] [CodeRevealState] Code reveal started for code: 120
[2025-11-14 20:27:31,487] [DEBUG] [ButtonReader] Button 0 released, no longer ignored
[2025-11-14 20:27:31,488] [DEBUG] [CodeRevealState] CODE_SOUND finished, playing ONE_TWO_THREE sound
[2025-11-14 20:27:31,647] [DEBUG] [ButtonReader] Button 2 released, no longer ignored
[2025-11-14 20:27:31,667] [DEBUG] [ButtonReader] Button 1 released, no longer ignored
[2025-11-14 20:27:34,585] [INFO] [CodeRevealState] Loading song by code: 120
[2025-11-14 20:27:34,587] [INFO] [SoundController] Playing song by code 120: "The Offspring - Pretty Fly (For A White Guy) (Official Music Video) [QtTR-_Klcq8].mp3"
[2025-11-14 20:27:34,588] [INFO] [CodeRevealState] Song loaded successfully, transitioning to PartyState
[2025-11-14 20:27:34,589] [INFO] [GameManager] State transition: CodeRevealState → PartyState
[2025-11-14 20:27:34,601] [INFO] [PartyState] 🎉 PARTY MODE ACTIVATED!
[2025-11-14 20:30:47,468] [INFO] [PartyState] Song finished, returning to idle
[2025-11-14 20:30:47,469] [INFO] [GameManager] State transition: PartyState → IdleState
[2025-11-14 20:34:50,520] [DEBUG] [ButtonReader] Button state changed: [(1, 'pressed')]
[2025-11-14 20:34:50,521] [DEBUG] [GameManager] Button sequence: 1
[2025-11-14 20:34:50,521] [INFO] [GameManager] State transition: IdleState → AmplifyState
[2025-11-14 20:34:50,532] [INFO] [SoundController] Song "Earth, Wind & Fire - September (Official HD Video).mp3" was randomly started
[2025-11-14 20:34:50,533] [DEBUG] [AmplifyState] AmplifyState activated with buttons: [1]
[2025-11-14 20:34:53,713] [DEBUG] [ButtonReader] Button state changed: [(1, 'released')]
[2025-11-14 20:34:53,714] [INFO] [GameManager] State transition: AmplifyState → IdleState
[2025-11-14 20:35:18,933] [INFO] [GameManager] Game stopped by user (Ctrl+C)
[2025-11-14 20:35:18,947] [INFO] [GameManager] Game stopped
[2025-11-14 20:35:18,948] [INFO] [Amplifier] ✅ HumanAmplifier system shut down
