[2025-11-16 20:44:49,728] [INFO] [Amplifier] 🎵 HUMAN AMPLIFIER INTERACTIVE SYSTEM
[2025-11-16 20:44:49,729] [INFO] [Amplifier] Button configuration: 4 buttons on GPIO [5, 6, 17, 22]
[2025-11-16 20:44:49,729] [INFO] [Amplifier] LED configuration: 2 strips
[2025-11-16 20:44:49,729] [INFO] [Amplifier]   Strip 1: 300 LEDs on GPIO 21
[2025-11-16 20:44:49,729] [INFO] [Amplifier]   Strip 2: 300 LEDs on GPIO 18
[2025-11-16 20:44:49,730] [INFO] [Amplifier] Game settings: 20ms frame duration (50.0 FPS)
[2025-11-16 20:44:49,730] [INFO] [Amplifier] Button sample rate: 200Hz
[2025-11-16 20:44:49,730] [INFO] [Amplifier] Audio folder: songs
[2025-11-16 20:44:49,730] [INFO] [Amplifier] Schedule: 2 daily, 1 special entries
[2025-11-16 20:44:49,731] [INFO] [ButtonReader] GPIO setup complete: 4 pins, no pulls
[2025-11-16 20:44:49,732] [INFO] [ButtonReader] ButtonReader initialized with 4 buttons
[2025-11-16 20:44:49,732] [INFO] [ButtonReader] Button mapping: Button0=GPIO5, Button1=GPIO6, Button2=GPIO17, Button3=GPIO22
[2025-11-16 20:44:49,736] [INFO] [SongLibrary] Creating song codes dictionary
[2025-11-16 20:44:50,030] [INFO] [SongLibrary] Loaded 1 song codes from 2 collections
[2025-11-16 20:44:50,031] [INFO] [SongLibrary] Collections updated: ['MAIJAM']
[2025-11-16 20:44:51,910] [INFO] [GameManager] GameManager initialized: 20ms frame duration, 2 LED strips
[2025-11-16 20:44:51,911] [INFO] [Amplifier] HumanAmplifier system initialized successfully
[2025-11-16 20:44:51,911] [INFO] [Amplifier] Hardware: 4 buttons, 2 LED strips, 20ms frame duration
[2025-11-16 20:44:51,912] [INFO] [Amplifier] Audio system: {'songs_folder': 'songs', 'all_collections': ['MORNING', 'MAIJAM'], 'total_codes': 1, 'daily_schedule_entries': 2, 'special_schedule_entries': 1}
[2025-11-16 20:44:51,912] [INFO] [Amplifier] Sound controller initialized successfully
[2025-11-16 20:44:51,912] [INFO] [Amplifier] ✅ System initialized successfully!
[2025-11-16 20:44:51,913] [INFO] [Amplifier] Hardware status: 4 buttons, 2 LED strips
[2025-11-16 20:44:51,913] [INFO] [Amplifier]   Strip 1: 300 LEDs active
[2025-11-16 20:44:51,913] [INFO] [Amplifier]   Strip 2: 300 LEDs active
[2025-11-16 20:44:51,914] [INFO] [Amplifier] Audio system: 1 song codes, 12 sound effects
[2025-11-16 20:44:51,914] [INFO] [Amplifier] Available collections: MORNING, MAIJAM
[2025-11-16 20:44:51,915] [INFO] [Amplifier] 🚀 Starting HumanAmplifier system...
[2025-11-16 20:44:51,915] [INFO] [GameManager] Starting game loop with 20ms frame duration
[2025-11-16 20:45:26,113] [DEBUG] [ButtonReader] Button state changed: [(0, 'pressed')]
[2025-11-16 20:45:26,114] [DEBUG] [GameManager] Button sequence: 0
[2025-11-16 20:45:26,114] [INFO] [GameManager] State transition: IdleState → AmplifyState
[2025-11-16 20:45:26,126] [INFO] [SoundController] Song "Queen - I Want to Break Free (Official Lyric Video).mp3" was randomly started
[2025-11-16 20:45:26,126] [DEBUG] [AmplifyState] AmplifyState activated with buttons: [0]
[2025-11-16 20:45:34,166] [DEBUG] [ButtonReader] Button state changed: [(0, 'released')]
[2025-11-16 20:45:34,167] [INFO] [GameManager] State transition: AmplifyState → IdleState
[2025-11-16 20:45:34,588] [DEBUG] [ButtonReader] Button state changed: [(0, 'pressed')]
[2025-11-16 20:45:34,588] [DEBUG] [GameManager] Button sequence: 0
[2025-11-16 20:45:34,589] [INFO] [GameManager] State transition: IdleState → AmplifyState
[2025-11-16 20:45:34,599] [INFO] [SoundController] Song "Baccara - Yes Sir, I Can Boogie (Starparade 02.06.1977) (1).mp3" was randomly started
[2025-11-16 20:45:34,600] [DEBUG] [AmplifyState] AmplifyState activated with buttons: [0]
[2025-11-16 20:45:41,014] [DEBUG] [ButtonReader] Button state changed: [(0, 'released')]
[2025-11-16 20:45:41,016] [INFO] [GameManager] State transition: AmplifyState → IdleState
[2025-11-16 20:46:07,495] [DEBUG] [ButtonReader] Button state changed: [(0, 'pressed')]
[2025-11-16 20:46:07,495] [DEBUG] [GameManager] Button sequence: 0
[2025-11-16 20:46:07,496] [INFO] [GameManager] State transition: IdleState → AmplifyState
[2025-11-16 20:46:07,506] [INFO] [SoundController] Song "Lizzo - Boys (Official Video).mp3" was randomly started
[2025-11-16 20:46:07,507] [DEBUG] [AmplifyState] AmplifyState activated with buttons: [0]
[2025-11-16 20:46:14,945] [DEBUG] [ButtonReader] Button state changed: [(0, 'released')]
[2025-11-16 20:46:14,946] [INFO] [GameManager] State transition: AmplifyState → IdleState
[2025-11-16 20:47:26,800] [DEBUG] [ButtonReader] Button state changed: [(0, 'pressed')]
[2025-11-16 20:47:26,801] [DEBUG] [GameManager] Button sequence: 0
[2025-11-16 20:47:26,801] [INFO] [GameManager] State transition: IdleState → AmplifyState
[2025-11-16 20:47:26,813] [INFO] [SoundController] Song "Queen - I Want to Break Free (Official Lyric Video).mp3" was randomly started
[2025-11-16 20:47:26,814] [DEBUG] [AmplifyState] AmplifyState activated with buttons: [0]
[2025-11-16 20:47:39,431] [DEBUG] [ButtonReader] Button state changed: [(0, 'released')]
[2025-11-16 20:47:39,432] [INFO] [GameManager] State transition: AmplifyState → IdleState
[2025-11-16 20:47:39,632] [DEBUG] [ButtonReader] Button state changed: [(0, 'pressed')]
[2025-11-16 20:47:39,633] [DEBUG] [GameManager] Button sequence: 0
[2025-11-16 20:47:39,634] [INFO] [GameManager] State transition: IdleState → AmplifyState
[2025-11-16 20:47:39,644] [INFO] [SoundController] Song "Boney M. - Rasputin (Sopot Festival 1979).mp3" was randomly started
[2025-11-16 20:47:39,645] [DEBUG] [AmplifyState] AmplifyState activated with buttons: [0]
[2025-11-16 20:48:06,382] [DEBUG] [ButtonReader] Button state changed: [(0, 'released')]
[2025-11-16 20:48:06,383] [INFO] [GameManager] State transition: AmplifyState → IdleState
