[2025-11-19 21:04:43,199] [INFO] [Amplifier] 🎵 HUMAN AMPLIFIER INTERACTIVE SYSTEM
[2025-11-19 21:04:43,200] [INFO] [Amplifier] Button configuration: 10 buttons on GPIO [6, 5, 22, 17, 4, 23, 24, 25, 16, 20]
[2025-11-19 21:04:43,200] [INFO] [Amplifier] LED configuration: 2 strips
[2025-11-19 21:04:43,201] [INFO] [Amplifier]   Strip 1: 300 LEDs on GPIO 21
[2025-11-19 21:04:43,201] [INFO] [Amplifier]   Strip 2: 300 LEDs on GPIO 18
[2025-11-19 21:04:43,202] [INFO] [Amplifier] Game settings: 20ms frame duration (50.0 FPS)
[2025-11-19 21:04:43,202] [INFO] [Amplifier] Button sample rate: 200Hz
[2025-11-19 21:04:43,203] [INFO] [Amplifier] Audio folder: songs
[2025-11-19 21:04:43,203] [INFO] [Amplifier] Schedule: 2 daily, 1 special entries
[2025-11-19 21:04:43,204] [INFO] [ButtonReader] GPIO sampler initialized: 10 pins (no pulls)
[2025-11-19 21:04:43,204] [INFO] [ButtonReader] Pin mapping: Btn0=GPIO6, Btn1=GPIO5, Btn2=GPIO22, Btn3=GPIO17, Btn4=GPIO4, Btn5=GPIO23, Btn6=GPIO24, Btn7=GPIO25, Btn8=GPIO16, Btn9=GPIO20
[2025-11-19 21:04:43,205] [INFO] [ButtonReader] 🎮 Keyboard debug enabled: Press digit keys 0-9 to toggle buttons (works over SSH)
[2025-11-19 21:04:43,205] [INFO] [ButtonReader]    Each keypress toggles button ON/OFF
[2025-11-19 21:04:43,206] [INFO] [ButtonReader] ButtonReader initialized with 10 buttons
[2025-11-19 21:04:43,206] [INFO] [SongLibrary] Creating song codes dictionary
[2025-11-19 21:04:45,442] [INFO] [SongLibrary] Loaded 549 song codes from 10 collections
[2025-11-19 21:04:45,443] [INFO] [SongLibrary] Collections updated: ['MAIJAM']
[2025-11-19 21:04:47,296] [INFO] [GameManager] GameManager initialized: 20ms frame duration, 2 LED strips
[2025-11-19 21:04:47,296] [INFO] [Amplifier] HumanAmplifier system initialized successfully
[2025-11-19 21:04:47,297] [INFO] [Amplifier] Hardware: 10 buttons, 2 LED strips, 20ms frame duration
[2025-11-19 21:04:47,297] [INFO] [Amplifier] Audio system: {'songs_folder': 'songs', 'all_collections': ['GENERAL', 'FESTIGAL', 'VIRAL', 'MORNING', 'MAIJAM', 'CLASSIC', 'DISNEY', 'PARTY', 'SPANISH', 'TV'], 'total_codes': 549, 'daily_schedule_entries': 2, 'special_schedule_entries': 1}
[2025-11-19 21:04:47,298] [INFO] [Amplifier] Sound controller initialized successfully
[2025-11-19 21:04:47,298] [INFO] [Amplifier] ✅ System initialized successfully!
[2025-11-19 21:04:47,299] [INFO] [Amplifier] Hardware status: 10 buttons, 2 LED strips
[2025-11-19 21:04:47,299] [INFO] [Amplifier]   Strip 1: 300 LEDs active
[2025-11-19 21:04:47,299] [INFO] [Amplifier]   Strip 2: 300 LEDs active
[2025-11-19 21:04:47,300] [INFO] [Amplifier] Audio system: 549 song codes, 12 sound effects
[2025-11-19 21:04:47,300] [INFO] [Amplifier] Available collections: GENERAL, FESTIGAL, VIRAL, MORNING, MAIJAM, CLASSIC, DISNEY, PARTY, SPANISH, TV
[2025-11-19 21:04:47,301] [INFO] [Amplifier] 🚀 Starting HumanAmplifier system...
[2025-11-19 21:04:47,301] [INFO] [GameManager] Starting game loop with 20ms frame duration
[2025-11-19 21:04:47,303] [INFO] [GameManager] 💾 Memory - Process: 81.8MB | System: 258/907MB (28.4%, 649MB free)
[2025-11-19 21:04:51,944] [INFO] [ButtonReader] Keyboard: Button 7 toggled ON (key '7')
[2025-11-19 21:04:51,945] [INFO] [GameManager] State transition: IdleState → AmplifyState
[2025-11-19 21:04:51,958] [INFO] [SoundController] Song "Baccara - Yes Sir, I Can Boogie (Starparade 02.06.1977).mp3" was randomly started
[2025-11-19 21:04:52,367] [INFO] [ButtonReader] Keyboard: Button 7 toggled OFF (key '7')
[2025-11-19 21:04:52,368] [INFO] [GameManager] State transition: AmplifyState → IdleState
[2025-11-19 21:04:52,870] [INFO] [ButtonReader] Keyboard: Button 7 toggled ON (key '7')
[2025-11-19 21:04:52,871] [INFO] [GameManager] State transition: IdleState → AmplifyState
[2025-11-19 21:04:52,881] [INFO] [SoundController] Song "Dua Lipa - Levitating Featuring DaBaby (Official Music Video).mp3" was randomly started
[2025-11-19 21:04:53,373] [INFO] [ButtonReader] Keyboard: Button 7 toggled OFF (key '7')
[2025-11-19 21:04:53,374] [INFO] [GameManager] State transition: AmplifyState → IdleState
[2025-11-19 21:04:53,875] [INFO] [ButtonReader] Keyboard: Button 7 toggled ON (key '7')
[2025-11-19 21:04:53,876] [INFO] [GameManager] Triple 777 detected - entering code mode!
[2025-11-19 21:04:53,877] [INFO] [GameManager] State transition: IdleState → CodeModeState
[2025-11-19 21:04:53,888] [INFO] [CodeModeState] Entered code mode - awaiting 5-digit code
[2025-11-19 21:04:55,765] [INFO] [ButtonReader] Keyboard: Button 6 toggled ON (key '6')
[2025-11-19 21:04:56,328] [INFO] [ButtonReader] Keyboard: Button 3 toggled ON (key '3')
[2025-11-19 21:04:56,790] [INFO] [ButtonReader] Keyboard: Button 8 toggled ON (key '8')
[2025-11-19 21:04:57,232] [INFO] [ButtonReader] Keyboard: Button 0 toggled ON (key '0')
[2025-11-19 21:04:57,754] [INFO] [ButtonReader] Keyboard: Button 4 toggled ON (key '4')
[2025-11-19 21:04:57,755] [INFO] [CodeModeState] Code entered: 63804
[2025-11-19 21:04:57,756] [INFO] [CodeModeState] Valid code! Transitioning to CodeRevealState
[2025-11-19 21:04:57,757] [INFO] [GameManager] State transition: CodeModeState → CodeRevealState
[2025-11-19 21:04:57,768] [INFO] [CodeRevealState] Code reveal started for code: 63804
[2025-11-19 21:05:01,355] [INFO] [ButtonReader] Keyboard: Button 6 toggled OFF (key '6')
[2025-11-19 21:05:01,777] [INFO] [CodeRevealState] Loading song by code: 63804
[2025-11-19 21:05:01,778] [INFO] [SoundController] Playing song by code 63804: "Bach - Aria (from) Hunt Cantata.mp3"
[2025-11-19 21:05:01,779] [INFO] [CodeRevealState] Song loaded successfully, transitioning to PartyState
[2025-11-19 21:05:01,779] [INFO] [GameManager] State transition: CodeRevealState → PartyState
[2025-11-19 21:05:01,790] [INFO] [PartyState] 🎉 PARTY MODE ACTIVATED for song: Bach - Aria (from) Hunt Cantata.mp3
[2025-11-19 21:05:01,817] [INFO] [ButtonReader] Keyboard: Button 7 toggled OFF (key '7')
[2025-11-19 21:05:02,379] [INFO] [ButtonReader] Keyboard: Button 0 toggled OFF (key '0')
[2025-11-19 21:05:03,303] [INFO] [ButtonReader] Keyboard: Button 8 toggled OFF (key '8')
[2025-11-19 21:05:03,926] [INFO] [ButtonReader] Keyboard: Button 3 toggled OFF (key '3')
[2025-11-19 21:05:47,318] [INFO] [GameManager] 💾 Memory - Process: 82.6MB | System: 243/907MB (26.8%, 663MB free)
[2025-11-19 21:06:47,318] [INFO] [GameManager] 💾 Memory - Process: 82.6MB | System: 239/907MB (26.3%, 668MB free)
[2025-11-19 21:07:37,013] [CRITICAL] [Amplifier] ⚠️  SIGNAL RECEIVED: 2 - Process terminating
[2025-11-19 21:07:37,014] [CRITICAL] [Amplifier] Emergency flush triggered
[2025-11-19 21:07:37,029] [INFO] [GameManager] Game stopped
[2025-11-19 21:07:37,030] [INFO] [Amplifier] ✅ HumanAmplifier system shut down
