[2025-11-20 16:36:41,105] [INFO] [Amplifier] 🎵 HUMAN AMPLIFIER INTERACTIVE SYSTEM
[2025-11-20 16:36:41,106] [INFO] [Amplifier] Button configuration: 10 buttons on GPIO [6, 5, 22, 17, 4, 23, 24, 25, 16, 20]
[2025-11-20 16:36:41,106] [INFO] [Amplifier] LED configuration: 2 strips
[2025-11-20 16:36:41,107] [INFO] [Amplifier]   Strip 1: 300 LEDs on GPIO 21
[2025-11-20 16:36:41,107] [INFO] [Amplifier]   Strip 2: 293 LEDs on GPIO 18
[2025-11-20 16:36:41,108] [INFO] [Amplifier] Game settings: 20ms frame duration (50.0 FPS)
[2025-11-20 16:36:41,108] [INFO] [Amplifier] Button sample rate: 200Hz
[2025-11-20 16:36:41,109] [INFO] [Amplifier] Audio folder: songs
[2025-11-20 16:36:41,109] [INFO] [Amplifier] Schedule: 2 daily, 1 special entries
[2025-11-20 16:36:41,110] [INFO] [ButtonReader] 🎮 Keyboard sampler initialized (NO GPIO)
[2025-11-20 16:36:41,110] [INFO] [ButtonReader]    10 virtual buttons mapped to digit keys 0-9
[2025-11-20 16:36:41,110] [INFO] [ButtonReader]    Press digit keys to toggle buttons ON/OFF
[2025-11-20 16:36:41,111] [INFO] [ButtonReader]    Each keypress toggles button ON/OFF
[2025-11-20 16:36:41,111] [INFO] [ButtonReader] ButtonReader initialized with 10 buttons
[2025-11-20 16:36:41,112] [INFO] [SongLibrary] Creating song codes dictionary
[2025-11-20 16:36:43,554] [INFO] [SongLibrary] Loaded 722 song codes from 11 collections
[2025-11-20 16:36:43,555] [INFO] [SongLibrary] Collections updated: ['MAIJAM']
[2025-11-20 16:36:51,946] [INFO] [SoundController] Sound controller initialized - mixer ready, first song will load on demand
[2025-11-20 16:36:51,954] [INFO] [GameManager] GameManager initialized: 20ms frame duration, 2 LED strips
[2025-11-20 16:36:51,955] [INFO] [Amplifier] HumanAmplifier system initialized successfully
[2025-11-20 16:36:51,957] [INFO] [Amplifier] Hardware: 10 buttons, 2 LED strips, 20ms frame duration
[2025-11-20 16:36:51,958] [INFO] [Amplifier] Audio system: {'songs_folder': 'songs', 'all_collections': ['HAFLA', 'MORNING', 'FESTIGAL', 'TV', 'DISNEY', 'SPANISH', 'PARTY', 'VIRAL', 'GENERAL', 'CLASSIC', 'MAIJAM'], 'total_codes': 722, 'daily_schedule_entries': 2, 'special_schedule_entries': 1}
[2025-11-20 16:36:51,959] [INFO] [Amplifier] Sound controller initialized successfully
[2025-11-20 16:36:51,960] [INFO] [Amplifier] ✅ System initialized successfully!
[2025-11-20 16:36:51,961] [INFO] [Amplifier] Hardware status: 10 buttons, 2 LED strips
[2025-11-20 16:36:51,962] [INFO] [Amplifier]   Strip 1: 300 LEDs active
[2025-11-20 16:36:51,963] [INFO] [Amplifier]   Strip 2: 293 LEDs active
[2025-11-20 16:36:51,963] [INFO] [Amplifier] Audio system: 722 song codes, 13 sound effects
[2025-11-20 16:36:51,964] [INFO] [Amplifier] Available collections: HAFLA, MORNING, FESTIGAL, TV, DISNEY, SPANISH, PARTY, VIRAL, GENERAL, CLASSIC, MAIJAM
[2025-11-20 16:36:51,965] [INFO] [Amplifier] 🚀 Starting HumanAmplifier system...
[2025-11-20 16:36:51,965] [INFO] [GameManager] Starting game loop with 20ms frame duration
[2025-11-20 16:36:51,970] [INFO] [GameManager] 💾 Memory - Process: 88.0MB | System: 242/907MB (26.7%, 665MB free) | ⚙️  CPU - Process: 0.0% | System: 28.0% | Cores: [9%, 93%, 3%, 5%]
[2025-11-20 16:37:04,681] [CRITICAL] [Amplifier] ⚠️  SIGNAL RECEIVED: 2 - Process terminating
[2025-11-20 16:37:04,681] [CRITICAL] [Amplifier] Emergency flush triggered
[2025-11-20 16:37:05,125] [INFO] [SoundController] Sound controller cleaned up successfully
[2025-11-20 16:37:05,137] [INFO] [GameManager] Game stopped
[2025-11-20 16:37:05,139] [INFO] [Amplifier] ✅ HumanAmplifier system shut down
