[2025-11-14 16:39:40,701] [INFO] [Amplifier] 🎵 HUMAN AMPLIFIER INTERACTIVE SYSTEM
[2025-11-14 16:39:40,702] [INFO] [Amplifier] Button configuration: 3 buttons on GPIO [5, 6, 17]
[2025-11-14 16:39:40,702] [INFO] [Amplifier] LED configuration: 2 strips
[2025-11-14 16:39:40,703] [INFO] [Amplifier]   Strip 1: 300 LEDs on GPIO 21
[2025-11-14 16:39:40,704] [INFO] [Amplifier]   Strip 2: 300 LEDs on GPIO 18
[2025-11-14 16:39:40,704] [INFO] [Amplifier] Game settings: 20ms frame duration (50.0 FPS)
[2025-11-14 16:39:40,705] [INFO] [Amplifier] Button sample rate: 200Hz
[2025-11-14 16:39:40,705] [INFO] [Amplifier] Audio folder: songs
[2025-11-14 16:39:40,706] [INFO] [Amplifier] Schedule: 2 daily, 1 special entries
[2025-11-14 16:39:41,477] [INFO] [ButtonReader] GPIO setup complete: 3 pins, no pulls
[2025-11-14 16:39:41,478] [INFO] [ButtonReader] ButtonReader initialized with 3 buttons
[2025-11-14 16:39:41,478] [INFO] [ButtonReader] Button mapping: Button0=GPIO5, Button1=GPIO6, Button2=GPIO17
[2025-11-14 16:39:41,483] [INFO] [SongLibrary] Creating song codes dictionary
[2025-11-14 16:39:42,059] [INFO] [SongLibrary] Loaded 30 song codes from 2 collections
[2025-11-14 16:39:42,059] [INFO] [SongLibrary] Collections updated: ['MAIJAM']
[2025-11-14 16:39:42,337] [INFO] [GameManager] GameManager initialized: 20ms frame duration, 2 LED strips
[2025-11-14 16:39:42,338] [INFO] [Amplifier] HumanAmplifier system initialized successfully
[2025-11-14 16:39:42,338] [INFO] [Amplifier] Hardware: 3 buttons, 2 LED strips, 20ms frame duration
[2025-11-14 16:39:42,339] [INFO] [Amplifier] Audio system: {'songs_folder': 'songs', 'all_collections': ['MAIJAM', 'MORNING'], 'total_codes': 30, 'daily_schedule_entries': 2, 'special_schedule_entries': 1}
[2025-11-14 16:39:42,339] [INFO] [Amplifier] Sound controller initialized successfully
[2025-11-14 16:39:42,339] [INFO] [Amplifier] ✅ System initialized successfully!
[2025-11-14 16:39:42,340] [INFO] [Amplifier] Hardware status: 3 buttons, 2 LED strips
[2025-11-14 16:39:42,340] [INFO] [Amplifier]   Strip 1: 300 LEDs active
[2025-11-14 16:39:42,341] [INFO] [Amplifier]   Strip 2: 300 LEDs active
[2025-11-14 16:39:42,341] [INFO] [Amplifier] Audio system: 30 song codes, 9 sound effects
[2025-11-14 16:39:42,341] [INFO] [Amplifier] Available collections: MAIJAM, MORNING
[2025-11-14 16:39:42,342] [INFO] [Amplifier] 🚀 Starting HumanAmplifier system...
[2025-11-14 16:39:42,342] [INFO] [GameManager] Starting game loop with 20ms frame duration
[2025-11-14 16:39:55,107] [DEBUG] [GameManager] Button sequence: 1
[2025-11-14 16:39:55,108] [INFO] [GameManager] State transition: IdleState → AmplifyState
[2025-11-14 16:39:55,120] [INFO] [SoundController] Song Dua Lipa - Levitating Featuring DaBaby (Official Music Video).mp3 was randomly started
[2025-11-14 16:39:55,121] [DEBUG] [AmplifyState] AmplifyState activated with buttons: [1]
[2025-11-14 16:40:04,104] [DEBUG] [GameManager] Button sequence: 10
[2025-11-14 16:40:04,104] [DEBUG] [AmplifyState] AmplifyState button change - currently pressed: [0, 1]
[2025-11-14 16:40:06,333] [DEBUG] [AmplifyState] AmplifyState button change - currently pressed: [0]
[2025-11-14 16:40:06,975] [DEBUG] [GameManager] Button sequence: 101
[2025-11-14 16:40:06,976] [DEBUG] [AmplifyState] AmplifyState button change - currently pressed: [0, 1]
[2025-11-14 16:40:11,337] [DEBUG] [AmplifyState] AmplifyState button change - currently pressed: [0]
[2025-11-14 16:40:12,563] [INFO] [GameManager] State transition: AmplifyState → IdleState
[2025-11-14 16:40:13,085] [DEBUG] [GameManager] Button sequence: 1
[2025-11-14 16:40:13,086] [INFO] [GameManager] State transition: IdleState → AmplifyState
[2025-11-14 16:40:13,097] [INFO] [SoundController] Song Boney M. - Rasputin (Sopot Festival 1979).mp3 was randomly started
[2025-11-14 16:40:13,097] [DEBUG] [AmplifyState] AmplifyState activated with buttons: [1]
[2025-11-14 16:40:14,270] [DEBUG] [GameManager] Button sequence: 10
[2025-11-14 16:40:14,271] [DEBUG] [AmplifyState] AmplifyState button change - currently pressed: [0, 1]
[2025-11-14 16:40:15,274] [DEBUG] [AmplifyState] AmplifyState button change - currently pressed: [0]
[2025-11-14 16:40:20,054] [DEBUG] [GameManager] Button sequence: 102
[2025-11-14 16:40:20,054] [DEBUG] [AmplifyState] AmplifyState button change - currently pressed: [0, 2]
[2025-11-14 16:40:20,957] [DEBUG] [AmplifyState] AmplifyState button change - currently pressed: [0]
[2025-11-14 16:40:23,327] [DEBUG] [GameManager] Button sequence: 1022
[2025-11-14 16:40:23,328] [DEBUG] [AmplifyState] AmplifyState button change - currently pressed: [0, 2]
[2025-11-14 16:40:26,661] [DEBUG] [AmplifyState] AmplifyState button change - currently pressed: [0]
[2025-11-14 16:40:27,103] [INFO] [GameManager] State transition: AmplifyState → IdleState
[2025-11-14 16:40:28,690] [DEBUG] [GameManager] Button sequence: 0
[2025-11-14 16:40:28,692] [INFO] [GameManager] State transition: IdleState → AmplifyState
[2025-11-14 16:40:28,703] [INFO] [SoundController] Song Baccara - Yes Sir, I Can Boogie (Starparade 02.06.1977) (1).mp3 was randomly started
[2025-11-14 16:40:28,704] [DEBUG] [AmplifyState] AmplifyState activated with buttons: [0]
[2025-11-14 16:40:34,680] [DEBUG] [GameManager] Button sequence: 02
[2025-11-14 16:40:34,681] [DEBUG] [AmplifyState] AmplifyState button change - currently pressed: [0, 2]
[2025-11-14 16:40:35,503] [DEBUG] [AmplifyState] AmplifyState button change - currently pressed: [2]
[2025-11-14 16:40:36,487] [DEBUG] [GameManager] Button sequence: 020
[2025-11-14 16:40:36,488] [DEBUG] [AmplifyState] AmplifyState button change - currently pressed: [0, 2]
[2025-11-14 16:40:37,913] [DEBUG] [AmplifyState] AmplifyState button change - currently pressed: [2]
[2025-11-14 16:40:38,918] [INFO] [GameManager] State transition: AmplifyState → IdleState
[2025-11-14 16:40:39,761] [DEBUG] [GameManager] Button sequence: 1
[2025-11-14 16:40:39,762] [INFO] [GameManager] State transition: IdleState → AmplifyState
[2025-11-14 16:40:39,772] [INFO] [SoundController] Song The Offspring - Pretty Fly (For A White Guy) (Official Music Video) [QtTR-_Klcq8].mp3 was randomly started
[2025-11-14 16:40:39,773] [DEBUG] [AmplifyState] AmplifyState activated with buttons: [1]
[2025-11-14 16:40:42,050] [DEBUG] [GameManager] Button sequence: 12
[2025-11-14 16:40:42,051] [DEBUG] [AmplifyState] AmplifyState button change - currently pressed: [1, 2]
[2025-11-14 16:40:44,322] [DEBUG] [AmplifyState] AmplifyState button change - currently pressed: [2]
[2025-11-14 16:40:44,382] [INFO] [GameManager] State transition: AmplifyState → IdleState
[2025-11-14 16:40:44,824] [DEBUG] [GameManager] Button sequence: 1
[2025-11-14 16:40:44,825] [INFO] [GameManager] State transition: IdleState → AmplifyState
[2025-11-14 16:40:44,835] [INFO] [SoundController] Song Eurythmics, Annie Lennox, Dave Stewart - Sweet Dreams (Are Made Of This) (Official Video).mp3 was randomly started
[2025-11-14 16:40:44,836] [DEBUG] [AmplifyState] AmplifyState activated with buttons: [1]
[2025-11-14 16:40:46,370] [DEBUG] [GameManager] Button sequence: 12
[2025-11-14 16:40:46,371] [DEBUG] [AmplifyState] AmplifyState button change - currently pressed: [1, 2]
[2025-11-14 16:40:53,691] [DEBUG] [GameManager] Button sequence: 120
[2025-11-14 16:40:53,692] [INFO] [GameManager] State transition: AmplifyState → PartyState
[2025-11-14 16:40:53,704] [INFO] [PartyState] 🎉 PARTY MODE ACTIVATED!
[2025-11-14 16:42:45,200] [INFO] [GameManager] Game stopped by user (Ctrl+C)
[2025-11-14 16:42:45,210] [INFO] [GameManager] Game stopped
[2025-11-14 16:42:45,211] [INFO] [Amplifier] ✅ HumanAmplifier system shut down
