[2025-11-21 01:46:29,192] [INFO] [Amplifier] 🎵 HUMAN AMPLIFIER INTERACTIVE SYSTEM
[2025-11-21 01:46:29,193] [INFO] [Amplifier] Button configuration: 10 buttons on GPIO [6, 5, 22, 17, 4, 23, 24, 25, 16, 20]
[2025-11-21 01:46:29,193] [INFO] [Amplifier] LED configuration: 2 strips
[2025-11-21 01:46:29,194] [INFO] [Amplifier]   Strip 1: 300 LEDs on GPIO 21
[2025-11-21 01:46:29,197] [INFO] [Amplifier]   Strip 2: 293 LEDs on GPIO 18
[2025-11-21 01:46:29,197] [INFO] [Amplifier] Game settings: 20ms frame duration (50.0 FPS)
[2025-11-21 01:46:29,198] [INFO] [Amplifier] Button sample rate: 200Hz
[2025-11-21 01:46:29,198] [INFO] [Amplifier] Audio folder: songs
[2025-11-21 01:46:29,199] [INFO] [Amplifier] Schedule: 13 daily, 1 special entries
[2025-11-21 01:46:29,200] [INFO] [ButtonReader] 🎮 Keyboard sampler initialized (NO GPIO)
[2025-11-21 01:46:29,200] [INFO] [ButtonReader]    10 virtual buttons mapped to digit keys 0-9
[2025-11-21 01:46:29,201] [INFO] [ButtonReader]    Press digit keys to toggle buttons ON/OFF
[2025-11-21 01:46:29,201] [INFO] [ButtonReader]    Each keypress toggles button ON/OFF
[2025-11-21 01:46:29,202] [INFO] [ButtonReader] ButtonReader initialized with 10 buttons
[2025-11-21 01:46:29,203] [INFO] [SongLibrary] Creating song codes dictionary
[2025-11-21 01:46:31,832] [INFO] [SongLibrary] Loaded 722 song codes from 11 collections
[2025-11-21 01:46:31,833] [INFO] [SongLibrary] Collections updated: ['MAIJAM']
[2025-11-21 01:46:31,932] [INFO] [SoundController] Pygame mixer initialized: 48000Hz, format=-16, channels=2
[2025-11-21 01:46:40,125] [INFO] [SoundController] Sound controller initialized - mixer ready, first song will load on demand
[2025-11-21 01:46:40,131] [INFO] [GameManager] GameManager initialized: 20ms frame duration, 2 LED strips
[2025-11-21 01:46:40,132] [INFO] [Amplifier] HumanAmplifier system initialized successfully
[2025-11-21 01:46:40,132] [INFO] [Amplifier] Hardware: 10 buttons, 2 LED strips, 20ms frame duration
[2025-11-21 01:46:40,133] [INFO] [Amplifier] Audio system: {'songs_folder': 'songs', 'all_collections': ['DISNEY', 'HAFLA', 'PARTY', 'VIRAL', 'TV', 'MORNING', 'CLASSIC', 'GENERAL', 'MAIJAM', 'SPANISH', 'FESTIGAL'], 'total_codes': 722, 'daily_schedule_entries': 13, 'special_schedule_entries': 1}
[2025-11-21 01:46:40,133] [INFO] [Amplifier] Sound controller initialized successfully
[2025-11-21 01:46:40,134] [INFO] [Amplifier] ✅ System initialized successfully!
[2025-11-21 01:46:40,135] [INFO] [Amplifier] Hardware status: 10 buttons, 2 LED strips
[2025-11-21 01:46:40,135] [INFO] [Amplifier]   Strip 1: 300 LEDs active
[2025-11-21 01:46:40,136] [INFO] [Amplifier]   Strip 2: 293 LEDs active
[2025-11-21 01:46:40,136] [INFO] [Amplifier] Audio system: 722 song codes, 13 sound effects
[2025-11-21 01:46:40,136] [INFO] [Amplifier] Available collections: DISNEY, HAFLA, PARTY, VIRAL, TV, MORNING, CLASSIC, GENERAL, MAIJAM, SPANISH, FESTIGAL
[2025-11-21 01:46:40,137] [INFO] [Amplifier] ===========================
[2025-11-21 01:46:40,137] [INFO] [Amplifier] 🚀 Starting HumanAmplifier system...
[2025-11-21 01:46:40,137] [INFO] [GameManager] Starting game loop with 20ms frame duration
[2025-11-21 01:46:40,140] [INFO] [GameManager] 💾 Memory - Process: 87.8MB | System: 261/907MB (28.8%, 645MB free) | ⚙️  CPU - Process: 0.0% | System: 29.9% | Cores: [6%, 9%, 99%, 4%]
[2025-11-21 01:46:41,724] [INFO] [ButtonReader] Keyboard: Button 8 toggled ON (key '8')
[2025-11-21 01:46:41,725] [INFO] [ButtonReader] Button 8 pressed
[2025-11-21 01:46:41,726] [DEBUG] [SequenceTracker] UPDATE: '' → '8' (added buttons: [8], elapsed: 0.00s)
[2025-11-21 01:46:41,726] [DEBUG] [IdleState] Checking sequence: '8' (need '777' for code mode)
[2025-11-21 01:46:41,756] [INFO] [AmplifyState] Song "Mark Ronson - Uptown Funk (Official Video) ft. Bruno Mars.mp3" was randomly started 🎚️
[2025-11-21 01:46:49,533] [INFO] [ButtonReader] Keyboard: Button 8 toggled OFF (key '8')
[2025-11-21 01:46:49,534] [INFO] [AmplifyState] Song "Mark Ronson - Uptown Funk (Official Video) ft. Bruno Mars.mp3" was released 🤷🏻‍♀️
[2025-11-21 01:46:49,554] [DEBUG] [SequenceTracker] RESET: cleared sequence '8', elapsed: 7.83s
[2025-11-21 01:46:50,821] [INFO] [ButtonReader] Keyboard: Button 8 toggled ON (key '8')
[2025-11-21 01:46:50,822] [INFO] [ButtonReader] Button 8 pressed
[2025-11-21 01:46:50,823] [DEBUG] [SequenceTracker] UPDATE: '' → '8' (added buttons: [8], elapsed: 0.00s)
[2025-11-21 01:46:50,823] [DEBUG] [IdleState] Checking sequence: '8' (need '777' for code mode)
[2025-11-21 01:46:50,853] [INFO] [AmplifyState] Song "Patti Smith Group - Because the Night (Official Audio).mp3" was randomly started 🎚️
[2025-11-21 01:46:52,200] [INFO] [ButtonReader] Keyboard: Button 9 toggled ON (key '9')
[2025-11-21 01:46:52,201] [INFO] [ButtonReader] Button 9 pressed
[2025-11-21 01:46:52,202] [DEBUG] [SequenceTracker] UPDATE: '8' → '89' (added buttons: [9], elapsed: 1.38s)
[2025-11-21 01:46:53,606] [INFO] [ButtonReader] Keyboard: Button 9 toggled OFF (key '9')
[2025-11-21 01:46:54,650] [INFO] [ButtonReader] Keyboard: Button 9 toggled ON (key '9')
[2025-11-21 01:46:54,651] [INFO] [ButtonReader] Button 9 pressed
[2025-11-21 01:46:54,651] [DEBUG] [SequenceTracker] UPDATE: '89' → '899' (added buttons: [9], elapsed: 3.83s)
[2025-11-21 01:46:55,252] [INFO] [ButtonReader] Keyboard: Button 9 toggled OFF (key '9')
[2025-11-21 01:46:56,237] [INFO] [ButtonReader] Keyboard: Button 9 toggled ON (key '9')
[2025-11-21 01:46:56,238] [INFO] [ButtonReader] Button 9 pressed
[2025-11-21 01:46:56,239] [DEBUG] [SequenceTracker] UPDATE: '899' → '8999' (added buttons: [9], elapsed: 5.42s)
[2025-11-21 01:47:11,943] [INFO] [ButtonReader] Keyboard: Button 3 toggled ON (key '3')
[2025-11-21 01:47:11,944] [INFO] [ButtonReader] Button 3 pressed
[2025-11-21 01:47:11,944] [DEBUG] [SequenceTracker] UPDATE: '8999' → '89993' (added buttons: [3], elapsed: 21.12s)
[2025-11-21 01:47:40,156] [INFO] [GameManager] 💾 Memory - Process: 88.2MB | System: 245/907MB (27.0%, 662MB free) | ⚙️  CPU - Process: 26.4% | System: 10.1% | Cores: [9%, 10%, 14%, 7%]
[2025-11-21 01:48:40,165] [INFO] [GameManager] 💾 Memory - Process: 88.2MB | System: 248/907MB (27.4%, 658MB free) | ⚙️  CPU - Process: 29.9% | System: 10.9% | Cores: [14%, 10%, 9%, 11%]
[2025-11-21 01:48:42,107] [CRITICAL] [Amplifier] ⚠️  SIGNAL RECEIVED: 2 - Process terminating
[2025-11-21 01:48:42,108] [CRITICAL] [Amplifier] Emergency flush triggered
[2025-11-21 01:48:42,372] [INFO] [SoundController] Sound controller cleaned up successfully
[2025-11-21 01:48:42,383] [INFO] [GameManager] Game stopped
[2025-11-21 01:48:42,383] [INFO] [Amplifier] ✅ HumanAmplifier system shut down
