[2025-11-18 02:52:06,903] [INFO] [Amplifier] 🎵 HUMAN AMPLIFIER INTERACTIVE SYSTEM
[2025-11-18 02:52:06,904] [INFO] [Amplifier] Button configuration: 10 buttons on GPIO [6, 5, 22, 17, 4, 23, 24, 25, 16, 20]
[2025-11-18 02:52:06,905] [INFO] [Amplifier] LED configuration: 2 strips
[2025-11-18 02:52:06,905] [INFO] [Amplifier]   Strip 1: 300 LEDs on GPIO 21
[2025-11-18 02:52:06,906] [INFO] [Amplifier]   Strip 2: 300 LEDs on GPIO 18
[2025-11-18 02:52:06,906] [INFO] [Amplifier] Game settings: 20ms frame duration (50.0 FPS)
[2025-11-18 02:52:06,907] [INFO] [Amplifier] Button sample rate: 200Hz
[2025-11-18 02:52:06,907] [INFO] [Amplifier] Audio folder: songs
[2025-11-18 02:52:06,907] [INFO] [Amplifier] Schedule: 2 daily, 1 special entries
[2025-11-18 02:52:06,908] [INFO] [ButtonReader] GPIO sampler initialized: 10 pins (no pulls)
[2025-11-18 02:52:06,908] [INFO] [ButtonReader] Pin mapping: Btn0=GPIO6, Btn1=GPIO5, Btn2=GPIO22, Btn3=GPIO17, Btn4=GPIO4, Btn5=GPIO23, Btn6=GPIO24, Btn7=GPIO25, Btn8=GPIO16, Btn9=GPIO20
[2025-11-18 02:52:06,908] [INFO] [ButtonReader] 🎮 Keyboard debug enabled: Press digit keys 0-9 to toggle buttons (works over SSH)
[2025-11-18 02:52:06,909] [INFO] [ButtonReader]    Each keypress toggles button ON/OFF
[2025-11-18 02:52:06,909] [INFO] [ButtonReader] ButtonReader initialized with 10 buttons
[2025-11-18 02:52:06,909] [INFO] [SongLibrary] Creating song codes dictionary
[2025-11-18 02:52:07,174] [INFO] [SongLibrary] Loaded 0 song codes from 2 collections
[2025-11-18 02:52:07,175] [INFO] [SongLibrary] Collections updated: ['MAIJAM', 'MORNING']
[2025-11-18 02:52:07,176] [INFO] [Amplifier] 🔇 Using MockSoundController (audio hardware disabled)
[2025-11-18 02:52:07,177] [INFO] [SoundController] 🔇 MockSoundController initialized (audio disabled)
[2025-11-18 02:52:07,180] [INFO] [GameManager] GameManager initialized: 20ms frame duration, 2 LED strips
[2025-11-18 02:52:07,181] [INFO] [Amplifier] HumanAmplifier system initialized successfully
[2025-11-18 02:52:07,181] [INFO] [Amplifier] Hardware: 10 buttons, 2 LED strips, 20ms frame duration
[2025-11-18 02:52:07,182] [INFO] [Amplifier] Audio system: {'songs_folder': 'songs', 'all_collections': ['MAIJAM', 'MORNING'], 'total_codes': 0, 'daily_schedule_entries': 2, 'special_schedule_entries': 1}
[2025-11-18 02:52:07,182] [INFO] [Amplifier] Sound controller initialized successfully
[2025-11-18 02:52:07,183] [INFO] [Amplifier] ✅ System initialized successfully!
[2025-11-18 02:52:07,183] [INFO] [Amplifier] Hardware status: 10 buttons, 2 LED strips
[2025-11-18 02:52:07,184] [INFO] [Amplifier]   Strip 1: 300 LEDs active
[2025-11-18 02:52:07,184] [INFO] [Amplifier]   Strip 2: 300 LEDs active
[2025-11-18 02:52:07,184] [INFO] [Amplifier] Audio system: 0 song codes, 0 sound effects
[2025-11-18 02:52:07,185] [INFO] [Amplifier] Available collections: MAIJAM, MORNING
[2025-11-18 02:52:07,185] [INFO] [Amplifier] 🚀 Starting HumanAmplifier system...
[2025-11-18 02:52:07,185] [INFO] [GameManager] Starting game loop with 20ms frame duration
[2025-11-18 02:52:13,213] [INFO] [ButtonReader] Keyboard: Button 1 toggled ON (key '1')
[2025-11-18 02:52:13,213] [DEBUG] [ButtonReader] Button state changed: [(1, 'pressed')]
[2025-11-18 02:52:13,214] [DEBUG] [GameManager] Button sequence: 1
[2025-11-18 02:52:13,215] [INFO] [GameManager] State transition: IdleState → AmplifyState
[2025-11-18 02:52:13,225] [INFO] [SoundController] Mock: Started playback of "songs/morning/גלי עטרי - יש לך שמש.mp3"
[2025-11-18 02:52:13,226] [DEBUG] [AmplifyState] AmplifyState activated with buttons: [1]
[2025-11-18 02:52:16,166] [INFO] [ButtonReader] Keyboard: Button 2 toggled ON (key '2')
[2025-11-18 02:52:16,167] [DEBUG] [ButtonReader] Button state changed: [(2, 'pressed')]
[2025-11-18 02:52:16,168] [DEBUG] [GameManager] Button sequence: 12
[2025-11-18 02:52:16,169] [DEBUG] [AmplifyState] AmplifyState button change - currently pressed: [1, 2]
[2025-11-18 02:52:17,994] [INFO] [ButtonReader] Keyboard: Button 3 toggled ON (key '3')
[2025-11-18 02:52:17,995] [DEBUG] [ButtonReader] Button state changed: [(3, 'pressed')]
[2025-11-18 02:52:17,995] [DEBUG] [GameManager] Button sequence: 123
[2025-11-18 02:52:17,995] [DEBUG] [AmplifyState] AmplifyState button change - currently pressed: [1, 2, 3]
[2025-11-18 02:52:18,737] [INFO] [ButtonReader] Keyboard: Button 4 toggled ON (key '4')
[2025-11-18 02:52:18,738] [DEBUG] [ButtonReader] Button state changed: [(4, 'pressed')]
[2025-11-18 02:52:18,738] [DEBUG] [GameManager] Button sequence: 1234
[2025-11-18 02:52:18,739] [DEBUG] [AmplifyState] AmplifyState button change - currently pressed: [1, 2, 3, 4]
[2025-11-18 02:52:19,299] [INFO] [ButtonReader] Keyboard: Button 5 toggled ON (key '5')
[2025-11-18 02:52:19,300] [DEBUG] [ButtonReader] Button state changed: [(5, 'pressed')]
[2025-11-18 02:52:19,300] [DEBUG] [GameManager] Button sequence: 12345
[2025-11-18 02:52:19,301] [DEBUG] [AmplifyState] AmplifyState button change - currently pressed: [1, 2, 3, 4, 5]
[2025-11-18 02:52:20,022] [INFO] [ButtonReader] Keyboard: Button 6 toggled ON (key '6')
[2025-11-18 02:52:20,023] [DEBUG] [ButtonReader] Button state changed: [(6, 'pressed')]
[2025-11-18 02:52:20,023] [DEBUG] [GameManager] Button sequence: 123456
[2025-11-18 02:52:20,024] [DEBUG] [AmplifyState] AmplifyState button change - currently pressed: [1, 2, 3, 4, 5, 6]
[2025-11-18 02:52:20,547] [INFO] [ButtonReader] Keyboard: Button 7 toggled ON (key '7')
[2025-11-18 02:52:20,547] [DEBUG] [ButtonReader] Button state changed: [(7, 'pressed')]
[2025-11-18 02:52:20,548] [DEBUG] [GameManager] Button sequence: 1234567
[2025-11-18 02:52:20,548] [DEBUG] [AmplifyState] AmplifyState button change - currently pressed: [1, 2, 3, 4, 5, 6, 7]
[2025-11-18 02:52:21,074] [INFO] [ButtonReader] Keyboard: Button 8 toggled ON (key '8')
[2025-11-18 02:52:21,075] [DEBUG] [ButtonReader] Button state changed: [(8, 'pressed')]
[2025-11-18 02:52:21,075] [DEBUG] [GameManager] Button sequence: 12345678
[2025-11-18 02:52:21,076] [DEBUG] [AmplifyState] AmplifyState button change - currently pressed: [1, 2, 3, 4, 5, 6, 7, 8]
[2025-11-18 02:52:21,824] [INFO] [ButtonReader] Keyboard: Button 9 toggled ON (key '9')
[2025-11-18 02:52:21,825] [DEBUG] [ButtonReader] Button state changed: [(9, 'pressed')]
[2025-11-18 02:52:21,826] [DEBUG] [GameManager] Button sequence: 123456789
[2025-11-18 02:52:21,826] [DEBUG] [AmplifyState] AmplifyState button change - currently pressed: [1, 2, 3, 4, 5, 6, 7, 8, 9]
[2025-11-18 02:52:24,240] [INFO] [ButtonReader] Keyboard: Button 0 toggled ON (key '0')
[2025-11-18 02:52:24,261] [DEBUG] [ButtonReader] Button state changed: [(0, 'pressed')]
[2025-11-18 02:52:24,261] [DEBUG] [GameManager] Button sequence: 1234567890
[2025-11-18 02:52:24,262] [DEBUG] [ButtonReader] Button 0 will be ignored until released
[2025-11-18 02:52:24,262] [DEBUG] [ButtonReader] Button 1 will be ignored until released
[2025-11-18 02:52:24,263] [DEBUG] [ButtonReader] Button 2 will be ignored until released
[2025-11-18 02:52:24,263] [DEBUG] [ButtonReader] Button 3 will be ignored until released
[2025-11-18 02:52:24,263] [DEBUG] [ButtonReader] Button 4 will be ignored until released
[2025-11-18 02:52:24,264] [DEBUG] [ButtonReader] Button 5 will be ignored until released
[2025-11-18 02:52:24,264] [DEBUG] [ButtonReader] Button 6 will be ignored until released
[2025-11-18 02:52:24,264] [DEBUG] [ButtonReader] Button 7 will be ignored until released
[2025-11-18 02:52:24,264] [DEBUG] [ButtonReader] Button 8 will be ignored until released
[2025-11-18 02:52:24,264] [DEBUG] [ButtonReader] Button 9 will be ignored until released
[2025-11-18 02:52:24,265] [INFO] [GameManager] State transition: AmplifyState → PartyState
[2025-11-18 02:52:24,265] [DEBUG] [ButtonReader] Button 0 will be ignored until released
[2025-11-18 02:52:24,265] [DEBUG] [ButtonReader] Button 1 will be ignored until released
[2025-11-18 02:52:24,265] [DEBUG] [ButtonReader] Button 2 will be ignored until released
[2025-11-18 02:52:24,266] [DEBUG] [ButtonReader] Button 3 will be ignored until released
[2025-11-18 02:52:24,266] [DEBUG] [ButtonReader] Button 4 will be ignored until released
[2025-11-18 02:52:24,267] [DEBUG] [ButtonReader] Button 5 will be ignored until released
[2025-11-18 02:52:24,267] [DEBUG] [ButtonReader] Button 6 will be ignored until released
[2025-11-18 02:52:24,267] [DEBUG] [ButtonReader] Button 7 will be ignored until released
[2025-11-18 02:52:24,268] [DEBUG] [ButtonReader] Button 8 will be ignored until released
[2025-11-18 02:52:24,268] [DEBUG] [ButtonReader] Button 9 will be ignored until released
[2025-11-18 02:52:24,278] [INFO] [PartyState] 🎉 PARTY MODE ACTIVATED!
[2025-11-18 02:52:39,288] [DEBUG] [PartyState] Reduction feature enabled!
[2025-11-18 02:54:13,235] [INFO] [PartyState] Song finished, returning to idle
[2025-11-18 02:54:13,236] [DEBUG] [ButtonReader] Button 0 will be ignored until released
[2025-11-18 02:54:13,236] [DEBUG] [ButtonReader] Button 1 will be ignored until released
[2025-11-18 02:54:13,236] [DEBUG] [ButtonReader] Button 2 will be ignored until released
[2025-11-18 02:54:13,237] [DEBUG] [ButtonReader] Button 3 will be ignored until released
[2025-11-18 02:54:13,237] [DEBUG] [ButtonReader] Button 4 will be ignored until released
[2025-11-18 02:54:13,237] [DEBUG] [ButtonReader] Button 5 will be ignored until released
[2025-11-18 02:54:13,237] [DEBUG] [ButtonReader] Button 6 will be ignored until released
[2025-11-18 02:54:13,238] [DEBUG] [ButtonReader] Button 7 will be ignored until released
[2025-11-18 02:54:13,238] [DEBUG] [ButtonReader] Button 8 will be ignored until released
[2025-11-18 02:54:13,239] [DEBUG] [ButtonReader] Button 9 will be ignored until released
[2025-11-18 02:54:13,239] [INFO] [GameManager] State transition: PartyState → IdleState
[2025-11-18 02:55:14,319] [INFO] [GameManager] Game stopped by user (Ctrl+C)
[2025-11-18 02:55:14,331] [INFO] [GameManager] Game stopped
[2025-11-18 02:55:14,332] [INFO] [Amplifier] ✅ HumanAmplifier system shut down
