[2025-11-19 21:24:03,335] [INFO] [Amplifier] 🎵 HUMAN AMPLIFIER INTERACTIVE SYSTEM
[2025-11-19 21:24:03,336] [INFO] [Amplifier] Button configuration: 10 buttons on GPIO [6, 5, 22, 17, 4, 23, 24, 25, 16, 20]
[2025-11-19 21:24:03,337] [INFO] [Amplifier] LED configuration: 2 strips
[2025-11-19 21:24:03,337] [INFO] [Amplifier]   Strip 1: 300 LEDs on GPIO 21
[2025-11-19 21:24:03,338] [INFO] [Amplifier]   Strip 2: 300 LEDs on GPIO 18
[2025-11-19 21:24:03,338] [INFO] [Amplifier] Game settings: 20ms frame duration (50.0 FPS)
[2025-11-19 21:24:03,339] [INFO] [Amplifier] Button sample rate: 200Hz
[2025-11-19 21:24:03,339] [INFO] [Amplifier] Audio folder: songs
[2025-11-19 21:24:03,340] [INFO] [Amplifier] Schedule: 2 daily, 1 special entries
[2025-11-19 21:24:03,341] [INFO] [ButtonReader] GPIO sampler initialized: 10 pins (no pulls)
[2025-11-19 21:24:03,342] [INFO] [ButtonReader] Pin mapping: Btn0=GPIO6, Btn1=GPIO5, Btn2=GPIO22, Btn3=GPIO17, Btn4=GPIO4, Btn5=GPIO23, Btn6=GPIO24, Btn7=GPIO25, Btn8=GPIO16, Btn9=GPIO20
[2025-11-19 21:24:03,342] [INFO] [ButtonReader] 🎮 Keyboard debug enabled: Press digit keys 0-9 to toggle buttons (works over SSH)
[2025-11-19 21:24:03,343] [INFO] [ButtonReader]    Each keypress toggles button ON/OFF
[2025-11-19 21:24:03,344] [INFO] [ButtonReader] ButtonReader initialized with 10 buttons
[2025-11-19 21:24:03,346] [INFO] [SongLibrary] Creating song codes dictionary
[2025-11-19 21:24:05,386] [INFO] [SongLibrary] Loaded 549 song codes from 10 collections
[2025-11-19 21:24:05,387] [INFO] [SongLibrary] Collections updated: ['MAIJAM']
[2025-11-19 21:24:07,225] [INFO] [GameManager] GameManager initialized: 20ms frame duration, 2 LED strips
[2025-11-19 21:24:07,226] [INFO] [Amplifier] HumanAmplifier system initialized successfully
[2025-11-19 21:24:07,226] [INFO] [Amplifier] Hardware: 10 buttons, 2 LED strips, 20ms frame duration
[2025-11-19 21:24:07,227] [INFO] [Amplifier] Audio system: {'songs_folder': 'songs', 'all_collections': ['CLASSIC', 'TV', 'VIRAL', 'GENERAL', 'DISNEY', 'FESTIGAL', 'SPANISH', 'MAIJAM', 'PARTY', 'MORNING'], 'total_codes': 549, 'daily_schedule_entries': 2, 'special_schedule_entries': 1}
[2025-11-19 21:24:07,228] [INFO] [Amplifier] Sound controller initialized successfully
[2025-11-19 21:24:07,228] [INFO] [Amplifier] ✅ System initialized successfully!
[2025-11-19 21:24:07,229] [INFO] [Amplifier] Hardware status: 10 buttons, 2 LED strips
[2025-11-19 21:24:07,229] [INFO] [Amplifier]   Strip 1: 300 LEDs active
[2025-11-19 21:24:07,230] [INFO] [Amplifier]   Strip 2: 300 LEDs active
[2025-11-19 21:24:07,230] [INFO] [Amplifier] Audio system: 549 song codes, 12 sound effects
[2025-11-19 21:24:07,230] [INFO] [Amplifier] Available collections: CLASSIC, TV, VIRAL, GENERAL, DISNEY, FESTIGAL, SPANISH, MAIJAM, PARTY, MORNING
[2025-11-19 21:24:07,231] [INFO] [Amplifier] 🚀 Starting HumanAmplifier system...
[2025-11-19 21:24:07,231] [INFO] [GameManager] Starting game loop with 20ms frame duration
[2025-11-19 21:24:07,232] [INFO] [GameManager] 💾 Memory - Process: 81.8MB | System: 260/907MB (28.7%, 647MB free)
[2025-11-19 21:24:07,233] [INFO] [ButtonReader] Keyboard: Button 7 toggled ON (key '7')
[2025-11-19 21:24:07,234] [INFO] [ButtonReader] Keyboard: Button 7 toggled OFF (key '7')
[2025-11-19 21:24:08,557] [INFO] [ButtonReader] Keyboard: Button 7 toggled ON (key '7')
[2025-11-19 21:24:08,559] [INFO] [GameManager] State transition: IdleState → AmplifyState
[2025-11-19 21:24:08,569] [INFO] [SoundController] Song "Madonna - Hung Up (Official Video) [HD].mp3" was randomly started
[2025-11-19 21:24:09,000] [INFO] [ButtonReader] Keyboard: Button 7 toggled OFF (key '7')
[2025-11-19 21:24:09,001] [INFO] [GameManager] State transition: AmplifyState → IdleState
[2025-11-19 21:24:09,402] [INFO] [ButtonReader] Keyboard: Button 7 toggled ON (key '7')
[2025-11-19 21:24:09,404] [INFO] [GameManager] State transition: IdleState → AmplifyState
[2025-11-19 21:24:09,415] [INFO] [SoundController] Song "ABBA - Voulez-Vous.mp3" was randomly started
[2025-11-19 21:24:09,805] [INFO] [ButtonReader] Keyboard: Button 7 toggled OFF (key '7')
[2025-11-19 21:24:09,806] [INFO] [GameManager] State transition: AmplifyState → IdleState
[2025-11-19 21:24:10,190] [INFO] [ButtonReader] Keyboard: Button 7 toggled ON (key '7')
[2025-11-19 21:24:10,191] [INFO] [GameManager] Triple 777 detected - entering code mode!
[2025-11-19 21:24:10,192] [INFO] [GameManager] State transition: IdleState → CodeModeState
[2025-11-19 21:24:10,203] [INFO] [CodeModeState] Entered code mode - awaiting 5-digit code
[2025-11-19 21:24:10,612] [INFO] [ButtonReader] Keyboard: Button 7 toggled OFF (key '7')
[2025-11-19 21:24:12,802] [INFO] [ButtonReader] Keyboard: Button 6 toggled ON (key '6')
[2025-11-19 21:24:13,647] [INFO] [ButtonReader] Keyboard: Button 3 toggled ON (key '3')
[2025-11-19 21:24:14,251] [INFO] [ButtonReader] Keyboard: Button 8 toggled ON (key '8')
[2025-11-19 21:24:15,035] [INFO] [ButtonReader] Keyboard: Button 0 toggled ON (key '0')
[2025-11-19 21:24:15,742] [INFO] [ButtonReader] Keyboard: Button 4 toggled ON (key '4')
[2025-11-19 21:24:15,743] [INFO] [CodeModeState] Code entered: 63804
[2025-11-19 21:24:15,744] [INFO] [CodeModeState] Valid code! Transitioning to CodeRevealState
[2025-11-19 21:24:15,745] [INFO] [GameManager] State transition: CodeModeState → CodeRevealState
[2025-11-19 21:24:15,756] [INFO] [CodeRevealState] Code reveal started for code: 63804
[2025-11-19 21:24:19,767] [INFO] [CodeRevealState] Loading song by code: 63804
[2025-11-19 21:24:19,769] [INFO] [SoundController] Playing song by code 63804: "Bach - Aria (from) Hunt Cantata.mp3"
[2025-11-19 21:24:19,769] [INFO] [CodeRevealState] Song loaded successfully, transitioning to PartyState
[2025-11-19 21:24:19,770] [INFO] [GameManager] State transition: CodeRevealState → PartyState
[2025-11-19 21:24:19,781] [INFO] [PartyState] 🎉 PARTY MODE ACTIVATED for song: Bach - Aria (from) Hunt Cantata.mp3
