[2025-11-12 17:41:35,354] [INFO] [Amplifier] 🎵 HUMAN AMPLIFIER INTERACTIVE SYSTEM
[2025-11-12 17:41:35,355] [INFO] [Amplifier] Button configuration: 4 buttons on GPIO [5, 6, 17, 22]
[2025-11-12 17:41:35,355] [INFO] [Amplifier] LED configuration: 2 strips
[2025-11-12 17:41:35,355] [INFO] [Amplifier]   Strip 1: 300 LEDs on GPIO 21
[2025-11-12 17:41:35,356] [INFO] [Amplifier]   Strip 2: 300 LEDs on GPIO 18
[2025-11-12 17:41:35,356] [INFO] [Amplifier] Game settings: 20ms frame duration (50.0 FPS)
[2025-11-12 17:41:35,356] [INFO] [Amplifier] Button sample rate: 200Hz
[2025-11-12 17:41:35,356] [INFO] [Amplifier] Audio folder: songs
[2025-11-12 17:41:35,357] [INFO] [Amplifier] Schedule: 2 daily, 1 special entries
[2025-11-12 17:41:36,331] [INFO] [ButtonReader] GPIO setup complete: 4 pins, no pulls
[2025-11-12 17:41:36,332] [INFO] [ButtonReader] ButtonReader initialized with 4 buttons
[2025-11-12 17:41:36,332] [INFO] [ButtonReader] Button mapping: Button0=GPIO5, Button1=GPIO6, Button2=GPIO17, Button3=GPIO22
[2025-11-12 17:41:36,336] [INFO] [SongLibrary] Creating song codes dictionary
[2025-11-12 17:41:36,629] [INFO] [SongLibrary] Loaded 30 song codes from 2 collections
[2025-11-12 17:41:36,630] [INFO] [SongLibrary] Collections updated: ['MORNING']
[2025-11-12 17:41:36,843] [DEBUG] [GameManager] Entering state: IdleState
[2025-11-12 17:41:36,844] [INFO] [GameManager] GameManager initialized: 20ms frame duration, 2 LED strips
[2025-11-12 17:41:36,845] [INFO] [Amplifier] HumanAmplifier system initialized successfully
[2025-11-12 17:41:36,845] [INFO] [Amplifier] Hardware: 4 buttons, 2 LED strips, 20ms frame duration
[2025-11-12 17:41:36,846] [INFO] [Amplifier] Audio system: {'songs_folder': 'songs', 'all_collections': ['MAIJAM', 'MORNING'], 'total_codes': 30, 'daily_schedule_entries': 2, 'special_schedule_entries': 1}
[2025-11-12 17:41:36,846] [INFO] [Amplifier] Sound controller initialized successfully
[2025-11-12 17:41:36,847] [INFO] [Amplifier] ✅ System initialized successfully!
[2025-11-12 17:41:36,847] [INFO] [Amplifier] Hardware status: 4 buttons, 2 LED strips
[2025-11-12 17:41:36,848] [INFO] [Amplifier]   Strip 1: 300 LEDs active
[2025-11-12 17:41:36,848] [INFO] [Amplifier]   Strip 2: 300 LEDs active
[2025-11-12 17:41:36,848] [INFO] [Amplifier] Audio system: 30 song codes, 9 sound effects
[2025-11-12 17:41:36,849] [INFO] [Amplifier] Available collections: MAIJAM, MORNING
[2025-11-12 17:41:36,849] [INFO] [Amplifier] 🚀 Starting HumanAmplifier system...
[2025-11-12 17:41:36,850] [INFO] [GameManager] Starting game loop with 20ms frame duration
[2025-11-12 17:41:44,768] [DEBUG] [GameManager] Button sequence: 0
[2025-11-12 17:41:44,768] [DEBUG] [GameManager] Exiting state: IdleState
[2025-11-12 17:41:44,769] [INFO] [GameManager] State transition: IdleState → AmplifyState
[2025-11-12 17:41:44,769] [DEBUG] [GameManager] Entering state: AmplifyState
[2025-11-12 17:41:44,779] [INFO] [SoundController] Song אריק איינשטיין - שבת בבוקר.mp3 was randomly started
[2025-11-12 17:41:44,780] [DEBUG] [AmplifyState] AmplifyState activated with buttons: [0]
[2025-11-12 17:41:46,274] [DEBUG] [GameManager] Button sequence: 0
[2025-11-12 17:41:46,275] [DEBUG] [GameManager] Exiting state: AmplifyState
[2025-11-12 17:41:46,275] [INFO] [GameManager] State transition: AmplifyState → IdleState
[2025-11-12 17:41:46,275] [DEBUG] [GameManager] Entering state: IdleState
[2025-11-12 17:41:47,399] [DEBUG] [GameManager] Button sequence: 01
[2025-11-12 17:41:47,400] [DEBUG] [GameManager] Exiting state: IdleState
[2025-11-12 17:41:47,400] [INFO] [GameManager] State transition: IdleState → AmplifyState
[2025-11-12 17:41:47,401] [DEBUG] [GameManager] Entering state: AmplifyState
[2025-11-12 17:41:47,411] [INFO] [SoundController] Song Norah Jones - Feels Like Home - 01 - Sunrise.mp3 was randomly started
[2025-11-12 17:41:47,412] [DEBUG] [AmplifyState] AmplifyState activated with buttons: [1]
[2025-11-12 17:41:49,054] [DEBUG] [GameManager] Button sequence: 010
[2025-11-12 17:41:49,055] [DEBUG] [AmplifyState] AmplifyState button change - currently pressed: [0, 1]
[2025-11-12 17:41:50,701] [DEBUG] [GameManager] Button sequence: 010
[2025-11-12 17:41:50,702] [DEBUG] [AmplifyState] AmplifyState button change - currently pressed: [0]
[2025-11-12 17:41:50,721] [DEBUG] [GameManager] Button sequence: 010
[2025-11-12 17:41:50,723] [DEBUG] [GameManager] Exiting state: AmplifyState
[2025-11-12 17:41:50,724] [INFO] [GameManager] State transition: AmplifyState → IdleState
[2025-11-12 17:41:50,724] [DEBUG] [GameManager] Entering state: IdleState
[2025-11-12 17:41:52,329] [DEBUG] [GameManager] Button sequence: 0100
[2025-11-12 17:41:52,330] [DEBUG] [GameManager] Exiting state: IdleState
[2025-11-12 17:41:52,331] [INFO] [GameManager] State transition: IdleState → AmplifyState
[2025-11-12 17:41:52,331] [DEBUG] [GameManager] Entering state: AmplifyState
[2025-11-12 17:41:52,342] [INFO] [SoundController] Song Cat Stevens-Morning Has Broken.mp3 was randomly started
[2025-11-12 17:41:52,343] [DEBUG] [AmplifyState] AmplifyState activated with buttons: [0]
[2025-11-12 17:41:52,550] [DEBUG] [GameManager] Button sequence: 0100
[2025-11-12 17:41:52,551] [DEBUG] [GameManager] Exiting state: AmplifyState
[2025-11-12 17:41:52,552] [INFO] [GameManager] State transition: AmplifyState → IdleState
[2025-11-12 17:41:52,553] [DEBUG] [GameManager] Entering state: IdleState
[2025-11-12 17:41:52,831] [DEBUG] [GameManager] Button sequence: 01000
[2025-11-12 17:41:52,833] [DEBUG] [GameManager] Exiting state: IdleState
[2025-11-12 17:41:52,834] [INFO] [GameManager] State transition: IdleState → AmplifyState
[2025-11-12 17:41:52,834] [DEBUG] [GameManager] Entering state: AmplifyState
[2025-11-12 17:41:52,846] [INFO] [SoundController] Song Beatles - Blackbird.mp3 was randomly started
[2025-11-12 17:41:52,847] [DEBUG] [AmplifyState] AmplifyState activated with buttons: [0]
[2025-11-12 17:41:53,033] [DEBUG] [GameManager] Button sequence: 01000
[2025-11-12 17:41:53,034] [DEBUG] [GameManager] Exiting state: AmplifyState
[2025-11-12 17:41:53,035] [INFO] [GameManager] State transition: AmplifyState → IdleState
[2025-11-12 17:41:53,035] [DEBUG] [GameManager] Entering state: IdleState
[2025-11-12 17:43:35,415] [DEBUG] [GameManager] Button sequence: 010002
[2025-11-12 17:43:35,415] [DEBUG] [GameManager] Exiting state: IdleState
[2025-11-12 17:43:35,416] [INFO] [GameManager] State transition: IdleState → AmplifyState
[2025-11-12 17:43:35,416] [DEBUG] [GameManager] Entering state: AmplifyState
[2025-11-12 17:43:35,427] [INFO] [SoundController] Song Beatles - Here Comes The Sun.mp3 was randomly started
[2025-11-12 17:43:35,428] [DEBUG] [AmplifyState] AmplifyState activated with buttons: [2]
[2025-11-12 17:43:36,520] [DEBUG] [GameManager] Button sequence: 010002
[2025-11-12 17:43:36,521] [DEBUG] [GameManager] Exiting state: AmplifyState
[2025-11-12 17:43:36,522] [INFO] [GameManager] State transition: AmplifyState → IdleState
[2025-11-12 17:43:36,522] [DEBUG] [GameManager] Entering state: IdleState
[2025-11-12 17:43:37,544] [DEBUG] [GameManager] Button sequence: 0100023
[2025-11-12 17:43:37,545] [DEBUG] [GameManager] Exiting state: IdleState
[2025-11-12 17:43:37,545] [INFO] [GameManager] State transition: IdleState → AmplifyState
[2025-11-12 17:43:37,546] [DEBUG] [GameManager] Entering state: AmplifyState
[2025-11-12 17:43:37,557] [INFO] [SoundController] Song Beatles - Blackbird.mp3 was randomly started
[2025-11-12 17:43:37,557] [DEBUG] [AmplifyState] AmplifyState activated with buttons: [3]
[2025-11-12 17:43:38,608] [DEBUG] [GameManager] Button sequence: 0100023
[2025-11-12 17:43:38,609] [DEBUG] [GameManager] Exiting state: AmplifyState
[2025-11-12 17:43:38,610] [INFO] [GameManager] State transition: AmplifyState → IdleState
[2025-11-12 17:43:38,610] [DEBUG] [GameManager] Entering state: IdleState
[2025-11-12 17:43:39,956] [DEBUG] [GameManager] Button sequence: 01000230
[2025-11-12 17:43:39,957] [DEBUG] [GameManager] Exiting state: IdleState
[2025-11-12 17:43:39,958] [INFO] [GameManager] State transition: IdleState → AmplifyState
[2025-11-12 17:43:39,959] [DEBUG] [GameManager] Entering state: AmplifyState
[2025-11-12 17:43:39,970] [INFO] [SoundController] Song גלי עטרי - יש לך שמש.mp3 was randomly started
[2025-11-12 17:43:39,971] [DEBUG] [AmplifyState] AmplifyState activated with buttons: [0]
[2025-11-12 17:43:40,560] [DEBUG] [GameManager] Button sequence: 01000230
[2025-11-12 17:43:40,561] [DEBUG] [GameManager] Exiting state: AmplifyState
[2025-11-12 17:43:40,564] [INFO] [GameManager] State transition: AmplifyState → IdleState
[2025-11-12 17:43:40,565] [DEBUG] [GameManager] Entering state: IdleState
[2025-11-12 17:43:41,909] [DEBUG] [GameManager] Button sequence: 010002301
[2025-11-12 17:43:41,911] [DEBUG] [GameManager] Exiting state: IdleState
[2025-11-12 17:43:41,914] [INFO] [GameManager] State transition: IdleState → AmplifyState
[2025-11-12 17:43:41,916] [DEBUG] [GameManager] Entering state: AmplifyState
[2025-11-12 17:43:41,930] [INFO] [SoundController] Song Beatles - Here Comes The Sun.mp3 was randomly started
[2025-11-12 17:43:41,932] [DEBUG] [AmplifyState] AmplifyState activated with buttons: [1]
[2025-11-12 17:43:42,902] [DEBUG] [GameManager] Button sequence: 010002301
[2025-11-12 17:43:42,903] [DEBUG] [GameManager] Exiting state: AmplifyState
[2025-11-12 17:43:42,904] [INFO] [GameManager] State transition: AmplifyState → IdleState
[2025-11-12 17:43:42,904] [DEBUG] [GameManager] Entering state: IdleState
[2025-11-12 17:43:51,282] [DEBUG] [GameManager] Button sequence: 0100023013
[2025-11-12 17:43:51,283] [DEBUG] [GameManager] Exiting state: IdleState
[2025-11-12 17:43:51,283] [INFO] [GameManager] State transition: IdleState → AmplifyState
[2025-11-12 17:43:51,283] [DEBUG] [GameManager] Entering state: AmplifyState
[2025-11-12 17:43:51,295] [INFO] [SoundController] Song Beatles - Here Comes The Sun.mp3 was randomly started
[2025-11-12 17:43:51,295] [DEBUG] [AmplifyState] AmplifyState activated with buttons: [3]
[2025-11-12 17:43:51,543] [DEBUG] [GameManager] Button sequence: 0100023013
[2025-11-12 17:43:51,544] [DEBUG] [GameManager] Exiting state: AmplifyState
[2025-11-12 17:43:51,545] [INFO] [GameManager] State transition: AmplifyState → IdleState
[2025-11-12 17:43:51,545] [DEBUG] [GameManager] Entering state: IdleState
[2025-11-12 17:43:51,704] [DEBUG] [GameManager] Button sequence: 1000230133
[2025-11-12 17:43:51,705] [DEBUG] [GameManager] Exiting state: IdleState
[2025-11-12 17:43:51,705] [INFO] [GameManager] State transition: IdleState → AmplifyState
[2025-11-12 17:43:51,706] [DEBUG] [GameManager] Entering state: AmplifyState
[2025-11-12 17:43:51,717] [INFO] [SoundController] Song Cat Stevens-Morning Has Broken.mp3 was randomly started
[2025-11-12 17:43:51,718] [DEBUG] [AmplifyState] AmplifyState activated with buttons: [3]
[2025-11-12 17:43:51,885] [DEBUG] [GameManager] Button sequence: 1000230133
[2025-11-12 17:43:51,886] [DEBUG] [GameManager] Exiting state: AmplifyState
[2025-11-12 17:43:51,886] [INFO] [GameManager] State transition: AmplifyState → IdleState
[2025-11-12 17:43:51,887] [DEBUG] [GameManager] Entering state: IdleState
[2025-11-12 17:43:52,527] [DEBUG] [GameManager] Button sequence: 0002301332
[2025-11-12 17:43:52,528] [DEBUG] [GameManager] Exiting state: IdleState
[2025-11-12 17:43:52,529] [INFO] [GameManager] State transition: IdleState → AmplifyState
[2025-11-12 17:43:52,529] [DEBUG] [GameManager] Entering state: AmplifyState
[2025-11-12 17:43:52,540] [INFO] [SoundController] Song אחינועם ניני - בוקר.mp3 was randomly started
[2025-11-12 17:43:52,541] [DEBUG] [AmplifyState] AmplifyState activated with buttons: [2]
[2025-11-12 17:43:52,728] [DEBUG] [GameManager] Button sequence: 0002301332
[2025-11-12 17:43:52,729] [DEBUG] [GameManager] Exiting state: AmplifyState
[2025-11-12 17:43:52,730] [INFO] [GameManager] State transition: AmplifyState → IdleState
[2025-11-12 17:43:52,730] [DEBUG] [GameManager] Entering state: IdleState
[2025-11-12 17:44:46,418] [DEBUG] [GameManager] Button sequence: 0023013322
[2025-11-12 17:44:46,419] [DEBUG] [GameManager] Exiting state: IdleState
[2025-11-12 17:44:46,419] [INFO] [GameManager] State transition: IdleState → AmplifyState
[2025-11-12 17:44:46,419] [DEBUG] [GameManager] Entering state: AmplifyState
[2025-11-12 17:44:46,430] [INFO] [SoundController] Song Beatles - Blackbird.mp3 was randomly started
[2025-11-12 17:44:46,431] [DEBUG] [AmplifyState] AmplifyState activated with buttons: [2]
[2025-11-12 17:44:46,659] [DEBUG] [GameManager] Button sequence: 0023013322
[2025-11-12 17:44:46,660] [DEBUG] [GameManager] Exiting state: AmplifyState
[2025-11-12 17:44:46,661] [INFO] [GameManager] State transition: AmplifyState → IdleState
[2025-11-12 17:44:46,661] [DEBUG] [GameManager] Entering state: IdleState
[2025-11-12 17:44:52,746] [DEBUG] [GameManager] Button sequence: 0230133223
[2025-11-12 17:44:52,746] [DEBUG] [GameManager] Exiting state: IdleState
[2025-11-12 17:44:52,747] [INFO] [GameManager] State transition: IdleState → AmplifyState
[2025-11-12 17:44:52,747] [DEBUG] [GameManager] Entering state: AmplifyState
[2025-11-12 17:44:52,758] [INFO] [SoundController] Song Elton John-Your Song.mp3 was randomly started
[2025-11-12 17:44:52,759] [DEBUG] [AmplifyState] AmplifyState activated with buttons: [3]
[2025-11-12 17:44:52,907] [DEBUG] [GameManager] Button sequence: 0230133223
[2025-11-12 17:44:52,907] [DEBUG] [GameManager] Exiting state: AmplifyState
[2025-11-12 17:44:52,908] [INFO] [GameManager] State transition: AmplifyState → IdleState
[2025-11-12 17:44:52,908] [DEBUG] [GameManager] Entering state: IdleState
[2025-11-12 17:48:29,098] [INFO] [GameManager] Game stopped by user (Ctrl+C)
[2025-11-12 17:48:29,117] [INFO] [GameManager] Game stopped
[2025-11-12 17:48:29,117] [INFO] [Amplifier] ✅ HumanAmplifier system shut down
