[2025-11-19 21:07:39,378] [INFO] [Amplifier] 🎵 HUMAN AMPLIFIER INTERACTIVE SYSTEM
[2025-11-19 21:07:39,378] [INFO] [Amplifier] Button configuration: 10 buttons on GPIO [6, 5, 22, 17, 4, 23, 24, 25, 16, 20]
[2025-11-19 21:07:39,379] [INFO] [Amplifier] LED configuration: 2 strips
[2025-11-19 21:07:39,379] [INFO] [Amplifier]   Strip 1: 300 LEDs on GPIO 21
[2025-11-19 21:07:39,379] [INFO] [Amplifier]   Strip 2: 300 LEDs on GPIO 18
[2025-11-19 21:07:39,379] [INFO] [Amplifier] Game settings: 20ms frame duration (50.0 FPS)
[2025-11-19 21:07:39,380] [INFO] [Amplifier] Button sample rate: 200Hz
[2025-11-19 21:07:39,380] [INFO] [Amplifier] Audio folder: songs
[2025-11-19 21:07:39,380] [INFO] [Amplifier] Schedule: 2 daily, 1 special entries
[2025-11-19 21:07:39,381] [INFO] [ButtonReader] GPIO sampler initialized: 10 pins (no pulls)
[2025-11-19 21:07:39,381] [INFO] [ButtonReader] Pin mapping: Btn0=GPIO6, Btn1=GPIO5, Btn2=GPIO22, Btn3=GPIO17, Btn4=GPIO4, Btn5=GPIO23, Btn6=GPIO24, Btn7=GPIO25, Btn8=GPIO16, Btn9=GPIO20
[2025-11-19 21:07:39,382] [INFO] [ButtonReader] 🎮 Keyboard debug enabled: Press digit keys 0-9 to toggle buttons (works over SSH)
[2025-11-19 21:07:39,382] [INFO] [ButtonReader]    Each keypress toggles button ON/OFF
[2025-11-19 21:07:39,382] [INFO] [ButtonReader] ButtonReader initialized with 10 buttons
[2025-11-19 21:07:39,383] [INFO] [SongLibrary] Creating song codes dictionary
[2025-11-19 21:07:41,428] [INFO] [SongLibrary] Loaded 549 song codes from 10 collections
[2025-11-19 21:07:41,429] [INFO] [SongLibrary] Collections updated: ['MAIJAM']
[2025-11-19 21:07:43,262] [INFO] [GameManager] GameManager initialized: 20ms frame duration, 2 LED strips
[2025-11-19 21:07:43,263] [INFO] [Amplifier] HumanAmplifier system initialized successfully
[2025-11-19 21:07:43,263] [INFO] [Amplifier] Hardware: 10 buttons, 2 LED strips, 20ms frame duration
[2025-11-19 21:07:43,264] [INFO] [Amplifier] Audio system: {'songs_folder': 'songs', 'all_collections': ['MAIJAM', 'PARTY', 'CLASSIC', 'SPANISH', 'VIRAL', 'DISNEY', 'GENERAL', 'MORNING', 'FESTIGAL', 'TV'], 'total_codes': 549, 'daily_schedule_entries': 2, 'special_schedule_entries': 1}
[2025-11-19 21:07:43,264] [INFO] [Amplifier] Sound controller initialized successfully
[2025-11-19 21:07:43,265] [INFO] [Amplifier] ✅ System initialized successfully!
[2025-11-19 21:07:43,265] [INFO] [Amplifier] Hardware status: 10 buttons, 2 LED strips
[2025-11-19 21:07:43,265] [INFO] [Amplifier]   Strip 1: 300 LEDs active
[2025-11-19 21:07:43,266] [INFO] [Amplifier]   Strip 2: 300 LEDs active
[2025-11-19 21:07:43,266] [INFO] [Amplifier] Audio system: 549 song codes, 12 sound effects
[2025-11-19 21:07:43,267] [INFO] [Amplifier] Available collections: MAIJAM, PARTY, CLASSIC, SPANISH, VIRAL, DISNEY, GENERAL, MORNING, FESTIGAL, TV
[2025-11-19 21:07:43,267] [INFO] [Amplifier] 🚀 Starting HumanAmplifier system...
[2025-11-19 21:07:43,268] [INFO] [GameManager] Starting game loop with 20ms frame duration
[2025-11-19 21:07:43,269] [INFO] [GameManager] 💾 Memory - Process: 81.8MB | System: 259/907MB (28.5%, 648MB free)
[2025-11-19 21:07:44,453] [INFO] [ButtonReader] Keyboard: Button 7 toggled ON (key '7')
[2025-11-19 21:07:44,454] [INFO] [GameManager] State transition: IdleState → AmplifyState
[2025-11-19 21:07:44,465] [INFO] [SoundController] Song "Cascada - Everytime We Touch (Official Video).mp3" was randomly started
[2025-11-19 21:07:44,936] [INFO] [ButtonReader] Keyboard: Button 7 toggled OFF (key '7')
[2025-11-19 21:07:44,937] [INFO] [GameManager] State transition: AmplifyState → IdleState
[2025-11-19 21:07:45,379] [INFO] [ButtonReader] Keyboard: Button 7 toggled ON (key '7')
[2025-11-19 21:07:45,380] [INFO] [GameManager] State transition: IdleState → AmplifyState
[2025-11-19 21:07:45,391] [INFO] [SoundController] Song "Wham! - Wake Me Up Before You Go-Go (Official Video) (1).mp3" was randomly started
[2025-11-19 21:07:45,781] [INFO] [ButtonReader] Keyboard: Button 7 toggled OFF (key '7')
[2025-11-19 21:07:45,782] [INFO] [GameManager] State transition: AmplifyState → IdleState
[2025-11-19 21:07:46,305] [INFO] [ButtonReader] Keyboard: Button 7 toggled ON (key '7')
[2025-11-19 21:07:46,306] [INFO] [GameManager] Triple 777 detected - entering code mode!
[2025-11-19 21:07:46,306] [INFO] [GameManager] State transition: IdleState → CodeModeState
[2025-11-19 21:07:46,318] [INFO] [CodeModeState] Entered code mode - awaiting 5-digit code
[2025-11-19 21:07:47,932] [INFO] [ButtonReader] Keyboard: Button 6 toggled ON (key '6')
[2025-11-19 21:07:48,594] [INFO] [ButtonReader] Keyboard: Button 3 toggled ON (key '3')
[2025-11-19 21:07:49,137] [INFO] [ButtonReader] Keyboard: Button 8 toggled ON (key '8')
[2025-11-19 21:07:50,605] [INFO] [ButtonReader] Keyboard: Button 0 toggled ON (key '0')
[2025-11-19 21:07:51,348] [INFO] [ButtonReader] Keyboard: Button 4 toggled ON (key '4')
[2025-11-19 21:07:51,349] [INFO] [CodeModeState] Code entered: 63804
[2025-11-19 21:07:51,350] [INFO] [CodeModeState] Valid code! Transitioning to CodeRevealState
[2025-11-19 21:07:51,351] [INFO] [GameManager] State transition: CodeModeState → CodeRevealState
[2025-11-19 21:07:51,362] [INFO] [CodeRevealState] Code reveal started for code: 63804
[2025-11-19 21:07:55,312] [INFO] [CodeRevealState] Loading song by code: 63804
[2025-11-19 21:07:55,313] [INFO] [SoundController] Playing song by code 63804: "Bach - Aria (from) Hunt Cantata.mp3"
[2025-11-19 21:07:55,313] [INFO] [CodeRevealState] Song loaded successfully, transitioning to PartyState
[2025-11-19 21:07:55,314] [INFO] [GameManager] State transition: CodeRevealState → PartyState
[2025-11-19 21:07:55,325] [INFO] [PartyState] 🎉 PARTY MODE ACTIVATED for song: Bach - Aria (from) Hunt Cantata.mp3
[2025-11-19 21:08:43,285] [INFO] [GameManager] 💾 Memory - Process: 82.4MB | System: 238/907MB (26.3%, 668MB free)
[2025-11-19 21:09:43,285] [INFO] [GameManager] 💾 Memory - Process: 82.4MB | System: 242/907MB (26.7%, 664MB free)
[2025-11-19 21:10:43,296] [INFO] [GameManager] 💾 Memory - Process: 82.4MB | System: 239/907MB (26.4%, 667MB free)
[2025-11-19 21:11:03,041] [CRITICAL] [Amplifier] ⚠️  SIGNAL RECEIVED: 2 - Process terminating
[2025-11-19 21:11:03,041] [CRITICAL] [Amplifier] Emergency flush triggered
[2025-11-19 21:11:03,061] [INFO] [GameManager] Game stopped
[2025-11-19 21:11:03,062] [INFO] [Amplifier] ✅ HumanAmplifier system shut down
