[2025-11-20 23:32:17,484] [INFO] [Amplifier] 🎵 HUMAN AMPLIFIER INTERACTIVE SYSTEM
[2025-11-20 23:32:17,485] [INFO] [Amplifier] Button configuration: 10 buttons on GPIO [6, 5, 22, 17, 4, 23, 24, 25, 16, 20]
[2025-11-20 23:32:17,485] [INFO] [Amplifier] LED configuration: 2 strips
[2025-11-20 23:32:17,486] [INFO] [Amplifier]   Strip 1: 300 LEDs on GPIO 21
[2025-11-20 23:32:17,486] [INFO] [Amplifier]   Strip 2: 293 LEDs on GPIO 18
[2025-11-20 23:32:17,487] [INFO] [Amplifier] Game settings: 20ms frame duration (50.0 FPS)
[2025-11-20 23:32:17,487] [INFO] [Amplifier] Button sample rate: 200Hz
[2025-11-20 23:32:17,487] [INFO] [Amplifier] Audio folder: songs
[2025-11-20 23:32:17,488] [INFO] [Amplifier] Schedule: 13 daily, 1 special entries
[2025-11-20 23:32:17,488] [INFO] [ButtonReader] 🎮 Keyboard sampler initialized (NO GPIO)
[2025-11-20 23:32:17,488] [INFO] [ButtonReader]    10 virtual buttons mapped to digit keys 0-9
[2025-11-20 23:32:17,489] [INFO] [ButtonReader]    Press digit keys to toggle buttons ON/OFF
[2025-11-20 23:32:17,489] [INFO] [ButtonReader]    Each keypress toggles button ON/OFF
[2025-11-20 23:32:17,489] [INFO] [ButtonReader] ButtonReader initialized with 10 buttons
[2025-11-20 23:32:17,491] [INFO] [SongLibrary] Creating song codes dictionary
[2025-11-20 23:32:19,943] [INFO] [SongLibrary] Loaded 722 song codes from 11 collections
[2025-11-20 23:32:19,944] [INFO] [SongLibrary] Collections updated: ['CLASSIC', 'SPANISH', 'PARTY', 'TV', 'MAIJAM', 'DISNEY', 'MORNING', 'VIRAL', 'HAFLA', 'GENERAL', 'FESTIGAL']
[2025-11-20 23:32:28,328] [INFO] [SoundController] Sound controller initialized - mixer ready, first song will load on demand
[2025-11-20 23:32:28,334] [INFO] [GameManager] GameManager initialized: 20ms frame duration, 2 LED strips
[2025-11-20 23:32:28,335] [INFO] [Amplifier] HumanAmplifier system initialized successfully
[2025-11-20 23:32:28,335] [INFO] [Amplifier] Hardware: 10 buttons, 2 LED strips, 20ms frame duration
[2025-11-20 23:32:28,336] [INFO] [Amplifier] Audio system: {'songs_folder': 'songs', 'all_collections': ['CLASSIC', 'SPANISH', 'PARTY', 'TV', 'MAIJAM', 'DISNEY', 'MORNING', 'VIRAL', 'HAFLA', 'GENERAL', 'FESTIGAL'], 'total_codes': 722, 'daily_schedule_entries': 13, 'special_schedule_entries': 1}
[2025-11-20 23:32:28,336] [INFO] [Amplifier] Sound controller initialized successfully
[2025-11-20 23:32:28,337] [INFO] [Amplifier] ✅ System initialized successfully!
[2025-11-20 23:32:28,337] [INFO] [Amplifier] Hardware status: 10 buttons, 2 LED strips
[2025-11-20 23:32:28,338] [INFO] [Amplifier]   Strip 1: 300 LEDs active
[2025-11-20 23:32:28,338] [INFO] [Amplifier]   Strip 2: 293 LEDs active
[2025-11-20 23:32:28,339] [INFO] [Amplifier] Audio system: 722 song codes, 13 sound effects
[2025-11-20 23:32:28,339] [INFO] [Amplifier] Available collections: CLASSIC, SPANISH, PARTY, TV, MAIJAM, DISNEY, MORNING, VIRAL, HAFLA, GENERAL, FESTIGAL
[2025-11-20 23:32:28,339] [INFO] [Amplifier] 🚀 Starting HumanAmplifier system...
[2025-11-20 23:32:28,340] [INFO] [GameManager] Starting game loop with 20ms frame duration
[2025-11-20 23:32:28,343] [INFO] [GameManager] 💾 Memory - Process: 88.2MB | System: 243/907MB (26.8%, 664MB free) | ⚙️  CPU - Process: 0.0% | System: 25.3% | Cores: [99%, 0%, 1%, 0%]
[2025-11-20 23:32:46,938] [INFO] [ButtonReader] Keyboard: Button 4 toggled ON (key '4')
[2025-11-20 23:32:46,939] [INFO] [ButtonReader] Button 4 pressed
[2025-11-20 23:32:46,951] [INFO] [AmplifyState] Song "Cigarette Duet (320kbps).mp3" was randomly started 🎚️
[2025-11-20 23:32:51,197] [INFO] [ButtonReader] Keyboard: Button 7 toggled ON (key '7')
[2025-11-20 23:32:51,197] [INFO] [ButtonReader] Button 7 pressed
[2025-11-20 23:32:52,663] [INFO] [ButtonReader] Keyboard: Button 7 toggled OFF (key '7')
[2025-11-20 23:32:53,064] [INFO] [ButtonReader] Keyboard: Button 7 toggled ON (key '7')
[2025-11-20 23:32:53,065] [INFO] [ButtonReader] Button 7 pressed
[2025-11-20 23:32:53,587] [INFO] [ButtonReader] Keyboard: Button 7 toggled OFF (key '7')
[2025-11-20 23:32:54,270] [INFO] [ButtonReader] Keyboard: Button 7 toggled ON (key '7')
[2025-11-20 23:32:54,271] [INFO] [ButtonReader] Button 7 pressed
[2025-11-20 23:32:54,731] [INFO] [ButtonReader] Keyboard: Button 7 toggled OFF (key '7')
[2025-11-20 23:32:55,254] [INFO] [ButtonReader] Keyboard: Button 7 toggled ON (key '7')
[2025-11-20 23:32:55,254] [INFO] [ButtonReader] Button 7 pressed
[2025-11-20 23:32:55,757] [INFO] [ButtonReader] Keyboard: Button 7 toggled OFF (key '7')
[2025-11-20 23:32:56,279] [INFO] [ButtonReader] Keyboard: Button 7 toggled ON (key '7')
[2025-11-20 23:32:56,280] [INFO] [ButtonReader] Button 7 pressed
[2025-11-20 23:32:56,781] [INFO] [ButtonReader] Keyboard: Button 7 toggled OFF (key '7')
[2025-11-20 23:32:57,344] [INFO] [ButtonReader] Keyboard: Button 7 toggled ON (key '7')
[2025-11-20 23:32:57,345] [INFO] [ButtonReader] Button 7 pressed
[2025-11-20 23:32:57,866] [INFO] [ButtonReader] Keyboard: Button 7 toggled OFF (key '7')
[2025-11-20 23:32:58,469] [INFO] [ButtonReader] Keyboard: Button 7 toggled ON (key '7')
[2025-11-20 23:32:58,469] [INFO] [ButtonReader] Button 7 pressed
[2025-11-20 23:32:59,091] [INFO] [ButtonReader] Keyboard: Button 7 toggled OFF (key '7')
[2025-11-20 23:32:59,694] [INFO] [ButtonReader] Keyboard: Button 7 toggled ON (key '7')
[2025-11-20 23:32:59,694] [INFO] [ButtonReader] Button 7 pressed
[2025-11-20 23:33:00,457] [INFO] [ButtonReader] Keyboard: Button 7 toggled OFF (key '7')
[2025-11-20 23:33:01,060] [INFO] [ButtonReader] Keyboard: Button 7 toggled ON (key '7')
[2025-11-20 23:33:01,060] [INFO] [ButtonReader] Button 7 pressed
[2025-11-20 23:33:24,244] [INFO] [ButtonReader] Keyboard: Button 7 toggled OFF (key '7')
[2025-11-20 23:33:26,535] [INFO] [ButtonReader] Keyboard: Button 7 toggled ON (key '7')
[2025-11-20 23:33:26,535] [INFO] [ButtonReader] Button 7 pressed
[2025-11-20 23:33:27,057] [INFO] [ButtonReader] Keyboard: Button 7 toggled OFF (key '7')
[2025-11-20 23:33:28,344] [INFO] [GameManager] 💾 Memory - Process: 88.6MB | System: 245/907MB (27.0%, 662MB free) | ⚙️  CPU - Process: 19.3% | System: 4.7% | Cores: [8%, 2%, 7%, 3%]
[2025-11-20 23:33:28,603] [INFO] [ButtonReader] Keyboard: Button 7 toggled ON (key '7')
[2025-11-20 23:33:28,604] [INFO] [ButtonReader] Button 7 pressed
[2025-11-20 23:33:29,105] [INFO] [ButtonReader] Keyboard: Button 7 toggled OFF (key '7')
[2025-11-20 23:34:28,362] [INFO] [GameManager] 💾 Memory - Process: 88.6MB | System: 244/907MB (26.9%, 663MB free) | ⚙️  CPU - Process: 14.1% | System: 3.4% | Cores: [8%, 2%, 1%, 3%]
[2025-11-20 23:35:28,376] [INFO] [GameManager] 💾 Memory - Process: 88.6MB | System: 243/907MB (26.8%, 664MB free) | ⚙️  CPU - Process: 14.0% | System: 3.4% | Cores: [3%, 3%, 3%, 4%]
[2025-11-20 23:35:31,680] [CRITICAL] [Amplifier] ⚠️  SIGNAL RECEIVED: 2 - Process terminating
[2025-11-20 23:35:31,681] [CRITICAL] [Amplifier] Emergency flush triggered
[2025-11-20 23:35:32,147] [INFO] [SoundController] Sound controller cleaned up successfully
[2025-11-20 23:35:32,157] [INFO] [GameManager] Game stopped
[2025-11-20 23:35:32,158] [INFO] [Amplifier] ✅ HumanAmplifier system shut down
