[2025-11-20 16:32:18,985] [INFO] [Amplifier] 🎵 HUMAN AMPLIFIER INTERACTIVE SYSTEM
[2025-11-20 16:32:18,986] [INFO] [Amplifier] Button configuration: 10 buttons on GPIO [6, 5, 22, 17, 4, 23, 24, 25, 16, 20]
[2025-11-20 16:32:18,986] [INFO] [Amplifier] LED configuration: 2 strips
[2025-11-20 16:32:18,987] [INFO] [Amplifier]   Strip 1: 300 LEDs on GPIO 21
[2025-11-20 16:32:18,987] [INFO] [Amplifier]   Strip 2: 293 LEDs on GPIO 18
[2025-11-20 16:32:18,988] [INFO] [Amplifier] Game settings: 20ms frame duration (50.0 FPS)
[2025-11-20 16:32:18,988] [INFO] [Amplifier] Button sample rate: 200Hz
[2025-11-20 16:32:18,989] [INFO] [Amplifier] Audio folder: songs
[2025-11-20 16:32:18,989] [INFO] [Amplifier] Schedule: 2 daily, 1 special entries
[2025-11-20 16:32:18,990] [INFO] [ButtonReader] 🎮 Keyboard sampler initialized (NO GPIO)
[2025-11-20 16:32:18,990] [INFO] [ButtonReader]    10 virtual buttons mapped to digit keys 0-9
[2025-11-20 16:32:18,991] [INFO] [ButtonReader]    Press digit keys to toggle buttons ON/OFF
[2025-11-20 16:32:18,991] [INFO] [ButtonReader]    Press 'q' to quit (in standalone mode)
[2025-11-20 16:32:18,992] [INFO] [ButtonReader] ButtonReader initialized with 10 buttons
[2025-11-20 16:32:18,993] [INFO] [SongLibrary] Creating song codes dictionary
[2025-11-20 16:32:21,623] [INFO] [SongLibrary] Loaded 722 song codes from 11 collections
[2025-11-20 16:32:21,624] [INFO] [SongLibrary] Collections updated: ['MAIJAM']
[2025-11-20 16:32:30,008] [INFO] [SoundController] Sound controller initialized - mixer ready, first song will load on demand
[2025-11-20 16:32:30,015] [INFO] [GameManager] GameManager initialized: 20ms frame duration, 2 LED strips
[2025-11-20 16:32:30,015] [INFO] [Amplifier] HumanAmplifier system initialized successfully
[2025-11-20 16:32:30,016] [INFO] [Amplifier] Hardware: 10 buttons, 2 LED strips, 20ms frame duration
[2025-11-20 16:32:30,016] [INFO] [Amplifier] Audio system: {'songs_folder': 'songs', 'all_collections': ['GENERAL', 'CLASSIC', 'PARTY', 'MAIJAM', 'SPANISH', 'DISNEY', 'TV', 'FESTIGAL', 'HAFLA', 'VIRAL', 'MORNING'], 'total_codes': 722, 'daily_schedule_entries': 2, 'special_schedule_entries': 1}
[2025-11-20 16:32:30,017] [INFO] [Amplifier] Sound controller initialized successfully
[2025-11-20 16:32:30,017] [INFO] [Amplifier] ✅ System initialized successfully!
[2025-11-20 16:32:30,018] [INFO] [Amplifier] Hardware status: 10 buttons, 2 LED strips
[2025-11-20 16:32:30,018] [INFO] [Amplifier]   Strip 1: 300 LEDs active
[2025-11-20 16:32:30,018] [INFO] [Amplifier]   Strip 2: 293 LEDs active
[2025-11-20 16:32:30,019] [INFO] [Amplifier] Audio system: 722 song codes, 13 sound effects
[2025-11-20 16:32:30,019] [INFO] [Amplifier] Available collections: GENERAL, CLASSIC, PARTY, MAIJAM, SPANISH, DISNEY, TV, FESTIGAL, HAFLA, VIRAL, MORNING
[2025-11-20 16:32:30,020] [INFO] [Amplifier] 🚀 Starting HumanAmplifier system...
[2025-11-20 16:32:30,020] [INFO] [GameManager] Starting game loop with 20ms frame duration
[2025-11-20 16:32:30,023] [INFO] [GameManager] 💾 Memory - Process: 88.3MB | System: 261/907MB (28.8%, 645MB free) | ⚙️  CPU - Process: 0.0% | System: 29.7% | Cores: [14%, 6%, 6%, 93%]
[2025-11-20 16:32:30,026] [ERROR] [GameManager] Game loop error: 'ButtonState' object has no attribute 'rising_edge' | Type: AttributeError | File: /home/yotam/AmpSync/Amp3/src/button_system/button_reader.py | Line: 120
Traceback (most recent call last):
  File "/home/yotam/AmpSync/Amp3/src/game_system/game_manager.py", line 89, in run_game_loop
    self.update()
  File "/home/yotam/AmpSync/Amp3/src/game_system/game_manager.py", line 123, in update
    button_state = self.button_reader.read_buttons()
                   ^^^^^^^^^^^^^^^^^^^^^^^^^^^^^^^^^
  File "/home/yotam/AmpSync/Amp3/src/button_system/button_reader.py", line 120, in read_buttons
    for i, rising in enumerate(state.rising_edge):
                               ^^^^^^^^^^^^^^^^^
AttributeError: 'ButtonState' object has no attribute 'rising_edge'
[2025-11-20 16:32:30,570] [INFO] [SoundController] Sound controller cleaned up successfully
[2025-11-20 16:32:30,581] [INFO] [GameManager] Game stopped
[2025-11-20 16:32:30,584] [ERROR] [Amplifier] HumanAmplifier system error: 'ButtonState' object has no attribute 'rising_edge' | Type: AttributeError | File: /home/yotam/AmpSync/Amp3/src/button_system/button_reader.py | Line: 120
Traceback (most recent call last):
  File "/home/yotam/AmpSync/Amp3/src/amplifier.py", line 319, in main
    game_manager.run_game_loop()
  File "/home/yotam/AmpSync/Amp3/src/game_system/game_manager.py", line 89, in run_game_loop
    self.update()
  File "/home/yotam/AmpSync/Amp3/src/game_system/game_manager.py", line 123, in update
    button_state = self.button_reader.read_buttons()
                   ^^^^^^^^^^^^^^^^^^^^^^^^^^^^^^^^^
  File "/home/yotam/AmpSync/Amp3/src/button_system/button_reader.py", line 120, in read_buttons
    for i, rising in enumerate(state.rising_edge):
                               ^^^^^^^^^^^^^^^^^
AttributeError: 'ButtonState' object has no attribute 'rising_edge'
[2025-11-20 16:32:30,587] [INFO] [Amplifier] ✅ HumanAmplifier system shut down
