[2025-11-14 20:35:41,775] [INFO] [Amplifier] 🎵 HUMAN AMPLIFIER INTERACTIVE SYSTEM
[2025-11-14 20:35:41,776] [INFO] [Amplifier] Button configuration: 3 buttons on GPIO [5, 6, 17]
[2025-11-14 20:35:41,777] [INFO] [Amplifier] LED configuration: 2 strips
[2025-11-14 20:35:41,777] [INFO] [Amplifier]   Strip 1: 300 LEDs on GPIO 21
[2025-11-14 20:35:41,777] [INFO] [Amplifier]   Strip 2: 300 LEDs on GPIO 18
[2025-11-14 20:35:41,778] [INFO] [Amplifier] Game settings: 20ms frame duration (50.0 FPS)
[2025-11-14 20:35:41,778] [INFO] [Amplifier] Button sample rate: 200Hz
[2025-11-14 20:35:41,779] [INFO] [Amplifier] Audio folder: songs
[2025-11-14 20:35:41,779] [INFO] [Amplifier] Schedule: 2 daily, 1 special entries
[2025-11-14 20:35:42,815] [INFO] [ButtonReader] GPIO setup complete: 3 pins, no pulls
[2025-11-14 20:35:42,816] [INFO] [ButtonReader] ButtonReader initialized with 3 buttons
[2025-11-14 20:35:42,816] [INFO] [ButtonReader] Button mapping: Button0=GPIO5, Button1=GPIO6, Button2=GPIO17
[2025-11-14 20:35:42,820] [INFO] [SongLibrary] Creating song codes dictionary
[2025-11-14 20:35:43,425] [INFO] [SongLibrary] Loaded 1 song codes from 2 collections
[2025-11-14 20:35:43,426] [INFO] [SongLibrary] Collections updated: ['MAIJAM']
[2025-11-14 20:35:43,750] [INFO] [GameManager] GameManager initialized: 20ms frame duration, 2 LED strips
[2025-11-14 20:35:43,751] [INFO] [Amplifier] HumanAmplifier system initialized successfully
[2025-11-14 20:35:43,752] [INFO] [Amplifier] Hardware: 3 buttons, 2 LED strips, 20ms frame duration
[2025-11-14 20:35:43,752] [INFO] [Amplifier] Audio system: {'songs_folder': 'songs', 'all_collections': ['MAIJAM', 'MORNING'], 'total_codes': 1, 'daily_schedule_entries': 2, 'special_schedule_entries': 1}
[2025-11-14 20:35:43,753] [INFO] [Amplifier] Sound controller initialized successfully
[2025-11-14 20:35:43,753] [INFO] [Amplifier] ✅ System initialized successfully!
[2025-11-14 20:35:43,753] [INFO] [Amplifier] Hardware status: 3 buttons, 2 LED strips
[2025-11-14 20:35:43,754] [INFO] [Amplifier]   Strip 1: 300 LEDs active
[2025-11-14 20:35:43,754] [INFO] [Amplifier]   Strip 2: 300 LEDs active
[2025-11-14 20:35:43,754] [INFO] [Amplifier] Audio system: 1 song codes, 10 sound effects
[2025-11-14 20:35:43,755] [INFO] [Amplifier] Available collections: MAIJAM, MORNING
[2025-11-14 20:35:43,756] [INFO] [Amplifier] 🚀 Starting HumanAmplifier system...
[2025-11-14 20:35:43,757] [INFO] [GameManager] Starting game loop with 20ms frame duration
[2025-11-14 20:35:52,941] [DEBUG] [ButtonReader] Button state changed: [(1, 'pressed')]
[2025-11-14 20:35:52,942] [DEBUG] [GameManager] Button sequence: 1
[2025-11-14 20:35:52,943] [INFO] [GameManager] State transition: IdleState → AmplifyState
[2025-11-14 20:35:52,954] [INFO] [SoundController] Song "Baccara - Yes Sir, I Can Boogie (Starparade 02.06.1977) (1).mp3" was randomly started
[2025-11-14 20:35:52,954] [DEBUG] [AmplifyState] AmplifyState activated with buttons: [1]
[2025-11-14 20:41:11,903] [DEBUG] [ButtonReader] Button state changed: [(1, 'released')]
[2025-11-14 20:41:11,904] [INFO] [GameManager] State transition: AmplifyState → IdleState
[2025-11-14 20:41:12,346] [DEBUG] [ButtonReader] Button state changed: [(1, 'pressed')]
[2025-11-14 20:41:12,346] [DEBUG] [GameManager] Button sequence: 1
[2025-11-14 20:41:12,347] [INFO] [GameManager] State transition: IdleState → AmplifyState
[2025-11-14 20:41:12,357] [INFO] [SoundController] Song "Whitney Houston - I Wanna Dance With Somebody.mp3" was randomly started
[2025-11-14 20:41:12,358] [DEBUG] [AmplifyState] AmplifyState activated with buttons: [1]
[2025-11-14 20:41:27,599] [DEBUG] [ButtonReader] Button state changed: [(1, 'released')]
[2025-11-14 20:41:27,600] [INFO] [GameManager] State transition: AmplifyState → IdleState
[2025-11-14 20:41:28,081] [DEBUG] [ButtonReader] Button state changed: [(1, 'pressed')]
[2025-11-14 20:41:28,082] [DEBUG] [GameManager] Button sequence: 1
[2025-11-14 20:41:28,083] [INFO] [GameManager] State transition: IdleState → AmplifyState
[2025-11-14 20:41:28,093] [INFO] [SoundController] Song "Spice Girls - Wannabe [Lyrics].mp3" was randomly started
[2025-11-14 20:41:28,094] [DEBUG] [AmplifyState] AmplifyState activated with buttons: [1]
[2025-11-14 20:41:28,282] [DEBUG] [ButtonReader] Button state changed: [(1, 'released')]
[2025-11-14 20:41:28,284] [INFO] [GameManager] State transition: AmplifyState → IdleState
[2025-11-14 20:41:28,383] [DEBUG] [ButtonReader] Button state changed: [(1, 'pressed')]
[2025-11-14 20:41:28,383] [DEBUG] [GameManager] Button sequence: 11
[2025-11-14 20:41:28,384] [INFO] [GameManager] State transition: IdleState → AmplifyState
[2025-11-14 20:41:28,395] [INFO] [SoundController] Song "Boney M. - Rasputin (Sopot Festival 1979).mp3" was randomly started
[2025-11-14 20:41:28,395] [DEBUG] [AmplifyState] AmplifyState activated with buttons: [1]
[2025-11-14 20:41:28,544] [DEBUG] [ButtonReader] Button state changed: [(1, 'released')]
[2025-11-14 20:41:28,545] [INFO] [GameManager] State transition: AmplifyState → IdleState
[2025-11-14 20:41:28,624] [DEBUG] [ButtonReader] Button state changed: [(1, 'pressed')]
[2025-11-14 20:41:28,625] [DEBUG] [GameManager] Button sequence: 111
[2025-11-14 20:41:28,627] [INFO] [GameManager] Triple 1 detected - entering code mode!
[2025-11-14 20:41:28,628] [INFO] [GameManager] State transition: IdleState → CodeModeState
[2025-11-14 20:41:28,629] [DEBUG] [ButtonReader] Button 1 will be ignored until released
[2025-11-14 20:41:28,645] [INFO] [CodeModeState] Entered code mode - awaiting 5-digit code
[2025-11-14 20:41:28,807] [DEBUG] [ButtonReader] Button 1 released, no longer ignored
[2025-11-14 20:41:34,937] [DEBUG] [ButtonReader] Button state changed: [(0, 'pressed')]
[2025-11-14 20:41:34,937] [DEBUG] [GameManager] Button sequence: 0
[2025-11-14 20:41:36,326] [DEBUG] [ButtonReader] Button state changed: [(1, 'pressed')]
[2025-11-14 20:41:36,327] [DEBUG] [GameManager] Button sequence: 01
[2025-11-14 20:41:38,496] [DEBUG] [ButtonReader] Button state changed: [(1, 'released')]
[2025-11-14 20:41:38,496] [INFO] [CodeModeState] Code mode failed: Button was released
[2025-11-14 20:41:38,497] [DEBUG] [ButtonReader] Button 0 will be ignored until released
[2025-11-14 20:41:38,497] [INFO] [GameManager] State transition: CodeModeState → IdleState
[2025-11-14 20:41:39,660] [DEBUG] [ButtonReader] Button 0 released, no longer ignored
[2025-11-14 20:41:51,881] [DEBUG] [ButtonReader] Button state changed: [(1, 'pressed')]
[2025-11-14 20:41:51,882] [DEBUG] [GameManager] Button sequence: 1
[2025-11-14 20:41:51,882] [INFO] [GameManager] State transition: IdleState → AmplifyState
[2025-11-14 20:41:51,893] [INFO] [SoundController] Song "Boney M. - Rasputin (Sopot Festival 1979).mp3" was randomly started
[2025-11-14 20:41:51,894] [DEBUG] [AmplifyState] AmplifyState activated with buttons: [1]
[2025-11-14 20:42:18,657] [DEBUG] [ButtonReader] Button state changed: [(2, 'pressed')]
[2025-11-14 20:42:18,657] [DEBUG] [GameManager] Button sequence: 12
[2025-11-14 20:42:18,658] [DEBUG] [AmplifyState] AmplifyState button change - currently pressed: [1, 2]
[2025-11-14 20:42:19,463] [DEBUG] [ButtonReader] Button state changed: [(2, 'released')]
[2025-11-14 20:42:19,463] [DEBUG] [AmplifyState] AmplifyState button change - currently pressed: [1]
[2025-11-14 20:42:19,523] [DEBUG] [ButtonReader] Button state changed: [(1, 'released')]
[2025-11-14 20:42:19,524] [INFO] [GameManager] State transition: AmplifyState → IdleState
[2025-11-14 20:42:20,026] [DEBUG] [ButtonReader] Button state changed: [(1, 'pressed')]
[2025-11-14 20:42:20,027] [DEBUG] [GameManager] Button sequence: 1
[2025-11-14 20:42:20,027] [INFO] [GameManager] State transition: IdleState → AmplifyState
[2025-11-14 20:42:20,039] [INFO] [SoundController] Song "Boney M. - Daddy Cool (Sopot Festival 1979).mp3" was randomly started
[2025-11-14 20:42:20,040] [DEBUG] [AmplifyState] AmplifyState activated with buttons: [1]
[2025-11-14 20:42:20,247] [DEBUG] [ButtonReader] Button state changed: [(1, 'released')]
[2025-11-14 20:42:20,249] [INFO] [GameManager] State transition: AmplifyState → IdleState
[2025-11-14 20:42:20,348] [DEBUG] [ButtonReader] Button state changed: [(1, 'pressed')]
[2025-11-14 20:42:20,349] [DEBUG] [GameManager] Button sequence: 11
[2025-11-14 20:42:20,350] [INFO] [GameManager] State transition: IdleState → AmplifyState
[2025-11-14 20:42:20,362] [INFO] [SoundController] Song "Baccara - Yes Sir, I Can Boogie (Starparade 02.06.1977) (1).mp3" was randomly started
[2025-11-14 20:42:20,363] [DEBUG] [AmplifyState] AmplifyState activated with buttons: [1]
[2025-11-14 20:42:20,529] [DEBUG] [ButtonReader] Button state changed: [(1, 'released')]
[2025-11-14 20:42:20,530] [INFO] [GameManager] State transition: AmplifyState → IdleState
[2025-11-14 20:42:20,610] [DEBUG] [ButtonReader] Button state changed: [(1, 'pressed')]
[2025-11-14 20:42:20,611] [DEBUG] [GameManager] Button sequence: 111
[2025-11-14 20:42:20,612] [INFO] [GameManager] Triple 1 detected - entering code mode!
[2025-11-14 20:42:20,612] [INFO] [GameManager] State transition: IdleState → CodeModeState
[2025-11-14 20:42:20,613] [DEBUG] [ButtonReader] Button 1 will be ignored until released
[2025-11-14 20:42:20,626] [INFO] [CodeModeState] Entered code mode - awaiting 5-digit code
[2025-11-14 20:42:20,831] [DEBUG] [ButtonReader] Button 1 released, no longer ignored
[2025-11-14 20:42:23,568] [DEBUG] [ButtonReader] Button state changed: [(1, 'pressed')]
[2025-11-14 20:42:23,569] [DEBUG] [GameManager] Button sequence: 1
[2025-11-14 20:42:26,441] [DEBUG] [ButtonReader] Button state changed: [(2, 'pressed')]
[2025-11-14 20:42:26,442] [DEBUG] [GameManager] Button sequence: 12
[2025-11-14 20:42:28,850] [DEBUG] [ButtonReader] Button state changed: [(2, 'released')]
[2025-11-14 20:42:28,851] [INFO] [CodeModeState] Code mode failed: Button was released
[2025-11-14 20:42:28,851] [DEBUG] [ButtonReader] Button 1 will be ignored until released
[2025-11-14 20:42:28,852] [INFO] [GameManager] State transition: CodeModeState → IdleState
[2025-11-14 20:42:30,155] [DEBUG] [ButtonReader] Button 1 released, no longer ignored
[2025-11-14 20:43:00,350] [DEBUG] [ButtonReader] Button state changed: [(1, 'pressed')]
[2025-11-14 20:43:00,350] [DEBUG] [GameManager] Button sequence: 1
[2025-11-14 20:43:00,351] [INFO] [GameManager] State transition: IdleState → AmplifyState
[2025-11-14 20:43:00,361] [INFO] [SoundController] Song "Boney M. - Sunny (Official Audio).mp3" was randomly started
[2025-11-14 20:43:00,362] [DEBUG] [AmplifyState] AmplifyState activated with buttons: [1]
[2025-11-14 20:43:00,632] [DEBUG] [ButtonReader] Button state changed: [(1, 'released')]
[2025-11-14 20:43:00,633] [INFO] [GameManager] State transition: AmplifyState → IdleState
[2025-11-14 20:43:00,793] [DEBUG] [ButtonReader] Button state changed: [(1, 'pressed')]
[2025-11-14 20:43:00,794] [DEBUG] [GameManager] Button sequence: 11
[2025-11-14 20:43:00,795] [INFO] [GameManager] State transition: IdleState → AmplifyState
[2025-11-14 20:43:00,806] [INFO] [SoundController] Song "Boney M. - Daddy Cool (Sopot Festival 1979).mp3" was randomly started
[2025-11-14 20:43:00,807] [DEBUG] [AmplifyState] AmplifyState activated with buttons: [1]
[2025-11-14 20:43:01,014] [DEBUG] [ButtonReader] Button state changed: [(1, 'released')]
[2025-11-14 20:43:01,015] [INFO] [GameManager] State transition: AmplifyState → IdleState
[2025-11-14 20:43:01,135] [DEBUG] [ButtonReader] Button state changed: [(1, 'pressed')]
[2025-11-14 20:43:01,136] [DEBUG] [GameManager] Button sequence: 111
[2025-11-14 20:43:01,136] [INFO] [GameManager] Triple 1 detected - entering code mode!
[2025-11-14 20:43:01,136] [INFO] [GameManager] State transition: IdleState → CodeModeState
[2025-11-14 20:43:01,137] [DEBUG] [ButtonReader] Button 1 will be ignored until released
[2025-11-14 20:43:01,149] [INFO] [CodeModeState] Entered code mode - awaiting 5-digit code
[2025-11-14 20:43:01,336] [DEBUG] [ButtonReader] Button 1 released, no longer ignored
[2025-11-14 20:43:25,853] [DEBUG] [ButtonReader] Button state changed: [(1, 'pressed')]
[2025-11-14 20:43:25,854] [DEBUG] [GameManager] Button sequence: 1
[2025-11-14 20:43:26,939] [DEBUG] [ButtonReader] Button state changed: [(2, 'pressed')]
[2025-11-14 20:43:26,940] [DEBUG] [GameManager] Button sequence: 12
[2025-11-14 20:43:28,511] [DEBUG] [ButtonReader] Button state changed: [(0, 'pressed')]
[2025-11-14 20:43:28,512] [DEBUG] [GameManager] Button sequence: 120
[2025-11-14 20:43:28,512] [INFO] [CodeModeState] Code entered: 120
[2025-11-14 20:43:28,512] [INFO] [CodeModeState] Valid code! Transitioning to CodeRevealState
[2025-11-14 20:43:28,513] [DEBUG] [ButtonReader] Button 0 will be ignored until released
[2025-11-14 20:43:28,513] [DEBUG] [ButtonReader] Button 1 will be ignored until released
[2025-11-14 20:43:28,514] [DEBUG] [ButtonReader] Button 2 will be ignored until released
[2025-11-14 20:43:28,514] [INFO] [GameManager] State transition: CodeModeState → CodeRevealState
[2025-11-14 20:43:28,525] [INFO] [CodeRevealState] Code reveal started for code: 120
[2025-11-14 20:43:29,274] [DEBUG] [ButtonReader] Button 0 released, no longer ignored
[2025-11-14 20:43:29,395] [DEBUG] [CodeRevealState] CODE_SOUND finished, playing ONE_TWO_THREE sound
[2025-11-14 20:43:29,876] [DEBUG] [ButtonReader] Button 2 released, no longer ignored
[2025-11-14 20:43:30,398] [DEBUG] [ButtonReader] Button 1 released, no longer ignored
[2025-11-14 20:43:32,507] [INFO] [CodeRevealState] Loading song by code: 120
[2025-11-14 20:43:32,510] [INFO] [SoundController] Playing song by code 120: "The Offspring - Pretty Fly (For A White Guy) (Official Music Video) [QtTR-_Klcq8].mp3"
[2025-11-14 20:43:32,510] [INFO] [CodeRevealState] Song loaded successfully, transitioning to PartyState
[2025-11-14 20:43:32,511] [INFO] [GameManager] State transition: CodeRevealState → PartyState
[2025-11-14 20:43:32,522] [INFO] [PartyState] 🎉 PARTY MODE ACTIVATED!
[2025-11-14 20:45:19,264] [INFO] [GameManager] Game stopped by user (Ctrl+C)
[2025-11-14 20:45:19,276] [INFO] [GameManager] Game stopped
[2025-11-14 20:45:19,276] [INFO] [Amplifier] ✅ HumanAmplifier system shut down
