[2025-11-11 20:02:44,418] [INFO] [Amplifier] 🎵 HUMAN AMPLIFIER INTERACTIVE SYSTEM
[2025-11-11 20:02:44,420] [INFO] [Amplifier] Button configuration: 3 buttons on GPIO [23, 24, 25]
[2025-11-11 20:02:44,421] [INFO] [Amplifier] LED configuration: 2 strips
[2025-11-11 20:02:44,422] [INFO] [Amplifier]   Strip 1: 300 LEDs on GPIO 21
[2025-11-11 20:02:44,423] [INFO] [Amplifier]   Strip 2: 300 LEDs on GPIO 18
[2025-11-11 20:02:44,424] [INFO] [Amplifier] Game settings: 20ms frame duration (50.0 FPS)
[2025-11-11 20:02:44,425] [INFO] [Amplifier] Button sample rate: 200Hz
[2025-11-11 20:02:44,426] [INFO] [Amplifier] Audio folder: songs
[2025-11-11 20:02:44,426] [INFO] [Amplifier] Schedule: 2 daily, 1 special entries
[2025-11-11 20:02:45,613] [INFO] [ButtonReader] GPIO setup complete: 3 pins, no pulls
[2025-11-11 20:02:45,614] [INFO] [ButtonReader] ButtonReader initialized with 3 buttons
[2025-11-11 20:02:45,614] [INFO] [ButtonReader] Button mapping: Button0=GPIO23, Button1=GPIO24, Button2=GPIO25
[2025-11-11 20:02:45,618] [INFO] [SongLibrary] Creating song codes dictionary
[2025-11-11 20:02:46,005] [INFO] [SongLibrary] Loaded 30 song codes from 1 collections
[2025-11-11 20:02:46,006] [INFO] [SongLibrary] Collections updated: ['MORNING']
[2025-11-11 20:02:46,282] [INFO] [GameManager] Entering state: IdleState
[2025-11-11 20:02:46,284] [INFO] [GameManager] GameManager initialized: 20ms frame duration, 2 LED strips
[2025-11-11 20:02:46,284] [INFO] [Amplifier] HumanAmplifier system initialized successfully
[2025-11-11 20:02:46,285] [INFO] [Amplifier] Hardware: 3 buttons, 2 LED strips, 20ms frame duration
[2025-11-11 20:02:46,285] [INFO] [Amplifier] Audio system: {'songs_folder': 'songs', 'all_collections': ['MORNING'], 'total_codes': 30, 'daily_schedule_entries': 2, 'special_schedule_entries': 1}
[2025-11-11 20:02:46,285] [INFO] [Amplifier] Sound controller initialized successfully
[2025-11-11 20:02:46,286] [INFO] [Amplifier] ✅ System initialized successfully!
[2025-11-11 20:02:46,286] [INFO] [Amplifier] Hardware status: 3 buttons, 2 LED strips
[2025-11-11 20:02:46,287] [INFO] [Amplifier]   Strip 1: 300 LEDs active
[2025-11-11 20:02:46,287] [INFO] [Amplifier]   Strip 2: 300 LEDs active
[2025-11-11 20:02:46,288] [INFO] [Amplifier] Audio system: 30 song codes, 9 sound effects
[2025-11-11 20:02:46,288] [INFO] [Amplifier] Available collections: MORNING
[2025-11-11 20:02:46,288] [INFO] [Amplifier] 🚀 Starting HumanAmplifier system...
[2025-11-11 20:02:46,289] [INFO] [GameManager] Starting game loop with 20ms frame duration
[2025-11-11 20:31:06,276] [INFO] [GameManager] Exiting state: IdleState
[2025-11-11 20:31:06,277] [INFO] [GameManager] State transition: IdleState → AmplifyState
[2025-11-11 20:31:06,277] [INFO] [GameManager] Entering state: AmplifyState
[2025-11-11 20:31:06,288] [DEBUG] [AmplifyState] AmplifyState activated with buttons: [2]
[2025-11-11 20:31:11,095] [INFO] [GameManager] Exiting state: AmplifyState
[2025-11-11 20:31:11,095] [INFO] [GameManager] State transition: AmplifyState → IdleState
[2025-11-11 20:31:11,095] [INFO] [GameManager] Entering state: IdleState
[2025-11-11 20:31:11,636] [INFO] [GameManager] Exiting state: IdleState
[2025-11-11 20:31:11,637] [INFO] [GameManager] State transition: IdleState → AmplifyState
[2025-11-11 20:31:11,637] [INFO] [GameManager] Entering state: AmplifyState
[2025-11-11 20:31:11,653] [DEBUG] [AmplifyState] AmplifyState activated with buttons: [2]
[2025-11-11 20:31:12,521] [INFO] [GameManager] Exiting state: AmplifyState
[2025-11-11 20:31:12,522] [INFO] [GameManager] State transition: AmplifyState → IdleState
[2025-11-11 20:31:12,523] [INFO] [GameManager] Entering state: IdleState
[2025-11-11 20:31:13,043] [INFO] [GameManager] Exiting state: IdleState
[2025-11-11 20:31:13,044] [INFO] [GameManager] State transition: IdleState → AmplifyState
[2025-11-11 20:31:13,045] [INFO] [GameManager] Entering state: AmplifyState
[2025-11-11 20:31:13,055] [DEBUG] [AmplifyState] AmplifyState activated with buttons: [2]
[2025-11-11 20:31:14,579] [INFO] [GameManager] Exiting state: AmplifyState
[2025-11-11 20:31:14,581] [INFO] [GameManager] State transition: AmplifyState → IdleState
[2025-11-11 20:31:14,582] [INFO] [GameManager] Entering state: IdleState
[2025-11-11 20:31:15,163] [INFO] [GameManager] Exiting state: IdleState
[2025-11-11 20:31:15,164] [INFO] [GameManager] State transition: IdleState → AmplifyState
[2025-11-11 20:31:15,164] [INFO] [GameManager] Entering state: AmplifyState
[2025-11-11 20:31:15,176] [DEBUG] [AmplifyState] AmplifyState activated with buttons: [2]
[2025-11-11 20:31:19,080] [DEBUG] [AmplifyState] AmplifyState button change - currently pressed: [0, 2]
[2025-11-11 20:31:20,395] [DEBUG] [AmplifyState] AmplifyState button change - currently pressed: [0]
[2025-11-11 20:31:22,671] [DEBUG] [AmplifyState] AmplifyState button change - currently pressed: [0, 1]
[2025-11-11 20:31:25,600] [DEBUG] [AmplifyState] AmplifyState button change - currently pressed: [0]
[2025-11-11 20:31:27,591] [DEBUG] [AmplifyState] AmplifyState button change - currently pressed: [0, 1]
[2025-11-11 20:31:31,546] [DEBUG] [AmplifyState] AmplifyState button change - currently pressed: [0]
[2025-11-11 20:31:33,414] [DEBUG] [AmplifyState] AmplifyState button change - currently pressed: [0, 1]
[2025-11-11 20:31:36,498] [DEBUG] [AmplifyState] AmplifyState button change - currently pressed: [0]
[2025-11-11 20:31:38,872] [DEBUG] [AmplifyState] AmplifyState button change - currently pressed: [0, 2]
[2025-11-11 20:31:39,715] [DEBUG] [AmplifyState] AmplifyState button change - currently pressed: [0]
[2025-11-11 20:31:43,376] [INFO] [GameManager] Exiting state: AmplifyState
[2025-11-11 20:31:43,377] [INFO] [GameManager] State transition: AmplifyState → IdleState
[2025-11-11 20:31:43,377] [INFO] [GameManager] Entering state: IdleState
[2025-11-11 20:31:44,602] [INFO] [GameManager] Exiting state: IdleState
[2025-11-11 20:31:44,602] [INFO] [GameManager] State transition: IdleState → AmplifyState
[2025-11-11 20:31:44,603] [INFO] [GameManager] Entering state: AmplifyState
[2025-11-11 20:31:44,614] [DEBUG] [AmplifyState] AmplifyState activated with buttons: [0]
[2025-11-11 20:31:48,258] [INFO] [GameManager] Exiting state: AmplifyState
[2025-11-11 20:31:48,259] [INFO] [GameManager] State transition: AmplifyState → IdleState
[2025-11-11 20:31:48,262] [INFO] [GameManager] Entering state: IdleState
[2025-11-11 20:31:48,748] [INFO] [GameManager] Exiting state: IdleState
[2025-11-11 20:31:48,749] [INFO] [GameManager] State transition: IdleState → AmplifyState
[2025-11-11 20:31:48,751] [INFO] [GameManager] Entering state: AmplifyState
[2025-11-11 20:31:48,764] [DEBUG] [AmplifyState] AmplifyState activated with buttons: [0]
[2025-11-11 20:31:49,695] [INFO] [GameManager] Exiting state: AmplifyState
[2025-11-11 20:31:49,696] [INFO] [GameManager] State transition: AmplifyState → IdleState
[2025-11-11 20:31:49,696] [INFO] [GameManager] Entering state: IdleState
[2025-11-11 20:32:41,434] [INFO] [GameManager] Game stopped by user (Ctrl+C)
[2025-11-11 20:32:41,451] [INFO] [GameManager] Game stopped
[2025-11-11 20:32:41,452] [INFO] [Amplifier] ✅ HumanAmplifier system shut down
