[2025-11-17 21:13:55,538] [INFO] [Amplifier] 🎵 HUMAN AMPLIFIER INTERACTIVE SYSTEM
[2025-11-17 21:13:55,539] [INFO] [Amplifier] Button configuration: 4 buttons on GPIO [6, 5, 17, 22]
[2025-11-17 21:13:55,540] [INFO] [Amplifier] LED configuration: 2 strips
[2025-11-17 21:13:55,540] [INFO] [Amplifier]   Strip 1: 300 LEDs on GPIO 21
[2025-11-17 21:13:55,541] [INFO] [Amplifier]   Strip 2: 300 LEDs on GPIO 18
[2025-11-17 21:13:55,541] [INFO] [Amplifier] Game settings: 20ms frame duration (50.0 FPS)
[2025-11-17 21:13:55,542] [INFO] [Amplifier] Button sample rate: 200Hz
[2025-11-17 21:13:55,542] [INFO] [Amplifier] Audio folder: songs
[2025-11-17 21:13:55,543] [INFO] [Amplifier] Schedule: 2 daily, 1 special entries
[2025-11-17 21:13:55,543] [INFO] [ButtonReader] GPIO sampler initialized: 4 pins (no pulls)
[2025-11-17 21:13:55,544] [INFO] [ButtonReader] Pin mapping: Btn0=GPIO6, Btn1=GPIO5, Btn2=GPIO17, Btn3=GPIO22
[2025-11-17 21:13:55,544] [INFO] [ButtonReader] 🎮 Keyboard debug enabled: Press digit keys 0-9 to toggle buttons (works over SSH)
[2025-11-17 21:13:55,545] [INFO] [ButtonReader]    Each keypress toggles button ON/OFF
[2025-11-17 21:13:55,545] [INFO] [ButtonReader] ButtonReader initialized with 4 buttons
[2025-11-17 21:13:55,549] [INFO] [SongLibrary] Creating song codes dictionary
[2025-11-17 21:13:55,837] [INFO] [SongLibrary] Loaded 1 song codes from 2 collections
[2025-11-17 21:13:55,838] [INFO] [SongLibrary] Collections updated: ['MAIJAM']
[2025-11-17 21:13:57,657] [INFO] [GameManager] GameManager initialized: 20ms frame duration, 2 LED strips
[2025-11-17 21:13:57,657] [INFO] [Amplifier] HumanAmplifier system initialized successfully
[2025-11-17 21:13:57,657] [INFO] [Amplifier] Hardware: 4 buttons, 2 LED strips, 20ms frame duration
[2025-11-17 21:13:57,658] [INFO] [Amplifier] Audio system: {'songs_folder': 'songs', 'all_collections': ['MAIJAM', 'MORNING'], 'total_codes': 1, 'daily_schedule_entries': 2, 'special_schedule_entries': 1}
[2025-11-17 21:13:57,658] [INFO] [Amplifier] Sound controller initialized successfully
[2025-11-17 21:13:57,658] [INFO] [Amplifier] ✅ System initialized successfully!
[2025-11-17 21:13:57,659] [INFO] [Amplifier] Hardware status: 4 buttons, 2 LED strips
[2025-11-17 21:13:57,659] [INFO] [Amplifier]   Strip 1: 300 LEDs active
[2025-11-17 21:13:57,660] [INFO] [Amplifier]   Strip 2: 300 LEDs active
[2025-11-17 21:13:57,660] [INFO] [Amplifier] Audio system: 1 song codes, 12 sound effects
[2025-11-17 21:13:57,660] [INFO] [Amplifier] Available collections: MAIJAM, MORNING
[2025-11-17 21:13:57,661] [INFO] [Amplifier] 🚀 Starting HumanAmplifier system...
[2025-11-17 21:13:57,661] [INFO] [GameManager] Starting game loop with 20ms frame duration
[2025-11-17 21:14:40,494] [DEBUG] [ButtonReader] Button state changed: [(2, 'pressed')]
[2025-11-17 21:14:40,495] [DEBUG] [GameManager] Button sequence: 2
[2025-11-17 21:14:40,495] [INFO] [GameManager] State transition: IdleState → AmplifyState
[2025-11-17 21:14:40,506] [INFO] [SoundController] Song "The Offspring - Pretty Fly (For A White Guy) (Official Music Video) [QtTR-_Klcq8].mp3" was randomly started
[2025-11-17 21:14:40,507] [DEBUG] [AmplifyState] AmplifyState activated with buttons: [2]
[2025-11-17 21:14:42,161] [DEBUG] [ButtonReader] Button state changed: [(2, 'released')]
[2025-11-17 21:14:42,162] [INFO] [GameManager] State transition: AmplifyState → IdleState
[2025-11-17 21:14:43,224] [DEBUG] [ButtonReader] Button state changed: [(3, 'pressed')]
[2025-11-17 21:14:43,225] [DEBUG] [GameManager] Button sequence: 3
[2025-11-17 21:14:43,225] [INFO] [GameManager] State transition: IdleState → AmplifyState
[2025-11-17 21:14:43,236] [INFO] [SoundController] Song "אשליות - ניסים סרוסי.mp3" was randomly started
[2025-11-17 21:14:43,237] [DEBUG] [AmplifyState] AmplifyState activated with buttons: [3]
[2025-11-17 21:14:45,292] [DEBUG] [ButtonReader] Button state changed: [(3, 'released')]
[2025-11-17 21:14:45,293] [INFO] [GameManager] State transition: AmplifyState → IdleState
[2025-11-17 21:14:56,489] [INFO] [GameManager] Game stopped by user (Ctrl+C)
[2025-11-17 21:14:56,500] [INFO] [GameManager] Game stopped
[2025-11-17 21:14:56,500] [INFO] [Amplifier] ✅ HumanAmplifier system shut down
