[2025-11-09 03:52:08,761] [INFO] [Amplifier] 🎵 HUMAN AMPLIFIER INTERACTIVE SYSTEM
[2025-11-09 03:52:08,762] [INFO] [Amplifier] Button configuration: 2 buttons on GPIO [4, 22]
[2025-11-09 03:52:08,763] [INFO] [Amplifier] LED configuration: 2 strips
[2025-11-09 03:52:08,764] [INFO] [Amplifier]   Strip 1: 300 LEDs on GPIO 18
[2025-11-09 03:52:08,765] [INFO] [Amplifier]   Strip 2: 300 LEDs on GPIO 21
[2025-11-09 03:52:08,766] [INFO] [Amplifier] Game settings: 20ms frame duration (50.0 FPS)
[2025-11-09 03:52:08,767] [INFO] [Amplifier] Button sample rate: 200Hz
[2025-11-09 03:52:08,768] [INFO] [Amplifier] Audio folder: songs
[2025-11-09 03:52:08,768] [INFO] [Amplifier] Schedule: 4 daily, 1 special entries
[2025-11-09 03:52:26,519] [INFO] [ButtonReader] GPIO setup complete: 2 pins, no pulls
[2025-11-09 03:52:26,520] [INFO] [ButtonReader] ButtonReader initialized with 2 buttons
[2025-11-09 03:52:26,520] [INFO] [ButtonReader] Button mapping: Button0=GPIO4, Button1=GPIO22
[2025-11-09 03:52:26,524] [INFO] [SongLibrary] Creating song codes dictionary
[2025-11-09 03:52:26,760] [INFO] [SongLibrary] Loaded 40 song codes from 2 collections
[2025-11-09 03:52:26,761] [INFO] [SongLibrary] Collections updated: ['SPANISH', 'MORNING']
[2025-11-09 03:52:26,977] [INFO] [GameManager] Entering state: IdleState
[2025-11-09 03:52:26,977] [INFO] [GameManager] GameManager initialized: 20ms frame duration, 2 LED strips
[2025-11-09 03:52:26,978] [INFO] [GameManager] HumanAmplifier system initialized successfully
[2025-11-09 03:52:26,978] [INFO] [GameManager] Hardware: 2 buttons, 2 LED strips, 20ms frame duration
[2025-11-09 03:52:26,979] [INFO] [GameManager] Audio system: {'songs_folder': 'songs', 'all_collections': ['SPANISH', 'MORNING'], 'total_codes': 40, 'daily_schedule_entries': 4, 'special_schedule_entries': 1}
[2025-11-09 03:52:26,979] [INFO] [GameManager] Sound controller initialized successfully
[2025-11-09 03:52:26,980] [INFO] [Amplifier] ✅ System initialized successfully!
[2025-11-09 03:52:26,980] [INFO] [Amplifier] Hardware status: 2 buttons, 2 LED strips
[2025-11-09 03:52:26,980] [INFO] [Amplifier]   Strip 1: 300 LEDs active
[2025-11-09 03:52:26,981] [INFO] [Amplifier]   Strip 2: 300 LEDs active
[2025-11-09 03:52:26,981] [INFO] [Amplifier] Audio system: 40 song codes, 9 sound effects
[2025-11-09 03:52:26,981] [INFO] [Amplifier] Available collections: SPANISH, MORNING
[2025-11-09 03:52:26,982] [INFO] [Amplifier] 🚀 Starting HumanAmplifier system...
[2025-11-09 03:52:26,982] [INFO] [GameManager] Starting game loop with 20ms frame duration
[2025-11-09 03:55:09,768] [INFO] [GameManager] Game stopped by user (Ctrl+C)
[2025-11-09 03:55:09,781] [INFO] [GameManager] Game stopped
[2025-11-09 03:55:09,782] [INFO] [Amplifier] ✅ HumanAmplifier system shut down
