[2025-11-12 16:29:43,567] [INFO] [Amplifier] 🎵 HUMAN AMPLIFIER INTERACTIVE SYSTEM
[2025-11-12 16:29:43,568] [INFO] [Amplifier] Button configuration: 4 buttons on GPIO [5, 6, 17, 22]
[2025-11-12 16:29:43,568] [INFO] [Amplifier] LED configuration: 2 strips
[2025-11-12 16:29:43,568] [INFO] [Amplifier]   Strip 1: 300 LEDs on GPIO 21
[2025-11-12 16:29:43,569] [INFO] [Amplifier]   Strip 2: 300 LEDs on GPIO 18
[2025-11-12 16:29:43,569] [INFO] [Amplifier] Game settings: 20ms frame duration (50.0 FPS)
[2025-11-12 16:29:43,570] [INFO] [Amplifier] Button sample rate: 200Hz
[2025-11-12 16:29:43,570] [INFO] [Amplifier] Audio folder: songs
[2025-11-12 16:29:43,571] [INFO] [Amplifier] Schedule: 2 daily, 1 special entries
[2025-11-12 16:29:45,470] [INFO] [ButtonReader] GPIO setup complete: 4 pins, no pulls
[2025-11-12 16:29:45,470] [INFO] [ButtonReader] ButtonReader initialized with 4 buttons
[2025-11-12 16:29:45,471] [INFO] [ButtonReader] Button mapping: Button0=GPIO5, Button1=GPIO6, Button2=GPIO17, Button3=GPIO22
[2025-11-12 16:29:45,475] [INFO] [SongLibrary] Creating song codes dictionary
[2025-11-12 16:29:45,820] [INFO] [SongLibrary] Loaded 30 song codes from 2 collections
[2025-11-12 16:29:45,821] [INFO] [SongLibrary] Collections updated: ['MORNING']
[2025-11-12 16:29:46,043] [INFO] [GameManager] GameManager initialized: 20ms frame duration, 2 LED strips
[2025-11-12 16:29:46,044] [INFO] [Amplifier] HumanAmplifier system initialized successfully
[2025-11-12 16:29:46,044] [INFO] [Amplifier] Hardware: 4 buttons, 2 LED strips, 20ms frame duration
[2025-11-12 16:29:46,045] [INFO] [Amplifier] Audio system: {'songs_folder': 'songs', 'all_collections': ['MORNING', 'MAIJAM'], 'total_codes': 30, 'daily_schedule_entries': 2, 'special_schedule_entries': 1}
[2025-11-12 16:29:46,045] [INFO] [Amplifier] Sound controller initialized successfully
[2025-11-12 16:29:46,045] [INFO] [Amplifier] ✅ System initialized successfully!
[2025-11-12 16:29:46,046] [INFO] [Amplifier] Hardware status: 4 buttons, 2 LED strips
[2025-11-12 16:29:46,046] [INFO] [Amplifier]   Strip 1: 300 LEDs active
[2025-11-12 16:29:46,046] [INFO] [Amplifier]   Strip 2: 300 LEDs active
[2025-11-12 16:29:46,047] [INFO] [Amplifier] Audio system: 30 song codes, 9 sound effects
[2025-11-12 16:29:46,047] [INFO] [Amplifier] Available collections: MORNING, MAIJAM
[2025-11-12 16:29:46,048] [INFO] [Amplifier] 🚀 Starting HumanAmplifier system...
[2025-11-12 16:29:46,048] [INFO] [GameManager] Starting game loop with 20ms frame duration
[2025-11-12 16:29:54,027] [INFO] [GameManager] State transition: IdleState → AmplifyState
[2025-11-12 16:29:54,039] [INFO] [SoundController] Playing song: Beauty and the Beast (Live Action) - Belle.mp3
[2025-11-12 16:29:55,634] [INFO] [GameManager] State transition: AmplifyState → IdleState
[2025-11-12 16:29:56,316] [INFO] [GameManager] State transition: IdleState → AmplifyState
[2025-11-12 16:29:56,327] [INFO] [SoundController] Playing song: Aqua - Good Morning Sunshine.mp3
[2025-11-12 16:29:57,623] [INFO] [GameManager] State transition: AmplifyState → IdleState
