[2025-11-11 16:50:18,853] [INFO] [Amplifier] 🎵 HUMAN AMPLIFIER INTERACTIVE SYSTEM
[2025-11-11 16:50:18,854] [INFO] [Amplifier] Button configuration: 3 buttons on GPIO [23, 24, 25]
[2025-11-11 16:50:18,855] [INFO] [Amplifier] LED configuration: 2 strips
[2025-11-11 16:50:18,855] [INFO] [Amplifier]   Strip 1: 300 LEDs on GPIO 21
[2025-11-11 16:50:18,856] [INFO] [Amplifier]   Strip 2: 300 LEDs on GPIO 18
[2025-11-11 16:50:18,857] [INFO] [Amplifier] Game settings: 20ms frame duration (50.0 FPS)
[2025-11-11 16:50:18,857] [INFO] [Amplifier] Button sample rate: 200Hz
[2025-11-11 16:50:18,858] [INFO] [Amplifier] Audio folder: songs
[2025-11-11 16:50:18,859] [INFO] [Amplifier] Schedule: 2 daily, 1 special entries
[2025-11-11 16:50:19,843] [INFO] [ButtonReader] GPIO setup complete: 3 pins, no pulls
[2025-11-11 16:50:19,844] [INFO] [ButtonReader] ButtonReader initialized with 3 buttons
[2025-11-11 16:50:19,844] [INFO] [ButtonReader] Button mapping: Button0=GPIO23, Button1=GPIO24, Button2=GPIO25
[2025-11-11 16:50:19,848] [INFO] [SongLibrary] Creating song codes dictionary
[2025-11-11 16:50:20,229] [INFO] [SongLibrary] Loaded 30 song codes from 1 collections
[2025-11-11 16:50:20,230] [INFO] [SongLibrary] Collections updated: ['MORNING']
[2025-11-11 16:50:20,514] [INFO] [GameManager] Entering state: IdleState
[2025-11-11 16:50:20,516] [INFO] [GameManager] GameManager initialized: 20ms frame duration, 2 LED strips
[2025-11-11 16:50:20,517] [INFO] [Amplifier] HumanAmplifier system initialized successfully
[2025-11-11 16:50:20,517] [INFO] [Amplifier] Hardware: 3 buttons, 2 LED strips, 20ms frame duration
[2025-11-11 16:50:20,518] [INFO] [Amplifier] Audio system: {'songs_folder': 'songs', 'all_collections': ['MORNING'], 'total_codes': 30, 'daily_schedule_entries': 2, 'special_schedule_entries': 1}
[2025-11-11 16:50:20,519] [INFO] [Amplifier] Sound controller initialized successfully
[2025-11-11 16:50:20,519] [INFO] [Amplifier] ✅ System initialized successfully!
[2025-11-11 16:50:20,520] [INFO] [Amplifier] Hardware status: 3 buttons, 2 LED strips
[2025-11-11 16:50:20,520] [INFO] [Amplifier]   Strip 1: 300 LEDs active
[2025-11-11 16:50:20,521] [INFO] [Amplifier]   Strip 2: 300 LEDs active
[2025-11-11 16:50:20,522] [INFO] [Amplifier] Audio system: 30 song codes, 9 sound effects
[2025-11-11 16:50:20,523] [INFO] [Amplifier] Available collections: MORNING
[2025-11-11 16:50:20,523] [INFO] [Amplifier] 🚀 Starting HumanAmplifier system...
[2025-11-11 16:50:20,524] [INFO] [GameManager] Starting game loop with 20ms frame duration
[2025-11-11 16:50:41,932] [INFO] [GameManager] Exiting state: IdleState
[2025-11-11 16:50:41,933] [INFO] [GameManager] State transition: IdleState → AmplifyState
[2025-11-11 16:50:41,933] [INFO] [GameManager] Entering state: AmplifyState
[2025-11-11 16:50:41,944] [DEBUG] [AmplifyState] AmplifyState activated with buttons: [1]
[2025-11-11 16:50:44,001] [INFO] [GameManager] Exiting state: AmplifyState
[2025-11-11 16:50:44,002] [INFO] [GameManager] State transition: AmplifyState → IdleState
[2025-11-11 16:50:44,002] [INFO] [GameManager] Entering state: IdleState
[2025-11-11 16:50:44,664] [INFO] [GameManager] Exiting state: IdleState
[2025-11-11 16:50:44,664] [INFO] [GameManager] State transition: IdleState → AmplifyState
[2025-11-11 16:50:44,664] [INFO] [GameManager] Entering state: AmplifyState
[2025-11-11 16:50:44,675] [DEBUG] [AmplifyState] AmplifyState activated with buttons: [1]
[2025-11-11 16:50:46,150] [INFO] [GameManager] Exiting state: AmplifyState
[2025-11-11 16:50:46,151] [INFO] [GameManager] State transition: AmplifyState → IdleState
[2025-11-11 16:50:46,157] [INFO] [GameManager] Entering state: IdleState
[2025-11-11 16:50:46,733] [INFO] [GameManager] Exiting state: IdleState
[2025-11-11 16:50:46,734] [INFO] [GameManager] State transition: IdleState → AmplifyState
[2025-11-11 16:50:46,734] [INFO] [GameManager] Entering state: AmplifyState
[2025-11-11 16:50:46,745] [DEBUG] [AmplifyState] AmplifyState activated with buttons: [1]
[2025-11-11 16:50:47,782] [INFO] [GameManager] Exiting state: AmplifyState
[2025-11-11 16:50:47,783] [INFO] [GameManager] State transition: AmplifyState → IdleState
[2025-11-11 16:50:47,784] [INFO] [GameManager] Entering state: IdleState
[2025-11-11 16:50:48,324] [INFO] [GameManager] Exiting state: IdleState
[2025-11-11 16:50:48,325] [INFO] [GameManager] State transition: IdleState → AmplifyState
[2025-11-11 16:50:48,325] [INFO] [GameManager] Entering state: AmplifyState
[2025-11-11 16:50:48,336] [DEBUG] [AmplifyState] AmplifyState activated with buttons: [1]
[2025-11-11 16:50:51,317] [DEBUG] [AmplifyState] AmplifyState button change - currently pressed: [1, 2]
[2025-11-11 16:50:53,729] [DEBUG] [AmplifyState] AmplifyState button change - currently pressed: [1]
[2025-11-11 16:50:54,798] [DEBUG] [AmplifyState] AmplifyState button change - currently pressed: [0, 1]
[2025-11-11 16:50:55,500] [DEBUG] [AmplifyState] AmplifyState button change - currently pressed: [1]
[2025-11-11 16:50:55,742] [INFO] [GameManager] Exiting state: AmplifyState
[2025-11-11 16:50:55,742] [INFO] [GameManager] State transition: AmplifyState → IdleState
[2025-11-11 16:50:55,743] [INFO] [GameManager] Entering state: IdleState
[2025-11-11 16:50:58,472] [INFO] [GameManager] Exiting state: IdleState
[2025-11-11 16:50:58,473] [INFO] [GameManager] State transition: IdleState → AmplifyState
[2025-11-11 16:50:58,473] [INFO] [GameManager] Entering state: AmplifyState
[2025-11-11 16:50:58,484] [DEBUG] [AmplifyState] AmplifyState activated with buttons: [1]
[2025-11-11 16:50:59,617] [DEBUG] [AmplifyState] AmplifyState button change - currently pressed: [1, 2]
[2025-11-11 16:51:00,784] [INFO] [GameManager] Exiting state: AmplifyState
[2025-11-11 16:51:00,785] [INFO] [GameManager] State transition: AmplifyState → PartyState
[2025-11-11 16:51:00,786] [INFO] [GameManager] Entering state: PartyState
[2025-11-11 16:51:00,798] [INFO] [PartyState] 🎉 PARTY MODE ACTIVATED!
[2025-11-11 16:51:11,301] [INFO] [GameManager] Game stopped by user (Ctrl+C)
[2025-11-11 16:51:11,312] [INFO] [GameManager] Game stopped
[2025-11-11 16:51:11,312] [INFO] [Amplifier] ✅ HumanAmplifier system shut down
