[2025-11-09 03:55:13,996] [INFO] [Amplifier] 🎵 HUMAN AMPLIFIER INTERACTIVE SYSTEM
[2025-11-09 03:55:13,997] [INFO] [Amplifier] Button configuration: 2 buttons on GPIO [4, 22]
[2025-11-09 03:55:13,998] [INFO] [Amplifier] LED configuration: 2 strips
[2025-11-09 03:55:13,998] [INFO] [Amplifier]   Strip 1: 300 LEDs on GPIO 18
[2025-11-09 03:55:13,998] [INFO] [Amplifier]   Strip 2: 300 LEDs on GPIO 21
[2025-11-09 03:55:13,998] [INFO] [Amplifier] Game settings: 20ms frame duration (50.0 FPS)
[2025-11-09 03:55:13,999] [INFO] [Amplifier] Button sample rate: 200Hz
[2025-11-09 03:55:13,999] [INFO] [Amplifier] Audio folder: songs
[2025-11-09 03:55:13,999] [INFO] [Amplifier] Schedule: 4 daily, 1 special entries
[2025-11-09 03:55:18,176] [INFO] [ButtonReader] GPIO setup complete: 2 pins, no pulls
[2025-11-09 03:55:18,177] [INFO] [ButtonReader] ButtonReader initialized with 2 buttons
[2025-11-09 03:55:18,177] [INFO] [ButtonReader] Button mapping: Button0=GPIO4, Button1=GPIO22
[2025-11-09 03:55:18,184] [INFO] [SongLibrary] Creating song codes dictionary
[2025-11-09 03:55:18,610] [INFO] [SongLibrary] Loaded 40 song codes from 2 collections
[2025-11-09 03:55:18,611] [INFO] [SongLibrary] Collections updated: ['MORNING', 'SPANISH']
[2025-11-09 03:55:19,036] [INFO] [Amplifier] Entering state: IdleState
[2025-11-09 03:55:19,037] [INFO] [Amplifier] GameManager initialized: 20ms frame duration, 2 LED strips
[2025-11-09 03:55:19,038] [INFO] [Amplifier] HumanAmplifier system initialized successfully
[2025-11-09 03:55:19,039] [INFO] [Amplifier] Hardware: 2 buttons, 2 LED strips, 20ms frame duration
[2025-11-09 03:55:19,039] [INFO] [Amplifier] Audio system: {'songs_folder': 'songs', 'all_collections': ['MORNING', 'SPANISH'], 'total_codes': 40, 'daily_schedule_entries': 4, 'special_schedule_entries': 1}
[2025-11-09 03:55:19,040] [INFO] [Amplifier] Sound controller initialized successfully
[2025-11-09 03:55:19,041] [INFO] [Amplifier] ✅ System initialized successfully!
[2025-11-09 03:55:19,042] [INFO] [Amplifier] Hardware status: 2 buttons, 2 LED strips
[2025-11-09 03:55:19,043] [INFO] [Amplifier]   Strip 1: 300 LEDs active
[2025-11-09 03:55:19,044] [INFO] [Amplifier]   Strip 2: 300 LEDs active
[2025-11-09 03:55:19,044] [INFO] [Amplifier] Audio system: 40 song codes, 9 sound effects
[2025-11-09 03:55:19,045] [INFO] [Amplifier] Available collections: MORNING, SPANISH
[2025-11-09 03:55:19,046] [INFO] [Amplifier] 🚀 Starting HumanAmplifier system...
[2025-11-09 03:55:19,047] [INFO] [Amplifier] Starting game loop with 20ms frame duration
[2025-11-09 03:55:44,889] [INFO] [Amplifier] Exiting state: IdleState
[2025-11-09 03:55:44,890] [INFO] [Amplifier] State transition: IdleState → AmplifyState
[2025-11-09 03:55:44,890] [INFO] [Amplifier] Entering state: AmplifyState
[2025-11-09 03:55:51,345] [INFO] [Amplifier] Exiting state: AmplifyState
[2025-11-09 03:55:51,346] [INFO] [Amplifier] State transition: AmplifyState → IdleState
[2025-11-09 03:55:51,347] [INFO] [Amplifier] Entering state: IdleState
[2025-11-09 03:55:53,957] [INFO] [Amplifier] Exiting state: IdleState
[2025-11-09 03:55:53,958] [INFO] [Amplifier] State transition: IdleState → AmplifyState
[2025-11-09 03:55:53,958] [INFO] [Amplifier] Entering state: AmplifyState
[2025-11-09 03:56:02,335] [INFO] [Amplifier] Exiting state: AmplifyState
[2025-11-09 03:56:02,335] [INFO] [Amplifier] State transition: AmplifyState → IdleState
[2025-11-09 03:56:02,336] [INFO] [Amplifier] Entering state: IdleState
[2025-11-09 03:58:14,851] [INFO] [Amplifier] Game stopped by user (Ctrl+C)
[2025-11-09 03:58:14,871] [INFO] [Amplifier] Game stopped
[2025-11-09 03:58:14,872] [INFO] [Amplifier] ✅ HumanAmplifier system shut down
