[2025-11-10 02:36:48,027] [INFO] [Amplifier] 🎵 HUMAN AMPLIFIER INTERACTIVE SYSTEM
[2025-11-10 02:36:48,028] [INFO] [Amplifier] Button configuration: 3 buttons on GPIO [4, 5, 22]
[2025-11-10 02:36:48,028] [INFO] [Amplifier] LED configuration: 2 strips
[2025-11-10 02:36:48,028] [INFO] [Amplifier]   Strip 1: 300 LEDs on GPIO 18
[2025-11-10 02:36:48,029] [INFO] [Amplifier]   Strip 2: 300 LEDs on GPIO 21
[2025-11-10 02:36:48,029] [INFO] [Amplifier] Game settings: 20ms frame duration (50.0 FPS)
[2025-11-10 02:36:48,030] [INFO] [Amplifier] Button sample rate: 200Hz
[2025-11-10 02:36:48,030] [INFO] [Amplifier] Audio folder: songs
[2025-11-10 02:36:48,031] [INFO] [Amplifier] Schedule: 2 daily, 1 special entries
[2025-11-10 02:36:48,905] [INFO] [ButtonReader] GPIO setup complete: 3 pins, no pulls
[2025-11-10 02:36:48,906] [INFO] [ButtonReader] ButtonReader initialized with 3 buttons
[2025-11-10 02:36:48,906] [INFO] [ButtonReader] Button mapping: Button0=GPIO4, Button1=GPIO5, Button2=GPIO22
[2025-11-10 02:36:48,911] [INFO] [SongLibrary] Creating song codes dictionary
[2025-11-10 02:36:49,001] [INFO] [SongLibrary] Loaded 1 song codes from 1 collections
[2025-11-10 02:36:49,002] [INFO] [SongLibrary] Collections updated: ['TESTS']
[2025-11-10 02:36:49,215] [INFO] [GameManager] Entering state: IdleState
[2025-11-10 02:36:49,216] [INFO] [GameManager] GameManager initialized: 20ms frame duration, 2 LED strips
[2025-11-10 02:36:49,216] [INFO] [Amplifier] HumanAmplifier system initialized successfully
[2025-11-10 02:36:49,217] [INFO] [Amplifier] Hardware: 3 buttons, 2 LED strips, 20ms frame duration
[2025-11-10 02:36:49,217] [INFO] [Amplifier] Audio system: {'songs_folder': 'songs', 'all_collections': ['TESTS'], 'total_codes': 1, 'daily_schedule_entries': 2, 'special_schedule_entries': 1}
[2025-11-10 02:36:49,217] [INFO] [Amplifier] Sound controller initialized successfully
[2025-11-10 02:36:49,217] [INFO] [Amplifier] ✅ System initialized successfully!
[2025-11-10 02:36:49,218] [INFO] [Amplifier] Hardware status: 3 buttons, 2 LED strips
[2025-11-10 02:36:49,218] [INFO] [Amplifier]   Strip 1: 300 LEDs active
[2025-11-10 02:36:49,219] [INFO] [Amplifier]   Strip 2: 300 LEDs active
[2025-11-10 02:36:49,219] [INFO] [Amplifier] Audio system: 1 song codes, 9 sound effects
[2025-11-10 02:36:49,219] [INFO] [Amplifier] Available collections: TESTS
[2025-11-10 02:36:49,220] [INFO] [Amplifier] 🚀 Starting HumanAmplifier system...
[2025-11-10 02:36:49,220] [INFO] [GameManager] Starting game loop with 20ms frame duration
[2025-11-10 02:36:49,221] [INFO] [GameManager] Exiting state: IdleState
[2025-11-10 02:36:49,221] [INFO] [GameManager] State transition: IdleState → AmplifyState
[2025-11-10 02:36:49,222] [INFO] [GameManager] Entering state: AmplifyState
[2025-11-10 02:36:49,233] [DEBUG] [AmplifyState] AmplifyState activated with buttons: [1]
[2025-11-10 02:36:52,355] [INFO] [GameManager] Exiting state: AmplifyState
[2025-11-10 02:36:52,356] [INFO] [GameManager] State transition: AmplifyState → IdleState
[2025-11-10 02:36:52,356] [INFO] [GameManager] Entering state: IdleState
[2025-11-10 02:37:06,602] [INFO] [GameManager] Exiting state: IdleState
[2025-11-10 02:37:06,602] [INFO] [GameManager] State transition: IdleState → AmplifyState
[2025-11-10 02:37:06,603] [INFO] [GameManager] Entering state: AmplifyState
[2025-11-10 02:37:06,613] [DEBUG] [AmplifyState] AmplifyState activated with buttons: [0]
[2025-11-10 02:37:07,566] [INFO] [GameManager] Exiting state: AmplifyState
[2025-11-10 02:37:07,567] [INFO] [GameManager] State transition: AmplifyState → IdleState
[2025-11-10 02:37:07,567] [INFO] [GameManager] Entering state: IdleState
[2025-11-10 02:37:08,088] [INFO] [GameManager] Exiting state: IdleState
[2025-11-10 02:37:08,089] [INFO] [GameManager] State transition: IdleState → AmplifyState
[2025-11-10 02:37:08,090] [INFO] [GameManager] Entering state: AmplifyState
[2025-11-10 02:37:08,101] [DEBUG] [AmplifyState] AmplifyState activated with buttons: [0]
[2025-11-10 02:37:09,582] [INFO] [GameManager] Exiting state: AmplifyState
[2025-11-10 02:37:09,583] [INFO] [GameManager] State transition: AmplifyState → IdleState
[2025-11-10 02:37:09,584] [INFO] [GameManager] Entering state: IdleState
[2025-11-10 02:37:13,318] [INFO] [GameManager] Exiting state: IdleState
[2025-11-10 02:37:13,318] [INFO] [GameManager] State transition: IdleState → AmplifyState
[2025-11-10 02:37:13,319] [INFO] [GameManager] Entering state: AmplifyState
[2025-11-10 02:37:13,329] [DEBUG] [AmplifyState] AmplifyState activated with buttons: [1]
[2025-11-10 02:37:13,358] [INFO] [GameManager] Exiting state: AmplifyState
[2025-11-10 02:37:13,359] [INFO] [GameManager] State transition: AmplifyState → IdleState
[2025-11-10 02:37:13,359] [INFO] [GameManager] Entering state: IdleState
[2025-11-10 02:37:13,438] [INFO] [GameManager] Exiting state: IdleState
[2025-11-10 02:37:13,439] [INFO] [GameManager] State transition: IdleState → AmplifyState
[2025-11-10 02:37:13,440] [INFO] [GameManager] Entering state: AmplifyState
[2025-11-10 02:37:13,450] [DEBUG] [AmplifyState] AmplifyState activated with buttons: [1]
[2025-11-10 02:37:13,479] [INFO] [GameManager] Exiting state: AmplifyState
[2025-11-10 02:37:13,479] [INFO] [GameManager] State transition: AmplifyState → IdleState
[2025-11-10 02:37:13,480] [INFO] [GameManager] Entering state: IdleState
[2025-11-10 02:37:13,539] [INFO] [GameManager] Exiting state: IdleState
[2025-11-10 02:37:13,540] [INFO] [GameManager] State transition: IdleState → AmplifyState
[2025-11-10 02:37:13,540] [INFO] [GameManager] Entering state: AmplifyState
[2025-11-10 02:37:13,551] [DEBUG] [AmplifyState] AmplifyState activated with buttons: [1]
[2025-11-10 02:37:13,559] [INFO] [GameManager] Exiting state: AmplifyState
[2025-11-10 02:37:13,560] [INFO] [GameManager] State transition: AmplifyState → IdleState
[2025-11-10 02:37:13,560] [INFO] [GameManager] Entering state: IdleState
[2025-11-10 02:37:13,639] [INFO] [GameManager] Exiting state: IdleState
[2025-11-10 02:37:13,640] [INFO] [GameManager] State transition: IdleState → AmplifyState
[2025-11-10 02:37:13,640] [INFO] [GameManager] Entering state: AmplifyState
[2025-11-10 02:37:13,651] [DEBUG] [AmplifyState] AmplifyState activated with buttons: [1]
[2025-11-10 02:37:16,384] [DEBUG] [AmplifyState] AmplifyState button change - currently pressed: [0, 1]
[2025-11-10 02:37:17,884] [DEBUG] [AmplifyState] AmplifyState button change - currently pressed: [1]
[2025-11-10 02:37:18,617] [DEBUG] [AmplifyState] AmplifyState button change - currently pressed: [0, 1]
[2025-11-10 02:37:19,846] [INFO] [GameManager] Exiting state: AmplifyState
[2025-11-10 02:37:19,847] [INFO] [GameManager] State transition: AmplifyState → PartyState
[2025-11-10 02:37:19,847] [INFO] [GameManager] Entering state: PartyState
[2025-11-10 02:37:19,858] [INFO] [PartyState] 🎉 PARTY MODE ACTIVATED!
[2025-11-10 02:40:06,713] [INFO] [GameManager] Game stopped by user (Ctrl+C)
[2025-11-10 02:40:06,724] [INFO] [GameManager] Game stopped
[2025-11-10 02:40:06,725] [INFO] [Amplifier] ✅ HumanAmplifier system shut down
