[2025-11-21 03:22:00,020] [INFO] [Amplifier] 🎵 HUMAN AMPLIFIER INTERACTIVE SYSTEM
[2025-11-21 03:22:00,021] [INFO] [Amplifier] Button configuration: 10 buttons on GPIO [6, 5, 22, 17, 4, 23, 24, 25, 16, 20]
[2025-11-21 03:22:00,021] [INFO] [Amplifier] LED configuration: 2 strips
[2025-11-21 03:22:00,022] [INFO] [Amplifier]   Strip 1: 300 LEDs on GPIO 21
[2025-11-21 03:22:00,022] [INFO] [Amplifier]   Strip 2: 293 LEDs on GPIO 18
[2025-11-21 03:22:00,023] [INFO] [Amplifier] Game settings: 20ms frame duration (50.0 FPS)
[2025-11-21 03:22:00,023] [INFO] [Amplifier] Button sample rate: 200Hz
[2025-11-21 03:22:00,024] [INFO] [Amplifier] Audio folder: songs
[2025-11-21 03:22:00,024] [INFO] [Amplifier] Schedule: 16 daily, 1 special entries
[2025-11-21 03:22:00,025] [INFO] [ButtonReader] 🎮 Keyboard sampler initialized (NO GPIO)
[2025-11-21 03:22:00,025] [INFO] [ButtonReader]    10 virtual buttons mapped to digit keys 0-9
[2025-11-21 03:22:00,026] [INFO] [ButtonReader]    Press digit keys to toggle buttons ON/OFF
[2025-11-21 03:22:00,026] [INFO] [ButtonReader]    Each keypress toggles button ON/OFF
[2025-11-21 03:22:00,026] [INFO] [ButtonReader] ButtonReader initialized with 10 buttons
[2025-11-21 03:22:00,028] [INFO] [SongLibrary] Creating song codes dictionary
[2025-11-21 03:22:02,596] [INFO] [SongLibrary] Loaded 724 song codes from 13 collections
[2025-11-21 03:22:02,597] [INFO] [SongLibrary] Collections updated: ['VIRAL', 'PARTY', 'HAFLA', 'FESTIGAL', 'MAIJAM']
[2025-11-21 03:22:02,703] [INFO] [SoundController] Pygame mixer initialized: 48000Hz, format=-16, channels=2
[2025-11-21 03:22:10,941] [INFO] [SoundController] Sound controller initialized - mixer ready, first song will load on demand
[2025-11-21 03:22:10,948] [INFO] [GameManager] GameManager initialized: 20ms frame duration, 2 LED strips
[2025-11-21 03:22:10,949] [INFO] [Amplifier] HumanAmplifier system initialized successfully
[2025-11-21 03:22:10,949] [INFO] [Amplifier] Hardware: 10 buttons, 2 LED strips, 20ms frame duration
[2025-11-21 03:22:10,950] [INFO] [Amplifier] Audio system: {'songs_folder': 'songs', 'all_collections': ['FOUR_AT_NIGHT', 'VIRAL', 'FESTIGAL', 'PARTY', 'THREE_AT_NIGHT', 'DISNEY', 'MORNING', 'SPANISH', 'HAFLA', 'CLASSIC', 'TV', 'GENERAL', 'MAIJAM'], 'total_codes': 724, 'daily_schedule_entries': 16, 'special_schedule_entries': 1}
[2025-11-21 03:22:10,950] [INFO] [Amplifier] Sound controller initialized successfully
[2025-11-21 03:22:10,951] [INFO] [Amplifier] ✅ System initialized successfully!
[2025-11-21 03:22:10,951] [INFO] [Amplifier] Hardware status: 10 buttons, 2 LED strips
[2025-11-21 03:22:10,952] [INFO] [Amplifier]   Strip 1: 300 LEDs active
[2025-11-21 03:22:10,952] [INFO] [Amplifier]   Strip 2: 293 LEDs active
[2025-11-21 03:22:10,953] [INFO] [Amplifier] Audio system: 724 song codes, 13 sound effects
[2025-11-21 03:22:10,953] [INFO] [Amplifier] Available collections: FOUR_AT_NIGHT, VIRAL, FESTIGAL, PARTY, THREE_AT_NIGHT, DISNEY, MORNING, SPANISH, HAFLA, CLASSIC, TV, GENERAL, MAIJAM
[2025-11-21 03:22:10,953] [INFO] [Amplifier] ===========================
[2025-11-21 03:22:10,954] [INFO] [Amplifier] 🚀 Starting HumanAmplifier system...
[2025-11-21 03:22:10,954] [INFO] [GameManager] Starting game loop with 20ms frame duration
[2025-11-21 03:22:10,958] [INFO] [GameManager] 💾 Memory - Process: 87.9MB | System: 251/907MB (27.7%, 655MB free) | ⚙️  CPU - Process: 0.0% | System: 29.8% | Cores: [6%, 99%, 6%, 7%]
[2025-11-21 03:22:13,405] [INFO] [ButtonReader] Keyboard: Button 7 toggled ON (key '7')
[2025-11-21 03:22:13,406] [INFO] [ButtonReader] Button 7 pressed
[2025-11-21 03:22:13,418] [DEBUG] [SoundController] Started playing song: "Dead Or Alive - You Spin Me Round (Like a Record) (Official Video) (1).mp3"
[2025-11-21 03:22:13,419] [INFO] [AmplifyState] Song "Dead Or Alive - You Spin Me Round (Like a Record) (Official Video) (1).mp3" was randomly started 🎚️
[2025-11-21 03:22:14,670] [INFO] [ButtonReader] Keyboard: Button 7 toggled OFF (key '7')
[2025-11-21 03:22:14,671] [INFO] [AmplifyState] Song "Dead Or Alive - You Spin Me Round (Like a Record) (Official Video) (1).mp3" was released 🤷🏻‍♀️
[2025-11-21 03:22:15,212] [INFO] [ButtonReader] Keyboard: Button 7 toggled ON (key '7')
[2025-11-21 03:22:15,213] [INFO] [ButtonReader] Button 7 pressed
[2025-11-21 03:22:15,224] [DEBUG] [SoundController] Started playing song: "Sebastián Yatra - Tacones Rojos (Official Video).mp3"
[2025-11-21 03:22:15,225] [INFO] [AmplifyState] Song "Sebastián Yatra - Tacones Rojos (Official Video).mp3" was randomly started 🎚️
[2025-11-21 03:22:15,635] [INFO] [ButtonReader] Keyboard: Button 7 toggled OFF (key '7')
[2025-11-21 03:22:15,636] [INFO] [AmplifyState] Song "Sebastián Yatra - Tacones Rojos (Official Video).mp3" was released 🤷🏻‍♀️
[2025-11-21 03:22:16,017] [INFO] [ButtonReader] Keyboard: Button 7 toggled ON (key '7')
[2025-11-21 03:22:16,019] [INFO] [ButtonReader] Button 7 pressed
[2025-11-21 03:22:16,019] [INFO] [GameManager] Triple 777 detected - entering code mode!
[2025-11-21 03:22:16,051] [DEBUG] [SoundController] Playing sound: CODE_SOUND (volume: 0.80)
[2025-11-21 03:22:16,071] [INFO] [CodeModeState] Entered code mode - awaiting 5-digit code
[2025-11-21 03:22:20,231] [INFO] [ButtonReader] Keyboard: Button 6 toggled ON (key '6')
[2025-11-21 03:22:20,232] [INFO] [ButtonReader] Button 6 pressed
[2025-11-21 03:22:20,236] [DEBUG] [SoundController] Playing sound: CODE_DIGIT_SOUND (volume: 0.70)
[2025-11-21 03:22:21,276] [INFO] [ButtonReader] Keyboard: Button 3 toggled ON (key '3')
[2025-11-21 03:22:21,277] [INFO] [ButtonReader] Button 3 pressed
[2025-11-21 03:22:21,278] [DEBUG] [SoundController] Playing sound: CODE_DIGIT_SOUND (volume: 0.70)
[2025-11-21 03:22:23,694] [INFO] [ButtonReader] Keyboard: Button 8 toggled ON (key '8')
[2025-11-21 03:22:23,695] [INFO] [ButtonReader] Button 8 pressed
[2025-11-21 03:22:23,696] [DEBUG] [SoundController] Playing sound: CODE_DIGIT_SOUND (volume: 0.70)
[2025-11-21 03:22:24,337] [INFO] [ButtonReader] Keyboard: Button 0 toggled ON (key '0')
[2025-11-21 03:22:24,357] [INFO] [ButtonReader] Button 0 pressed
[2025-11-21 03:22:24,358] [DEBUG] [SoundController] Playing sound: CODE_DIGIT_SOUND (volume: 0.70)
[2025-11-21 03:22:26,466] [INFO] [ButtonReader] Keyboard: Button 4 toggled ON (key '4')
[2025-11-21 03:22:26,467] [INFO] [ButtonReader] Button 4 pressed
[2025-11-21 03:22:26,467] [DEBUG] [SoundController] Playing sound: CODE_DIGIT_SOUND (volume: 0.70)
[2025-11-21 03:22:26,468] [INFO] [CodeModeState] Code entered: 63804
[2025-11-21 03:22:26,490] [DEBUG] [SoundController] Playing sound: CODE_SOUND (volume: 0.90)
[2025-11-21 03:22:26,491] [INFO] [CodeRevealState] Code reveal started for code: 63804 for song "Bach - Aria (from) Hunt Cantata.mp3"
[2025-11-21 03:22:27,296] [DEBUG] [SoundController] Playing sound: ONE_TWO_THREE_SOUND (volume: 0.90)
[2025-11-21 03:22:30,457] [DEBUG] [SoundController] Playing song by code 63804: "Bach - Aria (from) Hunt Cantata.mp3"
[2025-11-21 03:22:30,492] [INFO] [PartyState] 🎉 PARTY MODE ACTIVATED for song: Bach - Aria (from) Hunt Cantata.mp3
[2025-11-21 03:23:02,398] [INFO] [ButtonReader] Keyboard: Button 3 toggled OFF (key '3')
[2025-11-21 03:23:06,744] [INFO] [ButtonReader] Keyboard: Button 3 toggled ON (key '3')
[2025-11-21 03:23:06,745] [INFO] [ButtonReader] Button 3 pressed
[2025-11-21 03:23:08,974] [INFO] [ButtonReader] Keyboard: Button 3 toggled OFF (key '3')
[2025-11-21 03:23:08,975] [INFO] [PartyState] Button 3 explosion! Power: 0.07
[2025-11-21 03:23:10,824] [INFO] [ButtonReader] Keyboard: Button 2 toggled ON (key '2')
[2025-11-21 03:23:10,825] [INFO] [ButtonReader] Button 2 pressed
[2025-11-21 03:23:10,967] [INFO] [GameManager] 💾 Memory - Process: 88.2MB | System: 250/907MB (27.5%, 657MB free) | ⚙️  CPU - Process: 36.9% | System: 13.0% | Cores: [6%, 20%, 12%, 14%]
[2025-11-21 03:23:12,551] [INFO] [ButtonReader] Keyboard: Button 2 toggled OFF (key '2')
[2025-11-21 03:23:14,520] [INFO] [ButtonReader] Keyboard: Button 2 toggled ON (key '2')
[2025-11-21 03:23:14,521] [INFO] [ButtonReader] Button 2 pressed
[2025-11-21 03:23:14,841] [INFO] [ButtonReader] Keyboard: Button 2 toggled OFF (key '2')
[2025-11-21 03:23:16,891] [INFO] [ButtonReader] Keyboard: Button 2 toggled ON (key '2')
[2025-11-21 03:23:16,892] [INFO] [ButtonReader] Button 2 pressed
[2025-11-21 03:23:17,252] [INFO] [ButtonReader] Keyboard: Button 2 toggled OFF (key '2')
[2025-11-21 03:23:18,612] [INFO] [ButtonReader] Keyboard: Button 1 toggled ON (key '1')
[2025-11-21 03:23:18,613] [INFO] [ButtonReader] Button 1 pressed
[2025-11-21 03:23:19,155] [INFO] [ButtonReader] Keyboard: Button 1 toggled OFF (key '1')
[2025-11-21 03:23:22,710] [INFO] [ButtonReader] Keyboard: Button 1 toggled ON (key '1')
[2025-11-21 03:23:22,711] [INFO] [ButtonReader] Button 1 pressed
[2025-11-21 03:23:23,166] [INFO] [ButtonReader] Keyboard: Button 1 toggled OFF (key '1')
[2025-11-21 03:23:27,640] [INFO] [ButtonReader] Keyboard: Button 1 toggled ON (key '1')
[2025-11-21 03:23:27,641] [INFO] [ButtonReader] Button 1 pressed
[2025-11-21 03:23:32,246] [INFO] [ButtonReader] Keyboard: Button 1 toggled OFF (key '1')
[2025-11-21 03:23:32,247] [INFO] [ButtonReader] Keyboard: Button 1 toggled ON (key '1')
[2025-11-21 03:23:32,248] [INFO] [ButtonReader] Keyboard: Button 1 toggled OFF (key '1')
[2025-11-21 03:23:32,248] [INFO] [ButtonReader] Keyboard: Button 1 toggled ON (key '1')
[2025-11-21 03:23:32,249] [INFO] [ButtonReader] Keyboard: Button 1 toggled OFF (key '1')
[2025-11-21 03:23:32,249] [INFO] [ButtonReader] Keyboard: Button 1 toggled ON (key '1')
[2025-11-21 03:23:32,250] [INFO] [ButtonReader] Keyboard: Button 1 toggled OFF (key '1')
[2025-11-21 03:23:32,250] [INFO] [ButtonReader] Keyboard: Button 1 toggled ON (key '1')
[2025-11-21 03:23:32,251] [INFO] [ButtonReader] Keyboard: Button 1 toggled OFF (key '1')
[2025-11-21 03:23:32,251] [INFO] [ButtonReader] Keyboard: Button 1 toggled ON (key '1')
[2025-11-21 03:23:32,273] [INFO] [ButtonReader] Keyboard: Button 1 toggled OFF (key '1')
[2025-11-21 03:23:32,274] [INFO] [ButtonReader] Keyboard: Button 1 toggled ON (key '1')
[2025-11-21 03:23:32,275] [INFO] [ButtonReader] Keyboard: Button 1 toggled OFF (key '1')
[2025-11-21 03:23:32,275] [INFO] [ButtonReader] Keyboard: Button 1 toggled ON (key '1')
[2025-11-21 03:23:32,276] [INFO] [ButtonReader] Keyboard: Button 1 toggled OFF (key '1')
[2025-11-21 03:23:32,294] [INFO] [PartyState] Button 1 explosion! Power: 0.88
[2025-11-21 03:23:32,836] [INFO] [ButtonReader] Keyboard: Button 1 toggled ON (key '1')
[2025-11-21 03:23:32,837] [INFO] [ButtonReader] Button 1 pressed
[2025-11-21 03:23:34,233] [INFO] [ButtonReader] Keyboard: Button 1 toggled OFF (key '1')
[2025-11-21 03:23:36,911] [INFO] [ButtonReader] Keyboard: Button 1 toggled ON (key '1')
[2025-11-21 03:23:36,912] [INFO] [ButtonReader] Button 1 pressed
[2025-11-21 03:23:37,473] [INFO] [ButtonReader] Keyboard: Button 3 toggled ON (key '3')
[2025-11-21 03:23:37,474] [INFO] [ButtonReader] Button 3 pressed
[2025-11-21 03:23:41,433] [INFO] [ButtonReader] Keyboard: Button 3 toggled OFF (key '3')
[2025-11-21 03:23:41,434] [INFO] [PartyState] Button 3 explosion! Power: 0.65
[2025-11-21 03:23:41,875] [INFO] [ButtonReader] Keyboard: Button 3 toggled ON (key '3')
[2025-11-21 03:23:41,875] [INFO] [ButtonReader] Button 3 pressed
[2025-11-21 03:23:43,265] [INFO] [ButtonReader] Keyboard: Button 3 toggled OFF (key '3')
[2025-11-21 03:23:44,753] [INFO] [ButtonReader] Keyboard: Button 3 toggled ON (key '3')
[2025-11-21 03:23:44,753] [INFO] [ButtonReader] Button 3 pressed
[2025-11-21 03:23:49,918] [INFO] [ButtonReader] Keyboard: Button 3 toggled OFF (key '3')
[2025-11-21 03:23:49,919] [INFO] [PartyState] Button 3 explosion! Power: 1.00
[2025-11-21 03:23:51,604] [INFO] [ButtonReader] Keyboard: Button 3 toggled ON (key '3')
[2025-11-21 03:23:51,605] [INFO] [ButtonReader] Button 3 pressed
[2025-11-21 03:23:52,055] [INFO] [ButtonReader] Keyboard: Button 3 toggled OFF (key '3')
[2025-11-21 03:23:54,838] [INFO] [ButtonReader] Keyboard: Button 3 toggled ON (key '3')
[2025-11-21 03:23:54,839] [INFO] [ButtonReader] Button 3 pressed
[2025-11-21 03:23:56,888] [INFO] [ButtonReader] Keyboard: Button 3 toggled OFF (key '3')
[2025-11-21 03:23:56,889] [INFO] [PartyState] Button 3 explosion! Power: 0.00
[2025-11-21 03:23:59,800] [INFO] [ButtonReader] Keyboard: Button 1 toggled OFF (key '1')
[2025-11-21 03:23:59,801] [INFO] [PartyState] Button 1 explosion! Power: 1.00
[2025-11-21 03:24:00,670] [INFO] [ButtonReader] Keyboard: Button 1 toggled ON (key '1')
[2025-11-21 03:24:00,671] [INFO] [ButtonReader] Button 1 pressed
[2025-11-21 03:24:04,008] [INFO] [ButtonReader] Keyboard: Button 1 toggled OFF (key '1')
[2025-11-21 03:24:04,010] [INFO] [PartyState] Button 1 explosion! Power: 0.43
[2025-11-21 03:24:06,129] [INFO] [ButtonReader] Keyboard: Button 1 toggled ON (key '1')
[2025-11-21 03:24:06,130] [INFO] [ButtonReader] Button 1 pressed
[2025-11-21 03:24:07,914] [INFO] [ButtonReader] Keyboard: Button 1 toggled OFF (key '1')
[2025-11-21 03:24:09,219] [INFO] [ButtonReader] Keyboard: Button 1 toggled ON (key '1')
[2025-11-21 03:24:09,220] [INFO] [ButtonReader] Button 1 pressed
[2025-11-21 03:24:09,443] [INFO] [ButtonReader] Keyboard: Button 1 toggled OFF (key '1')
[2025-11-21 03:24:10,975] [INFO] [GameManager] 💾 Memory - Process: 88.2MB | System: 255/907MB (28.1%, 652MB free) | ⚙️  CPU - Process: 51.3% | System: 16.5% | Cores: [18%, 10%, 7%, 31%]
[2025-11-21 03:24:11,394] [INFO] [ButtonReader] Keyboard: Button 1 toggled ON (key '1')
[2025-11-21 03:24:11,395] [INFO] [ButtonReader] Button 1 pressed
[2025-11-21 03:24:11,675] [INFO] [ButtonReader] Keyboard: Button 1 toggled OFF (key '1')
[2025-11-21 03:24:12,981] [INFO] [ButtonReader] Keyboard: Button 1 toggled ON (key '1')
[2025-11-21 03:24:12,981] [INFO] [ButtonReader] Button 1 pressed
[2025-11-21 03:24:13,764] [INFO] [ButtonReader] Keyboard: Button 1 toggled OFF (key '1')
[2025-11-21 03:24:15,351] [INFO] [ButtonReader] Keyboard: Button 1 toggled ON (key '1')
[2025-11-21 03:24:15,352] [INFO] [ButtonReader] Button 1 pressed
[2025-11-21 03:24:20,176] [INFO] [ButtonReader] Keyboard: Button 1 toggled OFF (key '1')
[2025-11-21 03:24:20,177] [INFO] [PartyState] Button 1 explosion! Power: 0.93
[2025-11-21 03:24:20,775] [INFO] [ButtonReader] Keyboard: Button 1 toggled ON (key '1')
[2025-11-21 03:24:20,776] [INFO] [ButtonReader] Button 1 pressed
[2025-11-21 03:24:22,610] [INFO] [ButtonReader] Keyboard: Button 1 toggled OFF (key '1')
[2025-11-21 03:24:23,553] [INFO] [ButtonReader] Keyboard: Button 2 toggled ON (key '2')
[2025-11-21 03:24:23,553] [INFO] [ButtonReader] Button 2 pressed
[2025-11-21 03:24:24,933] [INFO] [ButtonReader] Keyboard: Button 2 toggled OFF (key '2')
[2025-11-21 03:24:25,891] [INFO] [ButtonReader] Keyboard: Button 4 toggled OFF (key '4')
[2025-11-21 03:24:26,937] [INFO] [ButtonReader] Keyboard: Button 5 toggled ON (key '5')
[2025-11-21 03:24:26,938] [INFO] [ButtonReader] Button 5 pressed
[2025-11-21 03:24:28,003] [INFO] [ButtonReader] Keyboard: Button 5 toggled OFF (key '5')
[2025-11-21 03:24:28,887] [INFO] [ButtonReader] Keyboard: Button 5 toggled ON (key '5')
[2025-11-21 03:24:28,888] [INFO] [ButtonReader] Button 5 pressed
[2025-11-21 03:24:32,642] [INFO] [ButtonReader] Keyboard: Button 5 toggled OFF (key '5')
[2025-11-21 03:24:33,023] [INFO] [ButtonReader] Keyboard: Button 6 toggled OFF (key '6')
[2025-11-21 03:24:34,730] [INFO] [ButtonReader] Keyboard: Button 6 toggled ON (key '6')
[2025-11-21 03:24:34,731] [INFO] [ButtonReader] Button 6 pressed
[2025-11-21 03:24:35,395] [INFO] [ButtonReader] Keyboard: Button 6 toggled OFF (key '6')
[2025-11-21 03:24:36,956] [INFO] [ButtonReader] Keyboard: Button 7 toggled OFF (key '7')
[2025-11-21 03:24:37,699] [INFO] [ButtonReader] Keyboard: Button 7 toggled ON (key '7')
[2025-11-21 03:24:37,700] [INFO] [ButtonReader] Button 7 pressed
[2025-11-21 03:24:39,576] [INFO] [ButtonReader] Keyboard: Button 7 toggled OFF (key '7')
[2025-11-21 03:24:52,173] [INFO] [ButtonReader] Keyboard: Button 0 toggled OFF (key '0')
[2025-11-21 03:24:53,076] [INFO] [ButtonReader] Keyboard: Button 0 toggled ON (key '0')
[2025-11-21 03:24:53,077] [INFO] [ButtonReader] Keyboard: Button 0 toggled OFF (key '0')
[2025-11-21 03:24:53,078] [INFO] [ButtonReader] Button 0 pressed
[2025-11-21 03:24:53,079] [DEBUG] [SoundController] Playing sound: AMAZING_SOUND (volume: 1.00)
[2025-11-21 03:24:57,029] [INFO] [ButtonReader] Keyboard: Button 9 toggled ON (key '9')
[2025-11-21 03:24:57,029] [INFO] [ButtonReader] Button 9 pressed
[2025-11-21 03:24:57,030] [DEBUG] [SoundController] Playing sound: APPLAUSE_SOUND (volume: 1.00)
[2025-11-21 03:25:00,030] [INFO] [ButtonReader] Keyboard: Button 9 toggled OFF (key '9')
[2025-11-21 03:25:10,979] [INFO] [GameManager] 💾 Memory - Process: 88.4MB | System: 257/907MB (28.4%, 650MB free) | ⚙️  CPU - Process: 43.9% | System: 14.7% | Cores: [29%, 10%, 9%, 10%]
