[2025-11-20 00:05:38,687] [INFO] [Amplifier] 🎵 HUMAN AMPLIFIER INTERACTIVE SYSTEM
[2025-11-20 00:05:38,688] [INFO] [Amplifier] Button configuration: 10 buttons on GPIO [6, 5, 22, 17, 4, 23, 24, 25, 16, 20]
[2025-11-20 00:05:38,689] [INFO] [Amplifier] LED configuration: 2 strips
[2025-11-20 00:05:38,690] [INFO] [Amplifier]   Strip 1: 300 LEDs on GPIO 21
[2025-11-20 00:05:38,690] [INFO] [Amplifier]   Strip 2: 293 LEDs on GPIO 18
[2025-11-20 00:05:38,691] [INFO] [Amplifier] Game settings: 20ms frame duration (50.0 FPS)
[2025-11-20 00:05:38,691] [INFO] [Amplifier] Button sample rate: 200Hz
[2025-11-20 00:05:38,691] [INFO] [Amplifier] Audio folder: songs
[2025-11-20 00:05:38,692] [INFO] [Amplifier] Schedule: 2 daily, 1 special entries
[2025-11-20 00:05:38,693] [INFO] [ButtonReader] GPIO sampler initialized: 10 pins (no pulls)
[2025-11-20 00:05:38,693] [INFO] [ButtonReader] Pin mapping: Btn0=GPIO6, Btn1=GPIO5, Btn2=GPIO22, Btn3=GPIO17, Btn4=GPIO4, Btn5=GPIO23, Btn6=GPIO24, Btn7=GPIO25, Btn8=GPIO16, Btn9=GPIO20
[2025-11-20 00:05:38,694] [INFO] [ButtonReader] 🎮 Keyboard debug enabled: Press digit keys 0-9 to toggle buttons (works over SSH)
[2025-11-20 00:05:38,694] [INFO] [ButtonReader]    Each keypress toggles button ON/OFF
[2025-11-20 00:05:38,695] [INFO] [ButtonReader] ButtonReader initialized with 10 buttons
[2025-11-20 00:05:38,696] [INFO] [SongLibrary] Creating song codes dictionary
[2025-11-20 00:05:40,739] [INFO] [SongLibrary] Loaded 547 song codes from 10 collections
[2025-11-20 00:05:40,740] [INFO] [SongLibrary] Collections updated: ['MORNING', 'MAIJAM', 'VIRAL', 'PARTY', 'GENERAL', 'SPANISH', 'FESTIGAL', 'TV', 'DISNEY', 'CLASSIC']
[2025-11-20 00:05:48,876] [INFO] [SoundController] Sound controller initialized - mixer ready, first song will load on demand
[2025-11-20 00:05:48,883] [INFO] [GameManager] GameManager initialized: 20ms frame duration, 2 LED strips
[2025-11-20 00:05:48,884] [INFO] [Amplifier] HumanAmplifier system initialized successfully
[2025-11-20 00:05:48,884] [INFO] [Amplifier] Hardware: 10 buttons, 2 LED strips, 20ms frame duration
[2025-11-20 00:05:48,885] [INFO] [Amplifier] Audio system: {'songs_folder': 'songs', 'all_collections': ['MORNING', 'MAIJAM', 'VIRAL', 'PARTY', 'GENERAL', 'SPANISH', 'FESTIGAL', 'TV', 'DISNEY', 'CLASSIC'], 'total_codes': 547, 'daily_schedule_entries': 2, 'special_schedule_entries': 1}
[2025-11-20 00:05:48,885] [INFO] [Amplifier] Sound controller initialized successfully
[2025-11-20 00:05:48,886] [INFO] [Amplifier] ✅ System initialized successfully!
[2025-11-20 00:05:48,886] [INFO] [Amplifier] Hardware status: 10 buttons, 2 LED strips
[2025-11-20 00:05:48,887] [INFO] [Amplifier]   Strip 1: 300 LEDs active
[2025-11-20 00:05:48,887] [INFO] [Amplifier]   Strip 2: 293 LEDs active
[2025-11-20 00:05:48,887] [INFO] [Amplifier] Audio system: 547 song codes, 12 sound effects
[2025-11-20 00:05:48,888] [INFO] [Amplifier] Available collections: MORNING, MAIJAM, VIRAL, PARTY, GENERAL, SPANISH, FESTIGAL, TV, DISNEY, CLASSIC
[2025-11-20 00:05:48,888] [INFO] [Amplifier] 🚀 Starting HumanAmplifier system...
[2025-11-20 00:05:48,889] [INFO] [GameManager] Starting game loop with 20ms frame duration
[2025-11-20 00:05:48,892] [INFO] [GameManager] 💾 Memory - Process: 86.2MB | System: 259/907MB (28.6%, 648MB free) | ⚙️  CPU - Process: 0.0% | System: 28.6% | Cores: [3%, 7%, 99%, 4%]
[2025-11-20 00:06:48,895] [INFO] [GameManager] 💾 Memory - Process: 86.2MB | System: 235/907MB (25.9%, 672MB free) | ⚙️  CPU - Process: 24.4% | System: 10.8% | Cores: [10%, 13%, 10%, 11%]
[2025-11-20 00:07:13,216] [INFO] [ButtonReader] Keyboard: Button 7 toggled ON (key '7')
[2025-11-20 00:07:13,231] [INFO] [GameManager] State transition: IdleState → AmplifyState
[2025-11-20 00:07:13,249] [INFO] [SoundController] Song "Earth, Wind & Fire - September (Official HD Video).mp3" was randomly started
[2025-11-20 00:07:13,753] [INFO] [ButtonReader] Keyboard: Button 7 toggled OFF (key '7')
[2025-11-20 00:07:13,756] [INFO] [GameManager] State transition: AmplifyState → IdleState
[2025-11-20 00:07:14,154] [INFO] [ButtonReader] Keyboard: Button 7 toggled ON (key '7')
[2025-11-20 00:07:14,166] [INFO] [GameManager] State transition: IdleState → AmplifyState
[2025-11-20 00:07:14,184] [INFO] [SoundController] Song "POLO _ PAN — Les jolies choses (official audio) (320kbps).mp3" was randomly started
[2025-11-20 00:07:14,567] [INFO] [ButtonReader] Keyboard: Button 7 toggled OFF (key '7')
[2025-11-20 00:07:14,582] [INFO] [GameManager] State transition: AmplifyState → IdleState
[2025-11-20 00:07:14,989] [INFO] [ButtonReader] Keyboard: Button 7 toggled ON (key '7')
[2025-11-20 00:07:14,990] [INFO] [GameManager] Triple 777 detected - entering code mode!
[2025-11-20 00:07:14,990] [INFO] [GameManager] State transition: IdleState → CodeModeState
[2025-11-20 00:07:15,002] [INFO] [CodeModeState] Entered code mode - awaiting 5-digit code
[2025-11-20 00:07:17,622] [INFO] [ButtonReader] Keyboard: Button 6 toggled ON (key '6')
[2025-11-20 00:07:18,571] [INFO] [ButtonReader] Keyboard: Button 3 toggled ON (key '3')
[2025-11-20 00:07:19,172] [INFO] [ButtonReader] Keyboard: Button 8 toggled ON (key '8')
[2025-11-20 00:07:19,735] [INFO] [ButtonReader] Keyboard: Button 0 toggled ON (key '0')
[2025-11-20 00:07:20,599] [INFO] [ButtonReader] Keyboard: Button 4 toggled ON (key '4')
[2025-11-20 00:07:20,600] [INFO] [CodeModeState] Code entered: 63804
[2025-11-20 00:07:20,600] [INFO] [CodeModeState] Valid code! Transitioning to CodeRevealState
[2025-11-20 00:07:20,603] [INFO] [GameManager] State transition: CodeModeState → CodeRevealState
[2025-11-20 00:07:20,624] [INFO] [CodeRevealState] Code reveal started for code: 63804
[2025-11-20 00:07:24,542] [INFO] [CodeRevealState] Loading song by code: 63804
[2025-11-20 00:07:24,543] [INFO] [SoundController] Playing song by code 63804: "Bach - Aria (from) Hunt Cantata.mp3"
[2025-11-20 00:07:24,544] [INFO] [CodeRevealState] Song loaded successfully, transitioning to PartyState
[2025-11-20 00:07:24,547] [INFO] [GameManager] State transition: CodeRevealState → PartyState
[2025-11-20 00:07:24,558] [INFO] [PartyState] 🎉 PARTY MODE ACTIVATED for song: Bach - Aria (from) Hunt Cantata.mp3
[2025-11-20 00:07:48,907] [INFO] [GameManager] 💾 Memory - Process: 86.2MB | System: 237/907MB (26.1%, 670MB free) | ⚙️  CPU - Process: 21.7% | System: 9.4% | Cores: [8%, 10%, 9%, 11%]
[2025-11-20 00:08:48,924] [INFO] [GameManager] 💾 Memory - Process: 86.2MB | System: 235/907MB (25.9%, 672MB free) | ⚙️  CPU - Process: 26.9% | System: 10.3% | Cores: [10%, 8%, 14%, 9%]
[2025-11-20 00:09:48,937] [INFO] [GameManager] 💾 Memory - Process: 86.3MB | System: 238/907MB (26.3%, 669MB free) | ⚙️  CPU - Process: 25.0% | System: 10.2% | Cores: [9%, 10%, 13%, 9%]
[2025-11-20 00:10:48,956] [INFO] [GameManager] 💾 Memory - Process: 86.3MB | System: 235/907MB (25.9%, 672MB free) | ⚙️  CPU - Process: 24.5% | System: 10.1% | Cores: [8%, 9%, 12%, 12%]
[2025-11-20 00:11:24,685] [INFO] [PartyState] Song finished, returning to idle
[2025-11-20 00:11:24,698] [INFO] [GameManager] State transition: PartyState → IdleState
[2025-11-20 00:11:48,965] [INFO] [GameManager] 💾 Memory - Process: 86.3MB | System: 238/907MB (26.2%, 669MB free) | ⚙️  CPU - Process: 25.8% | System: 10.4% | Cores: [14%, 8%, 10%, 9%]
[2025-11-20 00:12:48,978] [INFO] [GameManager] 💾 Memory - Process: 86.3MB | System: 239/907MB (26.4%, 668MB free) | ⚙️  CPU - Process: 25.1% | System: 10.7% | Cores: [8%, 12%, 14%, 8%]
[2025-11-20 00:13:48,979] [INFO] [GameManager] 💾 Memory - Process: 86.3MB | System: 237/907MB (26.2%, 670MB free) | ⚙️  CPU - Process: 24.3% | System: 9.5% | Cores: [9%, 13%, 11%, 6%]
[2025-11-20 00:14:48,991] [INFO] [GameManager] 💾 Memory - Process: 86.3MB | System: 237/907MB (26.1%, 670MB free) | ⚙️  CPU - Process: 25.2% | System: 9.9% | Cores: [10%, 12%, 12%, 6%]
[2025-11-20 00:15:49,002] [INFO] [GameManager] 💾 Memory - Process: 86.3MB | System: 237/907MB (26.2%, 670MB free) | ⚙️  CPU - Process: 25.4% | System: 10.9% | Cores: [10%, 13%, 13%, 8%]
[2025-11-20 00:16:49,004] [INFO] [GameManager] 💾 Memory - Process: 86.3MB | System: 236/907MB (26.0%, 671MB free) | ⚙️  CPU - Process: 24.2% | System: 9.7% | Cores: [10%, 9%, 7%, 12%]
[2025-11-20 00:17:49,014] [INFO] [GameManager] 💾 Memory - Process: 86.3MB | System: 237/907MB (26.1%, 670MB free) | ⚙️  CPU - Process: 24.2% | System: 8.0% | Cores: [3%, 5%, 11%, 12%]
[2025-11-20 00:18:49,024] [INFO] [GameManager] 💾 Memory - Process: 86.3MB | System: 238/907MB (26.2%, 669MB free) | ⚙️  CPU - Process: 24.1% | System: 8.1% | Cores: [4%, 12%, 11%, 4%]
[2025-11-20 00:19:49,032] [INFO] [GameManager] 💾 Memory - Process: 86.3MB | System: 239/907MB (26.4%, 667MB free) | ⚙️  CPU - Process: 25.1% | System: 9.4% | Cores: [14%, 8%, 10%, 6%]
[2025-11-20 00:20:49,046] [INFO] [GameManager] 💾 Memory - Process: 86.3MB | System: 241/907MB (26.6%, 666MB free) | ⚙️  CPU - Process: 24.1% | System: 10.6% | Cores: [9%, 9%, 11%, 13%]
[2025-11-20 00:21:49,050] [INFO] [GameManager] 💾 Memory - Process: 86.3MB | System: 242/907MB (26.7%, 665MB free) | ⚙️  CPU - Process: 24.3% | System: 9.2% | Cores: [9%, 11%, 6%, 10%]
[2025-11-20 00:22:49,052] [INFO] [GameManager] 💾 Memory - Process: 86.3MB | System: 240/907MB (26.4%, 667MB free) | ⚙️  CPU - Process: 25.0% | System: 6.9% | Cores: [11%, 11%, 2%, 4%]
[2025-11-20 00:23:49,065] [INFO] [GameManager] 💾 Memory - Process: 86.3MB | System: 239/907MB (26.4%, 668MB free) | ⚙️  CPU - Process: 24.1% | System: 5.9% | Cores: [12%, 1%, 10%, 1%]
[2025-11-20 00:23:50,510] [INFO] [GameManager] State transition: IdleState → AmplifyState
[2025-11-20 00:23:50,524] [INFO] [SoundController] Song "American Boy - Estelle.mp3" was randomly started
[2025-11-20 00:23:55,557] [INFO] [GameManager] State transition: AmplifyState → IdleState
[2025-11-20 00:23:59,989] [INFO] [GameManager] State transition: IdleState → AmplifyState
[2025-11-20 00:24:00,008] [INFO] [SoundController] Song "Bill Medley, Jennifer Warnes - (I_ve Had) The Time Of My Life (Official HD Video).mp3" was randomly started
[2025-11-20 00:24:01,154] [INFO] [GameManager] State transition: AmplifyState → IdleState
[2025-11-20 00:24:49,073] [INFO] [GameManager] 💾 Memory - Process: 86.3MB | System: 240/907MB (26.5%, 667MB free) | ⚙️  CPU - Process: 22.3% | System: 6.9% | Cores: [4%, 15%, 4%, 4%]
[2025-11-20 00:25:49,091] [INFO] [GameManager] 💾 Memory - Process: 86.3MB | System: 242/907MB (26.7%, 665MB free) | ⚙️  CPU - Process: 24.3% | System: 10.1% | Cores: [5%, 9%, 17%, 10%]
[2025-11-20 00:26:49,092] [INFO] [GameManager] 💾 Memory - Process: 86.3MB | System: 243/907MB (26.7%, 664MB free) | ⚙️  CPU - Process: 24.8% | System: 9.2% | Cores: [8%, 10%, 13%, 5%]
[2025-11-20 00:26:55,266] [CRITICAL] [Amplifier] ⚠️  SIGNAL RECEIVED: 1 - Process terminating
[2025-11-20 00:26:55,268] [CRITICAL] [Amplifier] Emergency flush triggered
[2025-11-20 00:26:55,268] [CRITICAL] [Amplifier] ⚠️  SIGNAL RECEIVED: 15 - Process terminating
[2025-11-20 00:26:55,269] [CRITICAL] [Amplifier] Emergency flush triggered
[2025-11-20 00:26:55,269] [INFO] [Amplifier] ✅ HumanAmplifier system shut down
