[2025-11-20 03:29:52,843] [INFO] [Amplifier] 🎵 HUMAN AMPLIFIER INTERACTIVE SYSTEM
[2025-11-20 03:29:52,844] [INFO] [Amplifier] Button configuration: 10 buttons on GPIO [6, 5, 22, 17, 4, 23, 24, 25, 16, 20]
[2025-11-20 03:29:52,844] [INFO] [Amplifier] LED configuration: 2 strips
[2025-11-20 03:29:52,845] [INFO] [Amplifier]   Strip 1: 300 LEDs on GPIO 21
[2025-11-20 03:29:52,846] [INFO] [Amplifier]   Strip 2: 293 LEDs on GPIO 18
[2025-11-20 03:29:52,846] [INFO] [Amplifier] Game settings: 20ms frame duration (50.0 FPS)
[2025-11-20 03:29:52,847] [INFO] [Amplifier] Button sample rate: 200Hz
[2025-11-20 03:29:52,847] [INFO] [Amplifier] Audio folder: songs
[2025-11-20 03:29:52,848] [INFO] [Amplifier] Schedule: 2 daily, 1 special entries
[2025-11-20 03:29:52,849] [INFO] [ButtonReader] GPIO sampler initialized: 10 pins (no pulls)
[2025-11-20 03:29:52,849] [INFO] [ButtonReader] Pin mapping: Btn0=GPIO6, Btn1=GPIO5, Btn2=GPIO22, Btn3=GPIO17, Btn4=GPIO4, Btn5=GPIO23, Btn6=GPIO24, Btn7=GPIO25, Btn8=GPIO16, Btn9=GPIO20
[2025-11-20 03:29:52,850] [INFO] [ButtonReader] 🎮 Keyboard debug enabled: Press digit keys 0-9 to toggle buttons (works over SSH)
[2025-11-20 03:29:52,850] [INFO] [ButtonReader]    Each keypress toggles button ON/OFF
[2025-11-20 03:29:52,851] [INFO] [ButtonReader] ButtonReader initialized with 10 buttons
[2025-11-20 03:29:52,851] [INFO] [SongLibrary] Creating song codes dictionary
[2025-11-20 03:29:54,956] [INFO] [SongLibrary] Loaded 547 song codes from 10 collections
[2025-11-20 03:29:54,957] [INFO] [SongLibrary] Collections updated: ['MORNING', 'SPANISH', 'VIRAL', 'TV', 'PARTY', 'GENERAL', 'MAIJAM', 'CLASSIC', 'FESTIGAL', 'DISNEY']
[2025-11-20 03:30:03,351] [INFO] [SoundController] Sound controller initialized - mixer ready, first song will load on demand
[2025-11-20 03:30:03,358] [INFO] [GameManager] GameManager initialized: 20ms frame duration, 2 LED strips
[2025-11-20 03:30:03,358] [INFO] [Amplifier] HumanAmplifier system initialized successfully
[2025-11-20 03:30:03,359] [INFO] [Amplifier] Hardware: 10 buttons, 2 LED strips, 20ms frame duration
[2025-11-20 03:30:03,359] [INFO] [Amplifier] Audio system: {'songs_folder': 'songs', 'all_collections': ['MORNING', 'SPANISH', 'VIRAL', 'TV', 'PARTY', 'GENERAL', 'MAIJAM', 'CLASSIC', 'FESTIGAL', 'DISNEY'], 'total_codes': 547, 'daily_schedule_entries': 2, 'special_schedule_entries': 1}
[2025-11-20 03:30:03,360] [INFO] [Amplifier] Sound controller initialized successfully
[2025-11-20 03:30:03,361] [INFO] [Amplifier] ✅ System initialized successfully!
[2025-11-20 03:30:03,362] [INFO] [Amplifier] Hardware status: 10 buttons, 2 LED strips
[2025-11-20 03:30:03,362] [INFO] [Amplifier]   Strip 1: 300 LEDs active
[2025-11-20 03:30:03,363] [INFO] [Amplifier]   Strip 2: 293 LEDs active
[2025-11-20 03:30:03,363] [INFO] [Amplifier] Audio system: 547 song codes, 13 sound effects
[2025-11-20 03:30:03,364] [INFO] [Amplifier] Available collections: MORNING, SPANISH, VIRAL, TV, PARTY, GENERAL, MAIJAM, CLASSIC, FESTIGAL, DISNEY
[2025-11-20 03:30:03,364] [INFO] [Amplifier] 🚀 Starting HumanAmplifier system...
[2025-11-20 03:30:03,365] [INFO] [GameManager] Starting game loop with 20ms frame duration
[2025-11-20 03:30:03,368] [INFO] [GameManager] 💾 Memory - Process: 88.0MB | System: 262/907MB (28.9%, 645MB free) | ⚙️  CPU - Process: 0.0% | System: 29.3% | Cores: [6%, 88%, 16%, 7%]
[2025-11-20 03:30:07,991] [CRITICAL] [Amplifier] ⚠️  SIGNAL RECEIVED: 2 - Process terminating
[2025-11-20 03:30:07,991] [CRITICAL] [Amplifier] Emergency flush triggered
[2025-11-20 03:30:08,372] [INFO] [SoundController] Sound controller cleaned up successfully
[2025-11-20 03:30:08,383] [INFO] [GameManager] Game stopped
[2025-11-20 03:30:08,384] [INFO] [Amplifier] ✅ HumanAmplifier system shut down
