[2025-11-10 02:16:23,588] [INFO] [Amplifier] 🎵 HUMAN AMPLIFIER INTERACTIVE SYSTEM
[2025-11-10 02:16:23,589] [INFO] [Amplifier] Button configuration: 3 buttons on GPIO [4, 5, 22]
[2025-11-10 02:16:23,591] [INFO] [Amplifier] LED configuration: 2 strips
[2025-11-10 02:16:23,591] [INFO] [Amplifier]   Strip 1: 300 LEDs on GPIO 18
[2025-11-10 02:16:23,592] [INFO] [Amplifier]   Strip 2: 300 LEDs on GPIO 21
[2025-11-10 02:16:23,593] [INFO] [Amplifier] Game settings: 20ms frame duration (50.0 FPS)
[2025-11-10 02:16:23,594] [INFO] [Amplifier] Button sample rate: 200Hz
[2025-11-10 02:16:23,595] [INFO] [Amplifier] Audio folder: songs
[2025-11-10 02:16:23,597] [INFO] [Amplifier] Schedule: 2 daily, 1 special entries
[2025-11-10 02:16:24,552] [INFO] [ButtonReader] GPIO setup complete: 3 pins, no pulls
[2025-11-10 02:16:24,553] [INFO] [ButtonReader] ButtonReader initialized with 3 buttons
[2025-11-10 02:16:24,554] [INFO] [ButtonReader] Button mapping: Button0=GPIO4, Button1=GPIO5, Button2=GPIO22
[2025-11-10 02:16:24,561] [INFO] [SongLibrary] Creating song codes dictionary
[2025-11-10 02:16:24,722] [INFO] [SongLibrary] Loaded 1 song codes from 1 collections
[2025-11-10 02:16:24,723] [INFO] [SongLibrary] Collections updated: ['TESTS']
[2025-11-10 02:16:25,143] [INFO] [GameManager] Entering state: IdleState
[2025-11-10 02:16:25,145] [INFO] [GameManager] GameManager initialized: 20ms frame duration, 2 LED strips
[2025-11-10 02:16:25,146] [INFO] [Amplifier] HumanAmplifier system initialized successfully
[2025-11-10 02:16:25,146] [INFO] [Amplifier] Hardware: 3 buttons, 2 LED strips, 20ms frame duration
[2025-11-10 02:16:25,147] [INFO] [Amplifier] Audio system: {'songs_folder': 'songs', 'all_collections': ['TESTS'], 'total_codes': 1, 'daily_schedule_entries': 2, 'special_schedule_entries': 1}
[2025-11-10 02:16:25,148] [INFO] [Amplifier] Sound controller initialized successfully
[2025-11-10 02:16:25,149] [INFO] [Amplifier] ✅ System initialized successfully!
[2025-11-10 02:16:25,150] [INFO] [Amplifier] Hardware status: 3 buttons, 2 LED strips
[2025-11-10 02:16:25,151] [INFO] [Amplifier]   Strip 1: 300 LEDs active
[2025-11-10 02:16:25,151] [INFO] [Amplifier]   Strip 2: 300 LEDs active
[2025-11-10 02:16:25,152] [INFO] [Amplifier] Audio system: 1 song codes, 9 sound effects
[2025-11-10 02:16:25,153] [INFO] [Amplifier] Available collections: TESTS
[2025-11-10 02:16:25,154] [INFO] [Amplifier] 🚀 Starting HumanAmplifier system...
[2025-11-10 02:16:25,155] [INFO] [GameManager] Starting game loop with 20ms frame duration
[2025-11-10 02:16:25,156] [INFO] [GameManager] Exiting state: IdleState
[2025-11-10 02:16:25,157] [INFO] [GameManager] State transition: IdleState → AmplifyState
[2025-11-10 02:16:25,158] [INFO] [GameManager] Entering state: AmplifyState
[2025-11-10 02:16:25,170] [DEBUG] [AmplifyState] AmplifyState activated with buttons: [1]
[2025-11-10 02:16:33,266] [DEBUG] [AmplifyState] AmplifyState button change - currently pressed: [1, 2]
[2025-11-10 02:16:33,909] [INFO] [GameManager] Exiting state: AmplifyState
[2025-11-10 02:16:33,910] [INFO] [GameManager] State transition: AmplifyState → PartyState
[2025-11-10 02:16:33,911] [INFO] [GameManager] Entering state: PartyState
[2025-11-10 02:16:33,921] [INFO] [PartyState] 🎉 PARTY MODE ACTIVATED!
[2025-11-10 02:18:08,803] [INFO] [GameManager] Game stopped by user (Ctrl+C)
[2025-11-10 02:18:08,814] [INFO] [GameManager] Game stopped
[2025-11-10 02:18:08,815] [INFO] [Amplifier] ✅ HumanAmplifier system shut down
