[2025-11-21 01:56:59,204] [INFO] [Amplifier] 🎵 HUMAN AMPLIFIER INTERACTIVE SYSTEM
[2025-11-21 01:56:59,205] [INFO] [Amplifier] Button configuration: 10 buttons on GPIO [6, 5, 22, 17, 4, 23, 24, 25, 16, 20]
[2025-11-21 01:56:59,205] [INFO] [Amplifier] LED configuration: 2 strips
[2025-11-21 01:56:59,205] [INFO] [Amplifier]   Strip 1: 300 LEDs on GPIO 21
[2025-11-21 01:56:59,206] [INFO] [Amplifier]   Strip 2: 293 LEDs on GPIO 18
[2025-11-21 01:56:59,206] [INFO] [Amplifier] Game settings: 20ms frame duration (50.0 FPS)
[2025-11-21 01:56:59,206] [INFO] [Amplifier] Button sample rate: 200Hz
[2025-11-21 01:56:59,207] [INFO] [Amplifier] Audio folder: songs
[2025-11-21 01:56:59,207] [INFO] [Amplifier] Schedule: 13 daily, 1 special entries
[2025-11-21 01:56:59,208] [INFO] [ButtonReader] 🎮 Keyboard sampler initialized (NO GPIO)
[2025-11-21 01:56:59,208] [INFO] [ButtonReader]    10 virtual buttons mapped to digit keys 0-9
[2025-11-21 01:56:59,208] [INFO] [ButtonReader]    Press digit keys to toggle buttons ON/OFF
[2025-11-21 01:56:59,208] [INFO] [ButtonReader]    Each keypress toggles button ON/OFF
[2025-11-21 01:56:59,209] [INFO] [ButtonReader] ButtonReader initialized with 10 buttons
[2025-11-21 01:56:59,210] [INFO] [SongLibrary] Creating song codes dictionary
[2025-11-21 01:57:01,627] [INFO] [SongLibrary] Loaded 722 song codes from 11 collections
[2025-11-21 01:57:01,628] [INFO] [SongLibrary] Collections updated: ['MAIJAM']
[2025-11-21 01:57:01,727] [INFO] [SoundController] Pygame mixer initialized: 48000Hz, format=-16, channels=2
[2025-11-21 01:57:09,997] [INFO] [SoundController] Sound controller initialized - mixer ready, first song will load on demand
[2025-11-21 01:57:10,005] [INFO] [GameManager] GameManager initialized: 20ms frame duration, 2 LED strips
[2025-11-21 01:57:10,005] [INFO] [Amplifier] HumanAmplifier system initialized successfully
[2025-11-21 01:57:10,006] [INFO] [Amplifier] Hardware: 10 buttons, 2 LED strips, 20ms frame duration
[2025-11-21 01:57:10,007] [INFO] [Amplifier] Audio system: {'songs_folder': 'songs', 'all_collections': ['GENERAL', 'FESTIGAL', 'PARTY', 'TV', 'HAFLA', 'VIRAL', 'MAIJAM', 'CLASSIC', 'SPANISH', 'MORNING', 'DISNEY'], 'total_codes': 722, 'daily_schedule_entries': 13, 'special_schedule_entries': 1}
[2025-11-21 01:57:10,007] [INFO] [Amplifier] Sound controller initialized successfully
[2025-11-21 01:57:10,008] [INFO] [Amplifier] ✅ System initialized successfully!
[2025-11-21 01:57:10,009] [INFO] [Amplifier] Hardware status: 10 buttons, 2 LED strips
[2025-11-21 01:57:10,009] [INFO] [Amplifier]   Strip 1: 300 LEDs active
[2025-11-21 01:57:10,010] [INFO] [Amplifier]   Strip 2: 293 LEDs active
[2025-11-21 01:57:10,011] [INFO] [Amplifier] Audio system: 722 song codes, 13 sound effects
[2025-11-21 01:57:10,012] [INFO] [Amplifier] Available collections: GENERAL, FESTIGAL, PARTY, TV, HAFLA, VIRAL, MAIJAM, CLASSIC, SPANISH, MORNING, DISNEY
[2025-11-21 01:57:10,012] [INFO] [Amplifier] ===========================
[2025-11-21 01:57:10,013] [INFO] [Amplifier] 🚀 Starting HumanAmplifier system...
[2025-11-21 01:57:10,013] [INFO] [GameManager] Starting game loop with 20ms frame duration
[2025-11-21 01:57:10,016] [INFO] [GameManager] 💾 Memory - Process: 87.8MB | System: 270/907MB (29.8%, 637MB free) | ⚙️  CPU - Process: 0.0% | System: 29.1% | Cores: [4%, 7%, 99%, 5%]
[2025-11-21 01:57:11,501] [INFO] [ButtonReader] Keyboard: Button 5 toggled ON (key '5')
[2025-11-21 01:57:11,502] [INFO] [ButtonReader] Button 5 pressed
[2025-11-21 01:57:11,503] [DEBUG] [SequenceTracker] UPDATE: '' → '5' (added buttons: [5], elapsed: 0.00s)
[2025-11-21 01:57:11,503] [DEBUG] [IdleState] Checking sequence: '5' (need '777' for code mode)
[2025-11-21 01:57:11,514] [INFO] [AmplifyState] Song "Boney M. - Sunny (Official Audio).mp3" was randomly started 🎚️
[2025-11-21 01:57:13,851] [INFO] [ButtonReader] Keyboard: Button 4 toggled ON (key '4')
[2025-11-21 01:57:13,852] [INFO] [ButtonReader] Button 4 pressed
[2025-11-21 01:57:13,853] [DEBUG] [SequenceTracker] UPDATE: '5' → '54' (added buttons: [4], elapsed: 2.35s)
[2025-11-21 01:57:15,559] [INFO] [ButtonReader] Keyboard: Button 7 toggled ON (key '7')
[2025-11-21 01:57:15,559] [INFO] [ButtonReader] Button 7 pressed
[2025-11-21 01:57:15,560] [DEBUG] [SequenceTracker] UPDATE: '54' → '547' (added buttons: [7], elapsed: 4.06s)
[2025-11-21 01:57:20,362] [INFO] [ButtonReader] Keyboard: Button 6 toggled ON (key '6')
[2025-11-21 01:57:20,363] [INFO] [ButtonReader] Button 6 pressed
[2025-11-21 01:57:20,363] [DEBUG] [SequenceTracker] UPDATE: '547' → '5476' (added buttons: [6], elapsed: 8.86s)
[2025-11-21 01:57:21,910] [INFO] [ButtonReader] Keyboard: Button 0 toggled ON (key '0')
[2025-11-21 01:57:21,930] [INFO] [ButtonReader] Button 0 pressed
[2025-11-21 01:57:21,931] [DEBUG] [SequenceTracker] UPDATE: '5476' → '54760' (added buttons: [0], elapsed: 10.43s)
[2025-11-21 01:57:22,473] [INFO] [ButtonReader] Keyboard: Button 9 toggled ON (key '9')
[2025-11-21 01:57:22,476] [INFO] [ButtonReader] Button 9 pressed
[2025-11-21 01:57:22,477] [DEBUG] [SequenceTracker] UPDATE: '54760' → '547609' (added buttons: [9], elapsed: 10.97s)
[2025-11-21 01:57:28,562] [INFO] [ButtonReader] Keyboard: Button 8 toggled ON (key '8')
[2025-11-21 01:57:28,562] [INFO] [ButtonReader] Button 8 pressed
[2025-11-21 01:57:28,563] [DEBUG] [SequenceTracker] UPDATE: '547609' → '5476098' (added buttons: [8], elapsed: 17.06s)
[2025-11-21 01:57:30,133] [INFO] [ButtonReader] Keyboard: Button 1 toggled ON (key '1')
[2025-11-21 01:57:30,133] [INFO] [ButtonReader] Button 1 pressed
[2025-11-21 01:57:30,134] [DEBUG] [SequenceTracker] UPDATE: '5476098' → '54760981' (added buttons: [1], elapsed: 18.63s)
[2025-11-21 01:57:30,715] [INFO] [ButtonReader] Keyboard: Button 2 toggled ON (key '2')
[2025-11-21 01:57:30,716] [INFO] [ButtonReader] Button 2 pressed
[2025-11-21 01:57:30,716] [DEBUG] [SequenceTracker] UPDATE: '54760981' → '547609812' (added buttons: [2], elapsed: 19.21s)
[2025-11-21 01:57:31,358] [INFO] [ButtonReader] Keyboard: Button 3 toggled ON (key '3')
[2025-11-21 01:57:31,359] [INFO] [ButtonReader] Button 3 pressed
[2025-11-21 01:57:31,360] [DEBUG] [SequenceTracker] UPDATE: '547609812' → '5476098123' (added buttons: [3], elapsed: 19.86s)
[2025-11-21 01:57:31,392] [INFO] [PartyState] 🎉 PARTY MODE ACTIVATED for song: Boney M. - Sunny (Official Audio).mp3
[2025-11-21 01:57:41,563] [INFO] [ButtonReader] Keyboard: Button 4 toggled OFF (key '4')
[2025-11-21 01:57:42,025] [INFO] [ButtonReader] Keyboard: Button 5 toggled OFF (key '5')
[2025-11-21 01:57:43,922] [INFO] [ButtonReader] Keyboard: Button 4 toggled ON (key '4')
[2025-11-21 01:57:43,923] [INFO] [ButtonReader] Button 4 pressed
[2025-11-21 01:57:43,923] [DEBUG] [SequenceTracker] UPDATE: '5476098123' → '4760981234' (added buttons: [4], elapsed: 32.42s) [TRIMMED]
[2025-11-21 01:57:44,364] [INFO] [ButtonReader] Keyboard: Button 5 toggled ON (key '5')
[2025-11-21 01:57:44,365] [INFO] [ButtonReader] Button 5 pressed
[2025-11-21 01:57:44,366] [DEBUG] [SequenceTracker] UPDATE: '4760981234' → '7609812345' (added buttons: [5], elapsed: 32.86s) [TRIMMED]
[2025-11-21 01:57:53,629] [INFO] [PartyState] Party Mode for song "Boney M. - Sunny (Official Audio).mp3" was quite-down! 🤫
[2025-11-21 01:57:53,649] [DEBUG] [SequenceTracker] RESET: cleared sequence '7609812345', elapsed: 42.15s
[2025-11-21 01:58:10,027] [INFO] [GameManager] 💾 Memory - Process: 88.0MB | System: 250/907MB (27.6%, 656MB free) | ⚙️  CPU - Process: 20.2% | System: 8.5% | Cores: [7%, 7%, 9%, 11%]
[2025-11-21 01:58:17,117] [INFO] [ButtonReader] Keyboard: Button 1 toggled OFF (key '1')
[2025-11-21 01:58:17,880] [INFO] [ButtonReader] Keyboard: Button 2 toggled OFF (key '2')
[2025-11-21 01:58:19,327] [INFO] [ButtonReader] Keyboard: Button 1 toggled ON (key '1')
[2025-11-21 01:58:19,328] [INFO] [ButtonReader] Button 1 pressed
[2025-11-21 01:58:19,328] [DEBUG] [SequenceTracker] UPDATE: '' → '1' (added buttons: [1], elapsed: 0.00s)
[2025-11-21 01:58:19,329] [DEBUG] [IdleState] Checking sequence: '1' (need '777' for code mode)
[2025-11-21 01:58:19,341] [INFO] [AmplifyState] Song "Whitney Houston - I Wanna Dance With Somebody.mp3" was randomly started 🎚️
[2025-11-21 01:58:20,150] [INFO] [ButtonReader] Keyboard: Button 2 toggled ON (key '2')
[2025-11-21 01:58:20,151] [INFO] [ButtonReader] Button 2 pressed
[2025-11-21 01:58:20,152] [DEBUG] [SequenceTracker] UPDATE: '1' → '12' (added buttons: [2], elapsed: 0.82s)
[2025-11-21 01:58:20,974] [INFO] [ButtonReader] Keyboard: Button 3 toggled OFF (key '3')
[2025-11-21 01:58:21,878] [INFO] [ButtonReader] Keyboard: Button 3 toggled ON (key '3')
[2025-11-21 01:58:21,878] [INFO] [ButtonReader] Button 3 pressed
[2025-11-21 01:58:21,879] [DEBUG] [SequenceTracker] UPDATE: '12' → '123' (added buttons: [3], elapsed: 2.55s)
[2025-11-21 01:58:22,702] [INFO] [ButtonReader] Keyboard: Button 4 toggled OFF (key '4')
[2025-11-21 01:58:23,267] [INFO] [ButtonReader] Keyboard: Button 4 toggled ON (key '4')
[2025-11-21 01:58:23,268] [INFO] [ButtonReader] Button 4 pressed
[2025-11-21 01:58:23,269] [DEBUG] [SequenceTracker] UPDATE: '123' → '1234' (added buttons: [4], elapsed: 3.94s)
[2025-11-21 01:58:23,890] [INFO] [ButtonReader] Keyboard: Button 5 toggled OFF (key '5')
[2025-11-21 01:58:24,393] [INFO] [ButtonReader] Keyboard: Button 5 toggled ON (key '5')
[2025-11-21 01:58:24,393] [INFO] [ButtonReader] Button 5 pressed
[2025-11-21 01:58:24,394] [DEBUG] [SequenceTracker] UPDATE: '1234' → '12345' (added buttons: [5], elapsed: 5.07s)
[2025-11-21 01:58:24,774] [INFO] [ButtonReader] Keyboard: Button 6 toggled OFF (key '6')
[2025-11-21 01:58:25,638] [INFO] [ButtonReader] Keyboard: Button 7 toggled OFF (key '7')
[2025-11-21 01:58:26,200] [INFO] [ButtonReader] Keyboard: Button 8 toggled OFF (key '8')
[2025-11-21 01:58:26,742] [INFO] [ButtonReader] Keyboard: Button 9 toggled OFF (key '9')
[2025-11-21 01:58:27,184] [INFO] [ButtonReader] Keyboard: Button 0 toggled OFF (key '0')
[2025-11-21 01:58:28,088] [INFO] [ButtonReader] Keyboard: Button 0 toggled ON (key '0')
[2025-11-21 01:58:28,108] [INFO] [ButtonReader] Button 0 pressed
[2025-11-21 01:58:28,109] [DEBUG] [SequenceTracker] UPDATE: '12345' → '123450' (added buttons: [0], elapsed: 8.78s)
[2025-11-21 01:58:28,631] [INFO] [ButtonReader] Keyboard: Button 9 toggled ON (key '9')
[2025-11-21 01:58:28,632] [INFO] [ButtonReader] Button 9 pressed
[2025-11-21 01:58:28,632] [DEBUG] [SequenceTracker] UPDATE: '123450' → '1234509' (added buttons: [9], elapsed: 9.30s)
[2025-11-21 01:58:29,214] [INFO] [ButtonReader] Keyboard: Button 8 toggled ON (key '8')
[2025-11-21 01:58:29,215] [INFO] [ButtonReader] Button 8 pressed
[2025-11-21 01:58:29,216] [DEBUG] [SequenceTracker] UPDATE: '1234509' → '12345098' (added buttons: [8], elapsed: 9.89s)
[2025-11-21 01:58:29,902] [INFO] [ButtonReader] Keyboard: Button 7 toggled ON (key '7')
[2025-11-21 01:58:29,903] [INFO] [ButtonReader] Button 7 pressed
[2025-11-21 01:58:29,903] [DEBUG] [SequenceTracker] UPDATE: '12345098' → '123450987' (added buttons: [7], elapsed: 10.57s)
[2025-11-21 01:58:31,168] [INFO] [ButtonReader] Keyboard: Button 6 toggled ON (key '6')
[2025-11-21 01:58:31,169] [INFO] [ButtonReader] Button 6 pressed
[2025-11-21 01:58:31,170] [DEBUG] [SequenceTracker] UPDATE: '123450987' → '1234509876' (added buttons: [6], elapsed: 11.84s)
[2025-11-21 01:58:31,202] [INFO] [PartyState] 🎉 PARTY MODE ACTIVATED for song: Whitney Houston - I Wanna Dance With Somebody.mp3
[2025-11-21 01:59:10,032] [INFO] [GameManager] 💾 Memory - Process: 88.1MB | System: 253/907MB (27.9%, 654MB free) | ⚙️  CPU - Process: 19.4% | System: 8.5% | Cores: [7%, 7%, 9%, 10%]
[2025-11-21 01:59:14,376] [CRITICAL] [Amplifier] ⚠️  SIGNAL RECEIVED: 2 - Process terminating
[2025-11-21 01:59:14,378] [CRITICAL] [Amplifier] Emergency flush triggered
[2025-11-21 01:59:14,579] [INFO] [SoundController] Sound controller cleaned up successfully
[2025-11-21 01:59:14,590] [INFO] [GameManager] Game stopped
[2025-11-21 01:59:14,590] [INFO] [Amplifier] ✅ HumanAmplifier system shut down
