[2025-11-20 02:47:47,969] [INFO] [Amplifier] 🎵 HUMAN AMPLIFIER INTERACTIVE SYSTEM
[2025-11-20 02:47:47,970] [INFO] [Amplifier] Button configuration: 10 buttons on GPIO [6, 5, 22, 17, 4, 23, 24, 25, 16, 20]
[2025-11-20 02:47:47,970] [INFO] [Amplifier] LED configuration: 2 strips
[2025-11-20 02:47:47,970] [INFO] [Amplifier]   Strip 1: 300 LEDs on GPIO 21
[2025-11-20 02:47:47,971] [INFO] [Amplifier]   Strip 2: 293 LEDs on GPIO 18
[2025-11-20 02:47:47,971] [INFO] [Amplifier] Game settings: 20ms frame duration (50.0 FPS)
[2025-11-20 02:47:47,971] [INFO] [Amplifier] Button sample rate: 200Hz
[2025-11-20 02:47:47,971] [INFO] [Amplifier] Audio folder: songs
[2025-11-20 02:47:47,971] [INFO] [Amplifier] Schedule: 2 daily, 1 special entries
[2025-11-20 02:47:47,972] [INFO] [ButtonReader] GPIO sampler initialized: 10 pins (no pulls)
[2025-11-20 02:47:47,972] [INFO] [ButtonReader] Pin mapping: Btn0=GPIO6, Btn1=GPIO5, Btn2=GPIO22, Btn3=GPIO17, Btn4=GPIO4, Btn5=GPIO23, Btn6=GPIO24, Btn7=GPIO25, Btn8=GPIO16, Btn9=GPIO20
[2025-11-20 02:47:47,973] [INFO] [ButtonReader] 🎮 Keyboard debug enabled: Press digit keys 0-9 to toggle buttons (works over SSH)
[2025-11-20 02:47:47,973] [INFO] [ButtonReader]    Each keypress toggles button ON/OFF
[2025-11-20 02:47:47,973] [INFO] [ButtonReader] ButtonReader initialized with 10 buttons
[2025-11-20 02:47:47,974] [INFO] [SongLibrary] Creating song codes dictionary
[2025-11-20 02:47:50,029] [INFO] [SongLibrary] Loaded 547 song codes from 10 collections
[2025-11-20 02:47:50,029] [INFO] [SongLibrary] Collections updated: ['PARTY', 'CLASSIC', 'GENERAL', 'MORNING', 'DISNEY', 'VIRAL', 'TV', 'MAIJAM', 'FESTIGAL', 'SPANISH']
[2025-11-20 02:47:58,249] [INFO] [SoundController] Sound controller initialized - mixer ready, first song will load on demand
[2025-11-20 02:47:58,255] [INFO] [GameManager] GameManager initialized: 20ms frame duration, 2 LED strips
[2025-11-20 02:47:58,256] [INFO] [Amplifier] HumanAmplifier system initialized successfully
[2025-11-20 02:47:58,256] [INFO] [Amplifier] Hardware: 10 buttons, 2 LED strips, 20ms frame duration
[2025-11-20 02:47:58,257] [INFO] [Amplifier] Audio system: {'songs_folder': 'songs', 'all_collections': ['PARTY', 'CLASSIC', 'GENERAL', 'MORNING', 'DISNEY', 'VIRAL', 'TV', 'MAIJAM', 'FESTIGAL', 'SPANISH'], 'total_codes': 547, 'daily_schedule_entries': 2, 'special_schedule_entries': 1}
[2025-11-20 02:47:58,258] [INFO] [Amplifier] Sound controller initialized successfully
[2025-11-20 02:47:58,258] [INFO] [Amplifier] ✅ System initialized successfully!
[2025-11-20 02:47:58,259] [INFO] [Amplifier] Hardware status: 10 buttons, 2 LED strips
[2025-11-20 02:47:58,259] [INFO] [Amplifier]   Strip 1: 300 LEDs active
[2025-11-20 02:47:58,260] [INFO] [Amplifier]   Strip 2: 293 LEDs active
[2025-11-20 02:47:58,260] [INFO] [Amplifier] Audio system: 547 song codes, 12 sound effects
[2025-11-20 02:47:58,260] [INFO] [Amplifier] Available collections: PARTY, CLASSIC, GENERAL, MORNING, DISNEY, VIRAL, TV, MAIJAM, FESTIGAL, SPANISH
[2025-11-20 02:47:58,261] [INFO] [Amplifier] 🚀 Starting HumanAmplifier system...
[2025-11-20 02:47:58,262] [INFO] [GameManager] Starting game loop with 20ms frame duration
[2025-11-20 02:47:58,264] [INFO] [GameManager] 💾 Memory - Process: 86.2MB | System: 260/907MB (28.7%, 647MB free) | ⚙️  CPU - Process: 0.0% | System: 29.1% | Cores: [99%, 5%, 4%, 6%]
[2025-11-20 02:47:59,989] [CRITICAL] [Amplifier] ⚠️  SIGNAL RECEIVED: 2 - Process terminating
[2025-11-20 02:47:59,989] [CRITICAL] [Amplifier] Emergency flush triggered
[2025-11-20 02:48:00,280] [INFO] [SoundController] Sound controller cleaned up successfully
[2025-11-20 02:48:00,291] [INFO] [GameManager] Game stopped
[2025-11-20 02:48:00,291] [INFO] [Amplifier] ✅ HumanAmplifier system shut down
