[2025-11-20 16:53:37,219] [INFO] [Amplifier] 🎵 HUMAN AMPLIFIER INTERACTIVE SYSTEM
[2025-11-20 16:53:37,220] [INFO] [Amplifier] Button configuration: 10 buttons on GPIO [6, 5, 22, 17, 4, 23, 24, 25, 16, 20]
[2025-11-20 16:53:37,221] [INFO] [Amplifier] LED configuration: 2 strips
[2025-11-20 16:53:37,221] [INFO] [Amplifier]   Strip 1: 300 LEDs on GPIO 21
[2025-11-20 16:53:37,222] [INFO] [Amplifier]   Strip 2: 293 LEDs on GPIO 18
[2025-11-20 16:53:37,224] [INFO] [Amplifier] Game settings: 20ms frame duration (50.0 FPS)
[2025-11-20 16:53:37,224] [INFO] [Amplifier] Button sample rate: 200Hz
[2025-11-20 16:53:37,225] [INFO] [Amplifier] Audio folder: songs
[2025-11-20 16:53:37,225] [INFO] [Amplifier] Schedule: 2 daily, 1 special entries
[2025-11-20 16:53:37,226] [INFO] [ButtonReader] 🎮 Keyboard sampler initialized (NO GPIO)
[2025-11-20 16:53:37,227] [INFO] [ButtonReader]    10 virtual buttons mapped to digit keys 0-9
[2025-11-20 16:53:37,227] [INFO] [ButtonReader]    Press digit keys to toggle buttons ON/OFF
[2025-11-20 16:53:37,227] [INFO] [ButtonReader]    Each keypress toggles button ON/OFF
[2025-11-20 16:53:37,228] [INFO] [ButtonReader] ButtonReader initialized with 10 buttons
[2025-11-20 16:53:37,228] [INFO] [SongLibrary] Creating song codes dictionary
[2025-11-20 16:53:39,842] [INFO] [SongLibrary] Loaded 722 song codes from 11 collections
[2025-11-20 16:53:39,843] [INFO] [SongLibrary] Collections updated: ['MAIJAM']
[2025-11-20 16:53:48,228] [INFO] [SoundController] Sound controller initialized - mixer ready, first song will load on demand
[2025-11-20 16:53:48,234] [INFO] [GameManager] GameManager initialized: 20ms frame duration, 2 LED strips
[2025-11-20 16:53:48,235] [INFO] [Amplifier] HumanAmplifier system initialized successfully
[2025-11-20 16:53:48,235] [INFO] [Amplifier] Hardware: 10 buttons, 2 LED strips, 20ms frame duration
[2025-11-20 16:53:48,236] [INFO] [Amplifier] Audio system: {'songs_folder': 'songs', 'all_collections': ['DISNEY', 'CLASSIC', 'FESTIGAL', 'MORNING', 'VIRAL', 'HAFLA', 'PARTY', 'SPANISH', 'MAIJAM', 'GENERAL', 'TV'], 'total_codes': 722, 'daily_schedule_entries': 2, 'special_schedule_entries': 1}
[2025-11-20 16:53:48,236] [INFO] [Amplifier] Sound controller initialized successfully
[2025-11-20 16:53:48,237] [INFO] [Amplifier] ✅ System initialized successfully!
[2025-11-20 16:53:48,237] [INFO] [Amplifier] Hardware status: 10 buttons, 2 LED strips
[2025-11-20 16:53:48,238] [INFO] [Amplifier]   Strip 1: 300 LEDs active
[2025-11-20 16:53:48,238] [INFO] [Amplifier]   Strip 2: 293 LEDs active
[2025-11-20 16:53:48,239] [INFO] [Amplifier] Audio system: 722 song codes, 13 sound effects
[2025-11-20 16:53:48,239] [INFO] [Amplifier] Available collections: DISNEY, CLASSIC, FESTIGAL, MORNING, VIRAL, HAFLA, PARTY, SPANISH, MAIJAM, GENERAL, TV
[2025-11-20 16:53:48,240] [INFO] [Amplifier] 🚀 Starting HumanAmplifier system...
[2025-11-20 16:53:48,240] [INFO] [GameManager] Starting game loop with 20ms frame duration
[2025-11-20 16:53:48,243] [INFO] [GameManager] 💾 Memory - Process: 88.2MB | System: 244/907MB (26.9%, 663MB free) | ⚙️  CPU - Process: 0.0% | System: 29.6% | Cores: [5%, 7%, 6%, 99%]
[2025-11-20 16:54:48,258] [INFO] [GameManager] 💾 Memory - Process: 88.2MB | System: 245/907MB (27.0%, 662MB free) | ⚙️  CPU - Process: 29.7% | System: 11.6% | Cores: [8%, 18%, 12%, 8%]
[2025-11-20 16:55:48,273] [INFO] [GameManager] 💾 Memory - Process: 88.2MB | System: 244/907MB (26.9%, 663MB free) | ⚙️  CPU - Process: 30.1% | System: 11.5% | Cores: [9%, 15%, 10%, 12%]
[2025-11-20 16:56:48,288] [INFO] [GameManager] 💾 Memory - Process: 88.2MB | System: 242/907MB (26.7%, 665MB free) | ⚙️  CPU - Process: 29.6% | System: 11.0% | Cores: [12%, 6%, 17%, 9%]
[2025-11-20 16:57:48,303] [INFO] [GameManager] 💾 Memory - Process: 88.2MB | System: 243/907MB (26.9%, 663MB free) | ⚙️  CPU - Process: 29.7% | System: 11.0% | Cores: [5%, 10%, 17%, 12%]
[2025-11-20 16:58:48,308] [INFO] [GameManager] 💾 Memory - Process: 88.2MB | System: 245/907MB (27.0%, 662MB free) | ⚙️  CPU - Process: 29.7% | System: 11.0% | Cores: [7%, 6%, 16%, 15%]
[2025-11-20 16:59:48,327] [INFO] [GameManager] 💾 Memory - Process: 88.2MB | System: 244/907MB (26.9%, 663MB free) | ⚙️  CPU - Process: 29.8% | System: 11.0% | Cores: [9%, 11%, 13%, 11%]
[2025-11-20 17:00:48,345] [INFO] [GameManager] 💾 Memory - Process: 88.2MB | System: 247/907MB (27.2%, 660MB free) | ⚙️  CPU - Process: 30.5% | System: 11.2% | Cores: [21%, 8%, 8%, 6%]
[2025-11-20 17:01:48,353] [INFO] [GameManager] 💾 Memory - Process: 88.2MB | System: 244/907MB (26.9%, 663MB free) | ⚙️  CPU - Process: 29.8% | System: 11.0% | Cores: [10%, 12%, 13%, 8%]
[2025-11-20 17:02:48,366] [INFO] [GameManager] 💾 Memory - Process: 88.2MB | System: 243/907MB (26.8%, 664MB free) | ⚙️  CPU - Process: 29.7% | System: 11.0% | Cores: [17%, 6%, 8%, 13%]
[2025-11-20 17:03:48,375] [INFO] [GameManager] 💾 Memory - Process: 88.2MB | System: 244/907MB (27.0%, 662MB free) | ⚙️  CPU - Process: 29.7% | System: 11.0% | Cores: [10%, 14%, 6%, 14%]
[2025-11-20 17:04:48,375] [INFO] [GameManager] 💾 Memory - Process: 88.2MB | System: 245/907MB (27.0%, 662MB free) | ⚙️  CPU - Process: 29.8% | System: 11.8% | Cores: [16%, 14%, 9%, 8%]
[2025-11-20 17:05:48,395] [INFO] [GameManager] 💾 Memory - Process: 88.2MB | System: 242/907MB (26.7%, 665MB free) | ⚙️  CPU - Process: 31.0% | System: 11.4% | Cores: [12%, 15%, 11%, 9%]
[2025-11-20 17:06:48,406] [INFO] [GameManager] 💾 Memory - Process: 88.3MB | System: 241/907MB (26.5%, 666MB free) | ⚙️  CPU - Process: 30.2% | System: 11.2% | Cores: [11%, 6%, 15%, 13%]
[2025-11-20 17:07:48,414] [INFO] [GameManager] 💾 Memory - Process: 88.3MB | System: 244/907MB (26.9%, 662MB free) | ⚙️  CPU - Process: 29.8% | System: 11.0% | Cores: [12%, 10%, 10%, 12%]
[2025-11-20 17:08:48,419] [INFO] [GameManager] 💾 Memory - Process: 88.3MB | System: 246/907MB (27.2%, 660MB free) | ⚙️  CPU - Process: 30.5% | System: 11.4% | Cores: [6%, 9%, 13%, 17%]
[2025-11-20 17:09:48,435] [INFO] [GameManager] 💾 Memory - Process: 88.3MB | System: 244/907MB (26.9%, 663MB free) | ⚙️  CPU - Process: 30.3% | System: 11.8% | Cores: [14%, 10%, 12%, 11%]
[2025-11-20 17:10:48,443] [INFO] [GameManager] 💾 Memory - Process: 88.3MB | System: 244/907MB (26.9%, 663MB free) | ⚙️  CPU - Process: 29.7% | System: 11.0% | Cores: [16%, 10%, 12%, 6%]
[2025-11-20 17:11:10,120] [INFO] [ButtonReader] Keyboard: Button 1 toggled ON (key '1')
[2025-11-20 17:11:10,122] [INFO] [ButtonReader] Button 1 pressed
[2025-11-20 17:11:10,160] [INFO] [SoundController] Song "Boney M. - Sunny (Official Audio).mp3" was randomly started
[2025-11-20 17:11:14,875] [INFO] [ButtonReader] Keyboard: Button 1 toggled OFF (key '1')
[2025-11-20 17:11:14,876] [INFO] [AmplifyState] Song "Boney M. - Sunny (Official Audio).mp3" was left
[2025-11-20 17:11:40,915] [INFO] [ButtonReader] Keyboard: Button 1 toggled ON (key '1')
[2025-11-20 17:11:40,916] [INFO] [ButtonReader] Button 1 pressed
[2025-11-20 17:11:40,950] [INFO] [SoundController] Song "Rick Astley - Never Gonna Give You Up (Official Video) (4K Remaster) [dQw4w9WgXcQ].mp3" was randomly started
[2025-11-20 17:11:46,458] [INFO] [ButtonReader] Keyboard: Button 2 toggled ON (key '2')
[2025-11-20 17:11:46,459] [INFO] [ButtonReader] Button 2 pressed
[2025-11-20 17:11:47,045] [INFO] [ButtonReader] Keyboard: Button 3 toggled ON (key '3')
[2025-11-20 17:11:47,046] [INFO] [ButtonReader] Button 3 pressed
[2025-11-20 17:11:47,587] [INFO] [ButtonReader] Keyboard: Button 4 toggled ON (key '4')
[2025-11-20 17:11:47,588] [INFO] [ButtonReader] Button 4 pressed
[2025-11-20 17:11:48,192] [INFO] [ButtonReader] Keyboard: Button 5 toggled ON (key '5')
[2025-11-20 17:11:48,193] [INFO] [ButtonReader] Button 5 pressed
[2025-11-20 17:11:48,456] [INFO] [GameManager] 💾 Memory - Process: 88.8MB | System: 245/907MB (27.0%, 662MB free) | ⚙️  CPU - Process: 27.1% | System: 10.3% | Cores: [6%, 10%, 19%, 6%]
[2025-11-20 17:11:48,715] [INFO] [ButtonReader] Keyboard: Button 6 toggled ON (key '6')
[2025-11-20 17:11:48,716] [INFO] [ButtonReader] Button 6 pressed
[2025-11-20 17:11:49,302] [INFO] [ButtonReader] Keyboard: Button 7 toggled ON (key '7')
[2025-11-20 17:11:49,303] [INFO] [ButtonReader] Button 7 pressed
[2025-11-20 17:11:49,872] [INFO] [ButtonReader] Keyboard: Button 8 toggled ON (key '8')
[2025-11-20 17:11:49,873] [INFO] [ButtonReader] Button 8 pressed
[2025-11-20 17:11:50,420] [INFO] [ButtonReader] Keyboard: Button 9 toggled ON (key '9')
[2025-11-20 17:11:50,421] [INFO] [ButtonReader] Button 9 pressed
[2025-11-20 17:11:53,964] [INFO] [ButtonReader] Keyboard: Button 9 toggled OFF (key '9')
[2025-11-20 17:12:05,302] [INFO] [ButtonReader] Keyboard: Button 5 toggled OFF (key '5')
[2025-11-20 17:12:07,594] [INFO] [ButtonReader] Keyboard: Button 5 toggled ON (key '5')
[2025-11-20 17:12:07,595] [INFO] [ButtonReader] Button 5 pressed
[2025-11-20 17:12:08,618] [INFO] [ButtonReader] Keyboard: Button 4 toggled OFF (key '4')
[2025-11-20 17:12:10,743] [INFO] [ButtonReader] Keyboard: Button 3 toggled OFF (key '3')
[2025-11-20 17:12:11,851] [INFO] [ButtonReader] Keyboard: Button 2 toggled OFF (key '2')
[2025-11-20 17:12:14,923] [INFO] [ButtonReader] Keyboard: Button 9 toggled ON (key '9')
[2025-11-20 17:12:14,924] [INFO] [ButtonReader] Button 9 pressed
[2025-11-20 17:12:16,925] [INFO] [ButtonReader] Keyboard: Button 8 toggled OFF (key '8')
[2025-11-20 17:12:18,831] [INFO] [ButtonReader] Keyboard: Button 7 toggled OFF (key '7')
[2025-11-20 17:12:19,859] [INFO] [ButtonReader] Keyboard: Button 6 toggled OFF (key '6')
[2025-11-20 17:12:20,843] [INFO] [ButtonReader] Keyboard: Button 5 toggled OFF (key '5')
[2025-11-20 17:12:22,272] [INFO] [ButtonReader] Keyboard: Button 0 toggled ON (key '0')
[2025-11-20 17:12:22,292] [INFO] [ButtonReader] Button 0 pressed
[2025-11-20 17:12:26,130] [INFO] [ButtonReader] Keyboard: Button 0 toggled OFF (key '0')
[2025-11-20 17:12:28,423] [INFO] [ButtonReader] Keyboard: Button 1 toggled OFF (key '1')
[2025-11-20 17:12:33,933] [INFO] [ButtonReader] Keyboard: Button 9 toggled OFF (key '9')
[2025-11-20 17:12:33,934] [INFO] [AmplifyState] Song "Rick Astley - Never Gonna Give You Up (Official Video) (4K Remaster) [dQw4w9WgXcQ].mp3" was left
[2025-11-20 17:12:35,901] [INFO] [ButtonReader] Keyboard: Button 7 toggled ON (key '7')
[2025-11-20 17:12:35,902] [INFO] [ButtonReader] Button 7 pressed
[2025-11-20 17:12:35,932] [INFO] [SoundController] Song "The Weather Girls - It_s Raining Men (Video).mp3" was randomly started
[2025-11-20 17:12:36,214] [INFO] [ButtonReader] Keyboard: Button 7 toggled OFF (key '7')
[2025-11-20 17:12:36,215] [INFO] [AmplifyState] Song "The Weather Girls - It_s Raining Men (Video).mp3" was left
[2025-11-20 17:12:36,816] [INFO] [ButtonReader] Keyboard: Button 7 toggled ON (key '7')
[2025-11-20 17:12:36,817] [INFO] [ButtonReader] Button 7 pressed
[2025-11-20 17:12:36,847] [INFO] [SoundController] Song "Bill Medley, Jennifer Warnes - (I_ve Had) The Time Of My Life (Official HD Video).mp3" was randomly started
[2025-11-20 17:12:37,229] [INFO] [ButtonReader] Keyboard: Button 7 toggled OFF (key '7')
[2025-11-20 17:12:37,231] [INFO] [AmplifyState] Song "Bill Medley, Jennifer Warnes - (I_ve Had) The Time Of My Life (Official HD Video).mp3" was left
[2025-11-20 17:12:37,631] [INFO] [ButtonReader] Keyboard: Button 7 toggled ON (key '7')
[2025-11-20 17:12:37,632] [INFO] [ButtonReader] Button 7 pressed
[2025-11-20 17:12:37,632] [INFO] [GameManager] Triple 777 detected - entering code mode!
[2025-11-20 17:12:37,675] [INFO] [CodeModeState] Entered code mode - awaiting 5-digit code
[2025-11-20 17:12:41,978] [INFO] [ButtonReader] Keyboard: Button 6 toggled ON (key '6')
[2025-11-20 17:12:41,979] [INFO] [ButtonReader] Button 6 pressed
[2025-11-20 17:12:42,601] [INFO] [ButtonReader] Keyboard: Button 3 toggled ON (key '3')
[2025-11-20 17:12:42,602] [INFO] [ButtonReader] Button 3 pressed
[2025-11-20 17:12:43,585] [INFO] [ButtonReader] Keyboard: Button 9 toggled ON (key '9')
[2025-11-20 17:12:43,586] [INFO] [ButtonReader] Button 9 pressed
[2025-11-20 17:12:44,609] [INFO] [ButtonReader] Keyboard: Button 2 toggled ON (key '2')
[2025-11-20 17:12:44,610] [INFO] [ButtonReader] Button 2 pressed
[2025-11-20 17:12:46,262] [INFO] [ButtonReader] Keyboard: Button 2 toggled OFF (key '2')
[2025-11-20 17:12:46,275] [INFO] [CodeFailState] Code mode failed: Button was released
[2025-11-20 17:12:48,473] [INFO] [GameManager] 💾 Memory - Process: 89.0MB | System: 247/907MB (27.2%, 660MB free) | ⚙️  CPU - Process: 19.3% | System: 8.5% | Cores: [10%, 9%, 8%, 8%]
[2025-11-20 17:12:57,371] [INFO] [ButtonReader] Keyboard: Button 7 toggled OFF (key '7')
[2025-11-20 17:12:57,713] [INFO] [ButtonReader] Keyboard: Button 7 toggled ON (key '7')
[2025-11-20 17:12:57,713] [INFO] [ButtonReader] Button 7 pressed
[2025-11-20 17:12:57,747] [INFO] [SoundController] Song "יהודית רביץ - הכל בסדר - עמרי סמדר רמיקס  Yehudit Ravitz - Hakol Beseder - Omri Smadar RMX.mp3" was randomly started
[2025-11-20 17:12:58,513] [INFO] [ButtonReader] Keyboard: Button 7 toggled OFF (key '7')
[2025-11-20 17:12:58,514] [INFO] [AmplifyState] Song "יהודית רביץ - הכל בסדר - עמרי סמדר רמיקס  Yehudit Ravitz - Hakol Beseder - Omri Smadar RMX.mp3" was left
[2025-11-20 17:12:59,056] [INFO] [ButtonReader] Keyboard: Button 7 toggled ON (key '7')
[2025-11-20 17:12:59,057] [INFO] [ButtonReader] Button 7 pressed
[2025-11-20 17:12:59,067] [INFO] [SoundController] Song "Soft Cell - Tainted Love (Official Music Video).mp3" was randomly started
[2025-11-20 17:12:59,700] [INFO] [ButtonReader] Keyboard: Button 7 toggled OFF (key '7')
[2025-11-20 17:12:59,701] [INFO] [AmplifyState] Song "Soft Cell - Tainted Love (Official Music Video).mp3" was left
[2025-11-20 17:13:00,403] [INFO] [ButtonReader] Keyboard: Button 7 toggled ON (key '7')
[2025-11-20 17:13:00,404] [INFO] [ButtonReader] Button 7 pressed
[2025-11-20 17:13:00,415] [INFO] [SoundController] Song "The Offspring - Pretty Fly (For A White Guy) (Official Music Video) [QtTR-_Klcq8].mp3" was randomly started
[2025-11-20 17:13:01,186] [INFO] [ButtonReader] Keyboard: Button 7 toggled OFF (key '7')
[2025-11-20 17:13:01,187] [INFO] [AmplifyState] Song "The Offspring - Pretty Fly (For A White Guy) (Official Music Video) [QtTR-_Klcq8].mp3" was left
[2025-11-20 17:13:01,708] [INFO] [ButtonReader] Keyboard: Button 7 toggled ON (key '7')
[2025-11-20 17:13:01,709] [INFO] [ButtonReader] Button 7 pressed
[2025-11-20 17:13:01,739] [INFO] [SoundController] Song "Patti Smith Group - Because the Night (Official Audio).mp3" was randomly started
[2025-11-20 17:13:02,181] [INFO] [ButtonReader] Keyboard: Button 7 toggled OFF (key '7')
[2025-11-20 17:13:02,182] [INFO] [AmplifyState] Song "Patti Smith Group - Because the Night (Official Audio).mp3" was left
[2025-11-20 17:13:02,663] [INFO] [ButtonReader] Keyboard: Button 7 toggled ON (key '7')
[2025-11-20 17:13:02,665] [INFO] [ButtonReader] Button 7 pressed
[2025-11-20 17:13:02,696] [INFO] [SoundController] Song "Michael Jackson - Don_t Stop _Til You Get Enough (Official Video - Upscaled).mp3" was randomly started
[2025-11-20 17:13:03,123] [INFO] [ButtonReader] Keyboard: Button 7 toggled OFF (key '7')
[2025-11-20 17:13:03,124] [INFO] [AmplifyState] Song "Michael Jackson - Don_t Stop _Til You Get Enough (Official Video - Upscaled).mp3" was left
[2025-11-20 17:13:03,545] [INFO] [ButtonReader] Keyboard: Button 7 toggled ON (key '7')
[2025-11-20 17:13:03,545] [INFO] [ButtonReader] Button 7 pressed
[2025-11-20 17:13:03,556] [INFO] [SoundController] Song "Kool & The Gang - Celebration.mp3" was randomly started
[2025-11-20 17:13:03,946] [INFO] [ButtonReader] Keyboard: Button 7 toggled OFF (key '7')
[2025-11-20 17:13:03,947] [INFO] [AmplifyState] Song "Kool & The Gang - Celebration.mp3" was left
[2025-11-20 17:13:04,388] [INFO] [ButtonReader] Keyboard: Button 7 toggled ON (key '7')
[2025-11-20 17:13:04,389] [INFO] [ButtonReader] Button 7 pressed
[2025-11-20 17:13:04,389] [INFO] [GameManager] Triple 777 detected - entering code mode!
[2025-11-20 17:13:04,431] [INFO] [CodeModeState] Entered code mode - awaiting 5-digit code
[2025-11-20 17:13:14,362] [INFO] [ButtonReader] Keyboard: Button 7 toggled OFF (key '7')
[2025-11-20 17:13:15,024] [INFO] [ButtonReader] Keyboard: Button 6 toggled OFF (key '6')
[2025-11-20 17:13:15,026] [INFO] [ButtonReader] Keyboard: Button 6 toggled ON (key '6')
[2025-11-20 17:13:15,969] [INFO] [ButtonReader] Keyboard: Button 6 toggled OFF (key '6')
[2025-11-20 17:13:16,872] [INFO] [ButtonReader] Keyboard: Button 6 toggled ON (key '6')
[2025-11-20 17:13:16,873] [INFO] [ButtonReader] Button 6 pressed
[2025-11-20 17:13:19,238] [INFO] [ButtonReader] Keyboard: Button 3 toggled OFF (key '3')
[2025-11-20 17:13:20,847] [INFO] [ButtonReader] Keyboard: Button 3 toggled ON (key '3')
[2025-11-20 17:13:20,848] [INFO] [ButtonReader] Button 3 pressed
[2025-11-20 17:13:21,691] [INFO] [ButtonReader] Keyboard: Button 8 toggled ON (key '8')
[2025-11-20 17:13:21,692] [INFO] [ButtonReader] Button 8 pressed
[2025-11-20 17:13:23,329] [INFO] [ButtonReader] Keyboard: Button 0 toggled ON (key '0')
[2025-11-20 17:13:23,349] [INFO] [ButtonReader] Button 0 pressed
[2025-11-20 17:13:25,992] [INFO] [ButtonReader] Keyboard: Button 4 toggled ON (key '4')
[2025-11-20 17:13:25,992] [INFO] [ButtonReader] Button 4 pressed
[2025-11-20 17:13:25,993] [INFO] [CodeModeState] Code entered: 63804
[2025-11-20 17:13:25,994] [INFO] [CodeModeState] Valid code! Transitioning to CodeRevealState
[2025-11-20 17:13:26,016] [INFO] [CodeRevealState] Code reveal started for code: 63804 for song "Bach - Aria (from) Hunt Cantata.mp3"
[2025-11-20 17:13:30,275] [INFO] [SoundController] Playing song by code 63804: "Bach - Aria (from) Hunt Cantata.mp3"
[2025-11-20 17:13:30,305] [INFO] [PartyState] 🎉 PARTY MODE ACTIVATED for song: Bach - Aria (from) Hunt Cantata.mp3
[2025-11-20 17:13:48,482] [INFO] [GameManager] 💾 Memory - Process: 89.0MB | System: 246/907MB (27.1%, 661MB free) | ⚙️  CPU - Process: 15.7% | System: 8.0% | Cores: [8%, 6%, 8%, 11%]
[2025-11-20 17:14:48,496] [INFO] [GameManager] 💾 Memory - Process: 89.0MB | System: 247/907MB (27.3%, 659MB free) | ⚙️  CPU - Process: 23.9% | System: 9.7% | Cores: [12%, 8%, 9%, 10%]
[2025-11-20 17:15:48,502] [INFO] [GameManager] 💾 Memory - Process: 89.0MB | System: 246/907MB (27.1%, 661MB free) | ⚙️  CPU - Process: 25.0% | System: 9.7% | Cores: [8%, 10%, 10%, 11%]
[2025-11-20 17:16:48,514] [INFO] [GameManager] 💾 Memory - Process: 89.0MB | System: 244/907MB (26.9%, 663MB free) | ⚙️  CPU - Process: 26.7% | System: 10.2% | Cores: [12%, 10%, 10%, 8%]
[2025-11-20 17:17:30,579] [INFO] [PartyState] Song finished, returning to idle: Bach - Aria (from) Hunt Cantata.mp3
[2025-11-20 17:17:48,525] [INFO] [GameManager] 💾 Memory - Process: 89.0MB | System: 246/907MB (27.1%, 661MB free) | ⚙️  CPU - Process: 24.1% | System: 9.7% | Cores: [12%, 8%, 11%, 9%]
[2025-11-20 17:18:48,530] [INFO] [GameManager] 💾 Memory - Process: 89.0MB | System: 247/907MB (27.3%, 660MB free) | ⚙️  CPU - Process: 29.7% | System: 11.7% | Cores: [9%, 16%, 12%, 10%]
[2025-11-20 17:19:48,533] [INFO] [GameManager] 💾 Memory - Process: 89.0MB | System: 245/907MB (27.0%, 662MB free) | ⚙️  CPU - Process: 30.4% | System: 11.3% | Cores: [18%, 12%, 7%, 9%]
[2025-11-20 17:20:48,547] [INFO] [GameManager] 💾 Memory - Process: 89.0MB | System: 247/907MB (27.2%, 660MB free) | ⚙️  CPU - Process: 29.6% | System: 11.0% | Cores: [12%, 9%, 10%, 12%]
[2025-11-20 17:21:48,557] [INFO] [GameManager] 💾 Memory - Process: 89.0MB | System: 246/907MB (27.1%, 661MB free) | ⚙️  CPU - Process: 29.7% | System: 11.0% | Cores: [15%, 7%, 13%, 9%]
[2025-11-20 17:22:48,573] [INFO] [GameManager] 💾 Memory - Process: 89.0MB | System: 249/907MB (27.4%, 658MB free) | ⚙️  CPU - Process: 30.3% | System: 11.2% | Cores: [8%, 10%, 16%, 10%]
[2025-11-20 17:23:47,442] [CRITICAL] [Amplifier] ⚠️  SIGNAL RECEIVED: 2 - Process terminating
[2025-11-20 17:23:47,443] [CRITICAL] [Amplifier] Emergency flush triggered
[2025-11-20 17:23:47,964] [INFO] [SoundController] Sound controller cleaned up successfully
[2025-11-20 17:23:47,974] [INFO] [GameManager] Game stopped
[2025-11-20 17:23:47,975] [INFO] [Amplifier] ✅ HumanAmplifier system shut down
