[2025-11-21 02:28:19,975] [INFO] [Amplifier] 🎵 HUMAN AMPLIFIER INTERACTIVE SYSTEM
[2025-11-21 02:28:19,976] [INFO] [Amplifier] Button configuration: 10 buttons on GPIO [6, 5, 22, 17, 4, 23, 24, 25, 16, 20]
[2025-11-21 02:28:19,977] [INFO] [Amplifier] LED configuration: 2 strips
[2025-11-21 02:28:19,977] [INFO] [Amplifier]   Strip 1: 300 LEDs on GPIO 21
[2025-11-21 02:28:19,978] [INFO] [Amplifier]   Strip 2: 293 LEDs on GPIO 18
[2025-11-21 02:28:19,978] [INFO] [Amplifier] Game settings: 20ms frame duration (50.0 FPS)
[2025-11-21 02:28:19,979] [INFO] [Amplifier] Button sample rate: 200Hz
[2025-11-21 02:28:19,979] [INFO] [Amplifier] Audio folder: songs
[2025-11-21 02:28:19,980] [INFO] [Amplifier] Schedule: 13 daily, 1 special entries
[2025-11-21 02:28:19,980] [INFO] [ButtonReader] 🎮 Keyboard sampler initialized (NO GPIO)
[2025-11-21 02:28:19,981] [INFO] [ButtonReader]    10 virtual buttons mapped to digit keys 0-9
[2025-11-21 02:28:19,981] [INFO] [ButtonReader]    Press digit keys to toggle buttons ON/OFF
[2025-11-21 02:28:19,982] [INFO] [ButtonReader]    Each keypress toggles button ON/OFF
[2025-11-21 02:28:19,982] [INFO] [ButtonReader] ButtonReader initialized with 10 buttons
[2025-11-21 02:28:19,984] [INFO] [SongLibrary] Creating song codes dictionary
[2025-11-21 02:28:22,403] [INFO] [SongLibrary] Loaded 722 song codes from 11 collections
[2025-11-21 02:28:22,404] [INFO] [SongLibrary] Collections updated: ['FESTIGAL', 'VIRAL', 'MAIJAM', 'PARTY', 'HAFLA']
[2025-11-21 02:28:22,506] [INFO] [SoundController] Pygame mixer initialized: 48000Hz, format=-16, channels=2
[2025-11-21 02:28:30,800] [INFO] [SoundController] Sound controller initialized - mixer ready, first song will load on demand
[2025-11-21 02:28:30,807] [INFO] [GameManager] GameManager initialized: 20ms frame duration, 2 LED strips
[2025-11-21 02:28:30,808] [INFO] [Amplifier] HumanAmplifier system initialized successfully
[2025-11-21 02:28:30,808] [INFO] [Amplifier] Hardware: 10 buttons, 2 LED strips, 20ms frame duration
[2025-11-21 02:28:30,809] [INFO] [Amplifier] Audio system: {'songs_folder': 'songs', 'all_collections': ['FESTIGAL', 'VIRAL', 'TV', 'CLASSIC', 'MAIJAM', 'GENERAL', 'DISNEY', 'PARTY', 'MORNING', 'SPANISH', 'HAFLA'], 'total_codes': 722, 'daily_schedule_entries': 13, 'special_schedule_entries': 1}
[2025-11-21 02:28:30,810] [INFO] [Amplifier] Sound controller initialized successfully
[2025-11-21 02:28:30,810] [INFO] [Amplifier] ✅ System initialized successfully!
[2025-11-21 02:28:30,811] [INFO] [Amplifier] Hardware status: 10 buttons, 2 LED strips
[2025-11-21 02:28:30,811] [INFO] [Amplifier]   Strip 1: 300 LEDs active
[2025-11-21 02:28:30,811] [INFO] [Amplifier]   Strip 2: 293 LEDs active
[2025-11-21 02:28:30,812] [INFO] [Amplifier] Audio system: 722 song codes, 13 sound effects
[2025-11-21 02:28:30,812] [INFO] [Amplifier] Available collections: FESTIGAL, VIRAL, TV, CLASSIC, MAIJAM, GENERAL, DISNEY, PARTY, MORNING, SPANISH, HAFLA
[2025-11-21 02:28:30,812] [INFO] [Amplifier] ===========================
[2025-11-21 02:28:30,812] [INFO] [Amplifier] 🚀 Starting HumanAmplifier system...
[2025-11-21 02:28:30,812] [INFO] [GameManager] Starting game loop with 20ms frame duration
[2025-11-21 02:28:30,816] [INFO] [GameManager] 💾 Memory - Process: 87.7MB | System: 263/907MB (29.0%, 643MB free) | ⚙️  CPU - Process: 0.0% | System: 29.7% | Cores: [70%, 8%, 36%, 5%]
[2025-11-21 02:28:30,816] [INFO] [ButtonReader] Keyboard: Button 4 toggled ON (key '4')
[2025-11-21 02:28:30,817] [INFO] [ButtonReader] Button 4 pressed
[2025-11-21 02:28:30,817] [DEBUG] [SequenceTracker] UPDATE: '' → '4' (added buttons: [4], elapsed: 0.00s)
[2025-11-21 02:28:30,818] [DEBUG] [IdleState] Checking sequence: '4' (need '777' for code mode)
[2025-11-21 02:28:30,828] [INFO] [AmplifyState] Song "Barry Manilow - Copacabana.mp3" was randomly started 🎚️
[2025-11-21 02:28:32,942] [INFO] [ButtonReader] Keyboard: Button 5 toggled ON (key '5')
[2025-11-21 02:28:32,943] [INFO] [ButtonReader] Button 5 pressed
[2025-11-21 02:28:32,943] [DEBUG] [SequenceTracker] UPDATE: '4' → '45' (added buttons: [5], elapsed: 2.13s)
[2025-11-21 02:28:34,489] [INFO] [ButtonReader] Keyboard: Button 7 toggled ON (key '7')
[2025-11-21 02:28:34,489] [INFO] [ButtonReader] Button 7 pressed
[2025-11-21 02:28:34,490] [DEBUG] [SequenceTracker] UPDATE: '45' → '457' (added buttons: [7], elapsed: 3.67s)
[2025-11-21 02:28:38,391] [INFO] [ButtonReader] Keyboard: Button 2 toggled ON (key '2')
[2025-11-21 02:28:38,392] [INFO] [ButtonReader] Button 2 pressed
[2025-11-21 02:28:38,392] [DEBUG] [SequenceTracker] UPDATE: '457' → '4572' (added buttons: [2], elapsed: 7.58s)
[2025-11-21 02:28:43,942] [INFO] [ButtonReader] Keyboard: Button 1 toggled ON (key '1')
[2025-11-21 02:28:43,943] [INFO] [ButtonReader] Button 1 pressed
[2025-11-21 02:28:43,943] [DEBUG] [SequenceTracker] UPDATE: '4572' → '45721' (added buttons: [1], elapsed: 13.13s)
[2025-11-21 02:28:46,674] [INFO] [ButtonReader] Keyboard: Button 5 toggled OFF (key '5')
[2025-11-21 02:28:47,658] [INFO] [ButtonReader] Keyboard: Button 5 toggled ON (key '5')
[2025-11-21 02:28:47,660] [INFO] [ButtonReader] Button 5 pressed
[2025-11-21 02:28:47,662] [DEBUG] [SequenceTracker] UPDATE: '45721' → '457215' (added buttons: [5], elapsed: 16.84s)
[2025-11-21 02:28:48,161] [INFO] [ButtonReader] Keyboard: Button 6 toggled ON (key '6')
[2025-11-21 02:28:48,162] [INFO] [ButtonReader] Button 6 pressed
[2025-11-21 02:28:48,162] [DEBUG] [SequenceTracker] UPDATE: '457215' → '4572156' (added buttons: [6], elapsed: 17.34s)
[2025-11-21 02:28:49,065] [INFO] [ButtonReader] Keyboard: Button 3 toggled ON (key '3')
[2025-11-21 02:28:49,066] [INFO] [ButtonReader] Button 3 pressed
[2025-11-21 02:28:49,070] [DEBUG] [SequenceTracker] UPDATE: '4572156' → '45721563' (added buttons: [3], elapsed: 18.25s)
[2025-11-21 02:28:50,763] [INFO] [ButtonReader] Keyboard: Button 0 toggled ON (key '0')
[2025-11-21 02:28:50,783] [INFO] [ButtonReader] Button 0 pressed
[2025-11-21 02:28:50,784] [DEBUG] [SequenceTracker] UPDATE: '45721563' → '457215630' (added buttons: [0], elapsed: 19.97s)
[2025-11-21 02:28:51,285] [INFO] [ButtonReader] Keyboard: Button 9 toggled ON (key '9')
[2025-11-21 02:28:51,286] [INFO] [ButtonReader] Button 9 pressed
[2025-11-21 02:28:51,287] [DEBUG] [SequenceTracker] UPDATE: '457215630' → '4572156309' (added buttons: [9], elapsed: 20.47s)
[2025-11-21 02:28:57,335] [INFO] [ButtonReader] Keyboard: Button 8 toggled ON (key '8')
[2025-11-21 02:28:57,335] [INFO] [ButtonReader] Button 8 pressed
[2025-11-21 02:28:57,336] [DEBUG] [SequenceTracker] UPDATE: '4572156309' → '5721563098' (added buttons: [8], elapsed: 26.52s) [TRIMMED]
[2025-11-21 02:28:57,352] [INFO] [PartyState] 🎉 PARTY MODE ACTIVATED for song: Barry Manilow - Copacabana.mp3
[2025-11-21 02:29:30,819] [INFO] [GameManager] 💾 Memory - Process: 88.2MB | System: 250/907MB (27.6%, 657MB free) | ⚙️  CPU - Process: 23.3% | System: 9.3% | Cores: [14%, 6%, 8%, 9%]
[2025-11-21 02:30:20,518] [INFO] [PartyState] Song finished, returning to idle: Barry Manilow - Copacabana.mp3
[2025-11-21 02:30:20,538] [DEBUG] [SequenceTracker] RESET: cleared sequence '5721563098', elapsed: 109.72s
[2025-11-21 02:30:30,829] [INFO] [GameManager] 💾 Memory - Process: 88.2MB | System: 250/907MB (27.6%, 656MB free) | ⚙️  CPU - Process: 41.1% | System: 13.9% | Cores: [14%, 9%, 15%, 17%]
[2025-11-21 02:31:30,842] [INFO] [GameManager] 💾 Memory - Process: 88.2MB | System: 245/907MB (27.0%, 662MB free) | ⚙️  CPU - Process: 31.4% | System: 11.5% | Cores: [9%, 17%, 12%, 8%]
[2025-11-21 02:32:30,858] [INFO] [GameManager] 💾 Memory - Process: 88.2MB | System: 250/907MB (27.5%, 657MB free) | ⚙️  CPU - Process: 31.5% | System: 11.5% | Cores: [8%, 16%, 9%, 13%]
[2025-11-21 02:33:30,867] [INFO] [GameManager] 💾 Memory - Process: 88.2MB | System: 249/907MB (27.5%, 658MB free) | ⚙️  CPU - Process: 31.5% | System: 11.5% | Cores: [14%, 19%, 7%, 6%]
[2025-11-21 02:34:30,879] [INFO] [GameManager] 💾 Memory - Process: 88.2MB | System: 249/907MB (27.5%, 658MB free) | ⚙️  CPU - Process: 31.4% | System: 11.4% | Cores: [13%, 10%, 14%, 8%]
[2025-11-21 02:35:17,910] [INFO] [ButtonReader] Keyboard: Button 3 toggled OFF (key '3')
[2025-11-21 02:35:18,975] [INFO] [ButtonReader] Keyboard: Button 3 toggled ON (key '3')
[2025-11-21 02:35:18,975] [INFO] [ButtonReader] Button 3 pressed
[2025-11-21 02:35:18,976] [DEBUG] [SequenceTracker] UPDATE: '' → '3' (added buttons: [3], elapsed: 0.00s)
[2025-11-21 02:35:18,976] [DEBUG] [IdleState] Checking sequence: '3' (need '777' for code mode)
[2025-11-21 02:35:18,989] [INFO] [AmplifyState] Song "דמיקולו - bloody.mori (320kbps).mp3" was randomly started 🎚️
[2025-11-21 02:35:20,582] [INFO] [ButtonReader] Keyboard: Button 7 toggled OFF (key '7')
[2025-11-21 02:35:21,606] [INFO] [ButtonReader] Keyboard: Button 7 toggled ON (key '7')
[2025-11-21 02:35:21,607] [INFO] [ButtonReader] Button 7 pressed
[2025-11-21 02:35:21,607] [DEBUG] [SequenceTracker] UPDATE: '3' → '37' (added buttons: [7], elapsed: 2.63s)
[2025-11-21 02:35:30,894] [INFO] [GameManager] 💾 Memory - Process: 88.2MB | System: 248/907MB (27.3%, 659MB free) | ⚙️  CPU - Process: 29.7% | System: 11.4% | Cores: [16%, 10%, 11%, 9%]
