[2025-11-12 01:21:30,964] [INFO] [Amplifier] 🎵 HUMAN AMPLIFIER INTERACTIVE SYSTEM
[2025-11-12 01:21:30,964] [INFO] [Amplifier] Button configuration: 4 buttons on GPIO [5, 6, 17, 22]
[2025-11-12 01:21:30,965] [INFO] [Amplifier] LED configuration: 2 strips
[2025-11-12 01:21:30,965] [INFO] [Amplifier]   Strip 1: 300 LEDs on GPIO 21
[2025-11-12 01:21:30,966] [INFO] [Amplifier]   Strip 2: 300 LEDs on GPIO 18
[2025-11-12 01:21:30,966] [INFO] [Amplifier] Game settings: 20ms frame duration (50.0 FPS)
[2025-11-12 01:21:30,967] [INFO] [Amplifier] Button sample rate: 200Hz
[2025-11-12 01:21:30,967] [INFO] [Amplifier] Audio folder: songs
[2025-11-12 01:21:30,968] [INFO] [Amplifier] Schedule: 2 daily, 1 special entries
[2025-11-12 01:21:40,430] [INFO] [ButtonReader] GPIO setup complete: 4 pins, no pulls
[2025-11-12 01:21:40,431] [INFO] [ButtonReader] ButtonReader initialized with 4 buttons
[2025-11-12 01:21:40,431] [INFO] [ButtonReader] Button mapping: Button0=GPIO5, Button1=GPIO6, Button2=GPIO17, Button3=GPIO22
[2025-11-12 01:21:40,436] [INFO] [SongLibrary] Creating song codes dictionary
[2025-11-12 01:21:40,850] [INFO] [SongLibrary] Loaded 30 song codes from 1 collections
[2025-11-12 01:21:40,851] [INFO] [SongLibrary] Collections updated: ['MORNING']
[2025-11-12 16:06:59,269] [INFO] [GameManager] Entering state: IdleState
[2025-11-12 16:06:59,270] [INFO] [GameManager] GameManager initialized: 20ms frame duration, 2 LED strips
[2025-11-12 16:06:59,271] [INFO] [Amplifier] HumanAmplifier system initialized successfully
[2025-11-12 16:06:59,271] [INFO] [Amplifier] Hardware: 4 buttons, 2 LED strips, 20ms frame duration
[2025-11-12 16:06:59,272] [INFO] [Amplifier] Audio system: {'songs_folder': 'songs', 'all_collections': ['MORNING'], 'total_codes': 30, 'daily_schedule_entries': 2, 'special_schedule_entries': 1}
[2025-11-12 16:06:59,272] [INFO] [Amplifier] Sound controller initialized successfully
[2025-11-12 16:06:59,273] [INFO] [Amplifier] ✅ System initialized successfully!
[2025-11-12 16:06:59,273] [INFO] [Amplifier] Hardware status: 4 buttons, 2 LED strips
[2025-11-12 16:06:59,274] [INFO] [Amplifier]   Strip 1: 300 LEDs active
[2025-11-12 16:06:59,274] [INFO] [Amplifier]   Strip 2: 300 LEDs active
[2025-11-12 16:06:59,275] [INFO] [Amplifier] Audio system: 30 song codes, 9 sound effects
[2025-11-12 16:06:59,275] [INFO] [Amplifier] Available collections: MORNING
[2025-11-12 16:06:59,276] [INFO] [Amplifier] 🚀 Starting HumanAmplifier system...
[2025-11-12 16:06:59,276] [INFO] [GameManager] Starting game loop with 20ms frame duration
[2025-11-12 16:08:01,062] [INFO] [GameManager] Exiting state: IdleState
[2025-11-12 16:08:01,062] [INFO] [GameManager] State transition: IdleState → AmplifyState
[2025-11-12 16:08:01,063] [INFO] [GameManager] Entering state: AmplifyState
[2025-11-12 16:08:01,076] [DEBUG] [AmplifyState] AmplifyState activated with buttons: [2]
[2025-11-12 16:08:11,999] [INFO] [GameManager] Exiting state: AmplifyState
[2025-11-12 16:08:11,999] [INFO] [GameManager] State transition: AmplifyState → IdleState
[2025-11-12 16:08:12,000] [INFO] [GameManager] Entering state: IdleState
[2025-11-12 16:08:12,500] [INFO] [GameManager] Exiting state: IdleState
[2025-11-12 16:08:12,501] [INFO] [GameManager] State transition: IdleState → AmplifyState
[2025-11-12 16:08:12,502] [INFO] [GameManager] Entering state: AmplifyState
[2025-11-12 16:08:12,512] [DEBUG] [AmplifyState] AmplifyState activated with buttons: [2]
[2025-11-12 16:08:16,722] [DEBUG] [AmplifyState] AmplifyState button change - currently pressed: [2, 3]
[2025-11-12 16:08:17,990] [DEBUG] [AmplifyState] AmplifyState button change - currently pressed: [2]
[2025-11-12 16:08:18,713] [INFO] [GameManager] Exiting state: AmplifyState
[2025-11-12 16:08:18,714] [INFO] [GameManager] State transition: AmplifyState → IdleState
[2025-11-12 16:08:18,715] [INFO] [GameManager] Entering state: IdleState
[2025-11-12 16:08:19,255] [INFO] [GameManager] Exiting state: IdleState
[2025-11-12 16:08:19,256] [INFO] [GameManager] State transition: IdleState → AmplifyState
[2025-11-12 16:08:19,257] [INFO] [GameManager] Entering state: AmplifyState
[2025-11-12 16:08:19,268] [DEBUG] [AmplifyState] AmplifyState activated with buttons: [2]
[2025-11-12 16:08:22,932] [INFO] [GameManager] Exiting state: AmplifyState
[2025-11-12 16:08:22,932] [INFO] [GameManager] State transition: AmplifyState → IdleState
[2025-11-12 16:08:22,933] [INFO] [GameManager] Entering state: IdleState
[2025-11-12 16:11:29,528] [INFO] [GameManager] Game stopped by user (Ctrl+C)
[2025-11-12 16:11:29,545] [INFO] [GameManager] Game stopped
[2025-11-12 16:11:29,546] [INFO] [Amplifier] ✅ HumanAmplifier system shut down
