[2025-11-11 17:27:19,181] [INFO] [Amplifier] 🎵 HUMAN AMPLIFIER INTERACTIVE SYSTEM
[2025-11-11 17:27:19,182] [INFO] [Amplifier] Button configuration: 3 buttons on GPIO [23, 24, 25]
[2025-11-11 17:27:19,183] [INFO] [Amplifier] LED configuration: 2 strips
[2025-11-11 17:27:19,183] [INFO] [Amplifier]   Strip 1: 300 LEDs on GPIO 21
[2025-11-11 17:27:19,184] [INFO] [Amplifier]   Strip 2: 300 LEDs on GPIO 18
[2025-11-11 17:27:19,185] [INFO] [Amplifier] Game settings: 20ms frame duration (50.0 FPS)
[2025-11-11 17:27:19,185] [INFO] [Amplifier] Button sample rate: 200Hz
[2025-11-11 17:27:19,186] [INFO] [Amplifier] Audio folder: songs
[2025-11-11 17:27:19,186] [INFO] [Amplifier] Schedule: 2 daily, 1 special entries
[2025-11-11 17:27:19,939] [INFO] [ButtonReader] GPIO setup complete: 3 pins, no pulls
[2025-11-11 17:27:19,941] [INFO] [ButtonReader] ButtonReader initialized with 3 buttons
[2025-11-11 17:27:19,942] [INFO] [ButtonReader] Button mapping: Button0=GPIO23, Button1=GPIO24, Button2=GPIO25
[2025-11-11 17:27:19,948] [INFO] [SongLibrary] Creating song codes dictionary
[2025-11-11 17:27:20,359] [INFO] [SongLibrary] Loaded 30 song codes from 1 collections
[2025-11-11 17:27:20,359] [INFO] [SongLibrary] Collections updated: ['MORNING']
[2025-11-11 17:27:20,635] [INFO] [GameManager] Entering state: IdleState
[2025-11-11 17:27:20,637] [INFO] [GameManager] GameManager initialized: 20ms frame duration, 2 LED strips
[2025-11-11 17:27:20,638] [INFO] [Amplifier] HumanAmplifier system initialized successfully
[2025-11-11 17:27:20,638] [INFO] [Amplifier] Hardware: 3 buttons, 2 LED strips, 20ms frame duration
[2025-11-11 17:27:20,639] [INFO] [Amplifier] Audio system: {'songs_folder': 'songs', 'all_collections': ['MORNING'], 'total_codes': 30, 'daily_schedule_entries': 2, 'special_schedule_entries': 1}
[2025-11-11 17:27:20,639] [INFO] [Amplifier] Sound controller initialized successfully
[2025-11-11 17:27:20,640] [INFO] [Amplifier] ✅ System initialized successfully!
[2025-11-11 17:27:20,641] [INFO] [Amplifier] Hardware status: 3 buttons, 2 LED strips
[2025-11-11 17:27:20,641] [INFO] [Amplifier]   Strip 1: 300 LEDs active
[2025-11-11 17:27:20,642] [INFO] [Amplifier]   Strip 2: 300 LEDs active
[2025-11-11 17:27:20,642] [INFO] [Amplifier] Audio system: 30 song codes, 9 sound effects
[2025-11-11 17:27:20,643] [INFO] [Amplifier] Available collections: MORNING
[2025-11-11 17:27:20,643] [INFO] [Amplifier] 🚀 Starting HumanAmplifier system...
[2025-11-11 17:27:20,644] [INFO] [GameManager] Starting game loop with 20ms frame duration
[2025-11-11 17:27:25,048] [INFO] [GameManager] Exiting state: IdleState
[2025-11-11 17:27:25,048] [INFO] [GameManager] State transition: IdleState → AmplifyState
[2025-11-11 17:27:25,049] [INFO] [GameManager] Entering state: AmplifyState
[2025-11-11 17:27:25,060] [DEBUG] [AmplifyState] AmplifyState activated with buttons: [1]
[2025-11-11 17:27:26,715] [INFO] [GameManager] Exiting state: AmplifyState
[2025-11-11 17:27:26,716] [INFO] [GameManager] State transition: AmplifyState → IdleState
[2025-11-11 17:27:26,716] [INFO] [GameManager] Entering state: IdleState
[2025-11-11 17:27:27,277] [INFO] [GameManager] Exiting state: IdleState
[2025-11-11 17:27:27,278] [INFO] [GameManager] State transition: IdleState → AmplifyState
[2025-11-11 17:27:27,278] [INFO] [GameManager] Entering state: AmplifyState
[2025-11-11 17:27:27,289] [DEBUG] [AmplifyState] AmplifyState activated with buttons: [1]
[2025-11-11 17:27:33,689] [INFO] [GameManager] Exiting state: AmplifyState
[2025-11-11 17:27:33,690] [INFO] [GameManager] State transition: AmplifyState → IdleState
[2025-11-11 17:27:33,690] [INFO] [GameManager] Entering state: IdleState
[2025-11-11 17:27:34,211] [INFO] [GameManager] Exiting state: IdleState
[2025-11-11 17:27:34,212] [INFO] [GameManager] State transition: IdleState → AmplifyState
[2025-11-11 17:27:34,212] [INFO] [GameManager] Entering state: AmplifyState
[2025-11-11 17:27:34,223] [DEBUG] [AmplifyState] AmplifyState activated with buttons: [1]
[2025-11-11 17:27:36,675] [INFO] [GameManager] Exiting state: AmplifyState
[2025-11-11 17:27:36,676] [INFO] [GameManager] State transition: AmplifyState → IdleState
[2025-11-11 17:27:36,677] [INFO] [GameManager] Entering state: IdleState
