[2025-11-21 02:28:00,221] [INFO] [Amplifier] 🎵 HUMAN AMPLIFIER INTERACTIVE SYSTEM
[2025-11-21 02:28:00,222] [INFO] [Amplifier] Button configuration: 10 buttons on GPIO [6, 5, 22, 17, 4, 23, 24, 25, 16, 20]
[2025-11-21 02:28:00,223] [INFO] [Amplifier] LED configuration: 2 strips
[2025-11-21 02:28:00,223] [INFO] [Amplifier]   Strip 1: 300 LEDs on GPIO 21
[2025-11-21 02:28:00,224] [INFO] [Amplifier]   Strip 2: 293 LEDs on GPIO 18
[2025-11-21 02:28:00,224] [INFO] [Amplifier] Game settings: 20ms frame duration (50.0 FPS)
[2025-11-21 02:28:00,225] [INFO] [Amplifier] Button sample rate: 200Hz
[2025-11-21 02:28:00,225] [INFO] [Amplifier] Audio folder: songs
[2025-11-21 02:28:00,226] [INFO] [Amplifier] Schedule: 13 daily, 1 special entries
[2025-11-21 02:28:00,226] [INFO] [ButtonReader] 🎮 Keyboard sampler initialized (NO GPIO)
[2025-11-21 02:28:00,227] [INFO] [ButtonReader]    10 virtual buttons mapped to digit keys 0-9
[2025-11-21 02:28:00,227] [INFO] [ButtonReader]    Press digit keys to toggle buttons ON/OFF
[2025-11-21 02:28:00,227] [INFO] [ButtonReader]    Each keypress toggles button ON/OFF
[2025-11-21 02:28:00,228] [INFO] [ButtonReader] ButtonReader initialized with 10 buttons
[2025-11-21 02:28:00,229] [INFO] [SongLibrary] Creating song codes dictionary
[2025-11-21 02:28:02,654] [INFO] [SongLibrary] Loaded 722 song codes from 11 collections
[2025-11-21 02:28:02,655] [INFO] [SongLibrary] Collections updated: ['VIRAL', 'PARTY', 'FESTIGAL', 'MAIJAM', 'HAFLA']
[2025-11-21 02:28:02,758] [INFO] [SoundController] Pygame mixer initialized: 48000Hz, format=-16, channels=2
[2025-11-21 02:28:11,024] [INFO] [SoundController] Sound controller initialized - mixer ready, first song will load on demand
[2025-11-21 02:28:11,031] [INFO] [GameManager] GameManager initialized: 20ms frame duration, 2 LED strips
[2025-11-21 02:28:11,031] [INFO] [Amplifier] HumanAmplifier system initialized successfully
[2025-11-21 02:28:11,032] [INFO] [Amplifier] Hardware: 10 buttons, 2 LED strips, 20ms frame duration
[2025-11-21 02:28:11,032] [INFO] [Amplifier] Audio system: {'songs_folder': 'songs', 'all_collections': ['CLASSIC', 'DISNEY', 'MORNING', 'PARTY', 'VIRAL', 'SPANISH', 'FESTIGAL', 'TV', 'MAIJAM', 'GENERAL', 'HAFLA'], 'total_codes': 722, 'daily_schedule_entries': 13, 'special_schedule_entries': 1}
[2025-11-21 02:28:11,033] [INFO] [Amplifier] Sound controller initialized successfully
[2025-11-21 02:28:11,033] [INFO] [Amplifier] ✅ System initialized successfully!
[2025-11-21 02:28:11,034] [INFO] [Amplifier] Hardware status: 10 buttons, 2 LED strips
[2025-11-21 02:28:11,034] [INFO] [Amplifier]   Strip 1: 300 LEDs active
[2025-11-21 02:28:11,035] [INFO] [Amplifier]   Strip 2: 293 LEDs active
[2025-11-21 02:28:11,035] [INFO] [Amplifier] Audio system: 722 song codes, 13 sound effects
[2025-11-21 02:28:11,035] [INFO] [Amplifier] Available collections: CLASSIC, DISNEY, MORNING, PARTY, VIRAL, SPANISH, FESTIGAL, TV, MAIJAM, GENERAL, HAFLA
[2025-11-21 02:28:11,036] [INFO] [Amplifier] ===========================
[2025-11-21 02:28:11,036] [INFO] [Amplifier] 🚀 Starting HumanAmplifier system...
[2025-11-21 02:28:11,037] [INFO] [GameManager] Starting game loop with 20ms frame duration
[2025-11-21 02:28:11,040] [INFO] [GameManager] 💾 Memory - Process: 87.8MB | System: 271/907MB (29.9%, 635MB free) | ⚙️  CPU - Process: 0.0% | System: 29.8% | Cores: [8%, 69%, 7%, 34%]
[2025-11-21 02:28:14,849] [CRITICAL] [Amplifier] ⚠️  SIGNAL RECEIVED: 2 - Process terminating
[2025-11-21 02:28:14,850] [CRITICAL] [Amplifier] Emergency flush triggered
[2025-11-21 02:28:15,167] [INFO] [SoundController] Sound controller cleaned up successfully
[2025-11-21 02:28:15,178] [INFO] [GameManager] Game stopped
[2025-11-21 02:28:15,178] [INFO] [Amplifier] ✅ HumanAmplifier system shut down
