[2025-11-18 14:52:30,225] [INFO] [Amplifier] 🎵 HUMAN AMPLIFIER INTERACTIVE SYSTEM
[2025-11-18 14:52:30,226] [INFO] [Amplifier] Button configuration: 10 buttons on GPIO [6, 5, 22, 17, 4, 23, 24, 25, 16, 20]
[2025-11-18 14:52:30,226] [INFO] [Amplifier] LED configuration: 2 strips
[2025-11-18 14:52:30,227] [INFO] [Amplifier]   Strip 1: 300 LEDs on GPIO 21
[2025-11-18 14:52:30,227] [INFO] [Amplifier]   Strip 2: 300 LEDs on GPIO 18
[2025-11-18 14:52:30,227] [INFO] [Amplifier] Game settings: 20ms frame duration (50.0 FPS)
[2025-11-18 14:52:30,227] [INFO] [Amplifier] Button sample rate: 200Hz
[2025-11-18 14:52:30,228] [INFO] [Amplifier] Audio folder: songs
[2025-11-18 14:52:30,228] [INFO] [Amplifier] Schedule: 2 daily, 1 special entries
[2025-11-18 14:52:30,229] [INFO] [ButtonReader] GPIO sampler initialized: 10 pins (no pulls)
[2025-11-18 14:52:30,229] [INFO] [ButtonReader] Pin mapping: Btn0=GPIO6, Btn1=GPIO5, Btn2=GPIO22, Btn3=GPIO17, Btn4=GPIO4, Btn5=GPIO23, Btn6=GPIO24, Btn7=GPIO25, Btn8=GPIO16, Btn9=GPIO20
[2025-11-18 14:52:30,229] [INFO] [ButtonReader] 🎮 Keyboard debug enabled: Press digit keys 0-9 to toggle buttons (works over SSH)
[2025-11-18 14:52:30,230] [INFO] [ButtonReader]    Each keypress toggles button ON/OFF
[2025-11-18 14:52:30,230] [INFO] [ButtonReader] ButtonReader initialized with 10 buttons
[2025-11-18 14:52:30,230] [INFO] [SongLibrary] Creating song codes dictionary
[2025-11-18 14:52:30,517] [INFO] [SongLibrary] Loaded 1 song codes from 2 collections
[2025-11-18 14:52:30,517] [INFO] [SongLibrary] Collections updated: ['MAIJAM', 'MORNING']
[2025-11-18 14:52:32,525] [INFO] [GameManager] GameManager initialized: 20ms frame duration, 2 LED strips
[2025-11-18 14:52:32,526] [INFO] [Amplifier] HumanAmplifier system initialized successfully
[2025-11-18 14:52:32,526] [INFO] [Amplifier] Hardware: 10 buttons, 2 LED strips, 20ms frame duration
[2025-11-18 14:52:32,527] [INFO] [Amplifier] Audio system: {'songs_folder': 'songs', 'all_collections': ['MAIJAM', 'MORNING'], 'total_codes': 1, 'daily_schedule_entries': 2, 'special_schedule_entries': 1}
[2025-11-18 14:52:32,527] [INFO] [Amplifier] Sound controller initialized successfully
[2025-11-18 14:52:32,527] [INFO] [Amplifier] ✅ System initialized successfully!
[2025-11-18 14:52:32,528] [INFO] [Amplifier] Hardware status: 10 buttons, 2 LED strips
[2025-11-18 14:52:32,528] [INFO] [Amplifier]   Strip 1: 300 LEDs active
[2025-11-18 14:52:32,529] [INFO] [Amplifier]   Strip 2: 300 LEDs active
[2025-11-18 14:52:32,529] [INFO] [Amplifier] Audio system: 1 song codes, 12 sound effects
[2025-11-18 14:52:32,530] [INFO] [Amplifier] Available collections: MAIJAM, MORNING
[2025-11-18 14:52:32,530] [INFO] [Amplifier] 🚀 Starting HumanAmplifier system...
[2025-11-18 14:52:32,530] [INFO] [GameManager] Starting game loop with 20ms frame duration
[2025-11-18 14:52:43,546] [DEBUG] [ButtonReader] Button state changed: [(4, 'pressed')]
[2025-11-18 14:52:43,547] [DEBUG] [GameManager] Button sequence: 4
[2025-11-18 14:52:43,547] [INFO] [GameManager] State transition: IdleState → AmplifyState
[2025-11-18 14:52:43,558] [INFO] [SoundController] Song "Boney M. - Daddy Cool (Sopot Festival 1979).mp3" was randomly started
[2025-11-18 14:52:43,559] [DEBUG] [AmplifyState] AmplifyState activated with buttons: [4]
[2025-11-18 14:52:46,421] [DEBUG] [ButtonReader] Button state changed: [(5, 'pressed')]
[2025-11-18 14:52:46,422] [DEBUG] [GameManager] Button sequence: 45
[2025-11-18 14:52:46,422] [DEBUG] [AmplifyState] AmplifyState button change - currently pressed: [4, 5]
[2025-11-18 14:52:49,848] [DEBUG] [ButtonReader] Button state changed: [(5, 'released')]
[2025-11-18 14:52:49,848] [DEBUG] [AmplifyState] AmplifyState button change - currently pressed: [4]
[2025-11-18 14:52:50,290] [DEBUG] [ButtonReader] Button state changed: [(5, 'pressed')]
[2025-11-18 14:52:50,290] [DEBUG] [GameManager] Button sequence: 455
[2025-11-18 14:52:50,291] [DEBUG] [AmplifyState] AmplifyState button change - currently pressed: [4, 5]
[2025-11-18 14:52:52,118] [DEBUG] [ButtonReader] Button state changed: [(5, 'released')]
[2025-11-18 14:52:52,119] [DEBUG] [AmplifyState] AmplifyState button change - currently pressed: [4]
[2025-11-18 14:52:53,385] [DEBUG] [ButtonReader] Button state changed: [(4, 'released')]
[2025-11-18 14:52:53,386] [INFO] [GameManager] State transition: AmplifyState → IdleState
[2025-11-18 14:54:28,183] [INFO] [GameManager] Game stopped by user (Ctrl+C)
[2025-11-18 14:54:28,194] [INFO] [GameManager] Game stopped
[2025-11-18 14:54:28,195] [INFO] [Amplifier] ✅ HumanAmplifier system shut down
