[2025-11-21 04:24:25,540] [INFO] [Amplifier] 🎵 HUMAN AMPLIFIER INTERACTIVE SYSTEM
[2025-11-21 04:24:25,541] [INFO] [Amplifier] Button configuration: 10 buttons on GPIO [6, 5, 22, 17, 4, 23, 24, 25, 16, 20]
[2025-11-21 04:24:25,541] [INFO] [Amplifier] LED configuration: 2 strips
[2025-11-21 04:24:25,542] [INFO] [Amplifier]   Strip 1: 300 LEDs on GPIO 21
[2025-11-21 04:24:25,542] [INFO] [Amplifier]   Strip 2: 293 LEDs on GPIO 18
[2025-11-21 04:24:25,542] [INFO] [Amplifier] Game settings: 20ms frame duration (50.0 FPS)
[2025-11-21 04:24:25,543] [INFO] [Amplifier] Button sample rate: 200Hz
[2025-11-21 04:24:25,543] [INFO] [Amplifier] Audio folder: songs
[2025-11-21 04:24:25,543] [INFO] [Amplifier] Schedule: 16 daily, 1 special entries
[2025-11-21 04:24:25,544] [INFO] [ButtonReader] GPIO sampler initialized: 10 pins (no pulls)
[2025-11-21 04:24:25,545] [INFO] [ButtonReader] Pin mapping: Btn0=GPIO6, Btn1=GPIO5, Btn2=GPIO22, Btn3=GPIO17, Btn4=GPIO4, Btn5=GPIO23, Btn6=GPIO24, Btn7=GPIO25, Btn8=GPIO16, Btn9=GPIO20
[2025-11-21 04:24:25,545] [INFO] [ButtonReader] ButtonReader initialized with 10 buttons
[2025-11-21 04:24:25,568] [INFO] [SongLibrary] Creating song codes dictionary
[2025-11-21 04:24:32,032] [INFO] [SongLibrary] Loaded 724 song codes from 13 collections
[2025-11-21 04:24:32,033] [INFO] [SongLibrary] Collections updated: ['CLASSIC']
[2025-11-21 04:24:32,181] [INFO] [SoundController] Pygame mixer initialized: 48000Hz, format=-16, channels=2
[2025-11-21 04:24:40,350] [INFO] [SoundController] Sound controller initialized - mixer ready, first song will load on demand
[2025-11-21 04:24:40,362] [INFO] [GameManager] GameManager initialized: 20ms frame duration, 2 LED strips
[2025-11-21 04:24:40,362] [INFO] [Amplifier] HumanAmplifier system initialized successfully
[2025-11-21 04:24:40,363] [INFO] [Amplifier] Hardware: 10 buttons, 2 LED strips, 20ms frame duration
[2025-11-21 04:24:40,363] [INFO] [Amplifier] Audio system: {'songs_folder': 'songs', 'all_collections': ['CLASSIC', 'SPANISH', 'HAFLA', 'MAIJAM', 'VIRAL', 'GENERAL', 'FOUR_AT_NIGHT', 'TV', 'FESTIGAL', 'DISNEY', 'THREE_AT_NIGHT', 'MORNING', 'PARTY'], 'total_codes': 724, 'daily_schedule_entries': 16, 'special_schedule_entries': 1}
[2025-11-21 04:24:40,363] [INFO] [Amplifier] Sound controller initialized successfully
[2025-11-21 04:24:40,364] [INFO] [Amplifier] ✅ System initialized successfully!
[2025-11-21 04:24:40,364] [INFO] [Amplifier] Hardware status: 10 buttons, 2 LED strips
[2025-11-21 04:24:40,365] [INFO] [Amplifier]   Strip 1: 300 LEDs active
[2025-11-21 04:24:40,365] [INFO] [Amplifier]   Strip 2: 293 LEDs active
[2025-11-21 04:24:40,365] [INFO] [Amplifier] Audio system: 724 song codes, 13 sound effects
[2025-11-21 04:24:40,365] [INFO] [Amplifier] Available collections: CLASSIC, SPANISH, HAFLA, MAIJAM, VIRAL, GENERAL, FOUR_AT_NIGHT, TV, FESTIGAL, DISNEY, THREE_AT_NIGHT, MORNING, PARTY
[2025-11-21 04:24:40,366] [INFO] [Amplifier] ===========================
[2025-11-21 04:24:40,366] [INFO] [Amplifier] 🚀 Starting HumanAmplifier system...
[2025-11-21 04:24:40,366] [INFO] [GameManager] Starting game loop with 20ms frame duration
[2025-11-21 04:24:40,369] [INFO] [GameManager] 💾 Memory - Process: 89.0MB | System: 226/907MB (25.0%, 680MB free) | ⚙️  CPU - Process: 0.0% | System: 22.4% | Cores: [12%, 10%, 58%, 9%]
[2025-11-21 04:24:40,370] [INFO] [ButtonReader] Button 0 pressed
[2025-11-21 04:24:40,370] [INFO] [ButtonReader] Button 1 pressed
[2025-11-21 04:24:40,370] [INFO] [ButtonReader] Button 2 pressed
[2025-11-21 04:24:40,371] [INFO] [ButtonReader] Button 3 pressed
[2025-11-21 04:24:40,371] [INFO] [ButtonReader] Button 4 pressed
[2025-11-21 04:24:40,371] [INFO] [ButtonReader] Button 5 pressed
[2025-11-21 04:24:40,372] [INFO] [ButtonReader] Button 6 pressed
[2025-11-21 04:24:40,372] [INFO] [ButtonReader] Button 7 pressed
[2025-11-21 04:24:40,383] [INFO] [AmplifyState] Song "Chopin, Frederic - 4 Waltz No.2 In A flat Major.mp3" was randomly started 🎚️
[2025-11-24 16:02:18,271] [INFO] [SongLibrary] Collections updated: ['FESTIGAL']
[2025-11-24 16:02:18,276] [INFO] [GameManager] 💾 Memory - Process: 89.2MB | System: 216/907MB (23.8%, 691MB free) | ⚙️  CPU - Process: 13.5% | System: 3.5% | Cores: [0%, 3%, 8%, 3%]
[2025-11-24 16:03:18,287] [INFO] [GameManager] 💾 Memory - Process: 89.3MB | System: 211/907MB (23.3%, 695MB free) | ⚙️  CPU - Process: 14.2% | System: 3.9% | Cores: [5%, 2%, 4%, 4%]
[2025-11-24 16:04:18,287] [INFO] [GameManager] 💾 Memory - Process: 89.3MB | System: 210/907MB (23.2%, 696MB free) | ⚙️  CPU - Process: 14.3% | System: 3.6% | Cores: [8%, 0%, 4%, 2%]
[2025-11-24 16:04:24,870] [INFO] [ButtonReader] Button 8 pressed
[2025-11-24 16:05:18,301] [INFO] [GameManager] 💾 Memory - Process: 89.3MB | System: 210/907MB (23.2%, 697MB free) | ⚙️  CPU - Process: 14.0% | System: 3.5% | Cores: [3%, 5%, 4%, 2%]
[2025-11-24 16:06:18,320] [INFO] [GameManager] 💾 Memory - Process: 89.3MB | System: 208/907MB (23.0%, 698MB free) | ⚙️  CPU - Process: 14.0% | System: 3.5% | Cores: [0%, 5%, 7%, 2%]
[2025-11-24 16:07:01,271] [INFO] [AmplifyState] Song "Chopin, Frederic - 4 Waltz No.2 In A flat Major.mp3" was finished while amplifing! 👑
[2025-11-24 16:07:18,337] [INFO] [GameManager] 💾 Memory - Process: 89.4MB | System: 208/907MB (22.9%, 699MB free) | ⚙️  CPU - Process: 17.4% | System: 4.3% | Cores: [0%, 3%, 12%, 2%]
[2025-11-24 16:07:32,496] [CRITICAL] [Amplifier] ⚠️  SIGNAL RECEIVED: 15 - Process terminating
[2025-11-24 16:07:32,498] [CRITICAL] [Amplifier] Emergency flush triggered
[2025-11-24 16:07:32,800] [INFO] [SoundController] Sound controller cleaned up successfully
[2025-11-24 16:07:32,810] [INFO] [GameManager] Game stopped
[2025-11-24 16:07:32,811] [INFO] [Amplifier] ✅ HumanAmplifier system shut down
