[2025-11-14 17:32:30,494] [INFO] [Amplifier] 🎵 HUMAN AMPLIFIER INTERACTIVE SYSTEM
[2025-11-14 17:32:30,494] [INFO] [Amplifier] Button configuration: 3 buttons on GPIO [5, 6, 17]
[2025-11-14 17:32:30,495] [INFO] [Amplifier] LED configuration: 2 strips
[2025-11-14 17:32:30,495] [INFO] [Amplifier]   Strip 1: 300 LEDs on GPIO 21
[2025-11-14 17:32:30,495] [INFO] [Amplifier]   Strip 2: 300 LEDs on GPIO 18
[2025-11-14 17:32:30,495] [INFO] [Amplifier] Game settings: 20ms frame duration (50.0 FPS)
[2025-11-14 17:32:30,496] [INFO] [Amplifier] Button sample rate: 200Hz
[2025-11-14 17:32:30,496] [INFO] [Amplifier] Audio folder: songs
[2025-11-14 17:32:30,497] [INFO] [Amplifier] Schedule: 2 daily, 1 special entries
[2025-11-14 17:32:36,570] [INFO] [ButtonReader] GPIO setup complete: 3 pins, no pulls
[2025-11-14 17:32:36,570] [INFO] [ButtonReader] ButtonReader initialized with 3 buttons
[2025-11-14 17:32:36,571] [INFO] [ButtonReader] Button mapping: Button0=GPIO5, Button1=GPIO6, Button2=GPIO17
[2025-11-14 17:32:36,577] [INFO] [SongLibrary] Creating song codes dictionary
[2025-11-14 17:32:36,891] [INFO] [SongLibrary] Loaded 30 song codes from 2 collections
[2025-11-14 17:32:36,892] [INFO] [SongLibrary] Collections updated: ['MAIJAM']
[2025-11-14 17:32:37,105] [INFO] [GameManager] GameManager initialized: 20ms frame duration, 2 LED strips
[2025-11-14 17:32:37,105] [INFO] [Amplifier] HumanAmplifier system initialized successfully
[2025-11-14 17:32:37,106] [INFO] [Amplifier] Hardware: 3 buttons, 2 LED strips, 20ms frame duration
[2025-11-14 17:32:37,106] [INFO] [Amplifier] Audio system: {'songs_folder': 'songs', 'all_collections': ['MORNING', 'MAIJAM'], 'total_codes': 30, 'daily_schedule_entries': 2, 'special_schedule_entries': 1}
[2025-11-14 17:32:37,107] [INFO] [Amplifier] Sound controller initialized successfully
[2025-11-14 17:32:37,107] [INFO] [Amplifier] ✅ System initialized successfully!
[2025-11-14 17:32:37,108] [INFO] [Amplifier] Hardware status: 3 buttons, 2 LED strips
[2025-11-14 17:32:37,108] [INFO] [Amplifier]   Strip 1: 300 LEDs active
[2025-11-14 17:32:37,109] [INFO] [Amplifier]   Strip 2: 300 LEDs active
[2025-11-14 17:32:37,109] [INFO] [Amplifier] Audio system: 30 song codes, 9 sound effects
[2025-11-14 17:32:37,109] [INFO] [Amplifier] Available collections: MORNING, MAIJAM
[2025-11-14 17:32:37,110] [INFO] [Amplifier] 🚀 Starting HumanAmplifier system...
[2025-11-14 17:32:37,110] [INFO] [GameManager] Starting game loop with 20ms frame duration
[2025-11-14 17:32:39,018] [DEBUG] [GameManager] Button sequence: 1
[2025-11-14 17:32:39,019] [INFO] [GameManager] State transition: IdleState → AmplifyState
[2025-11-14 17:32:39,030] [INFO] [SoundController] Song Dua Lipa - Levitating Featuring DaBaby (Official Music Video).mp3 was randomly started
[2025-11-14 17:32:39,030] [DEBUG] [AmplifyState] AmplifyState activated with buttons: [1]
[2025-11-14 17:32:40,732] [INFO] [GameManager] State transition: AmplifyState → IdleState
[2025-11-14 17:32:41,053] [DEBUG] [GameManager] Button sequence: 1
[2025-11-14 17:32:41,053] [INFO] [GameManager] State transition: IdleState → AmplifyState
[2025-11-14 17:32:41,064] [INFO] [SoundController] Song Queen - I Want to Break Free (Official Lyric Video).mp3 was randomly started
[2025-11-14 17:32:41,065] [DEBUG] [AmplifyState] AmplifyState activated with buttons: [1]
[2025-11-14 17:32:41,756] [INFO] [GameManager] State transition: AmplifyState → IdleState
[2025-11-14 17:32:41,856] [DEBUG] [GameManager] Button sequence: 11
[2025-11-14 17:32:41,858] [INFO] [GameManager] State transition: IdleState → AmplifyState
[2025-11-14 17:32:41,870] [INFO] [SoundController] Song Eurythmics, Annie Lennox, Dave Stewart - Sweet Dreams (Are Made Of This) (Official Video).mp3 was randomly started
[2025-11-14 17:32:41,871] [DEBUG] [AmplifyState] AmplifyState activated with buttons: [1]
[2025-11-14 17:32:43,705] [INFO] [GameManager] State transition: AmplifyState → IdleState
[2025-11-14 17:32:44,126] [DEBUG] [GameManager] Button sequence: 1
[2025-11-14 17:32:44,127] [INFO] [GameManager] State transition: IdleState → AmplifyState
[2025-11-14 17:32:44,141] [INFO] [SoundController] Song Whitney Houston - I Wanna Dance With Somebody.mp3 was randomly started
[2025-11-14 17:32:44,142] [DEBUG] [AmplifyState] AmplifyState activated with buttons: [1]
[2025-11-14 17:32:44,970] [INFO] [GameManager] State transition: AmplifyState → IdleState
[2025-11-14 17:32:45,070] [DEBUG] [GameManager] Button sequence: 11
[2025-11-14 17:32:45,071] [INFO] [GameManager] State transition: IdleState → AmplifyState
[2025-11-14 17:32:45,082] [INFO] [SoundController] Song Blondie - Call me.mp3 was randomly started
[2025-11-14 17:32:45,082] [DEBUG] [AmplifyState] AmplifyState activated with buttons: [1]
[2025-11-14 17:32:45,231] [INFO] [GameManager] State transition: AmplifyState → IdleState
[2025-11-14 17:32:45,472] [DEBUG] [GameManager] Button sequence: 111
[2025-11-14 17:32:45,473] [INFO] [GameManager] State transition: IdleState → AmplifyState
[2025-11-14 17:32:45,483] [INFO] [SoundController] Song Eurythmics, Annie Lennox, Dave Stewart - Sweet Dreams (Are Made Of This) (Official Video).mp3 was randomly started
[2025-11-14 17:32:45,484] [DEBUG] [AmplifyState] AmplifyState activated with buttons: [1]
[2025-11-14 17:32:46,842] [INFO] [GameManager] State transition: AmplifyState → IdleState
[2025-11-14 17:32:48,733] [DEBUG] [GameManager] Button sequence: 1
[2025-11-14 17:32:48,733] [INFO] [GameManager] State transition: IdleState → AmplifyState
[2025-11-14 17:32:48,744] [INFO] [SoundController] Song Queen - I Want to Break Free (Official Lyric Video).mp3 was randomly started
[2025-11-14 17:32:48,745] [DEBUG] [AmplifyState] AmplifyState activated with buttons: [1]
[2025-11-14 17:32:48,914] [INFO] [GameManager] State transition: AmplifyState → IdleState
[2025-11-14 17:32:49,094] [DEBUG] [GameManager] Button sequence: 11
[2025-11-14 17:32:49,095] [INFO] [GameManager] State transition: IdleState → AmplifyState
[2025-11-14 17:32:49,106] [INFO] [SoundController] Song Boney M. - Rasputin (Sopot Festival 1979).mp3 was randomly started
[2025-11-14 17:32:49,107] [DEBUG] [AmplifyState] AmplifyState activated with buttons: [1]
[2025-11-14 17:32:49,296] [INFO] [GameManager] State transition: AmplifyState → IdleState
[2025-11-14 17:32:49,416] [DEBUG] [GameManager] Button sequence: 111
[2025-11-14 17:32:49,417] [INFO] [GameManager] State transition: IdleState → AmplifyState
[2025-11-14 17:32:49,427] [INFO] [SoundController] Song Queen - I Want to Break Free (Official Lyric Video).mp3 was randomly started
[2025-11-14 17:32:49,428] [DEBUG] [AmplifyState] AmplifyState activated with buttons: [1]
[2025-11-14 17:32:57,453] [INFO] [GameManager] State transition: AmplifyState → IdleState
[2025-11-14 17:33:00,007] [DEBUG] [GameManager] Button sequence: 1
[2025-11-14 17:33:00,007] [INFO] [GameManager] State transition: IdleState → AmplifyState
[2025-11-14 17:33:00,018] [INFO] [SoundController] Song Queen - Don't Stop Me Now (Official Video).mp3 was randomly started
[2025-11-14 17:33:00,020] [DEBUG] [AmplifyState] AmplifyState activated with buttons: [1]
[2025-11-14 17:33:00,188] [INFO] [GameManager] State transition: AmplifyState → IdleState
[2025-11-14 17:33:00,268] [DEBUG] [GameManager] Button sequence: 11
[2025-11-14 17:33:00,269] [INFO] [GameManager] State transition: IdleState → AmplifyState
[2025-11-14 17:33:00,280] [INFO] [SoundController] Song LunchMoney Lewis - Bills (Official Video).mp3 was randomly started
[2025-11-14 17:33:00,281] [DEBUG] [AmplifyState] AmplifyState activated with buttons: [1]
[2025-11-14 17:33:00,429] [INFO] [GameManager] State transition: AmplifyState → IdleState
[2025-11-14 17:33:00,569] [DEBUG] [GameManager] Button sequence: 111
[2025-11-14 17:33:00,571] [INFO] [GameManager] State transition: IdleState → AmplifyState
[2025-11-14 17:33:00,582] [INFO] [SoundController] Song Eurythmics, Annie Lennox, Dave Stewart - Sweet Dreams (Are Made Of This) (Official Video).mp3 was randomly started
[2025-11-14 17:33:00,582] [DEBUG] [AmplifyState] AmplifyState activated with buttons: [1]
[2025-11-14 17:33:00,750] [INFO] [GameManager] State transition: AmplifyState → IdleState
[2025-11-14 17:33:00,770] [INFO] [GameManager] Triple 1 detected - entering code mode!
[2025-11-14 17:33:00,771] [INFO] [GameManager] State transition: IdleState → CodeModeState
[2025-11-14 17:33:00,785] [INFO] [CodeModeState] Entered code mode - awaiting 5-digit code
[2025-11-14 17:33:00,793] [ERROR] [GameManager] Game loop error: 'ButtonState' object has no attribute 'prev_for_button' | Type: AttributeError | File: /home/yotam/AmpSync/Amp3/src/game_system/states.py | Line: 400
Traceback (most recent call last):
  File "/home/yotam/AmpSync/Amp3/src/game_system/game_manager.py", line 79, in run_game_loop
    self.update()
  File "/home/yotam/AmpSync/Amp3/src/game_system/game_manager.py", line 120, in update
    new_state = self.current_state.update(button_state)
                ^^^^^^^^^^^^^^^^^^^^^^^^^^^^^^^^^^^^^^^
  File "/home/yotam/AmpSync/Amp3/src/game_system/states.py", line 400, in update
    prev_pressed = button_state.prev_for_button[i]
                   ^^^^^^^^^^^^^^^^^^^^^^^^^^^^
AttributeError: 'ButtonState' object has no attribute 'prev_for_button'
[2025-11-14 17:33:00,807] [INFO] [GameManager] Game stopped
[2025-11-14 17:33:00,810] [ERROR] [Amplifier] HumanAmplifier system error: 'ButtonState' object has no attribute 'prev_for_button' | Type: AttributeError | File: /home/yotam/AmpSync/Amp3/src/game_system/states.py | Line: 400
Traceback (most recent call last):
  File "/home/yotam/AmpSync/Amp3/src/amplifier.py", line 244, in main
    game_manager.run_game_loop()
  File "/home/yotam/AmpSync/Amp3/src/game_system/game_manager.py", line 79, in run_game_loop
    self.update()
  File "/home/yotam/AmpSync/Amp3/src/game_system/game_manager.py", line 120, in update
    new_state = self.current_state.update(button_state)
                ^^^^^^^^^^^^^^^^^^^^^^^^^^^^^^^^^^^^^^^
  File "/home/yotam/AmpSync/Amp3/src/game_system/states.py", line 400, in update
    prev_pressed = button_state.prev_for_button[i]
                   ^^^^^^^^^^^^^^^^^^^^^^^^^^^^
AttributeError: 'ButtonState' object has no attribute 'prev_for_button'
[2025-11-14 17:33:00,813] [INFO] [Amplifier] ✅ HumanAmplifier system shut down
