[2025-11-15 17:59:50,410] [INFO] [Amplifier] 🎵 HUMAN AMPLIFIER INTERACTIVE SYSTEM
[2025-11-15 17:59:50,411] [INFO] [Amplifier] Button configuration: 4 buttons on GPIO [5, 6, 17, 22]
[2025-11-15 17:59:50,411] [INFO] [Amplifier] LED configuration: 2 strips
[2025-11-15 17:59:50,412] [INFO] [Amplifier]   Strip 1: 300 LEDs on GPIO 21
[2025-11-15 17:59:50,412] [INFO] [Amplifier]   Strip 2: 300 LEDs on GPIO 18
[2025-11-15 17:59:50,413] [INFO] [Amplifier] Game settings: 20ms frame duration (50.0 FPS)
[2025-11-15 17:59:50,413] [INFO] [Amplifier] Button sample rate: 200Hz
[2025-11-15 17:59:50,413] [INFO] [Amplifier] Audio folder: songs
[2025-11-15 17:59:50,414] [INFO] [Amplifier] Schedule: 2 daily, 1 special entries
[2025-11-15 17:59:50,414] [INFO] [ButtonReader] GPIO setup complete: 4 pins, no pulls
[2025-11-15 17:59:50,415] [INFO] [ButtonReader] ButtonReader initialized with 4 buttons
[2025-11-15 17:59:50,415] [INFO] [ButtonReader] Button mapping: Button0=GPIO5, Button1=GPIO6, Button2=GPIO17, Button3=GPIO22
[2025-11-15 17:59:50,419] [INFO] [SongLibrary] Creating song codes dictionary
[2025-11-15 17:59:50,986] [INFO] [SongLibrary] Loaded 1 song codes from 2 collections
[2025-11-15 17:59:50,987] [INFO] [SongLibrary] Collections updated: ['MAIJAM']
[2025-11-15 17:59:52,947] [INFO] [GameManager] GameManager initialized: 20ms frame duration, 2 LED strips
[2025-11-15 17:59:52,948] [INFO] [Amplifier] HumanAmplifier system initialized successfully
[2025-11-15 17:59:52,948] [INFO] [Amplifier] Hardware: 4 buttons, 2 LED strips, 20ms frame duration
[2025-11-15 17:59:52,949] [INFO] [Amplifier] Audio system: {'songs_folder': 'songs', 'all_collections': ['MORNING', 'MAIJAM'], 'total_codes': 1, 'daily_schedule_entries': 2, 'special_schedule_entries': 1}
[2025-11-15 17:59:52,949] [INFO] [Amplifier] Sound controller initialized successfully
[2025-11-15 17:59:52,949] [INFO] [Amplifier] ✅ System initialized successfully!
[2025-11-15 17:59:52,950] [INFO] [Amplifier] Hardware status: 4 buttons, 2 LED strips
[2025-11-15 17:59:52,950] [INFO] [Amplifier]   Strip 1: 300 LEDs active
[2025-11-15 17:59:52,951] [INFO] [Amplifier]   Strip 2: 300 LEDs active
[2025-11-15 17:59:52,951] [INFO] [Amplifier] Audio system: 1 song codes, 12 sound effects
[2025-11-15 17:59:52,952] [INFO] [Amplifier] Available collections: MORNING, MAIJAM
[2025-11-15 17:59:52,952] [INFO] [Amplifier] 🚀 Starting HumanAmplifier system...
[2025-11-15 17:59:52,952] [INFO] [GameManager] Starting game loop with 20ms frame duration
[2025-11-15 17:59:52,953] [DEBUG] [ButtonReader] Button state changed: [(0, 'pressed'), (1, 'pressed')]
[2025-11-15 17:59:52,954] [DEBUG] [GameManager] Button sequence: 01
[2025-11-15 17:59:52,954] [INFO] [GameManager] State transition: IdleState → AmplifyState
[2025-11-15 17:59:52,965] [INFO] [SoundController] Song "Whitney Houston - I Wanna Dance With Somebody.mp3" was randomly started
[2025-11-15 17:59:52,966] [DEBUG] [AmplifyState] AmplifyState activated with buttons: [0, 1]
[2025-11-15 18:00:04,536] [INFO] [GameManager] Game stopped by user (Ctrl+C)
[2025-11-15 18:00:04,546] [INFO] [GameManager] Game stopped
[2025-11-15 18:00:04,547] [INFO] [Amplifier] ✅ HumanAmplifier system shut down
