[2025-11-12 16:16:27,052] [INFO] [Amplifier] 🎵 HUMAN AMPLIFIER INTERACTIVE SYSTEM
[2025-11-12 16:16:27,053] [INFO] [Amplifier] Button configuration: 4 buttons on GPIO [5, 6, 17, 22]
[2025-11-12 16:16:27,056] [INFO] [Amplifier] LED configuration: 2 strips
[2025-11-12 16:16:27,056] [INFO] [Amplifier]   Strip 1: 300 LEDs on GPIO 21
[2025-11-12 16:16:27,057] [INFO] [Amplifier]   Strip 2: 300 LEDs on GPIO 18
[2025-11-12 16:16:27,058] [INFO] [Amplifier] Game settings: 20ms frame duration (50.0 FPS)
[2025-11-12 16:16:27,058] [INFO] [Amplifier] Button sample rate: 200Hz
[2025-11-12 16:16:27,059] [INFO] [Amplifier] Audio folder: songs
[2025-11-12 16:16:27,059] [INFO] [Amplifier] Schedule: 2 daily, 1 special entries
[2025-11-12 16:16:28,770] [INFO] [ButtonReader] GPIO setup complete: 4 pins, no pulls
[2025-11-12 16:16:28,771] [INFO] [ButtonReader] ButtonReader initialized with 4 buttons
[2025-11-12 16:16:28,772] [INFO] [ButtonReader] Button mapping: Button0=GPIO5, Button1=GPIO6, Button2=GPIO17, Button3=GPIO22
[2025-11-12 16:16:28,776] [INFO] [SongLibrary] Creating song codes dictionary
[2025-11-12 16:16:29,113] [INFO] [SongLibrary] Loaded 30 song codes from 2 collections
[2025-11-12 16:16:29,114] [INFO] [SongLibrary] Collections updated: ['MAIJAM', 'MORNING']
[2025-11-12 16:16:29,332] [INFO] [GameManager] Entering state: IdleState
[2025-11-12 16:16:29,333] [INFO] [GameManager] GameManager initialized: 20ms frame duration, 2 LED strips
[2025-11-12 16:16:29,334] [INFO] [Amplifier] HumanAmplifier system initialized successfully
[2025-11-12 16:16:29,334] [INFO] [Amplifier] Hardware: 4 buttons, 2 LED strips, 20ms frame duration
[2025-11-12 16:16:29,335] [INFO] [Amplifier] Audio system: {'songs_folder': 'songs', 'all_collections': ['MAIJAM', 'MORNING'], 'total_codes': 30, 'daily_schedule_entries': 2, 'special_schedule_entries': 1}
[2025-11-12 16:16:29,335] [INFO] [Amplifier] Sound controller initialized successfully
[2025-11-12 16:16:29,335] [INFO] [Amplifier] ✅ System initialized successfully!
[2025-11-12 16:16:29,336] [INFO] [Amplifier] Hardware status: 4 buttons, 2 LED strips
[2025-11-12 16:16:29,336] [INFO] [Amplifier]   Strip 1: 300 LEDs active
[2025-11-12 16:16:29,337] [INFO] [Amplifier]   Strip 2: 300 LEDs active
[2025-11-12 16:16:29,337] [INFO] [Amplifier] Audio system: 30 song codes, 9 sound effects
[2025-11-12 16:16:29,338] [INFO] [Amplifier] Available collections: MAIJAM, MORNING
[2025-11-12 16:16:29,338] [INFO] [Amplifier] 🚀 Starting HumanAmplifier system...
[2025-11-12 16:16:29,339] [INFO] [GameManager] Starting game loop with 20ms frame duration
[2025-11-12 16:17:29,132] [INFO] [SongLibrary] Collections updated: ['MAIJAM']
[2025-11-12 16:18:29,137] [INFO] [SongLibrary] Collections updated: ['MORNING']
[2025-11-12 16:25:56,258] [INFO] [GameManager] Game stopped by user (Ctrl+C)
[2025-11-12 16:25:56,275] [INFO] [GameManager] Game stopped
[2025-11-12 16:25:56,276] [INFO] [Amplifier] ✅ HumanAmplifier system shut down
