[2025-11-21 02:02:05,385] [INFO] [Amplifier] 🎵 HUMAN AMPLIFIER INTERACTIVE SYSTEM
[2025-11-21 02:02:05,386] [INFO] [Amplifier] Button configuration: 10 buttons on GPIO [6, 5, 22, 17, 4, 23, 24, 25, 16, 20]
[2025-11-21 02:02:05,386] [INFO] [Amplifier] LED configuration: 2 strips
[2025-11-21 02:02:05,387] [INFO] [Amplifier]   Strip 1: 300 LEDs on GPIO 21
[2025-11-21 02:02:05,387] [INFO] [Amplifier]   Strip 2: 293 LEDs on GPIO 18
[2025-11-21 02:02:05,388] [INFO] [Amplifier] Game settings: 20ms frame duration (50.0 FPS)
[2025-11-21 02:02:05,388] [INFO] [Amplifier] Button sample rate: 200Hz
[2025-11-21 02:02:05,389] [INFO] [Amplifier] Audio folder: songs
[2025-11-21 02:02:05,389] [INFO] [Amplifier] Schedule: 13 daily, 1 special entries
[2025-11-21 02:02:05,390] [INFO] [ButtonReader] 🎮 Keyboard sampler initialized (NO GPIO)
[2025-11-21 02:02:05,390] [INFO] [ButtonReader]    10 virtual buttons mapped to digit keys 0-9
[2025-11-21 02:02:05,391] [INFO] [ButtonReader]    Press digit keys to toggle buttons ON/OFF
[2025-11-21 02:02:05,391] [INFO] [ButtonReader]    Each keypress toggles button ON/OFF
[2025-11-21 02:02:05,392] [INFO] [ButtonReader] ButtonReader initialized with 10 buttons
[2025-11-21 02:02:05,393] [INFO] [SongLibrary] Creating song codes dictionary
[2025-11-21 02:02:07,824] [INFO] [SongLibrary] Loaded 722 song codes from 11 collections
[2025-11-21 02:02:07,824] [INFO] [SongLibrary] Collections updated: ['HAFLA', 'PARTY', 'MAIJAM', 'FESTIGAL', 'VIRAL']
[2025-11-21 02:02:07,927] [INFO] [SoundController] Pygame mixer initialized: 48000Hz, format=-16, channels=2
[2025-11-21 02:02:16,188] [INFO] [SoundController] Sound controller initialized - mixer ready, first song will load on demand
[2025-11-21 02:02:16,195] [INFO] [GameManager] GameManager initialized: 20ms frame duration, 2 LED strips
[2025-11-21 02:02:16,195] [INFO] [Amplifier] HumanAmplifier system initialized successfully
[2025-11-21 02:02:16,196] [INFO] [Amplifier] Hardware: 10 buttons, 2 LED strips, 20ms frame duration
[2025-11-21 02:02:16,196] [INFO] [Amplifier] Audio system: {'songs_folder': 'songs', 'all_collections': ['CLASSIC', 'HAFLA', 'MORNING', 'PARTY', 'TV', 'MAIJAM', 'SPANISH', 'FESTIGAL', 'GENERAL', 'VIRAL', 'DISNEY'], 'total_codes': 722, 'daily_schedule_entries': 13, 'special_schedule_entries': 1}
[2025-11-21 02:02:16,197] [INFO] [Amplifier] Sound controller initialized successfully
[2025-11-21 02:02:16,197] [INFO] [Amplifier] ✅ System initialized successfully!
[2025-11-21 02:02:16,198] [INFO] [Amplifier] Hardware status: 10 buttons, 2 LED strips
[2025-11-21 02:02:16,198] [INFO] [Amplifier]   Strip 1: 300 LEDs active
[2025-11-21 02:02:16,199] [INFO] [Amplifier]   Strip 2: 293 LEDs active
[2025-11-21 02:02:16,199] [INFO] [Amplifier] Audio system: 722 song codes, 13 sound effects
[2025-11-21 02:02:16,200] [INFO] [Amplifier] Available collections: CLASSIC, HAFLA, MORNING, PARTY, TV, MAIJAM, SPANISH, FESTIGAL, GENERAL, VIRAL, DISNEY
[2025-11-21 02:02:16,200] [INFO] [Amplifier] ===========================
[2025-11-21 02:02:16,200] [INFO] [Amplifier] 🚀 Starting HumanAmplifier system...
[2025-11-21 02:02:16,201] [INFO] [GameManager] Starting game loop with 20ms frame duration
[2025-11-21 02:02:16,204] [INFO] [GameManager] 💾 Memory - Process: 88.0MB | System: 247/907MB (27.2%, 660MB free) | ⚙️  CPU - Process: 0.0% | System: 29.7% | Cores: [98%, 5%, 5%, 9%]
[2025-11-21 02:02:20,539] [INFO] [ButtonReader] Keyboard: Button 3 toggled ON (key '3')
[2025-11-21 02:02:20,539] [INFO] [ButtonReader] Button 3 pressed
[2025-11-21 02:02:20,544] [DEBUG] [SequenceTracker] UPDATE: '' → '3' (added buttons: [3], elapsed: 0.00s)
[2025-11-21 02:02:20,544] [DEBUG] [IdleState] Checking sequence: '3' (need '777' for code mode)
[2025-11-21 02:02:20,579] [INFO] [AmplifyState] Song "Abba - Money, Money, Money (Official Music Video).mp3" was randomly started 🎚️
[2025-11-21 02:02:23,376] [INFO] [ButtonReader] Keyboard: Button 8 toggled ON (key '8')
[2025-11-21 02:02:23,377] [INFO] [ButtonReader] Button 8 pressed
[2025-11-21 02:02:23,377] [DEBUG] [SequenceTracker] UPDATE: '3' → '38' (added buttons: [8], elapsed: 2.83s)
[2025-11-21 02:02:39,927] [INFO] [ButtonReader] Keyboard: Button 5 toggled ON (key '5')
[2025-11-21 02:02:39,928] [INFO] [ButtonReader] Button 5 pressed
[2025-11-21 02:02:39,929] [DEBUG] [SequenceTracker] UPDATE: '38' → '385' (added buttons: [5], elapsed: 19.39s)
[2025-11-21 02:02:45,474] [INFO] [ButtonReader] Keyboard: Button 5 toggled OFF (key '5')
[2025-11-21 02:03:16,220] [INFO] [GameManager] 💾 Memory - Process: 88.1MB | System: 249/907MB (27.5%, 658MB free) | ⚙️  CPU - Process: 20.5% | System: 8.9% | Cores: [8%, 8%, 10%, 8%]
[2025-11-21 02:04:16,236] [INFO] [GameManager] 💾 Memory - Process: 88.1MB | System: 249/907MB (27.5%, 657MB free) | ⚙️  CPU - Process: 21.1% | System: 9.1% | Cores: [9%, 9%, 9%, 10%]
[2025-11-21 02:04:48,790] [INFO] [ButtonReader] Keyboard: Button 4 toggled ON (key '4')
[2025-11-21 02:04:48,791] [INFO] [ButtonReader] Button 4 pressed
[2025-11-21 02:04:48,792] [DEBUG] [SequenceTracker] UPDATE: '385' → '3854' (added buttons: [4], elapsed: 148.25s)
[2025-11-21 02:05:03,037] [INFO] [ButtonReader] Keyboard: Button 4 toggled OFF (key '4')
[2025-11-21 02:05:05,166] [INFO] [ButtonReader] Keyboard: Button 3 toggled OFF (key '3')
[2025-11-21 02:05:06,291] [INFO] [ButtonReader] Keyboard: Button 3 toggled ON (key '3')
[2025-11-21 02:05:06,292] [INFO] [ButtonReader] Button 3 pressed
[2025-11-21 02:05:06,293] [DEBUG] [SequenceTracker] UPDATE: '3854' → '38543' (added buttons: [3], elapsed: 165.75s)
[2025-11-21 02:05:07,134] [INFO] [ButtonReader] Keyboard: Button 3 toggled OFF (key '3')
[2025-11-21 02:05:07,677] [INFO] [ButtonReader] Keyboard: Button 2 toggled ON (key '2')
[2025-11-21 02:05:07,677] [INFO] [ButtonReader] Button 2 pressed
[2025-11-21 02:05:07,678] [DEBUG] [SequenceTracker] UPDATE: '38543' → '385432' (added buttons: [2], elapsed: 167.13s)
[2025-11-21 02:05:08,240] [INFO] [ButtonReader] Keyboard: Button 1 toggled ON (key '1')
[2025-11-21 02:05:08,241] [INFO] [ButtonReader] Button 1 pressed
[2025-11-21 02:05:08,246] [DEBUG] [SequenceTracker] UPDATE: '385432' → '3854321' (added buttons: [1], elapsed: 167.70s)
[2025-11-21 02:05:10,214] [INFO] [ButtonReader] Keyboard: Button 4 toggled ON (key '4')
[2025-11-21 02:05:10,215] [INFO] [ButtonReader] Button 4 pressed
[2025-11-21 02:05:10,215] [DEBUG] [SequenceTracker] UPDATE: '3854321' → '38543214' (added buttons: [4], elapsed: 169.67s)
[2025-11-21 02:05:11,057] [INFO] [ButtonReader] Keyboard: Button 5 toggled ON (key '5')
[2025-11-21 02:05:11,058] [INFO] [ButtonReader] Button 5 pressed
[2025-11-21 02:05:11,059] [DEBUG] [SequenceTracker] UPDATE: '38543214' → '385432145' (added buttons: [5], elapsed: 170.52s)
[2025-11-21 02:05:11,660] [INFO] [ButtonReader] Keyboard: Button 6 toggled ON (key '6')
[2025-11-21 02:05:11,661] [INFO] [ButtonReader] Button 6 pressed
[2025-11-21 02:05:11,661] [DEBUG] [SequenceTracker] UPDATE: '385432145' → '3854321456' (added buttons: [6], elapsed: 171.12s)
[2025-11-21 02:05:12,283] [INFO] [ButtonReader] Keyboard: Button 7 toggled ON (key '7')
[2025-11-21 02:05:12,283] [INFO] [ButtonReader] Button 7 pressed
[2025-11-21 02:05:12,284] [DEBUG] [SequenceTracker] UPDATE: '3854321456' → '8543214567' (added buttons: [7], elapsed: 171.74s) [TRIMMED]
[2025-11-21 02:05:13,026] [INFO] [ButtonReader] Keyboard: Button 8 toggled OFF (key '8')
[2025-11-21 02:05:13,729] [INFO] [ButtonReader] Keyboard: Button 8 toggled ON (key '8')
[2025-11-21 02:05:13,729] [INFO] [ButtonReader] Button 8 pressed
[2025-11-21 02:05:13,730] [DEBUG] [SequenceTracker] UPDATE: '8543214567' → '5432145678' (added buttons: [8], elapsed: 173.19s) [TRIMMED]
[2025-11-21 02:05:15,075] [INFO] [ButtonReader] Keyboard: Button 9 toggled ON (key '9')
[2025-11-21 02:05:15,076] [INFO] [ButtonReader] Button 9 pressed
[2025-11-21 02:05:15,077] [DEBUG] [SequenceTracker] UPDATE: '5432145678' → '4321456789' (added buttons: [9], elapsed: 174.53s) [TRIMMED]
[2025-11-21 02:05:16,247] [INFO] [GameManager] 💾 Memory - Process: 88.1MB | System: 249/907MB (27.5%, 657MB free) | ⚙️  CPU - Process: 20.8% | System: 9.0% | Cores: [7%, 9%, 8%, 12%]
[2025-11-21 02:05:26,196] [INFO] [AmplifyState] Song "Abba - Money, Money, Money (Official Music Video).mp3" was finished while amplifing! 👑
[2025-11-21 02:05:26,216] [DEBUG] [SequenceTracker] RESET: cleared sequence '4321456789', elapsed: 185.67s
[2025-11-21 02:05:36,405] [INFO] [ButtonReader] Keyboard: Button 1 toggled OFF (key '1')
[2025-11-21 02:05:38,535] [INFO] [ButtonReader] Keyboard: Button 1 toggled ON (key '1')
[2025-11-21 02:05:38,536] [INFO] [ButtonReader] Button 1 pressed
[2025-11-21 02:05:38,536] [DEBUG] [SequenceTracker] UPDATE: '' → '1' (added buttons: [1], elapsed: 0.00s)
[2025-11-21 02:05:38,537] [DEBUG] [IdleState] Checking sequence: '1' (need '777' for code mode)
[2025-11-21 02:05:38,571] [INFO] [AmplifyState] Song "חמסה חייב למות עליי.mp3" was randomly started 🎚️
[2025-11-21 02:05:39,476] [INFO] [ButtonReader] Keyboard: Button 2 toggled OFF (key '2')
[2025-11-21 02:05:40,621] [INFO] [ButtonReader] Keyboard: Button 3 toggled ON (key '3')
[2025-11-21 02:05:40,621] [INFO] [ButtonReader] Button 3 pressed
[2025-11-21 02:05:40,622] [DEBUG] [SequenceTracker] UPDATE: '1' → '13' (added buttons: [3], elapsed: 2.09s)
[2025-11-21 02:05:41,706] [INFO] [ButtonReader] Keyboard: Button 4 toggled OFF (key '4')
[2025-11-21 02:05:44,603] [INFO] [ButtonReader] Keyboard: Button 5 toggled OFF (key '5')
[2025-11-21 02:05:46,752] [INFO] [ButtonReader] Keyboard: Button 6 toggled OFF (key '6')
[2025-11-21 02:05:49,950] [INFO] [ButtonReader] Keyboard: Button 4 toggled ON (key '4')
[2025-11-21 02:05:49,953] [INFO] [ButtonReader] Button 4 pressed
[2025-11-21 02:05:49,954] [DEBUG] [SequenceTracker] UPDATE: '13' → '134' (added buttons: [4], elapsed: 11.42s)
[2025-11-21 02:05:50,693] [INFO] [ButtonReader] Keyboard: Button 3 toggled OFF (key '3')
[2025-11-21 02:05:51,316] [INFO] [ButtonReader] Keyboard: Button 3 toggled ON (key '3')
[2025-11-21 02:05:51,316] [INFO] [ButtonReader] Button 3 pressed
[2025-11-21 02:05:51,317] [DEBUG] [SequenceTracker] UPDATE: '134' → '1343' (added buttons: [3], elapsed: 12.78s)
[2025-11-21 02:05:51,737] [INFO] [ButtonReader] Keyboard: Button 2 toggled ON (key '2')
[2025-11-21 02:05:51,738] [INFO] [ButtonReader] Button 2 pressed
[2025-11-21 02:05:51,739] [DEBUG] [SequenceTracker] UPDATE: '1343' → '13432' (added buttons: [2], elapsed: 13.20s)
[2025-11-21 02:05:57,106] [INFO] [ButtonReader] Keyboard: Button 0 toggled ON (key '0')
[2025-11-21 02:05:57,126] [INFO] [ButtonReader] Button 0 pressed
[2025-11-21 02:05:57,127] [DEBUG] [SequenceTracker] UPDATE: '13432' → '134320' (added buttons: [0], elapsed: 18.59s)
[2025-11-21 02:05:57,749] [INFO] [ButtonReader] Keyboard: Button 9 toggled OFF (key '9')
[2025-11-21 02:05:58,834] [INFO] [ButtonReader] Keyboard: Button 8 toggled OFF (key '8')
[2025-11-21 02:06:01,385] [INFO] [ButtonReader] Keyboard: Button 0 toggled OFF (key '0')
[2025-11-21 02:06:02,532] [INFO] [ButtonReader] Keyboard: Button 0 toggled ON (key '0')
[2025-11-21 02:06:02,552] [INFO] [ButtonReader] Button 0 pressed
[2025-11-21 02:06:02,553] [DEBUG] [SequenceTracker] UPDATE: '134320' → '1343200' (added buttons: [0], elapsed: 24.02s)
[2025-11-21 02:06:03,315] [INFO] [ButtonReader] Keyboard: Button 9 toggled ON (key '9')
[2025-11-21 02:06:03,316] [INFO] [ButtonReader] Button 9 pressed
[2025-11-21 02:06:03,317] [DEBUG] [SequenceTracker] UPDATE: '1343200' → '13432009' (added buttons: [9], elapsed: 24.78s)
[2025-11-21 02:06:03,958] [INFO] [ButtonReader] Keyboard: Button 8 toggled ON (key '8')
[2025-11-21 02:06:03,959] [INFO] [ButtonReader] Button 8 pressed
[2025-11-21 02:06:03,959] [DEBUG] [SequenceTracker] UPDATE: '13432009' → '134320098' (added buttons: [8], elapsed: 25.42s)
[2025-11-21 02:06:04,641] [INFO] [ButtonReader] Keyboard: Button 7 toggled OFF (key '7')
[2025-11-21 02:06:08,560] [INFO] [ButtonReader] Keyboard: Button 6 toggled ON (key '6')
[2025-11-21 02:06:08,561] [INFO] [ButtonReader] Button 6 pressed
[2025-11-21 02:06:08,562] [DEBUG] [SequenceTracker] UPDATE: '134320098' → '1343200986' (added buttons: [6], elapsed: 30.03s)
[2025-11-21 02:06:10,594] [INFO] [ButtonReader] Keyboard: Button 7 toggled ON (key '7')
[2025-11-21 02:06:10,594] [INFO] [ButtonReader] Button 7 pressed
[2025-11-21 02:06:10,595] [DEBUG] [SequenceTracker] UPDATE: '1343200986' → '3432009867' (added buttons: [7], elapsed: 32.06s) [TRIMMED]
[2025-11-21 02:06:11,919] [INFO] [ButtonReader] Keyboard: Button 5 toggled ON (key '5')
[2025-11-21 02:06:11,920] [INFO] [ButtonReader] Button 5 pressed
[2025-11-21 02:06:11,921] [DEBUG] [SequenceTracker] UPDATE: '3432009867' → '4320098675' (added buttons: [5], elapsed: 33.38s) [TRIMMED]
[2025-11-21 02:06:11,937] [INFO] [PartyState] 🎉 PARTY MODE ACTIVATED for song: חמסה חייב למות עליי.mp3
[2025-11-21 02:06:16,266] [INFO] [GameManager] 💾 Memory - Process: 88.1MB | System: 248/907MB (27.3%, 659MB free) | ⚙️  CPU - Process: 19.5% | System: 8.7% | Cores: [9%, 9%, 8%, 8%]
[2025-11-21 02:06:30,877] [INFO] [ButtonReader] Keyboard: Button 4 toggled OFF (key '4')
[2025-11-21 02:06:31,479] [INFO] [ButtonReader] Keyboard: Button 5 toggled OFF (key '5')
[2025-11-21 02:06:33,207] [INFO] [ButtonReader] Keyboard: Button 4 toggled ON (key '4')
[2025-11-21 02:06:33,207] [INFO] [ButtonReader] Button 4 pressed
[2025-11-21 02:06:33,208] [DEBUG] [SequenceTracker] UPDATE: '4320098675' → '3200986754' (added buttons: [4], elapsed: 54.67s) [TRIMMED]
[2025-11-21 02:06:33,850] [INFO] [ButtonReader] Keyboard: Button 5 toggled ON (key '5')
[2025-11-21 02:06:33,850] [INFO] [ButtonReader] Button 5 pressed
[2025-11-21 02:06:33,851] [DEBUG] [SequenceTracker] UPDATE: '3200986754' → '2009867545' (added buttons: [5], elapsed: 55.31s) [TRIMMED]
[2025-11-21 02:06:36,023] [INFO] [ButtonReader] Keyboard: Button 2 toggled OFF (key '2')
[2025-11-21 02:06:38,292] [INFO] [ButtonReader] Keyboard: Button 2 toggled ON (key '2')
[2025-11-21 02:06:38,293] [INFO] [ButtonReader] Button 2 pressed
[2025-11-21 02:06:38,293] [DEBUG] [SequenceTracker] UPDATE: '2009867545' → '0098675452' (added buttons: [2], elapsed: 59.76s) [TRIMMED]
[2025-11-21 02:07:16,282] [INFO] [GameManager] 💾 Memory - Process: 88.1MB | System: 249/907MB (27.5%, 657MB free) | ⚙️  CPU - Process: 17.9% | System: 8.9% | Cores: [10%, 8%, 9%, 9%]
[2025-11-21 02:08:16,301] [INFO] [GameManager] 💾 Memory - Process: 88.1MB | System: 248/907MB (27.3%, 659MB free) | ⚙️  CPU - Process: 19.7% | System: 9.1% | Cores: [6%, 11%, 10%, 8%]
[2025-11-21 02:08:59,185] [INFO] [PartyState] Song finished, returning to idle: חמסה חייב למות עליי.mp3
[2025-11-21 02:08:59,205] [DEBUG] [SequenceTracker] RESET: cleared sequence '0098675452', elapsed: 200.67s
[2025-11-21 02:09:16,303] [INFO] [GameManager] 💾 Memory - Process: 88.1MB | System: 250/907MB (27.6%, 657MB free) | ⚙️  CPU - Process: 20.7% | System: 8.6% | Cores: [9%, 9%, 6%, 11%]
[2025-11-21 02:10:16,315] [INFO] [GameManager] 💾 Memory - Process: 88.1MB | System: 249/907MB (27.5%, 658MB free) | ⚙️  CPU - Process: 31.6% | System: 11.5% | Cores: [8%, 12%, 13%, 13%]
[2025-11-21 02:11:16,332] [INFO] [GameManager] 💾 Memory - Process: 88.1MB | System: 251/907MB (27.6%, 656MB free) | ⚙️  CPU - Process: 31.8% | System: 11.5% | Cores: [8%, 13%, 11%, 14%]
