[2025-11-17 20:48:52,278] [INFO] [Amplifier] 🎵 HUMAN AMPLIFIER INTERACTIVE SYSTEM
[2025-11-17 20:48:52,279] [INFO] [Amplifier] Button configuration: 4 buttons on GPIO [6, 5, 17, 22]
[2025-11-17 20:48:52,279] [INFO] [Amplifier] LED configuration: 2 strips
[2025-11-17 20:48:52,280] [INFO] [Amplifier]   Strip 1: 300 LEDs on GPIO 21
[2025-11-17 20:48:52,281] [INFO] [Amplifier]   Strip 2: 300 LEDs on GPIO 18
[2025-11-17 20:48:52,281] [INFO] [Amplifier] Game settings: 20ms frame duration (50.0 FPS)
[2025-11-17 20:48:52,282] [INFO] [Amplifier] Button sample rate: 200Hz
[2025-11-17 20:48:52,282] [INFO] [Amplifier] Audio folder: songs
[2025-11-17 20:48:52,283] [INFO] [Amplifier] Schedule: 2 daily, 1 special entries
[2025-11-17 20:48:52,284] [INFO] [ButtonReader] GPIO sampler initialized: 4 pins (no pulls)
[2025-11-17 20:48:52,285] [INFO] [ButtonReader] Pin mapping: Btn0=GPIO6, Btn1=GPIO5, Btn2=GPIO17, Btn3=GPIO22
[2025-11-17 20:48:52,285] [INFO] [ButtonReader] 🎮 Keyboard debug enabled: Press digit keys 0-9 to toggle buttons (works over SSH)
[2025-11-17 20:48:52,286] [INFO] [ButtonReader]    Each keypress toggles button ON/OFF
[2025-11-17 20:48:52,286] [INFO] [ButtonReader] ButtonReader initialized with 4 buttons
[2025-11-17 20:48:52,291] [INFO] [SongLibrary] Creating song codes dictionary
[2025-11-17 20:48:52,868] [INFO] [SongLibrary] Loaded 1 song codes from 2 collections
[2025-11-17 20:48:52,869] [INFO] [SongLibrary] Collections updated: ['MAIJAM']
[2025-11-17 20:48:54,774] [INFO] [GameManager] GameManager initialized: 20ms frame duration, 2 LED strips
[2025-11-17 20:48:54,775] [INFO] [Amplifier] HumanAmplifier system initialized successfully
[2025-11-17 20:48:54,775] [INFO] [Amplifier] Hardware: 4 buttons, 2 LED strips, 20ms frame duration
[2025-11-17 20:48:54,776] [INFO] [Amplifier] Audio system: {'songs_folder': 'songs', 'all_collections': ['MAIJAM', 'MORNING'], 'total_codes': 1, 'daily_schedule_entries': 2, 'special_schedule_entries': 1}
[2025-11-17 20:48:54,776] [INFO] [Amplifier] Sound controller initialized successfully
[2025-11-17 20:48:54,776] [INFO] [Amplifier] ✅ System initialized successfully!
[2025-11-17 20:48:54,776] [INFO] [Amplifier] Hardware status: 4 buttons, 2 LED strips
[2025-11-17 20:48:54,776] [INFO] [Amplifier]   Strip 1: 300 LEDs active
[2025-11-17 20:48:54,777] [INFO] [Amplifier]   Strip 2: 300 LEDs active
[2025-11-17 20:48:54,777] [INFO] [Amplifier] Audio system: 1 song codes, 12 sound effects
[2025-11-17 20:48:54,777] [INFO] [Amplifier] Available collections: MAIJAM, MORNING
[2025-11-17 20:48:54,777] [INFO] [Amplifier] 🚀 Starting HumanAmplifier system...
[2025-11-17 20:48:54,778] [INFO] [GameManager] Starting game loop with 20ms frame duration
[2025-11-17 20:54:43,902] [INFO] [GameManager] Game stopped by user (Ctrl+C)
[2025-11-17 20:54:43,914] [INFO] [GameManager] Game stopped
[2025-11-17 20:54:43,915] [INFO] [Amplifier] ✅ HumanAmplifier system shut down
