[2025-11-14 17:44:45,875] [INFO] [Amplifier] 🎵 HUMAN AMPLIFIER INTERACTIVE SYSTEM
[2025-11-14 17:44:45,876] [INFO] [Amplifier] Button configuration: 3 buttons on GPIO [5, 6, 17]
[2025-11-14 17:44:45,877] [INFO] [Amplifier] LED configuration: 2 strips
[2025-11-14 17:44:45,878] [INFO] [Amplifier]   Strip 1: 300 LEDs on GPIO 21
[2025-11-14 17:44:45,879] [INFO] [Amplifier]   Strip 2: 300 LEDs on GPIO 18
[2025-11-14 17:44:45,880] [INFO] [Amplifier] Game settings: 20ms frame duration (50.0 FPS)
[2025-11-14 17:44:45,880] [INFO] [Amplifier] Button sample rate: 200Hz
[2025-11-14 17:44:45,881] [INFO] [Amplifier] Audio folder: songs
[2025-11-14 17:44:45,882] [INFO] [Amplifier] Schedule: 2 daily, 1 special entries
[2025-11-14 17:44:48,289] [INFO] [ButtonReader] GPIO setup complete: 3 pins, no pulls
[2025-11-14 17:44:48,289] [INFO] [ButtonReader] ButtonReader initialized with 3 buttons
[2025-11-14 17:44:48,290] [INFO] [ButtonReader] Button mapping: Button0=GPIO5, Button1=GPIO6, Button2=GPIO17
[2025-11-14 17:44:48,293] [INFO] [SongLibrary] Creating song codes dictionary
[2025-11-14 17:44:48,586] [INFO] [SongLibrary] Loaded 30 song codes from 2 collections
[2025-11-14 17:44:48,587] [INFO] [SongLibrary] Collections updated: ['MAIJAM']
[2025-11-14 17:44:48,800] [INFO] [GameManager] GameManager initialized: 20ms frame duration, 2 LED strips
[2025-11-14 17:44:48,801] [INFO] [Amplifier] HumanAmplifier system initialized successfully
[2025-11-14 17:44:48,801] [INFO] [Amplifier] Hardware: 3 buttons, 2 LED strips, 20ms frame duration
[2025-11-14 17:44:48,802] [INFO] [Amplifier] Audio system: {'songs_folder': 'songs', 'all_collections': ['MAIJAM', 'MORNING'], 'total_codes': 30, 'daily_schedule_entries': 2, 'special_schedule_entries': 1}
[2025-11-14 17:44:48,802] [INFO] [Amplifier] Sound controller initialized successfully
[2025-11-14 17:44:48,802] [INFO] [Amplifier] ✅ System initialized successfully!
[2025-11-14 17:44:48,803] [INFO] [Amplifier] Hardware status: 3 buttons, 2 LED strips
[2025-11-14 17:44:48,803] [INFO] [Amplifier]   Strip 1: 300 LEDs active
[2025-11-14 17:44:48,803] [INFO] [Amplifier]   Strip 2: 300 LEDs active
[2025-11-14 17:44:48,804] [INFO] [Amplifier] Audio system: 30 song codes, 9 sound effects
[2025-11-14 17:44:48,804] [INFO] [Amplifier] Available collections: MAIJAM, MORNING
[2025-11-14 17:44:48,805] [INFO] [Amplifier] 🚀 Starting HumanAmplifier system...
[2025-11-14 17:44:48,805] [INFO] [GameManager] Starting game loop with 20ms frame duration
[2025-11-14 17:44:55,982] [DEBUG] [GameManager] Button sequence: 1
[2025-11-14 17:44:55,983] [INFO] [GameManager] State transition: IdleState → AmplifyState
[2025-11-14 17:44:55,995] [INFO] [SoundController] Song Boney M. - Sunny (Official Audio).mp3 was randomly started
[2025-11-14 17:44:55,996] [DEBUG] [AmplifyState] AmplifyState activated with buttons: [1]
[2025-11-14 17:45:06,253] [INFO] [GameManager] State transition: AmplifyState → IdleState
[2025-11-14 17:45:07,178] [DEBUG] [GameManager] Button sequence: 1
[2025-11-14 17:45:07,179] [INFO] [GameManager] State transition: IdleState → AmplifyState
[2025-11-14 17:45:07,190] [INFO] [SoundController] Song Boney M. - Sunny (Official Audio).mp3 was randomly started
[2025-11-14 17:45:07,190] [DEBUG] [AmplifyState] AmplifyState activated with buttons: [1]
[2025-11-14 17:45:20,174] [INFO] [GameManager] State transition: AmplifyState → IdleState
[2025-11-14 17:45:20,736] [DEBUG] [GameManager] Button sequence: 1
[2025-11-14 17:45:20,737] [INFO] [GameManager] State transition: IdleState → AmplifyState
[2025-11-14 17:45:20,748] [INFO] [SoundController] Song Abba - Money, Money, Money (Official Music Video).mp3 was randomly started
[2025-11-14 17:45:20,748] [DEBUG] [AmplifyState] AmplifyState activated with buttons: [1]
[2025-11-14 17:45:20,937] [INFO] [GameManager] State transition: AmplifyState → IdleState
[2025-11-14 17:45:21,037] [DEBUG] [GameManager] Button sequence: 11
[2025-11-14 17:45:21,038] [INFO] [GameManager] State transition: IdleState → AmplifyState
[2025-11-14 17:45:21,049] [INFO] [SoundController] Song Soft Cell - Tainted Love (Official Music Video).mp3 was randomly started
[2025-11-14 17:45:21,050] [DEBUG] [AmplifyState] AmplifyState activated with buttons: [1]
[2025-11-14 17:45:21,238] [INFO] [GameManager] State transition: AmplifyState → IdleState
[2025-11-14 17:45:21,319] [DEBUG] [GameManager] Button sequence: 111
[2025-11-14 17:45:21,319] [INFO] [GameManager] State transition: IdleState → AmplifyState
[2025-11-14 17:45:21,330] [INFO] [SoundController] Song Boney M. - Rasputin (Sopot Festival 1979).mp3 was randomly started
[2025-11-14 17:45:21,331] [DEBUG] [AmplifyState] AmplifyState activated with buttons: [1]
[2025-11-14 17:45:21,520] [INFO] [GameManager] State transition: AmplifyState → IdleState
[2025-11-14 17:45:21,540] [INFO] [GameManager] Triple 1 detected - entering code mode!
[2025-11-14 17:45:21,540] [INFO] [GameManager] State transition: IdleState → CodeModeState
[2025-11-14 17:45:21,552] [INFO] [CodeModeState] Entered code mode - awaiting 5-digit code
[2025-11-14 17:45:37,934] [DEBUG] [GameManager] Button sequence: 2
[2025-11-14 17:45:51,884] [DEBUG] [GameManager] Button sequence: 21
[2025-11-14 17:45:56,226] [INFO] [CodeModeState] Code mode failed: Button was released
[2025-11-14 17:45:56,226] [INFO] [GameManager] State transition: CodeModeState → IdleState
[2025-11-14 17:46:00,786] [DEBUG] [GameManager] Button sequence: 2
[2025-11-14 17:46:00,787] [INFO] [GameManager] State transition: IdleState → AmplifyState
[2025-11-14 17:46:00,799] [INFO] [SoundController] Song Boney M. - Daddy Cool (Sopot Festival 1979).mp3 was randomly started
[2025-11-14 17:46:00,799] [DEBUG] [AmplifyState] AmplifyState activated with buttons: [2]
[2025-11-14 17:46:02,815] [INFO] [GameManager] State transition: AmplifyState → IdleState
[2025-11-14 17:46:04,462] [DEBUG] [GameManager] Button sequence: 1
[2025-11-14 17:46:04,463] [INFO] [GameManager] State transition: IdleState → AmplifyState
[2025-11-14 17:46:04,474] [INFO] [SoundController] Song Boney M. - Sunny (Official Audio).mp3 was randomly started
[2025-11-14 17:46:04,475] [DEBUG] [AmplifyState] AmplifyState activated with buttons: [1]
[2025-11-14 17:46:04,684] [INFO] [GameManager] State transition: AmplifyState → IdleState
[2025-11-14 17:46:04,824] [DEBUG] [GameManager] Button sequence: 11
[2025-11-14 17:46:04,825] [INFO] [GameManager] State transition: IdleState → AmplifyState
[2025-11-14 17:46:04,836] [INFO] [SoundController] Song ABBA - Gimme! Gimme! Gimme! (A Man After Midnight).mp3 was randomly started
[2025-11-14 17:46:04,837] [DEBUG] [AmplifyState] AmplifyState activated with buttons: [1]
[2025-11-14 17:46:05,093] [INFO] [GameManager] State transition: AmplifyState → IdleState
[2025-11-14 17:46:05,253] [DEBUG] [GameManager] Button sequence: 111
[2025-11-14 17:46:05,254] [INFO] [GameManager] State transition: IdleState → AmplifyState
[2025-11-14 17:46:05,264] [INFO] [SoundController] Song Queen - I Want to Break Free (Official Lyric Video).mp3 was randomly started
[2025-11-14 17:46:05,265] [DEBUG] [AmplifyState] AmplifyState activated with buttons: [1]
[2025-11-14 17:46:05,494] [INFO] [GameManager] State transition: AmplifyState → IdleState
[2025-11-14 17:46:05,514] [INFO] [GameManager] Triple 1 detected - entering code mode!
[2025-11-14 17:46:05,515] [INFO] [GameManager] State transition: IdleState → CodeModeState
[2025-11-14 17:46:05,526] [INFO] [CodeModeState] Entered code mode - awaiting 5-digit code
[2025-11-14 17:46:15,458] [DEBUG] [GameManager] Button sequence: 2
[2025-11-14 17:46:17,084] [DEBUG] [GameManager] Button sequence: 21
[2025-11-14 17:46:24,966] [INFO] [CodeModeState] Code mode failed: Button was released
[2025-11-14 17:46:24,967] [INFO] [GameManager] State transition: CodeModeState → IdleState
[2025-11-14 17:46:31,435] [DEBUG] [GameManager] Button sequence: 1
[2025-11-14 17:46:31,436] [INFO] [GameManager] State transition: IdleState → AmplifyState
[2025-11-14 17:46:31,447] [INFO] [SoundController] Song Earth, Wind & Fire - September (Official HD Video).mp3 was randomly started
[2025-11-14 17:46:31,448] [DEBUG] [AmplifyState] AmplifyState activated with buttons: [1]
[2025-11-14 17:46:33,905] [DEBUG] [GameManager] Button sequence: 12
[2025-11-14 17:46:33,906] [DEBUG] [AmplifyState] AmplifyState button change - currently pressed: [1, 2]
[2025-11-14 17:46:39,112] [DEBUG] [AmplifyState] AmplifyState button change - currently pressed: [1]
[2025-11-14 17:46:43,088] [DEBUG] [GameManager] Button sequence: 122
[2025-11-14 17:46:43,089] [DEBUG] [AmplifyState] AmplifyState button change - currently pressed: [1, 2]
[2025-11-14 17:47:07,868] [DEBUG] [AmplifyState] AmplifyState button change - currently pressed: [1]
[2025-11-14 17:47:12,893] [INFO] [GameManager] State transition: AmplifyState → IdleState
[2025-11-14 17:47:13,615] [DEBUG] [GameManager] Button sequence: 1
[2025-11-14 17:47:13,616] [INFO] [GameManager] State transition: IdleState → AmplifyState
[2025-11-14 17:47:13,627] [INFO] [SoundController] Song Eurythmics, Annie Lennox, Dave Stewart - Sweet Dreams (Are Made Of This) (Official Video).mp3 was randomly started
[2025-11-14 17:47:13,627] [DEBUG] [AmplifyState] AmplifyState activated with buttons: [1]
[2025-11-14 17:47:17,717] [INFO] [GameManager] State transition: AmplifyState → IdleState
[2025-11-14 17:47:50,532] [DEBUG] [GameManager] Button sequence: 1
[2025-11-14 17:47:50,533] [INFO] [GameManager] State transition: IdleState → AmplifyState
[2025-11-14 17:47:50,545] [INFO] [SoundController] Song Queen - Don't Stop Me Now (Official Video).mp3 was randomly started
[2025-11-14 17:47:50,546] [DEBUG] [AmplifyState] AmplifyState activated with buttons: [1]
[2025-11-14 17:47:52,019] [INFO] [GameManager] State transition: AmplifyState → IdleState
[2025-11-14 17:47:55,579] [DEBUG] [GameManager] Button sequence: 1
[2025-11-14 17:47:55,581] [INFO] [GameManager] State transition: IdleState → AmplifyState
[2025-11-14 17:47:55,592] [INFO] [SoundController] Song The Weather Girls - It's Raining Men (Video).mp3 was randomly started
[2025-11-14 17:47:55,593] [DEBUG] [AmplifyState] AmplifyState activated with buttons: [1]
[2025-11-14 17:47:55,781] [INFO] [GameManager] State transition: AmplifyState → IdleState
[2025-11-14 17:47:55,942] [DEBUG] [GameManager] Button sequence: 11
[2025-11-14 17:47:55,943] [INFO] [GameManager] State transition: IdleState → AmplifyState
[2025-11-14 17:47:55,953] [INFO] [SoundController] Song Earth, Wind & Fire - September (Official HD Video).mp3 was randomly started
[2025-11-14 17:47:55,955] [DEBUG] [AmplifyState] AmplifyState activated with buttons: [1]
[2025-11-14 17:47:56,143] [INFO] [GameManager] State transition: AmplifyState → IdleState
[2025-11-14 17:47:56,384] [DEBUG] [GameManager] Button sequence: 111
[2025-11-14 17:47:56,385] [INFO] [GameManager] State transition: IdleState → AmplifyState
[2025-11-14 17:47:56,396] [INFO] [SoundController] Song The Offspring - Pretty Fly (For A White Guy) (Official Music Video) [QtTR-_Klcq8].mp3 was randomly started
[2025-11-14 17:47:56,397] [DEBUG] [AmplifyState] AmplifyState activated with buttons: [1]
[2025-11-14 17:47:59,740] [INFO] [GameManager] State transition: AmplifyState → IdleState
[2025-11-14 17:48:00,382] [DEBUG] [GameManager] Button sequence: 1
[2025-11-14 17:48:00,383] [INFO] [GameManager] State transition: IdleState → AmplifyState
[2025-11-14 17:48:00,394] [INFO] [SoundController] Song אשליות - ניסים סרוסי.mp3 was randomly started
[2025-11-14 17:48:00,394] [DEBUG] [AmplifyState] AmplifyState activated with buttons: [1]
[2025-11-14 17:48:00,563] [INFO] [GameManager] State transition: AmplifyState → IdleState
[2025-11-14 17:48:00,644] [DEBUG] [GameManager] Button sequence: 11
[2025-11-14 17:48:00,645] [INFO] [GameManager] State transition: IdleState → AmplifyState
[2025-11-14 17:48:00,657] [INFO] [SoundController] Song The Offspring - Pretty Fly (For A White Guy) (Official Music Video) [QtTR-_Klcq8].mp3 was randomly started
[2025-11-14 17:48:00,658] [DEBUG] [AmplifyState] AmplifyState activated with buttons: [1]
[2025-11-14 17:48:00,805] [INFO] [GameManager] State transition: AmplifyState → IdleState
[2025-11-14 17:48:00,865] [DEBUG] [GameManager] Button sequence: 111
[2025-11-14 17:48:00,866] [INFO] [GameManager] State transition: IdleState → AmplifyState
[2025-11-14 17:48:00,877] [INFO] [SoundController] Song The Weather Girls - It's Raining Men (Video).mp3 was randomly started
[2025-11-14 17:48:00,878] [DEBUG] [AmplifyState] AmplifyState activated with buttons: [1]
[2025-11-14 17:48:03,063] [INFO] [GameManager] State transition: AmplifyState → IdleState
[2025-11-14 17:48:03,888] [DEBUG] [GameManager] Button sequence: 1
[2025-11-14 17:48:03,888] [INFO] [GameManager] State transition: IdleState → AmplifyState
[2025-11-14 17:48:03,899] [INFO] [SoundController] Song אשליות - ניסים סרוסי.mp3 was randomly started
[2025-11-14 17:48:03,900] [DEBUG] [AmplifyState] AmplifyState activated with buttons: [1]
[2025-11-14 17:48:04,129] [INFO] [GameManager] State transition: AmplifyState → IdleState
[2025-11-14 17:48:04,249] [DEBUG] [GameManager] Button sequence: 11
[2025-11-14 17:48:04,250] [INFO] [GameManager] State transition: IdleState → AmplifyState
[2025-11-14 17:48:04,261] [INFO] [SoundController] Song Spice Girls - Wannabe [Lyrics].mp3 was randomly started
[2025-11-14 17:48:04,261] [DEBUG] [AmplifyState] AmplifyState activated with buttons: [1]
[2025-11-14 17:48:04,390] [INFO] [GameManager] State transition: AmplifyState → IdleState
[2025-11-14 17:48:04,550] [DEBUG] [GameManager] Button sequence: 111
[2025-11-14 17:48:04,551] [INFO] [GameManager] State transition: IdleState → AmplifyState
[2025-11-14 17:48:04,562] [INFO] [SoundController] Song Baccara - Yes Sir, I Can Boogie (Starparade 02.06.1977) (1).mp3 was randomly started
[2025-11-14 17:48:04,562] [DEBUG] [AmplifyState] AmplifyState activated with buttons: [1]
[2025-11-14 17:48:04,751] [INFO] [GameManager] State transition: AmplifyState → IdleState
[2025-11-14 17:48:04,771] [INFO] [GameManager] Triple 1 detected - entering code mode!
[2025-11-14 17:48:04,772] [INFO] [GameManager] State transition: IdleState → CodeModeState
[2025-11-14 17:48:04,783] [INFO] [CodeModeState] Entered code mode - awaiting 5-digit code
[2025-11-14 17:48:55,924] [INFO] [CodeModeState] Code mode failed: Timeout - song ended
[2025-11-14 17:48:55,924] [INFO] [GameManager] State transition: CodeModeState → IdleState
[2025-11-14 17:52:38,914] [INFO] [GameManager] Game stopped by user (Ctrl+C)
[2025-11-14 17:52:38,925] [INFO] [GameManager] Game stopped
[2025-11-14 17:52:38,926] [INFO] [Amplifier] ✅ HumanAmplifier system shut down
