[2025-11-15 21:10:18,749] [INFO] [Amplifier] 🎵 HUMAN AMPLIFIER INTERACTIVE SYSTEM
[2025-11-15 21:10:18,750] [INFO] [Amplifier] Button configuration: 4 buttons on GPIO [5, 6, 17, 22]
[2025-11-15 21:10:18,750] [INFO] [Amplifier] LED configuration: 2 strips
[2025-11-15 21:10:18,751] [INFO] [Amplifier]   Strip 1: 300 LEDs on GPIO 21
[2025-11-15 21:10:18,752] [INFO] [Amplifier]   Strip 2: 300 LEDs on GPIO 18
[2025-11-15 21:10:18,752] [INFO] [Amplifier] Game settings: 20ms frame duration (50.0 FPS)
[2025-11-15 21:10:18,753] [INFO] [Amplifier] Button sample rate: 200Hz
[2025-11-15 21:10:18,753] [INFO] [Amplifier] Audio folder: songs
[2025-11-15 21:10:18,753] [INFO] [Amplifier] Schedule: 2 daily, 1 special entries
[2025-11-15 21:10:18,754] [INFO] [ButtonReader] GPIO setup complete: 4 pins, no pulls
[2025-11-15 21:10:18,755] [INFO] [ButtonReader] ButtonReader initialized with 4 buttons
[2025-11-15 21:10:18,755] [INFO] [ButtonReader] Button mapping: Button0=GPIO5, Button1=GPIO6, Button2=GPIO17, Button3=GPIO22
[2025-11-15 21:10:18,760] [INFO] [SongLibrary] Creating song codes dictionary
[2025-11-15 21:10:19,340] [INFO] [SongLibrary] Loaded 1 song codes from 2 collections
[2025-11-15 21:10:19,341] [INFO] [SongLibrary] Collections updated: ['MAIJAM']
[2025-11-15 21:10:21,325] [INFO] [GameManager] GameManager initialized: 20ms frame duration, 2 LED strips
[2025-11-15 21:10:21,326] [INFO] [Amplifier] HumanAmplifier system initialized successfully
[2025-11-15 21:10:21,327] [INFO] [Amplifier] Hardware: 4 buttons, 2 LED strips, 20ms frame duration
[2025-11-15 21:10:21,328] [INFO] [Amplifier] Audio system: {'songs_folder': 'songs', 'all_collections': ['MAIJAM', 'MORNING'], 'total_codes': 1, 'daily_schedule_entries': 2, 'special_schedule_entries': 1}
[2025-11-15 21:10:21,328] [INFO] [Amplifier] Sound controller initialized successfully
[2025-11-15 21:10:21,328] [INFO] [Amplifier] ✅ System initialized successfully!
[2025-11-15 21:10:21,329] [INFO] [Amplifier] Hardware status: 4 buttons, 2 LED strips
[2025-11-15 21:10:21,329] [INFO] [Amplifier]   Strip 1: 300 LEDs active
[2025-11-15 21:10:21,330] [INFO] [Amplifier]   Strip 2: 300 LEDs active
[2025-11-15 21:10:21,330] [INFO] [Amplifier] Audio system: 1 song codes, 12 sound effects
[2025-11-15 21:10:21,331] [INFO] [Amplifier] Available collections: MAIJAM, MORNING
[2025-11-15 21:10:21,331] [INFO] [Amplifier] 🚀 Starting HumanAmplifier system...
[2025-11-15 21:10:21,332] [INFO] [GameManager] Starting game loop with 20ms frame duration
[2025-11-15 21:10:21,333] [DEBUG] [ButtonReader] Button state changed: [(0, 'pressed'), (1, 'pressed')]
[2025-11-15 21:10:21,333] [DEBUG] [GameManager] Button sequence: 01
[2025-11-15 21:10:21,334] [INFO] [GameManager] State transition: IdleState → AmplifyState
[2025-11-15 21:10:21,345] [INFO] [SoundController] Song "Blondie - Call me.mp3" was randomly started
[2025-11-15 21:10:21,346] [DEBUG] [AmplifyState] AmplifyState activated with buttons: [0, 1]
[2025-11-15 21:10:36,013] [INFO] [GameManager] Game stopped by user (Ctrl+C)
[2025-11-15 21:10:36,024] [INFO] [GameManager] Game stopped
[2025-11-15 21:10:36,025] [INFO] [Amplifier] ✅ HumanAmplifier system shut down
