[2025-11-19 21:44:06,521] [INFO] [Amplifier] 🎵 HUMAN AMPLIFIER INTERACTIVE SYSTEM
[2025-11-19 21:44:06,522] [INFO] [Amplifier] Button configuration: 10 buttons on GPIO [6, 5, 22, 17, 4, 23, 24, 25, 16, 20]
[2025-11-19 21:44:06,522] [INFO] [Amplifier] LED configuration: 2 strips
[2025-11-19 21:44:06,523] [INFO] [Amplifier]   Strip 1: 300 LEDs on GPIO 21
[2025-11-19 21:44:06,523] [INFO] [Amplifier]   Strip 2: 293 LEDs on GPIO 18
[2025-11-19 21:44:06,524] [INFO] [Amplifier] Game settings: 20ms frame duration (50.0 FPS)
[2025-11-19 21:44:06,524] [INFO] [Amplifier] Button sample rate: 200Hz
[2025-11-19 21:44:06,525] [INFO] [Amplifier] Audio folder: songs
[2025-11-19 21:44:06,525] [INFO] [Amplifier] Schedule: 2 daily, 1 special entries
[2025-11-19 21:44:06,526] [INFO] [ButtonReader] GPIO sampler initialized: 10 pins (no pulls)
[2025-11-19 21:44:06,526] [INFO] [ButtonReader] Pin mapping: Btn0=GPIO6, Btn1=GPIO5, Btn2=GPIO22, Btn3=GPIO17, Btn4=GPIO4, Btn5=GPIO23, Btn6=GPIO24, Btn7=GPIO25, Btn8=GPIO16, Btn9=GPIO20
[2025-11-19 21:44:06,527] [INFO] [ButtonReader] 🎮 Keyboard debug enabled: Press digit keys 0-9 to toggle buttons (works over SSH)
[2025-11-19 21:44:06,527] [INFO] [ButtonReader]    Each keypress toggles button ON/OFF
[2025-11-19 21:44:06,527] [INFO] [ButtonReader] ButtonReader initialized with 10 buttons
[2025-11-19 21:44:06,528] [INFO] [SongLibrary] Creating song codes dictionary
[2025-11-19 21:44:08,675] [INFO] [SongLibrary] Loaded 549 song codes from 10 collections
[2025-11-19 21:44:08,676] [INFO] [SongLibrary] Collections updated: ['MAIJAM']
[2025-11-19 21:44:10,542] [INFO] [GameManager] GameManager initialized: 20ms frame duration, 2 LED strips
[2025-11-19 21:44:10,543] [INFO] [Amplifier] HumanAmplifier system initialized successfully
[2025-11-19 21:44:10,543] [INFO] [Amplifier] Hardware: 10 buttons, 2 LED strips, 20ms frame duration
[2025-11-19 21:44:10,544] [INFO] [Amplifier] Audio system: {'songs_folder': 'songs', 'all_collections': ['FESTIGAL', 'SPANISH', 'GENERAL', 'MORNING', 'CLASSIC', 'VIRAL', 'MAIJAM', 'DISNEY', 'TV', 'PARTY'], 'total_codes': 549, 'daily_schedule_entries': 2, 'special_schedule_entries': 1}
[2025-11-19 21:44:10,544] [INFO] [Amplifier] Sound controller initialized successfully
[2025-11-19 21:44:10,545] [INFO] [Amplifier] ✅ System initialized successfully!
[2025-11-19 21:44:10,545] [INFO] [Amplifier] Hardware status: 10 buttons, 2 LED strips
[2025-11-19 21:44:10,546] [INFO] [Amplifier]   Strip 1: 300 LEDs active
[2025-11-19 21:44:10,546] [INFO] [Amplifier]   Strip 2: 293 LEDs active
[2025-11-19 21:44:10,546] [INFO] [Amplifier] Audio system: 549 song codes, 12 sound effects
[2025-11-19 21:44:10,547] [INFO] [Amplifier] Available collections: FESTIGAL, SPANISH, GENERAL, MORNING, CLASSIC, VIRAL, MAIJAM, DISNEY, TV, PARTY
[2025-11-19 21:44:10,547] [INFO] [Amplifier] 🚀 Starting HumanAmplifier system...
[2025-11-19 21:44:10,547] [INFO] [GameManager] Starting game loop with 20ms frame duration
[2025-11-19 21:44:10,548] [INFO] [GameManager] 💾 Memory - Process: 81.9MB | System: 266/907MB (29.3%, 641MB free)
[2025-11-19 21:45:10,565] [INFO] [GameManager] 💾 Memory - Process: 82.5MB | System: 244/907MB (26.9%, 663MB free)
[2025-11-19 21:45:21,473] [INFO] [ButtonReader] Keyboard: Button 1 toggled ON (key '1')
[2025-11-19 21:45:21,474] [INFO] [GameManager] State transition: IdleState → AmplifyState
[2025-11-19 21:45:21,486] [INFO] [SoundController] Song "אשליות - ניסים סרוסי2.mp3" was randomly started
[2025-11-19 21:45:22,518] [INFO] [ButtonReader] Keyboard: Button 1 toggled OFF (key '1')
[2025-11-19 21:45:22,519] [INFO] [GameManager] State transition: AmplifyState → IdleState
[2025-11-19 21:45:23,161] [INFO] [ButtonReader] Keyboard: Button 1 toggled ON (key '1')
[2025-11-19 21:45:23,163] [INFO] [GameManager] State transition: IdleState → AmplifyState
[2025-11-19 21:45:23,174] [INFO] [SoundController] Song "Jennifer Lopez - Waiting For Tonight.mp3" was randomly started
[2025-11-19 21:45:25,254] [INFO] [ButtonReader] Keyboard: Button 2 toggled ON (key '2')
[2025-11-19 21:45:25,877] [INFO] [ButtonReader] Keyboard: Button 3 toggled ON (key '3')
[2025-11-19 21:45:26,400] [INFO] [ButtonReader] Keyboard: Button 4 toggled ON (key '4')
[2025-11-19 21:45:26,922] [INFO] [ButtonReader] Keyboard: Button 5 toggled ON (key '5')
[2025-11-19 21:45:28,228] [INFO] [ButtonReader] Keyboard: Button 1 toggled OFF (key '1')
[2025-11-19 21:45:28,529] [INFO] [ButtonReader] Keyboard: Button 2 toggled OFF (key '2')
[2025-11-19 21:45:28,871] [INFO] [ButtonReader] Keyboard: Button 3 toggled OFF (key '3')
[2025-11-19 21:45:29,433] [INFO] [ButtonReader] Keyboard: Button 4 toggled OFF (key '4')
[2025-11-19 21:45:29,919] [INFO] [ButtonReader] Keyboard: Button 5 toggled OFF (key '5')
[2025-11-19 21:45:29,920] [INFO] [GameManager] State transition: AmplifyState → IdleState
[2025-11-19 21:45:30,965] [INFO] [ButtonReader] Keyboard: Button 7 toggled ON (key '7')
[2025-11-19 21:45:30,966] [INFO] [GameManager] State transition: IdleState → AmplifyState
[2025-11-19 21:45:30,976] [INFO] [SoundController] Song "Europe - The Final Countdown (Official Video).mp3" was randomly started
[2025-11-19 21:45:31,306] [INFO] [ButtonReader] Keyboard: Button 7 toggled OFF (key '7')
[2025-11-19 21:45:31,307] [INFO] [GameManager] State transition: AmplifyState → IdleState
[2025-11-19 21:45:31,708] [INFO] [ButtonReader] Keyboard: Button 7 toggled ON (key '7')
[2025-11-19 21:45:31,709] [INFO] [GameManager] State transition: IdleState → AmplifyState
[2025-11-19 21:45:31,720] [INFO] [SoundController] Song "Smash Mouth - I_m A Believer.mp3" was randomly started
[2025-11-19 21:45:32,130] [INFO] [ButtonReader] Keyboard: Button 7 toggled OFF (key '7')
[2025-11-19 21:45:32,131] [INFO] [GameManager] State transition: AmplifyState → IdleState
[2025-11-19 21:45:32,592] [INFO] [ButtonReader] Keyboard: Button 7 toggled ON (key '7')
[2025-11-19 21:45:32,593] [INFO] [GameManager] Triple 777 detected - entering code mode!
[2025-11-19 21:45:32,593] [INFO] [GameManager] State transition: IdleState → CodeModeState
[2025-11-19 21:45:32,605] [INFO] [CodeModeState] Entered code mode - awaiting 5-digit code
[2025-11-19 21:45:35,223] [INFO] [ButtonReader] Keyboard: Button 6 toggled ON (key '6')
[2025-11-19 21:45:37,134] [INFO] [ButtonReader] Keyboard: Button 3 toggled ON (key '3')
[2025-11-19 21:45:40,209] [INFO] [ButtonReader] Keyboard: Button 8 toggled ON (key '8')
[2025-11-19 21:45:41,716] [INFO] [ButtonReader] Keyboard: Button 0 toggled ON (key '0')
[2025-11-19 21:45:42,800] [INFO] [ButtonReader] Keyboard: Button 4 toggled ON (key '4')
[2025-11-19 21:45:42,802] [INFO] [CodeModeState] Code entered: 63804
[2025-11-19 21:45:42,802] [INFO] [CodeModeState] Valid code! Transitioning to CodeRevealState
[2025-11-19 21:45:42,803] [INFO] [GameManager] State transition: CodeModeState → CodeRevealState
[2025-11-19 21:45:42,814] [INFO] [CodeRevealState] Code reveal started for code: 63804
[2025-11-19 21:45:46,724] [INFO] [CodeRevealState] Loading song by code: 63804
[2025-11-19 21:45:46,725] [INFO] [SoundController] Playing song by code 63804: "Bach - Aria (from) Hunt Cantata.mp3"
[2025-11-19 21:45:46,728] [INFO] [CodeRevealState] Song loaded successfully, transitioning to PartyState
[2025-11-19 21:45:46,729] [INFO] [GameManager] State transition: CodeRevealState → PartyState
[2025-11-19 21:45:46,740] [INFO] [PartyState] 🎉 PARTY MODE ACTIVATED for song: Bach - Aria (from) Hunt Cantata.mp3
[2025-11-19 21:46:10,567] [INFO] [GameManager] 💾 Memory - Process: 82.5MB | System: 240/907MB (26.5%, 666MB free)
[2025-11-19 21:47:10,586] [INFO] [GameManager] 💾 Memory - Process: 82.5MB | System: 247/907MB (27.3%, 659MB free)
[2025-11-19 21:48:10,593] [INFO] [GameManager] 💾 Memory - Process: 82.5MB | System: 246/907MB (27.1%, 661MB free)
[2025-11-19 21:49:10,610] [INFO] [GameManager] 💾 Memory - Process: 82.5MB | System: 247/907MB (27.2%, 660MB free)
[2025-11-19 21:49:47,144] [INFO] [PartyState] Song finished, returning to idle
[2025-11-19 21:49:47,145] [INFO] [GameManager] State transition: PartyState → IdleState
[2025-11-19 21:50:10,623] [INFO] [GameManager] 💾 Memory - Process: 82.5MB | System: 245/907MB (27.0%, 661MB free)
[2025-11-19 21:51:10,628] [INFO] [GameManager] 💾 Memory - Process: 82.5MB | System: 246/907MB (27.1%, 661MB free)
[2025-11-19 21:52:10,645] [INFO] [GameManager] 💾 Memory - Process: 82.5MB | System: 249/907MB (27.5%, 658MB free)
[2025-11-19 21:53:10,660] [INFO] [GameManager] 💾 Memory - Process: 82.5MB | System: 246/907MB (27.1%, 661MB free)
[2025-11-19 21:54:10,666] [INFO] [GameManager] 💾 Memory - Process: 82.5MB | System: 247/907MB (27.3%, 660MB free)
[2025-11-19 21:55:10,684] [INFO] [GameManager] 💾 Memory - Process: 82.5MB | System: 245/907MB (27.0%, 662MB free)
[2025-11-19 21:56:10,689] [INFO] [GameManager] 💾 Memory - Process: 82.5MB | System: 247/907MB (27.3%, 660MB free)
[2025-11-19 21:57:10,691] [INFO] [GameManager] 💾 Memory - Process: 82.5MB | System: 249/907MB (27.5%, 658MB free)
[2025-11-19 21:58:10,703] [INFO] [GameManager] 💾 Memory - Process: 82.5MB | System: 248/907MB (27.4%, 658MB free)
[2025-11-19 21:59:10,722] [INFO] [GameManager] 💾 Memory - Process: 82.5MB | System: 248/907MB (27.3%, 659MB free)
[2025-11-19 22:00:01,938] [INFO] [ButtonReader] Keyboard: Button 3 toggled OFF (key '3')
[2025-11-19 22:00:01,938] [INFO] [ButtonReader] Keyboard: Button 3 toggled ON (key '3')
[2025-11-19 22:00:01,939] [INFO] [ButtonReader] Keyboard: Button 3 toggled OFF (key '3')
[2025-11-19 22:00:10,735] [INFO] [GameManager] 💾 Memory - Process: 82.5MB | System: 248/907MB (27.3%, 659MB free)
[2025-11-19 22:00:32,052] [CRITICAL] [Amplifier] ⚠️  SIGNAL RECEIVED: 1 - Process terminating
[2025-11-19 22:00:32,053] [CRITICAL] [Amplifier] ⚠️  SIGNAL RECEIVED: 1 - Process terminating
[2025-11-19 22:00:32,054] [CRITICAL] [Amplifier] Emergency flush triggered
[2025-11-19 22:00:32,321] [INFO] [SoundController] Sound controller cleaned up successfully
[2025-11-19 22:00:32,332] [INFO] [GameManager] Game stopped
[2025-11-19 22:00:32,332] [INFO] [Amplifier] ✅ HumanAmplifier system shut down
