[2025-11-12 18:31:28,719] [INFO] [Amplifier] 🎵 HUMAN AMPLIFIER INTERACTIVE SYSTEM
[2025-11-12 18:31:28,720] [INFO] [Amplifier] Button configuration: 3 buttons on GPIO [5, 6, 17]
[2025-11-12 18:31:28,720] [INFO] [Amplifier] LED configuration: 2 strips
[2025-11-12 18:31:28,721] [INFO] [Amplifier]   Strip 1: 300 LEDs on GPIO 21
[2025-11-12 18:31:28,721] [INFO] [Amplifier]   Strip 2: 300 LEDs on GPIO 18
[2025-11-12 18:31:28,722] [INFO] [Amplifier] Game settings: 20ms frame duration (50.0 FPS)
[2025-11-12 18:31:28,722] [INFO] [Amplifier] Button sample rate: 200Hz
[2025-11-12 18:31:28,722] [INFO] [Amplifier] Audio folder: songs
[2025-11-12 18:31:28,723] [INFO] [Amplifier] Schedule: 2 daily, 1 special entries
[2025-11-12 18:31:29,749] [INFO] [ButtonReader] GPIO setup complete: 3 pins, no pulls
[2025-11-12 18:31:29,750] [INFO] [ButtonReader] ButtonReader initialized with 3 buttons
[2025-11-12 18:31:29,750] [INFO] [ButtonReader] Button mapping: Button0=GPIO5, Button1=GPIO6, Button2=GPIO17
[2025-11-12 18:31:29,754] [INFO] [SongLibrary] Creating song codes dictionary
[2025-11-12 18:31:30,050] [INFO] [SongLibrary] Loaded 30 song codes from 2 collections
[2025-11-12 18:31:30,051] [INFO] [SongLibrary] Collections updated: ['MAIJAM']
[2025-11-12 18:31:30,264] [INFO] [GameManager] GameManager initialized: 20ms frame duration, 2 LED strips
[2025-11-12 18:31:30,265] [INFO] [Amplifier] HumanAmplifier system initialized successfully
[2025-11-12 18:31:30,266] [INFO] [Amplifier] Hardware: 3 buttons, 2 LED strips, 20ms frame duration
[2025-11-12 18:31:30,266] [INFO] [Amplifier] Audio system: {'songs_folder': 'songs', 'all_collections': ['MORNING', 'MAIJAM'], 'total_codes': 30, 'daily_schedule_entries': 2, 'special_schedule_entries': 1}
[2025-11-12 18:31:30,266] [INFO] [Amplifier] Sound controller initialized successfully
[2025-11-12 18:31:30,267] [INFO] [Amplifier] ✅ System initialized successfully!
[2025-11-12 18:31:30,267] [INFO] [Amplifier] Hardware status: 3 buttons, 2 LED strips
[2025-11-12 18:31:30,268] [INFO] [Amplifier]   Strip 1: 300 LEDs active
[2025-11-12 18:31:30,268] [INFO] [Amplifier]   Strip 2: 300 LEDs active
[2025-11-12 18:31:30,268] [INFO] [Amplifier] Audio system: 30 song codes, 9 sound effects
[2025-11-12 18:31:30,269] [INFO] [Amplifier] Available collections: MORNING, MAIJAM
[2025-11-12 18:31:30,269] [INFO] [Amplifier] 🚀 Starting HumanAmplifier system...
[2025-11-12 18:31:30,270] [INFO] [GameManager] Starting game loop with 20ms frame duration
[2025-11-12 18:31:41,425] [DEBUG] [GameManager] Button sequence: 2
[2025-11-12 18:31:41,426] [INFO] [GameManager] State transition: IdleState → AmplifyState
[2025-11-12 18:31:41,438] [INFO] [SoundController] Song Spice Girls - Wannabe [Lyrics].mp3 was randomly started
[2025-11-12 18:31:41,439] [DEBUG] [AmplifyState] AmplifyState activated with buttons: [2]
[2025-11-12 18:31:43,454] [INFO] [GameManager] State transition: AmplifyState → IdleState
[2025-11-12 18:31:47,897] [DEBUG] [GameManager] Button sequence: 0
[2025-11-12 18:31:47,898] [INFO] [GameManager] State transition: IdleState → AmplifyState
[2025-11-12 18:31:47,910] [INFO] [SoundController] Song The Weather Girls - It's Raining Men (Video).mp3 was randomly started
[2025-11-12 18:31:47,910] [DEBUG] [AmplifyState] AmplifyState activated with buttons: [0]
[2025-11-12 18:31:49,464] [INFO] [GameManager] State transition: AmplifyState → IdleState
[2025-11-12 18:32:00,052] [DEBUG] [GameManager] Button sequence: 0
[2025-11-12 18:32:00,052] [INFO] [GameManager] State transition: IdleState → AmplifyState
[2025-11-12 18:32:00,064] [INFO] [SoundController] Song Baccara - Yes Sir, I Can Boogie (Starparade 02.06.1977) (1).mp3 was randomly started
[2025-11-12 18:32:00,064] [DEBUG] [AmplifyState] AmplifyState activated with buttons: [0]
[2025-11-12 18:32:01,141] [INFO] [GameManager] State transition: AmplifyState → IdleState
[2025-11-12 18:33:12,118] [DEBUG] [GameManager] Button sequence: 1
[2025-11-12 18:33:12,118] [INFO] [GameManager] State transition: IdleState → AmplifyState
[2025-11-12 18:33:12,130] [INFO] [SoundController] Song Eurythmics, Annie Lennox, Dave Stewart - Sweet Dreams (Are Made Of This) (Official Video).mp3 was randomly started
[2025-11-12 18:33:12,131] [DEBUG] [AmplifyState] AmplifyState activated with buttons: [1]
[2025-11-12 18:33:13,001] [INFO] [GameManager] State transition: AmplifyState → IdleState
[2025-11-12 18:33:14,409] [DEBUG] [GameManager] Button sequence: 0
[2025-11-12 18:33:14,409] [INFO] [GameManager] State transition: IdleState → AmplifyState
[2025-11-12 18:33:14,420] [INFO] [SoundController] Song Boney M. - Sunny (Official Audio).mp3 was randomly started
[2025-11-12 18:33:14,421] [DEBUG] [AmplifyState] AmplifyState activated with buttons: [0]
[2025-11-12 18:33:15,676] [DEBUG] [GameManager] Button sequence: 02
[2025-11-12 18:33:15,677] [DEBUG] [AmplifyState] AmplifyState button change - currently pressed: [0, 2]
[2025-11-12 18:33:16,318] [DEBUG] [AmplifyState] AmplifyState button change - currently pressed: [0]
[2025-11-12 18:33:20,396] [DEBUG] [GameManager] Button sequence: 021
[2025-11-12 18:33:20,397] [DEBUG] [AmplifyState] AmplifyState button change - currently pressed: [0, 1]
[2025-11-12 18:33:29,329] [DEBUG] [GameManager] Button sequence: 0212
[2025-11-12 18:33:29,329] [INFO] [GameManager] State transition: AmplifyState → PartyState
[2025-11-12 18:33:29,343] [INFO] [PartyState] 🎉 PARTY MODE ACTIVATED!
[2025-11-12 18:35:40,215] [INFO] [GameManager] Game stopped by user (Ctrl+C)
[2025-11-12 18:35:40,226] [INFO] [GameManager] Game stopped
[2025-11-12 18:35:40,227] [INFO] [Amplifier] ✅ HumanAmplifier system shut down
