[2025-11-20 16:31:40,607] [INFO] [Amplifier] 🎵 HUMAN AMPLIFIER INTERACTIVE SYSTEM
[2025-11-20 16:31:40,609] [INFO] [Amplifier] Button configuration: 10 buttons on GPIO [6, 5, 22, 17, 4, 23, 24, 25, 16, 20]
[2025-11-20 16:31:40,610] [INFO] [Amplifier] LED configuration: 2 strips
[2025-11-20 16:31:40,611] [INFO] [Amplifier]   Strip 1: 300 LEDs on GPIO 21
[2025-11-20 16:31:40,612] [INFO] [Amplifier]   Strip 2: 293 LEDs on GPIO 18
[2025-11-20 16:31:40,612] [INFO] [Amplifier] Game settings: 20ms frame duration (50.0 FPS)
[2025-11-20 16:31:40,613] [INFO] [Amplifier] Button sample rate: 200Hz
[2025-11-20 16:31:40,614] [INFO] [Amplifier] Audio folder: songs
[2025-11-20 16:31:40,615] [INFO] [Amplifier] Schedule: 2 daily, 1 special entries
[2025-11-20 16:31:40,616] [INFO] [ButtonReader] 🎮 Keyboard sampler initialized (NO GPIO)
[2025-11-20 16:31:40,616] [INFO] [ButtonReader]    10 virtual buttons mapped to digit keys 0-9
[2025-11-20 16:31:40,617] [INFO] [ButtonReader]    Press digit keys to toggle buttons ON/OFF
[2025-11-20 16:31:40,617] [INFO] [ButtonReader]    Press 'q' to quit (in standalone mode)
[2025-11-20 16:31:40,617] [INFO] [ButtonReader] ButtonReader initialized with 10 buttons
[2025-11-20 16:31:40,618] [INFO] [SongLibrary] Creating song codes dictionary
[2025-11-20 16:31:45,853] [INFO] [SongLibrary] Loaded 722 song codes from 11 collections
[2025-11-20 16:31:45,854] [INFO] [SongLibrary] Collections updated: ['MAIJAM']
[2025-11-20 16:31:54,354] [INFO] [SoundController] Sound controller initialized - mixer ready, first song will load on demand
[2025-11-20 16:31:54,361] [INFO] [GameManager] GameManager initialized: 20ms frame duration, 2 LED strips
[2025-11-20 16:31:54,362] [INFO] [Amplifier] HumanAmplifier system initialized successfully
[2025-11-20 16:31:54,362] [INFO] [Amplifier] Hardware: 10 buttons, 2 LED strips, 20ms frame duration
[2025-11-20 16:31:54,363] [INFO] [Amplifier] Audio system: {'songs_folder': 'songs', 'all_collections': ['VIRAL', 'DISNEY', 'SPANISH', 'GENERAL', 'FESTIGAL', 'MAIJAM', 'MORNING', 'PARTY', 'TV', 'CLASSIC', 'HAFLA'], 'total_codes': 722, 'daily_schedule_entries': 2, 'special_schedule_entries': 1}
[2025-11-20 16:31:54,363] [INFO] [Amplifier] Sound controller initialized successfully
[2025-11-20 16:31:54,364] [INFO] [Amplifier] ✅ System initialized successfully!
[2025-11-20 16:31:54,364] [INFO] [Amplifier] Hardware status: 10 buttons, 2 LED strips
[2025-11-20 16:31:54,365] [INFO] [Amplifier]   Strip 1: 300 LEDs active
[2025-11-20 16:31:54,365] [INFO] [Amplifier]   Strip 2: 293 LEDs active
[2025-11-20 16:31:54,366] [INFO] [Amplifier] Audio system: 722 song codes, 13 sound effects
[2025-11-20 16:31:54,366] [INFO] [Amplifier] Available collections: VIRAL, DISNEY, SPANISH, GENERAL, FESTIGAL, MAIJAM, MORNING, PARTY, TV, CLASSIC, HAFLA
[2025-11-20 16:31:54,367] [INFO] [Amplifier] 🚀 Starting HumanAmplifier system...
[2025-11-20 16:31:54,367] [INFO] [GameManager] Starting game loop with 20ms frame duration
[2025-11-20 16:31:54,370] [INFO] [GameManager] 💾 Memory - Process: 88.2MB | System: 261/907MB (28.8%, 645MB free) | ⚙️  CPU - Process: 0.0% | System: 26.2% | Cores: [6%, 18%, 68%, 12%]
[2025-11-20 16:31:54,375] [ERROR] [GameManager] Game loop error: 'ButtonState' object has no attribute 'rising_edge' | Type: AttributeError | File: /home/yotam/AmpSync/Amp3/src/button_system/button_reader.py | Line: 120
Traceback (most recent call last):
  File "/home/yotam/AmpSync/Amp3/src/game_system/game_manager.py", line 89, in run_game_loop
    self.update()
  File "/home/yotam/AmpSync/Amp3/src/game_system/game_manager.py", line 123, in update
    button_state = self.button_reader.read_buttons()
                   ^^^^^^^^^^^^^^^^^^^^^^^^^^^^^^^^^
  File "/home/yotam/AmpSync/Amp3/src/button_system/button_reader.py", line 120, in read_buttons
    for i, rising in enumerate(state.rising_edge):
                               ^^^^^^^^^^^^^^^^^
AttributeError: 'ButtonState' object has no attribute 'rising_edge'
[2025-11-20 16:31:54,896] [INFO] [SoundController] Sound controller cleaned up successfully
[2025-11-20 16:31:54,907] [INFO] [GameManager] Game stopped
[2025-11-20 16:31:54,910] [ERROR] [Amplifier] HumanAmplifier system error: 'ButtonState' object has no attribute 'rising_edge' | Type: AttributeError | File: /home/yotam/AmpSync/Amp3/src/button_system/button_reader.py | Line: 120
Traceback (most recent call last):
  File "/home/yotam/AmpSync/Amp3/src/amplifier.py", line 319, in main
    game_manager.run_game_loop()
  File "/home/yotam/AmpSync/Amp3/src/game_system/game_manager.py", line 89, in run_game_loop
    self.update()
  File "/home/yotam/AmpSync/Amp3/src/game_system/game_manager.py", line 123, in update
    button_state = self.button_reader.read_buttons()
                   ^^^^^^^^^^^^^^^^^^^^^^^^^^^^^^^^^
  File "/home/yotam/AmpSync/Amp3/src/button_system/button_reader.py", line 120, in read_buttons
    for i, rising in enumerate(state.rising_edge):
                               ^^^^^^^^^^^^^^^^^
AttributeError: 'ButtonState' object has no attribute 'rising_edge'
[2025-11-20 16:31:54,913] [INFO] [Amplifier] ✅ HumanAmplifier system shut down
