[2025-11-17 20:55:08,872] [INFO] [Amplifier] 🎵 HUMAN AMPLIFIER INTERACTIVE SYSTEM
[2025-11-17 20:55:08,873] [INFO] [Amplifier] Button configuration: 4 buttons on GPIO [6, 5, 17, 22]
[2025-11-17 20:55:08,873] [INFO] [Amplifier] LED configuration: 2 strips
[2025-11-17 20:55:08,874] [INFO] [Amplifier]   Strip 1: 300 LEDs on GPIO 21
[2025-11-17 20:55:08,875] [INFO] [Amplifier]   Strip 2: 300 LEDs on GPIO 18
[2025-11-17 20:55:08,875] [INFO] [Amplifier] Game settings: 20ms frame duration (50.0 FPS)
[2025-11-17 20:55:08,876] [INFO] [Amplifier] Button sample rate: 200Hz
[2025-11-17 20:55:08,876] [INFO] [Amplifier] Audio folder: songs
[2025-11-17 20:55:08,877] [INFO] [Amplifier] Schedule: 2 daily, 1 special entries
[2025-11-17 20:55:08,878] [INFO] [ButtonReader] GPIO sampler initialized: 4 pins (no pulls)
[2025-11-17 20:55:08,878] [INFO] [ButtonReader] Pin mapping: Btn0=GPIO6, Btn1=GPIO5, Btn2=GPIO17, Btn3=GPIO22
[2025-11-17 20:55:08,879] [INFO] [ButtonReader] 🎮 Keyboard debug enabled: Press digit keys 0-9 to toggle buttons (works over SSH)
[2025-11-17 20:55:08,879] [INFO] [ButtonReader]    Each keypress toggles button ON/OFF
[2025-11-17 20:55:08,880] [INFO] [ButtonReader] ButtonReader initialized with 4 buttons
[2025-11-17 20:55:08,885] [INFO] [SongLibrary] Creating song codes dictionary
[2025-11-17 20:55:09,452] [INFO] [SongLibrary] Loaded 1 song codes from 2 collections
[2025-11-17 20:55:09,453] [INFO] [SongLibrary] Collections updated: ['MAIJAM']
[2025-11-17 20:55:11,365] [INFO] [GameManager] GameManager initialized: 20ms frame duration, 2 LED strips
[2025-11-17 20:55:11,365] [INFO] [Amplifier] HumanAmplifier system initialized successfully
[2025-11-17 20:55:11,365] [INFO] [Amplifier] Hardware: 4 buttons, 2 LED strips, 20ms frame duration
[2025-11-17 20:55:11,366] [INFO] [Amplifier] Audio system: {'songs_folder': 'songs', 'all_collections': ['MORNING', 'MAIJAM'], 'total_codes': 1, 'daily_schedule_entries': 2, 'special_schedule_entries': 1}
[2025-11-17 20:55:11,366] [INFO] [Amplifier] Sound controller initialized successfully
[2025-11-17 20:55:11,366] [INFO] [Amplifier] ✅ System initialized successfully!
[2025-11-17 20:55:11,366] [INFO] [Amplifier] Hardware status: 4 buttons, 2 LED strips
[2025-11-17 20:55:11,367] [INFO] [Amplifier]   Strip 1: 300 LEDs active
[2025-11-17 20:55:11,367] [INFO] [Amplifier]   Strip 2: 300 LEDs active
[2025-11-17 20:55:11,367] [INFO] [Amplifier] Audio system: 1 song codes, 12 sound effects
[2025-11-17 20:55:11,367] [INFO] [Amplifier] Available collections: MORNING, MAIJAM
[2025-11-17 20:55:11,367] [INFO] [Amplifier] 🚀 Starting HumanAmplifier system...
[2025-11-17 20:55:11,368] [INFO] [GameManager] Starting game loop with 20ms frame duration
[2025-11-17 21:04:27,607] [DEBUG] [ButtonReader] Button state changed: [(1, 'pressed')]
[2025-11-17 21:04:27,608] [DEBUG] [GameManager] Button sequence: 1
[2025-11-17 21:04:27,608] [INFO] [GameManager] State transition: IdleState → AmplifyState
[2025-11-17 21:04:27,619] [INFO] [SoundController] Song "Dua Lipa - Levitating Featuring DaBaby (Official Music Video).mp3" was randomly started
[2025-11-17 21:04:27,620] [DEBUG] [AmplifyState] AmplifyState activated with buttons: [1]
[2025-11-17 21:04:28,572] [DEBUG] [ButtonReader] Button state changed: [(1, 'released')]
[2025-11-17 21:04:28,573] [INFO] [GameManager] State transition: AmplifyState → IdleState
[2025-11-17 21:04:32,434] [DEBUG] [ButtonReader] Button state changed: [(2, 'pressed')]
[2025-11-17 21:04:32,435] [DEBUG] [GameManager] Button sequence: 2
[2025-11-17 21:04:32,436] [INFO] [GameManager] State transition: IdleState → AmplifyState
[2025-11-17 21:04:32,447] [INFO] [SoundController] Song "Why - Bronski beat.mp3" was randomly started
[2025-11-17 21:04:32,448] [DEBUG] [AmplifyState] AmplifyState activated with buttons: [2]
[2025-11-17 21:04:35,250] [DEBUG] [ButtonReader] Button state changed: [(2, 'released')]
[2025-11-17 21:04:35,251] [INFO] [GameManager] State transition: AmplifyState → IdleState
[2025-11-17 21:04:38,864] [DEBUG] [ButtonReader] Button state changed: [(2, 'pressed')]
[2025-11-17 21:04:38,865] [DEBUG] [GameManager] Button sequence: 2
[2025-11-17 21:04:38,865] [INFO] [GameManager] State transition: IdleState → AmplifyState
[2025-11-17 21:04:38,876] [INFO] [SoundController] Song "Boney M. - Sunny (Official Audio).mp3" was randomly started
[2025-11-17 21:04:38,876] [DEBUG] [AmplifyState] AmplifyState activated with buttons: [2]
[2025-11-17 21:04:39,688] [DEBUG] [ButtonReader] Button state changed: [(2, 'released')]
[2025-11-17 21:04:39,689] [INFO] [GameManager] State transition: AmplifyState → IdleState
[2025-11-17 21:04:42,279] [DEBUG] [ButtonReader] Button state changed: [(3, 'pressed')]
[2025-11-17 21:04:42,280] [DEBUG] [GameManager] Button sequence: 3
[2025-11-17 21:04:42,280] [INFO] [GameManager] State transition: IdleState → AmplifyState
[2025-11-17 21:04:42,291] [INFO] [SoundController] Song "Why - Bronski beat.mp3" was randomly started
[2025-11-17 21:04:42,291] [DEBUG] [AmplifyState] AmplifyState activated with buttons: [3]
[2025-11-17 21:04:43,444] [DEBUG] [ButtonReader] Button state changed: [(3, 'released')]
[2025-11-17 21:04:43,445] [INFO] [GameManager] State transition: AmplifyState → IdleState
[2025-11-17 21:05:04,191] [DEBUG] [ButtonReader] Button state changed: [(3, 'pressed')]
[2025-11-17 21:05:04,191] [DEBUG] [GameManager] Button sequence: 3
[2025-11-17 21:05:04,192] [INFO] [GameManager] State transition: IdleState → AmplifyState
[2025-11-17 21:05:04,203] [INFO] [SoundController] Song "Whitney Houston - I Wanna Dance With Somebody.mp3" was randomly started
[2025-11-17 21:05:04,204] [DEBUG] [AmplifyState] AmplifyState activated with buttons: [3]
[2025-11-17 21:05:08,270] [DEBUG] [ButtonReader] Button state changed: [(3, 'released')]
[2025-11-17 21:05:08,271] [INFO] [GameManager] State transition: AmplifyState → IdleState
[2025-11-17 21:05:40,058] [DEBUG] [ButtonReader] Button state changed: [(3, 'pressed')]
[2025-11-17 21:05:40,059] [DEBUG] [GameManager] Button sequence: 3
[2025-11-17 21:05:40,060] [INFO] [GameManager] State transition: IdleState → AmplifyState
[2025-11-17 21:05:40,071] [INFO] [SoundController] Song "The Offspring - Pretty Fly (For A White Guy) (Official Music Video) [QtTR-_Klcq8].mp3" was randomly started
[2025-11-17 21:05:40,072] [DEBUG] [AmplifyState] AmplifyState activated with buttons: [3]
[2025-11-17 21:05:45,139] [DEBUG] [ButtonReader] Button state changed: [(1, 'pressed')]
[2025-11-17 21:05:45,140] [DEBUG] [GameManager] Button sequence: 31
[2025-11-17 21:05:45,142] [DEBUG] [AmplifyState] AmplifyState button change - currently pressed: [1, 3]
[2025-11-17 21:05:46,587] [DEBUG] [ButtonReader] Button state changed: [(3, 'released')]
[2025-11-17 21:05:46,588] [DEBUG] [AmplifyState] AmplifyState button change - currently pressed: [1]
[2025-11-17 21:05:47,834] [DEBUG] [ButtonReader] Button state changed: [(0, 'pressed')]
[2025-11-17 21:05:47,835] [DEBUG] [GameManager] Button sequence: 310
[2025-11-17 21:05:47,836] [DEBUG] [AmplifyState] AmplifyState button change - currently pressed: [0, 1]
[2025-11-17 21:05:50,397] [DEBUG] [ButtonReader] Button state changed: [(0, 'released')]
[2025-11-17 21:05:50,398] [DEBUG] [AmplifyState] AmplifyState button change - currently pressed: [1]
[2025-11-17 21:05:51,743] [DEBUG] [ButtonReader] Button state changed: [(1, 'released')]
[2025-11-17 21:05:51,744] [INFO] [GameManager] State transition: AmplifyState → IdleState
[2025-11-17 21:12:54,391] [DEBUG] [ButtonReader] Button state changed: [(2, 'pressed')]
[2025-11-17 21:12:54,392] [DEBUG] [GameManager] Button sequence: 2
[2025-11-17 21:12:54,392] [INFO] [GameManager] State transition: IdleState → AmplifyState
[2025-11-17 21:12:54,404] [INFO] [SoundController] Song "Lizzo - Boys (Official Video).mp3" was randomly started
[2025-11-17 21:12:54,405] [DEBUG] [AmplifyState] AmplifyState activated with buttons: [2]
[2025-11-17 21:12:54,411] [DEBUG] [ButtonReader] Button state changed: [(0, 'pressed'), (1, 'pressed'), (3, 'pressed')]
[2025-11-17 21:12:54,412] [DEBUG] [GameManager] Button sequence: 2013
[2025-11-17 21:12:54,413] [DEBUG] [ButtonReader] Button 0 will be ignored until released
[2025-11-17 21:12:54,413] [DEBUG] [ButtonReader] Button 1 will be ignored until released
[2025-11-17 21:12:54,414] [DEBUG] [ButtonReader] Button 2 will be ignored until released
[2025-11-17 21:12:54,414] [DEBUG] [ButtonReader] Button 3 will be ignored until released
[2025-11-17 21:12:54,415] [INFO] [GameManager] State transition: AmplifyState → PartyState
[2025-11-17 21:12:54,415] [DEBUG] [ButtonReader] Button 0 will be ignored until released
[2025-11-17 21:12:54,415] [DEBUG] [ButtonReader] Button 1 will be ignored until released
[2025-11-17 21:12:54,416] [DEBUG] [ButtonReader] Button 2 will be ignored until released
[2025-11-17 21:12:54,416] [DEBUG] [ButtonReader] Button 3 will be ignored until released
[2025-11-17 21:12:54,427] [INFO] [PartyState] 🎉 PARTY MODE ACTIVATED!
[2025-11-17 21:13:05,137] [DEBUG] [ButtonReader] Button 0 released, no longer ignored
[2025-11-17 21:13:05,138] [DEBUG] [ButtonReader] Button 1 released, no longer ignored
[2025-11-17 21:13:05,138] [DEBUG] [ButtonReader] Button 2 released, no longer ignored
[2025-11-17 21:13:05,138] [DEBUG] [ButtonReader] Button 3 released, no longer ignored
[2025-11-17 21:13:06,202] [DEBUG] [ButtonReader] Button state changed: [(0, 'pressed'), (1, 'pressed'), (2, 'pressed'), (3, 'pressed')]
[2025-11-17 21:13:06,202] [DEBUG] [GameManager] Button sequence: 20130123
[2025-11-17 21:13:06,784] [DEBUG] [ButtonReader] Button state changed: [(0, 'released')]
[2025-11-17 21:13:06,804] [DEBUG] [ButtonReader] Button state changed: [(1, 'released'), (2, 'released'), (3, 'released')]
[2025-11-17 21:13:09,438] [DEBUG] [PartyState] Reduction feature enabled!
[2025-11-17 21:13:24,348] [INFO] [GameManager] Game stopped by user (Ctrl+C)
[2025-11-17 21:13:24,359] [INFO] [GameManager] Game stopped
[2025-11-17 21:13:24,360] [INFO] [Amplifier] ✅ HumanAmplifier system shut down
