[2025-11-21 01:41:07,694] [INFO] [Amplifier] 🎵 HUMAN AMPLIFIER INTERACTIVE SYSTEM
[2025-11-21 01:41:07,695] [INFO] [Amplifier] Button configuration: 10 buttons on GPIO [6, 5, 22, 17, 4, 23, 24, 25, 16, 20]
[2025-11-21 01:41:07,695] [INFO] [Amplifier] LED configuration: 2 strips
[2025-11-21 01:41:07,696] [INFO] [Amplifier]   Strip 1: 300 LEDs on GPIO 21
[2025-11-21 01:41:07,696] [INFO] [Amplifier]   Strip 2: 293 LEDs on GPIO 18
[2025-11-21 01:41:07,696] [INFO] [Amplifier] Game settings: 20ms frame duration (50.0 FPS)
[2025-11-21 01:41:07,696] [INFO] [Amplifier] Button sample rate: 200Hz
[2025-11-21 01:41:07,697] [INFO] [Amplifier] Audio folder: songs
[2025-11-21 01:41:07,697] [INFO] [Amplifier] Schedule: 13 daily, 1 special entries
[2025-11-21 01:41:07,697] [INFO] [ButtonReader] 🎮 Keyboard sampler initialized (NO GPIO)
[2025-11-21 01:41:07,697] [INFO] [ButtonReader]    10 virtual buttons mapped to digit keys 0-9
[2025-11-21 01:41:07,698] [INFO] [ButtonReader]    Press digit keys to toggle buttons ON/OFF
[2025-11-21 01:41:07,698] [INFO] [ButtonReader]    Each keypress toggles button ON/OFF
[2025-11-21 01:41:07,698] [INFO] [ButtonReader] ButtonReader initialized with 10 buttons
[2025-11-21 01:41:07,701] [INFO] [SongLibrary] Creating song codes dictionary
[2025-11-21 01:41:10,113] [INFO] [SongLibrary] Loaded 722 song codes from 11 collections
[2025-11-21 01:41:10,114] [INFO] [SongLibrary] Collections updated: ['MAIJAM']
[2025-11-21 01:41:10,213] [INFO] [SoundController] Pygame mixer initialized: 48000Hz, format=-16, channels=2
[2025-11-21 01:41:18,472] [INFO] [SoundController] Sound controller initialized - mixer ready, first song will load on demand
[2025-11-21 01:41:18,481] [INFO] [GameManager] GameManager initialized: 20ms frame duration, 2 LED strips
[2025-11-21 01:41:18,481] [INFO] [Amplifier] HumanAmplifier system initialized successfully
[2025-11-21 01:41:18,482] [INFO] [Amplifier] Hardware: 10 buttons, 2 LED strips, 20ms frame duration
[2025-11-21 01:41:18,483] [INFO] [Amplifier] Audio system: {'songs_folder': 'songs', 'all_collections': ['HAFLA', 'CLASSIC', 'PARTY', 'MORNING', 'DISNEY', 'SPANISH', 'TV', 'MAIJAM', 'FESTIGAL', 'GENERAL', 'VIRAL'], 'total_codes': 722, 'daily_schedule_entries': 13, 'special_schedule_entries': 1}
[2025-11-21 01:41:18,483] [INFO] [Amplifier] Sound controller initialized successfully
[2025-11-21 01:41:18,483] [INFO] [Amplifier] ✅ System initialized successfully!
[2025-11-21 01:41:18,484] [INFO] [Amplifier] Hardware status: 10 buttons, 2 LED strips
[2025-11-21 01:41:18,484] [INFO] [Amplifier]   Strip 1: 300 LEDs active
[2025-11-21 01:41:18,484] [INFO] [Amplifier]   Strip 2: 293 LEDs active
[2025-11-21 01:41:18,484] [INFO] [Amplifier] Audio system: 722 song codes, 13 sound effects
[2025-11-21 01:41:18,485] [INFO] [Amplifier] Available collections: HAFLA, CLASSIC, PARTY, MORNING, DISNEY, SPANISH, TV, MAIJAM, FESTIGAL, GENERAL, VIRAL
[2025-11-21 01:41:18,485] [INFO] [Amplifier] ===========================
[2025-11-21 01:41:18,485] [INFO] [Amplifier] 🚀 Starting HumanAmplifier system...
[2025-11-21 01:41:18,485] [INFO] [GameManager] Starting game loop with 20ms frame duration
[2025-11-21 01:41:18,489] [INFO] [GameManager] 💾 Memory - Process: 87.9MB | System: 270/907MB (29.7%, 637MB free) | ⚙️  CPU - Process: 0.0% | System: 29.6% | Cores: [5%, 8%, 99%, 5%]
[2025-11-21 01:41:22,642] [INFO] [ButtonReader] Keyboard: Button 7 toggled ON (key '7')
[2025-11-21 01:41:22,643] [INFO] [ButtonReader] Button 7 pressed
[2025-11-21 01:41:22,643] [DEBUG] [SequenceTracker] UPDATE: '' → '7' (added buttons: [7], elapsed: 0.00s)
[2025-11-21 01:41:22,644] [DEBUG] [IdleState] Checking sequence: '7' (need '777' for code mode)
[2025-11-21 01:41:22,679] [INFO] [AmplifyState] Song "Belinda Carlisle - Heaven Is A Place On Earth (Official HD Music Video).mp3" was randomly started 🎚️
[2025-11-21 01:41:30,234] [INFO] [ButtonReader] Keyboard: Button 9 toggled ON (key '9')
[2025-11-21 01:41:30,235] [INFO] [ButtonReader] Button 9 pressed
[2025-11-21 01:41:30,236] [DEBUG] [SequenceTracker] UPDATE: '7' → '79' (added buttons: [9], elapsed: 7.59s)
[2025-11-21 01:41:57,968] [INFO] [ButtonReader] Keyboard: Button 7 toggled OFF (key '7')
[2025-11-21 01:42:01,624] [INFO] [ButtonReader] Keyboard: Button 9 toggled OFF (key '9')
[2025-11-21 01:42:01,625] [INFO] [AmplifyState] Song "Belinda Carlisle - Heaven Is A Place On Earth (Official HD Music Video).mp3" was released 🤷🏻‍♀️
[2025-11-21 01:42:01,644] [DEBUG] [SequenceTracker] RESET: cleared sequence '79', elapsed: 39.00s
[2025-11-21 01:42:03,732] [INFO] [ButtonReader] Keyboard: Button 9 toggled ON (key '9')
[2025-11-21 01:42:03,733] [INFO] [ButtonReader] Button 9 pressed
[2025-11-21 01:42:03,733] [DEBUG] [SequenceTracker] UPDATE: '' → '9' (added buttons: [9], elapsed: 0.00s)
[2025-11-21 01:42:03,734] [DEBUG] [IdleState] Checking sequence: '9' (need '777' for code mode)
[2025-11-21 01:42:03,772] [INFO] [AmplifyState] Song "LunchMoney Lewis - Bills (Official Video).mp3" was randomly started 🎚️
[2025-11-21 01:42:08,078] [INFO] [ButtonReader] Keyboard: Button 9 toggled OFF (key '9')
[2025-11-21 01:42:08,079] [INFO] [AmplifyState] Song "LunchMoney Lewis - Bills (Official Video).mp3" was released 🤷🏻‍♀️
[2025-11-21 01:42:08,098] [DEBUG] [SequenceTracker] RESET: cleared sequence '9', elapsed: 4.36s
[2025-11-21 01:42:08,981] [INFO] [ButtonReader] Keyboard: Button 9 toggled ON (key '9')
[2025-11-21 01:42:08,982] [INFO] [ButtonReader] Button 9 pressed
[2025-11-21 01:42:08,984] [DEBUG] [SequenceTracker] UPDATE: '' → '9' (added buttons: [9], elapsed: 0.00s)
[2025-11-21 01:42:08,985] [DEBUG] [IdleState] Checking sequence: '9' (need '777' for code mode)
[2025-11-21 01:42:08,996] [INFO] [AmplifyState] Song "M.C. Hammer - U Can_t Touch This.mp3" was randomly started 🎚️
[2025-11-21 01:42:10,166] [INFO] [ButtonReader] Keyboard: Button 8 toggled ON (key '8')
[2025-11-21 01:42:10,167] [INFO] [ButtonReader] Button 8 pressed
[2025-11-21 01:42:10,168] [DEBUG] [SequenceTracker] UPDATE: '9' → '98' (added buttons: [8], elapsed: 1.18s)
[2025-11-21 01:42:12,261] [INFO] [ButtonReader] Keyboard: Button 8 toggled OFF (key '8')
[2025-11-21 01:42:18,492] [INFO] [GameManager] 💾 Memory - Process: 88.2MB | System: 248/907MB (27.4%, 659MB free) | ⚙️  CPU - Process: 14.5% | System: 7.7% | Cores: [5%, 10%, 9%, 7%]
[2025-11-21 01:42:19,574] [INFO] [ButtonReader] Keyboard: Button 8 toggled ON (key '8')
[2025-11-21 01:42:19,575] [INFO] [ButtonReader] Button 8 pressed
[2025-11-21 01:42:19,576] [DEBUG] [SequenceTracker] UPDATE: '98' → '988' (added buttons: [8], elapsed: 10.59s)
[2025-11-21 01:42:24,642] [INFO] [ButtonReader] Keyboard: Button 8 toggled OFF (key '8')
[2025-11-21 01:42:27,856] [INFO] [ButtonReader] Keyboard: Button 8 toggled ON (key '8')
[2025-11-21 01:42:27,856] [INFO] [ButtonReader] Button 8 pressed
[2025-11-21 01:42:27,857] [DEBUG] [SequenceTracker] UPDATE: '988' → '9888' (added buttons: [8], elapsed: 18.87s)
[2025-11-21 01:42:30,471] [INFO] [ButtonReader] Keyboard: Button 8 toggled OFF (key '8')
[2025-11-21 01:43:18,497] [INFO] [GameManager] 💾 Memory - Process: 88.2MB | System: 250/907MB (27.5%, 657MB free) | ⚙️  CPU - Process: 15.9% | System: 7.4% | Cores: [7%, 9%, 6%, 8%]
[2025-11-21 01:43:25,207] [INFO] [ButtonReader] Keyboard: Button 3 toggled ON (key '3')
[2025-11-21 01:43:25,208] [INFO] [ButtonReader] Button 3 pressed
[2025-11-21 01:43:25,208] [DEBUG] [SequenceTracker] UPDATE: '9888' → '98883' (added buttons: [3], elapsed: 76.22s)
[2025-11-21 01:44:18,506] [INFO] [GameManager] 💾 Memory - Process: 88.2MB | System: 251/907MB (27.6%, 656MB free) | ⚙️  CPU - Process: 18.5% | System: 8.0% | Cores: [5%, 10%, 11%, 6%]
[2025-11-21 01:44:35,890] [INFO] [ButtonReader] Keyboard: Button 9 toggled OFF (key '9')
[2025-11-21 01:44:41,478] [INFO] [ButtonReader] Keyboard: Button 9 toggled ON (key '9')
[2025-11-21 01:44:41,479] [INFO] [ButtonReader] Button 9 pressed
[2025-11-21 01:44:41,481] [DEBUG] [SequenceTracker] UPDATE: '98883' → '988839' (added buttons: [9], elapsed: 152.50s)
[2025-11-21 01:45:18,508] [INFO] [GameManager] 💾 Memory - Process: 88.2MB | System: 249/907MB (27.5%, 657MB free) | ⚙️  CPU - Process: 18.3% | System: 8.1% | Cores: [10%, 8%, 8%, 7%]
[2025-11-21 01:46:18,519] [INFO] [GameManager] 💾 Memory - Process: 88.2MB | System: 248/907MB (27.4%, 658MB free) | ⚙️  CPU - Process: 17.8% | System: 8.2% | Cores: [7%, 8%, 8%, 10%]
[2025-11-21 01:46:26,332] [INFO] [AmplifyState] Song "M.C. Hammer - U Can_t Touch This.mp3" was finished while amplifing! 👑
[2025-11-21 01:46:26,353] [DEBUG] [SequenceTracker] RESET: cleared sequence '988839', elapsed: 257.37s
[2025-11-21 01:46:26,643] [CRITICAL] [Amplifier] ⚠️  SIGNAL RECEIVED: 2 - Process terminating
[2025-11-21 01:46:26,644] [CRITICAL] [Amplifier] Emergency flush triggered
[2025-11-21 01:46:26,889] [INFO] [SoundController] Sound controller cleaned up successfully
[2025-11-21 01:46:26,899] [INFO] [GameManager] Game stopped
[2025-11-21 01:46:26,900] [INFO] [Amplifier] ✅ HumanAmplifier system shut down
