[2025-11-21 01:48:45,467] [INFO] [Amplifier] 🎵 HUMAN AMPLIFIER INTERACTIVE SYSTEM
[2025-11-21 01:48:45,468] [INFO] [Amplifier] Button configuration: 10 buttons on GPIO [6, 5, 22, 17, 4, 23, 24, 25, 16, 20]
[2025-11-21 01:48:45,468] [INFO] [Amplifier] LED configuration: 2 strips
[2025-11-21 01:48:45,469] [INFO] [Amplifier]   Strip 1: 300 LEDs on GPIO 21
[2025-11-21 01:48:45,470] [INFO] [Amplifier]   Strip 2: 293 LEDs on GPIO 18
[2025-11-21 01:48:45,471] [INFO] [Amplifier] Game settings: 20ms frame duration (50.0 FPS)
[2025-11-21 01:48:45,471] [INFO] [Amplifier] Button sample rate: 200Hz
[2025-11-21 01:48:45,472] [INFO] [Amplifier] Audio folder: songs
[2025-11-21 01:48:45,472] [INFO] [Amplifier] Schedule: 13 daily, 1 special entries
[2025-11-21 01:48:45,473] [INFO] [ButtonReader] 🎮 Keyboard sampler initialized (NO GPIO)
[2025-11-21 01:48:45,473] [INFO] [ButtonReader]    10 virtual buttons mapped to digit keys 0-9
[2025-11-21 01:48:45,474] [INFO] [ButtonReader]    Press digit keys to toggle buttons ON/OFF
[2025-11-21 01:48:45,474] [INFO] [ButtonReader]    Each keypress toggles button ON/OFF
[2025-11-21 01:48:45,475] [INFO] [ButtonReader] ButtonReader initialized with 10 buttons
[2025-11-21 01:48:45,477] [INFO] [SongLibrary] Creating song codes dictionary
[2025-11-21 01:48:47,905] [INFO] [SongLibrary] Loaded 722 song codes from 11 collections
[2025-11-21 01:48:47,906] [INFO] [SongLibrary] Collections updated: ['MAIJAM']
[2025-11-21 01:48:48,005] [INFO] [SoundController] Pygame mixer initialized: 48000Hz, format=-16, channels=2
[2025-11-21 01:48:56,198] [INFO] [SoundController] Sound controller initialized - mixer ready, first song will load on demand
[2025-11-21 01:48:56,205] [INFO] [GameManager] GameManager initialized: 20ms frame duration, 2 LED strips
[2025-11-21 01:48:56,206] [INFO] [Amplifier] HumanAmplifier system initialized successfully
[2025-11-21 01:48:56,206] [INFO] [Amplifier] Hardware: 10 buttons, 2 LED strips, 20ms frame duration
[2025-11-21 01:48:56,207] [INFO] [Amplifier] Audio system: {'songs_folder': 'songs', 'all_collections': ['VIRAL', 'DISNEY', 'CLASSIC', 'MORNING', 'SPANISH', 'TV', 'MAIJAM', 'HAFLA', 'FESTIGAL', 'GENERAL', 'PARTY'], 'total_codes': 722, 'daily_schedule_entries': 13, 'special_schedule_entries': 1}
[2025-11-21 01:48:56,207] [INFO] [Amplifier] Sound controller initialized successfully
[2025-11-21 01:48:56,208] [INFO] [Amplifier] ✅ System initialized successfully!
[2025-11-21 01:48:56,208] [INFO] [Amplifier] Hardware status: 10 buttons, 2 LED strips
[2025-11-21 01:48:56,209] [INFO] [Amplifier]   Strip 1: 300 LEDs active
[2025-11-21 01:48:56,209] [INFO] [Amplifier]   Strip 2: 293 LEDs active
[2025-11-21 01:48:56,209] [INFO] [Amplifier] Audio system: 722 song codes, 13 sound effects
[2025-11-21 01:48:56,209] [INFO] [Amplifier] Available collections: VIRAL, DISNEY, CLASSIC, MORNING, SPANISH, TV, MAIJAM, HAFLA, FESTIGAL, GENERAL, PARTY
[2025-11-21 01:48:56,210] [INFO] [Amplifier] ===========================
[2025-11-21 01:48:56,210] [INFO] [Amplifier] 🚀 Starting HumanAmplifier system...
[2025-11-21 01:48:56,210] [INFO] [GameManager] Starting game loop with 20ms frame duration
[2025-11-21 01:48:56,214] [INFO] [GameManager] 💾 Memory - Process: 87.8MB | System: 262/907MB (28.9%, 645MB free) | ⚙️  CPU - Process: 0.0% | System: 27.8% | Cores: [2%, 5%, 99%, 4%]
[2025-11-21 01:48:57,840] [INFO] [ButtonReader] Keyboard: Button 7 toggled ON (key '7')
[2025-11-21 01:48:57,842] [INFO] [ButtonReader] Button 7 pressed
[2025-11-21 01:48:57,843] [DEBUG] [SequenceTracker] UPDATE: '' → '7' (added buttons: [7], elapsed: 0.00s)
[2025-11-21 01:48:57,844] [DEBUG] [IdleState] Checking sequence: '7' (need '777' for code mode)
[2025-11-21 01:48:57,874] [INFO] [AmplifyState] Song "Smash Mouth - I_m A Believer.mp3" was randomly started 🎚️
[2025-11-21 01:49:00,246] [INFO] [ButtonReader] Keyboard: Button 8 toggled ON (key '8')
[2025-11-21 01:49:00,247] [INFO] [ButtonReader] Button 8 pressed
[2025-11-21 01:49:00,248] [DEBUG] [SequenceTracker] UPDATE: '7' → '78' (added buttons: [8], elapsed: 2.40s)
[2025-11-21 01:49:02,134] [INFO] [ButtonReader] Keyboard: Button 1 toggled ON (key '1')
[2025-11-21 01:49:02,135] [INFO] [ButtonReader] Button 1 pressed
[2025-11-21 01:49:02,135] [DEBUG] [SequenceTracker] UPDATE: '78' → '781' (added buttons: [1], elapsed: 4.29s)
[2025-11-21 01:49:02,718] [INFO] [ButtonReader] Keyboard: Button 2 toggled ON (key '2')
[2025-11-21 01:49:02,719] [INFO] [ButtonReader] Button 2 pressed
[2025-11-21 01:49:02,719] [DEBUG] [SequenceTracker] UPDATE: '781' → '7812' (added buttons: [2], elapsed: 4.88s)
[2025-11-21 01:49:03,164] [INFO] [ButtonReader] Keyboard: Button 3 toggled ON (key '3')
[2025-11-21 01:49:03,165] [INFO] [ButtonReader] Button 3 pressed
[2025-11-21 01:49:03,165] [DEBUG] [SequenceTracker] UPDATE: '7812' → '78123' (added buttons: [3], elapsed: 5.32s)
[2025-11-21 01:49:03,870] [INFO] [ButtonReader] Keyboard: Button 4 toggled ON (key '4')
[2025-11-21 01:49:03,871] [INFO] [ButtonReader] Button 4 pressed
[2025-11-21 01:49:03,872] [DEBUG] [SequenceTracker] UPDATE: '78123' → '781234' (added buttons: [4], elapsed: 6.03s)
[2025-11-21 01:49:05,036] [INFO] [ButtonReader] Keyboard: Button 5 toggled ON (key '5')
[2025-11-21 01:49:05,037] [INFO] [ButtonReader] Button 5 pressed
[2025-11-21 01:49:05,037] [DEBUG] [SequenceTracker] UPDATE: '781234' → '7812345' (added buttons: [5], elapsed: 7.19s)
[2025-11-21 01:49:05,819] [INFO] [ButtonReader] Keyboard: Button 6 toggled ON (key '6')
[2025-11-21 01:49:05,820] [INFO] [ButtonReader] Button 6 pressed
[2025-11-21 01:49:05,820] [DEBUG] [SequenceTracker] UPDATE: '7812345' → '78123456' (added buttons: [6], elapsed: 7.98s)
[2025-11-21 01:49:06,763] [INFO] [ButtonReader] Keyboard: Button 7 toggled OFF (key '7')
[2025-11-21 01:49:07,446] [INFO] [ButtonReader] Keyboard: Button 7 toggled ON (key '7')
[2025-11-21 01:49:07,447] [INFO] [ButtonReader] Button 7 pressed
[2025-11-21 01:49:07,447] [DEBUG] [SequenceTracker] UPDATE: '78123456' → '781234567' (added buttons: [7], elapsed: 9.60s)
[2025-11-21 01:49:08,242] [INFO] [ButtonReader] Keyboard: Button 8 toggled OFF (key '8')
[2025-11-21 01:49:10,123] [INFO] [ButtonReader] Keyboard: Button 8 toggled ON (key '8')
[2025-11-21 01:49:10,124] [INFO] [ButtonReader] Button 8 pressed
[2025-11-21 01:49:10,124] [DEBUG] [SequenceTracker] UPDATE: '781234567' → '7812345678' (added buttons: [8], elapsed: 12.28s)
[2025-11-21 01:49:11,793] [INFO] [ButtonReader] Keyboard: Button 9 toggled ON (key '9')
[2025-11-21 01:49:11,793] [INFO] [ButtonReader] Button 9 pressed
[2025-11-21 01:49:11,794] [DEBUG] [SequenceTracker] UPDATE: '7812345678' → '8123456789' (added buttons: [9], elapsed: 13.95s) [TRIMMED]
[2025-11-21 01:49:14,332] [INFO] [ButtonReader] Keyboard: Button 0 toggled ON (key '0')
[2025-11-21 01:49:14,353] [INFO] [ButtonReader] Button 0 pressed
[2025-11-21 01:49:14,353] [DEBUG] [SequenceTracker] UPDATE: '8123456789' → '1234567890' (added buttons: [0], elapsed: 16.51s) [TRIMMED]
[2025-11-21 01:49:14,387] [INFO] [PartyState] 🎉 PARTY MODE ACTIVATED for song: Smash Mouth - I_m A Believer.mp3
[2025-11-21 01:49:30,872] [INFO] [ButtonReader] Keyboard: Button 5 toggled OFF (key '5')
[2025-11-21 01:49:31,173] [INFO] [ButtonReader] Keyboard: Button 4 toggled OFF (key '4')
[2025-11-21 01:49:31,775] [INFO] [ButtonReader] Keyboard: Button 5 toggled ON (key '5')
[2025-11-21 01:49:31,776] [INFO] [ButtonReader] Button 5 pressed
[2025-11-21 01:49:31,776] [DEBUG] [SequenceTracker] UPDATE: '1234567890' → '2345678905' (added buttons: [5], elapsed: 33.93s) [TRIMMED]
[2025-11-21 01:49:32,157] [INFO] [ButtonReader] Keyboard: Button 4 toggled ON (key '4')
[2025-11-21 01:49:32,158] [INFO] [ButtonReader] Button 4 pressed
[2025-11-21 01:49:32,158] [DEBUG] [SequenceTracker] UPDATE: '2345678905' → '3456789054' (added buttons: [4], elapsed: 34.32s) [TRIMMED]
[2025-11-21 01:49:39,393] [INFO] [PartyState] Party Mode for song "Smash Mouth - I_m A Believer.mp3" was quite-down! 🤫
[2025-11-21 01:49:39,413] [DEBUG] [SequenceTracker] RESET: cleared sequence '3456789054', elapsed: 41.57s
[2025-11-21 01:49:42,149] [INFO] [ButtonReader] Keyboard: Button 5 toggled OFF (key '5')
[2025-11-21 01:49:44,822] [INFO] [ButtonReader] Keyboard: Button 1 toggled OFF (key '1')
[2025-11-21 01:49:45,906] [INFO] [ButtonReader] Keyboard: Button 1 toggled ON (key '1')
[2025-11-21 01:49:45,907] [INFO] [ButtonReader] Button 1 pressed
[2025-11-21 01:49:45,908] [DEBUG] [SequenceTracker] UPDATE: '' → '1' (added buttons: [1], elapsed: 0.00s)
[2025-11-21 01:49:45,908] [DEBUG] [IdleState] Checking sequence: '1' (need '777' for code mode)
[2025-11-21 01:49:45,944] [INFO] [AmplifyState] Song "Dead Or Alive - You Spin Me Round (Like a Record) (Official Video) (1).mp3" was randomly started 🎚️
[2025-11-21 01:49:47,230] [INFO] [ButtonReader] Keyboard: Button 2 toggled OFF (key '2')
[2025-11-21 01:49:48,820] [INFO] [ButtonReader] Keyboard: Button 3 toggled OFF (key '3')
[2025-11-21 01:49:49,867] [INFO] [ButtonReader] Keyboard: Button 3 toggled ON (key '3')
[2025-11-21 01:49:49,868] [INFO] [ButtonReader] Button 3 pressed
[2025-11-21 01:49:49,869] [DEBUG] [SequenceTracker] UPDATE: '1' → '13' (added buttons: [3], elapsed: 3.96s)
[2025-11-21 01:49:51,113] [INFO] [ButtonReader] Keyboard: Button 4 toggled OFF (key '4')
[2025-11-21 01:49:53,242] [INFO] [ButtonReader] Keyboard: Button 2 toggled ON (key '2')
[2025-11-21 01:49:53,243] [INFO] [ButtonReader] Button 2 pressed
[2025-11-21 01:49:53,243] [DEBUG] [SequenceTracker] UPDATE: '13' → '132' (added buttons: [2], elapsed: 7.34s)
[2025-11-21 01:49:54,918] [INFO] [ButtonReader] Keyboard: Button 5 toggled ON (key '5')
[2025-11-21 01:49:54,919] [INFO] [ButtonReader] Button 5 pressed
[2025-11-21 01:49:54,919] [DEBUG] [SequenceTracker] UPDATE: '132' → '1325' (added buttons: [5], elapsed: 9.01s)
[2025-11-21 01:49:55,979] [INFO] [ButtonReader] Keyboard: Button 6 toggled OFF (key '6')
[2025-11-21 01:49:56,222] [INFO] [GameManager] 💾 Memory - Process: 87.9MB | System: 249/907MB (27.5%, 658MB free) | ⚙️  CPU - Process: 26.1% | System: 10.9% | Cores: [6%, 15%, 12%, 11%]
[2025-11-21 01:49:57,388] [INFO] [ButtonReader] Keyboard: Button 7 toggled OFF (key '7')
[2025-11-21 01:49:58,834] [INFO] [ButtonReader] Keyboard: Button 6 toggled ON (key '6')
[2025-11-21 01:49:58,835] [INFO] [ButtonReader] Button 6 pressed
[2025-11-21 01:49:58,836] [DEBUG] [SequenceTracker] UPDATE: '1325' → '13256' (added buttons: [6], elapsed: 12.93s)
[2025-11-21 01:49:59,638] [INFO] [ButtonReader] Keyboard: Button 7 toggled ON (key '7')
[2025-11-21 01:49:59,639] [INFO] [ButtonReader] Button 7 pressed
[2025-11-21 01:49:59,639] [DEBUG] [SequenceTracker] UPDATE: '13256' → '132567' (added buttons: [7], elapsed: 13.73s)
[2025-11-21 01:50:00,542] [INFO] [ButtonReader] Keyboard: Button 8 toggled OFF (key '8')
[2025-11-21 01:50:01,370] [INFO] [ButtonReader] Keyboard: Button 8 toggled ON (key '8')
[2025-11-21 01:50:01,371] [INFO] [ButtonReader] Button 8 pressed
[2025-11-21 01:50:01,371] [DEBUG] [SequenceTracker] UPDATE: '132567' → '1325678' (added buttons: [8], elapsed: 15.46s)
[2025-11-21 01:50:03,000] [INFO] [ButtonReader] Keyboard: Button 9 toggled OFF (key '9')
[2025-11-21 01:50:05,333] [INFO] [ButtonReader] Keyboard: Button 0 toggled OFF (key '0')
[2025-11-21 01:50:07,208] [INFO] [ButtonReader] Keyboard: Button 5 toggled OFF (key '5')
[2025-11-21 01:50:08,032] [INFO] [ButtonReader] Keyboard: Button 5 toggled ON (key '5')
[2025-11-21 01:50:08,033] [INFO] [ButtonReader] Button 5 pressed
[2025-11-21 01:50:08,034] [DEBUG] [SequenceTracker] UPDATE: '1325678' → '13256785' (added buttons: [5], elapsed: 22.13s)
[2025-11-21 01:50:08,574] [INFO] [ButtonReader] Keyboard: Button 4 toggled ON (key '4')
[2025-11-21 01:50:08,575] [INFO] [ButtonReader] Button 4 pressed
[2025-11-21 01:50:08,576] [DEBUG] [SequenceTracker] UPDATE: '13256785' → '132567854' (added buttons: [4], elapsed: 22.67s)
[2025-11-21 01:50:10,837] [INFO] [ButtonReader] Keyboard: Button 9 toggled ON (key '9')
[2025-11-21 01:50:10,839] [INFO] [ButtonReader] Button 9 pressed
[2025-11-21 01:50:10,840] [DEBUG] [SequenceTracker] UPDATE: '132567854' → '1325678549' (added buttons: [9], elapsed: 24.93s)
[2025-11-21 01:50:23,767] [INFO] [ButtonReader] Keyboard: Button 0 toggled ON (key '0')
[2025-11-21 01:50:23,787] [INFO] [ButtonReader] Button 0 pressed
[2025-11-21 01:50:23,788] [DEBUG] [SequenceTracker] UPDATE: '1325678549' → '3256785490' (added buttons: [0], elapsed: 37.88s) [TRIMMED]
[2025-11-21 01:50:23,824] [INFO] [PartyState] 🎉 PARTY MODE ACTIVATED for song: Dead Or Alive - You Spin Me Round (Like a Record) (Official Video) (1).mp3
[2025-11-21 01:50:56,232] [INFO] [GameManager] 💾 Memory - Process: 87.9MB | System: 249/907MB (27.4%, 658MB free) | ⚙️  CPU - Process: 29.8% | System: 11.1% | Cores: [10%, 13%, 10%, 11%]
[2025-11-21 01:51:56,234] [INFO] [GameManager] 💾 Memory - Process: 87.9MB | System: 247/907MB (27.2%, 660MB free) | ⚙️  CPU - Process: 21.5% | System: 8.8% | Cores: [7%, 9%, 13%, 7%]
[2025-11-21 01:52:09,490] [CRITICAL] [Amplifier] ⚠️  SIGNAL RECEIVED: 2 - Process terminating
[2025-11-21 01:52:09,491] [CRITICAL] [Amplifier] Emergency flush triggered
[2025-11-21 01:52:09,773] [INFO] [SoundController] Sound controller cleaned up successfully
[2025-11-21 01:52:09,784] [INFO] [GameManager] Game stopped
[2025-11-21 01:52:09,785] [INFO] [Amplifier] ✅ HumanAmplifier system shut down
