[2025-11-10 23:25:48,709] [INFO] [Amplifier] 🎵 HUMAN AMPLIFIER INTERACTIVE SYSTEM
[2025-11-10 23:25:48,710] [INFO] [Amplifier] Button configuration: 3 buttons on GPIO [23, 24, 25]
[2025-11-10 23:25:48,711] [INFO] [Amplifier] LED configuration: 2 strips
[2025-11-10 23:25:48,712] [INFO] [Amplifier]   Strip 1: 300 LEDs on GPIO 18
[2025-11-10 23:25:48,713] [INFO] [Amplifier]   Strip 2: 300 LEDs on GPIO 21
[2025-11-10 23:25:48,714] [INFO] [Amplifier] Game settings: 20ms frame duration (50.0 FPS)
[2025-11-10 23:25:48,714] [INFO] [Amplifier] Button sample rate: 200Hz
[2025-11-10 23:25:48,716] [INFO] [Amplifier] Audio folder: songs
[2025-11-10 23:25:48,716] [INFO] [Amplifier] Schedule: 2 daily, 1 special entries
[2025-11-10 23:25:52,194] [INFO] [ButtonReader] GPIO setup complete: 3 pins, no pulls
[2025-11-10 23:25:52,194] [INFO] [ButtonReader] ButtonReader initialized with 3 buttons
[2025-11-10 23:25:52,195] [INFO] [ButtonReader] Button mapping: Button0=GPIO23, Button1=GPIO24, Button2=GPIO25
[2025-11-10 23:25:52,198] [INFO] [SongLibrary] Creating song codes dictionary
[2025-11-10 23:25:52,606] [INFO] [SongLibrary] Loaded 30 song codes from 1 collections
[2025-11-10 23:25:52,606] [INFO] [SongLibrary] Collections updated: ['MORNING']
[2025-11-10 23:25:52,839] [INFO] [GameManager] Entering state: IdleState
[2025-11-10 23:25:52,840] [INFO] [GameManager] GameManager initialized: 20ms frame duration, 2 LED strips
[2025-11-10 23:25:52,840] [INFO] [Amplifier] HumanAmplifier system initialized successfully
[2025-11-10 23:25:52,841] [INFO] [Amplifier] Hardware: 3 buttons, 2 LED strips, 20ms frame duration
[2025-11-10 23:25:52,841] [INFO] [Amplifier] Audio system: {'songs_folder': 'songs', 'all_collections': ['MORNING'], 'total_codes': 30, 'daily_schedule_entries': 2, 'special_schedule_entries': 1}
[2025-11-10 23:25:52,842] [INFO] [Amplifier] Sound controller initialized successfully
[2025-11-10 23:25:52,842] [INFO] [Amplifier] ✅ System initialized successfully!
[2025-11-10 23:25:52,842] [INFO] [Amplifier] Hardware status: 3 buttons, 2 LED strips
[2025-11-10 23:25:52,843] [INFO] [Amplifier]   Strip 1: 300 LEDs active
[2025-11-10 23:25:52,843] [INFO] [Amplifier]   Strip 2: 300 LEDs active
[2025-11-10 23:25:52,843] [INFO] [Amplifier] Audio system: 30 song codes, 9 sound effects
[2025-11-10 23:25:52,843] [INFO] [Amplifier] Available collections: MORNING
[2025-11-10 23:25:52,844] [INFO] [Amplifier] 🚀 Starting HumanAmplifier system...
[2025-11-10 23:25:52,844] [INFO] [GameManager] Starting game loop with 20ms frame duration
[2025-11-10 23:27:20,966] [INFO] [GameManager] Game stopped by user (Ctrl+C)
[2025-11-10 23:27:20,977] [INFO] [GameManager] Game stopped
[2025-11-10 23:27:20,977] [INFO] [Amplifier] ✅ HumanAmplifier system shut down
