[2025-11-10 02:13:28,933] [INFO] [Amplifier] 🎵 HUMAN AMPLIFIER INTERACTIVE SYSTEM
[2025-11-10 02:13:28,934] [INFO] [Amplifier] Button configuration: 3 buttons on GPIO [4, 5, 22]
[2025-11-10 02:13:28,935] [INFO] [Amplifier] LED configuration: 2 strips
[2025-11-10 02:13:28,935] [INFO] [Amplifier]   Strip 1: 300 LEDs on GPIO 18
[2025-11-10 02:13:28,935] [INFO] [Amplifier]   Strip 2: 300 LEDs on GPIO 21
[2025-11-10 02:13:28,935] [INFO] [Amplifier] Game settings: 20ms frame duration (50.0 FPS)
[2025-11-10 02:13:28,936] [INFO] [Amplifier] Button sample rate: 200Hz
[2025-11-10 02:13:28,936] [INFO] [Amplifier] Audio folder: songs
[2025-11-10 02:13:28,936] [INFO] [Amplifier] Schedule: 2 daily, 1 special entries
[2025-11-10 02:13:29,659] [INFO] [ButtonReader] GPIO setup complete: 3 pins, no pulls
[2025-11-10 02:13:29,660] [INFO] [ButtonReader] ButtonReader initialized with 3 buttons
[2025-11-10 02:13:29,660] [INFO] [ButtonReader] Button mapping: Button0=GPIO4, Button1=GPIO5, Button2=GPIO22
[2025-11-10 02:13:29,664] [INFO] [SongLibrary] Creating song codes dictionary
[2025-11-10 02:13:29,755] [INFO] [SongLibrary] Loaded 1 song codes from 1 collections
[2025-11-10 02:13:29,756] [INFO] [SongLibrary] Collections updated: ['TESTS']
[2025-11-10 02:13:29,971] [INFO] [GameManager] Entering state: IdleState
[2025-11-10 02:13:29,972] [INFO] [GameManager] GameManager initialized: 20ms frame duration, 2 LED strips
[2025-11-10 02:13:29,972] [INFO] [Amplifier] HumanAmplifier system initialized successfully
[2025-11-10 02:13:29,973] [INFO] [Amplifier] Hardware: 3 buttons, 2 LED strips, 20ms frame duration
[2025-11-10 02:13:29,973] [INFO] [Amplifier] Audio system: {'songs_folder': 'songs', 'all_collections': ['TESTS'], 'total_codes': 1, 'daily_schedule_entries': 2, 'special_schedule_entries': 1}
[2025-11-10 02:13:29,974] [INFO] [Amplifier] Sound controller initialized successfully
[2025-11-10 02:13:29,974] [INFO] [Amplifier] ✅ System initialized successfully!
[2025-11-10 02:13:29,975] [INFO] [Amplifier] Hardware status: 3 buttons, 2 LED strips
[2025-11-10 02:13:29,975] [INFO] [Amplifier]   Strip 1: 300 LEDs active
[2025-11-10 02:13:29,975] [INFO] [Amplifier]   Strip 2: 300 LEDs active
[2025-11-10 02:13:29,976] [INFO] [Amplifier] Audio system: 1 song codes, 9 sound effects
[2025-11-10 02:13:29,976] [INFO] [Amplifier] Available collections: TESTS
[2025-11-10 02:13:29,977] [INFO] [Amplifier] 🚀 Starting HumanAmplifier system...
[2025-11-10 02:13:29,977] [INFO] [GameManager] Starting game loop with 20ms frame duration
[2025-11-10 02:13:29,978] [INFO] [GameManager] Exiting state: IdleState
[2025-11-10 02:13:29,979] [INFO] [GameManager] State transition: IdleState → AmplifyState
[2025-11-10 02:13:29,979] [INFO] [GameManager] Entering state: AmplifyState
[2025-11-10 02:13:29,990] [DEBUG] [AmplifyState] AmplifyState activated with buttons: [1]
[2025-11-10 02:13:33,104] [INFO] [GameManager] Exiting state: AmplifyState
[2025-11-10 02:13:33,105] [INFO] [GameManager] State transition: AmplifyState → IdleState
[2025-11-10 02:13:33,105] [INFO] [GameManager] Entering state: IdleState
[2025-11-10 02:13:38,390] [INFO] [GameManager] Exiting state: IdleState
[2025-11-10 02:13:38,391] [INFO] [GameManager] State transition: IdleState → AmplifyState
[2025-11-10 02:13:38,392] [INFO] [GameManager] Entering state: AmplifyState
[2025-11-10 02:13:38,403] [DEBUG] [AmplifyState] AmplifyState activated with buttons: [0]
[2025-11-10 02:13:40,005] [INFO] [GameManager] Exiting state: AmplifyState
[2025-11-10 02:13:40,006] [INFO] [GameManager] State transition: AmplifyState → IdleState
[2025-11-10 02:13:40,008] [INFO] [GameManager] Entering state: IdleState
[2025-11-10 02:13:41,330] [INFO] [GameManager] Exiting state: IdleState
[2025-11-10 02:13:41,331] [INFO] [GameManager] State transition: IdleState → AmplifyState
[2025-11-10 02:13:41,331] [INFO] [GameManager] Entering state: AmplifyState
[2025-11-10 02:13:41,342] [DEBUG] [AmplifyState] AmplifyState activated with buttons: [0]
[2025-11-10 02:13:46,385] [INFO] [GameManager] Exiting state: AmplifyState
[2025-11-10 02:13:46,386] [INFO] [GameManager] State transition: AmplifyState → IdleState
[2025-11-10 02:13:46,387] [INFO] [GameManager] Entering state: IdleState
[2025-11-10 02:13:46,787] [INFO] [GameManager] Exiting state: IdleState
[2025-11-10 02:13:46,788] [INFO] [GameManager] State transition: IdleState → AmplifyState
[2025-11-10 02:13:46,789] [INFO] [GameManager] Entering state: AmplifyState
[2025-11-10 02:13:46,800] [DEBUG] [AmplifyState] AmplifyState activated with buttons: [0]
[2025-11-10 02:13:52,798] [DEBUG] [AmplifyState] AmplifyState button change - currently pressed: [0, 2]
[2025-11-10 02:13:53,772] [DEBUG] [AmplifyState] AmplifyState button change - currently pressed: [0]
[2025-11-10 02:13:54,227] [INFO] [GameManager] Exiting state: AmplifyState
[2025-11-10 02:13:54,228] [INFO] [GameManager] State transition: AmplifyState → IdleState
[2025-11-10 02:13:54,229] [INFO] [GameManager] Entering state: IdleState
[2025-11-10 02:13:54,910] [INFO] [GameManager] Exiting state: IdleState
[2025-11-10 02:13:54,910] [INFO] [GameManager] State transition: IdleState → AmplifyState
[2025-11-10 02:13:54,910] [INFO] [GameManager] Entering state: AmplifyState
[2025-11-10 02:13:54,921] [DEBUG] [AmplifyState] AmplifyState activated with buttons: [0]
[2025-11-10 02:13:55,594] [DEBUG] [AmplifyState] AmplifyState button change - currently pressed: [0, 2]
[2025-11-10 02:13:56,096] [DEBUG] [AmplifyState] AmplifyState button change - currently pressed: [0]
[2025-11-10 02:13:59,085] [INFO] [GameManager] Exiting state: AmplifyState
[2025-11-10 02:13:59,086] [INFO] [GameManager] State transition: AmplifyState → IdleState
[2025-11-10 02:13:59,086] [INFO] [GameManager] Entering state: IdleState
[2025-11-10 02:14:03,690] [INFO] [GameManager] Exiting state: IdleState
[2025-11-10 02:14:03,690] [INFO] [GameManager] State transition: IdleState → AmplifyState
[2025-11-10 02:14:03,691] [INFO] [GameManager] Entering state: AmplifyState
[2025-11-10 02:14:03,702] [DEBUG] [AmplifyState] AmplifyState activated with buttons: [1]
[2025-11-10 02:14:03,710] [INFO] [GameManager] Exiting state: AmplifyState
[2025-11-10 02:14:03,711] [INFO] [GameManager] State transition: AmplifyState → IdleState
[2025-11-10 02:14:03,711] [INFO] [GameManager] Entering state: IdleState
[2025-11-10 02:14:03,931] [INFO] [GameManager] Exiting state: IdleState
[2025-11-10 02:14:03,931] [INFO] [GameManager] State transition: IdleState → AmplifyState
[2025-11-10 02:14:03,932] [INFO] [GameManager] Entering state: AmplifyState
[2025-11-10 02:14:03,943] [DEBUG] [AmplifyState] AmplifyState activated with buttons: [1]
[2025-11-10 02:14:04,051] [INFO] [GameManager] Exiting state: AmplifyState
[2025-11-10 02:14:04,052] [INFO] [GameManager] State transition: AmplifyState → IdleState
[2025-11-10 02:14:04,052] [INFO] [GameManager] Entering state: IdleState
[2025-11-10 02:14:04,493] [INFO] [GameManager] Exiting state: IdleState
[2025-11-10 02:14:04,494] [INFO] [GameManager] State transition: IdleState → AmplifyState
[2025-11-10 02:14:04,497] [INFO] [GameManager] Entering state: AmplifyState
[2025-11-10 02:14:04,508] [DEBUG] [AmplifyState] AmplifyState activated with buttons: [1]
[2025-11-10 02:14:04,534] [INFO] [GameManager] Exiting state: AmplifyState
[2025-11-10 02:14:04,535] [INFO] [GameManager] State transition: AmplifyState → IdleState
[2025-11-10 02:14:04,536] [INFO] [GameManager] Entering state: IdleState
[2025-11-10 02:14:04,614] [INFO] [GameManager] Exiting state: IdleState
[2025-11-10 02:14:04,615] [INFO] [GameManager] State transition: IdleState → AmplifyState
[2025-11-10 02:14:04,615] [INFO] [GameManager] Entering state: AmplifyState
[2025-11-10 02:14:04,627] [DEBUG] [AmplifyState] AmplifyState activated with buttons: [1]
[2025-11-10 02:14:04,634] [INFO] [GameManager] Exiting state: AmplifyState
[2025-11-10 02:14:04,635] [INFO] [GameManager] State transition: AmplifyState → IdleState
[2025-11-10 02:14:04,636] [INFO] [GameManager] Entering state: IdleState
[2025-11-10 02:14:04,815] [INFO] [GameManager] Exiting state: IdleState
[2025-11-10 02:14:04,816] [INFO] [GameManager] State transition: IdleState → AmplifyState
[2025-11-10 02:14:04,817] [INFO] [GameManager] Entering state: AmplifyState
[2025-11-10 02:14:04,828] [DEBUG] [AmplifyState] AmplifyState activated with buttons: [1]
[2025-11-10 02:14:04,835] [INFO] [GameManager] Exiting state: AmplifyState
[2025-11-10 02:14:04,836] [INFO] [GameManager] State transition: AmplifyState → IdleState
[2025-11-10 02:14:04,837] [INFO] [GameManager] Entering state: IdleState
[2025-11-10 02:14:04,996] [INFO] [GameManager] Exiting state: IdleState
[2025-11-10 02:14:04,997] [INFO] [GameManager] State transition: IdleState → AmplifyState
[2025-11-10 02:14:04,998] [INFO] [GameManager] Entering state: AmplifyState
[2025-11-10 02:14:05,009] [DEBUG] [AmplifyState] AmplifyState activated with buttons: [1]
[2025-11-10 02:14:05,036] [INFO] [GameManager] Exiting state: AmplifyState
[2025-11-10 02:14:05,037] [INFO] [GameManager] State transition: AmplifyState → IdleState
[2025-11-10 02:14:05,038] [INFO] [GameManager] Entering state: IdleState
[2025-11-10 02:14:05,076] [INFO] [GameManager] Exiting state: IdleState
[2025-11-10 02:14:05,077] [INFO] [GameManager] State transition: IdleState → AmplifyState
[2025-11-10 02:14:05,078] [INFO] [GameManager] Entering state: AmplifyState
[2025-11-10 02:14:05,090] [DEBUG] [AmplifyState] AmplifyState activated with buttons: [1]
[2025-11-10 02:14:05,117] [INFO] [GameManager] Exiting state: AmplifyState
[2025-11-10 02:14:05,118] [INFO] [GameManager] State transition: AmplifyState → IdleState
[2025-11-10 02:14:05,120] [INFO] [GameManager] Entering state: IdleState
[2025-11-10 02:14:05,177] [INFO] [GameManager] Exiting state: IdleState
[2025-11-10 02:14:05,178] [INFO] [GameManager] State transition: IdleState → AmplifyState
[2025-11-10 02:14:05,179] [INFO] [GameManager] Entering state: AmplifyState
[2025-11-10 02:14:05,190] [DEBUG] [AmplifyState] AmplifyState activated with buttons: [1]
[2025-11-10 02:14:08,205] [DEBUG] [AmplifyState] AmplifyState button change - currently pressed: [1, 2]
[2025-11-10 02:14:09,189] [INFO] [GameManager] Exiting state: AmplifyState
[2025-11-10 02:14:09,190] [INFO] [GameManager] State transition: AmplifyState → PartyState
[2025-11-10 02:14:09,190] [INFO] [GameManager] Entering state: PartyState
[2025-11-10 02:14:09,201] [INFO] [PartyState] 🎉 PARTY MODE ACTIVATED!
[2025-11-10 02:14:22,397] [INFO] [GameManager] Game stopped by user (Ctrl+C)
[2025-11-10 02:14:22,409] [INFO] [GameManager] Game stopped
[2025-11-10 02:14:22,410] [INFO] [Amplifier] ✅ HumanAmplifier system shut down
