[2025-11-19 23:35:22,877] [INFO] [Amplifier] 🎵 HUMAN AMPLIFIER INTERACTIVE SYSTEM
[2025-11-19 23:35:22,878] [INFO] [Amplifier] Button configuration: 10 buttons on GPIO [6, 5, 22, 17, 4, 23, 24, 25, 16, 20]
[2025-11-19 23:35:22,878] [INFO] [Amplifier] LED configuration: 2 strips
[2025-11-19 23:35:22,879] [INFO] [Amplifier]   Strip 1: 300 LEDs on GPIO 21
[2025-11-19 23:35:22,879] [INFO] [Amplifier]   Strip 2: 293 LEDs on GPIO 18
[2025-11-19 23:35:22,879] [INFO] [Amplifier] Game settings: 20ms frame duration (50.0 FPS)
[2025-11-19 23:35:22,880] [INFO] [Amplifier] Button sample rate: 200Hz
[2025-11-19 23:35:22,880] [INFO] [Amplifier] Audio folder: songs
[2025-11-19 23:35:22,881] [INFO] [Amplifier] Schedule: 2 daily, 1 special entries
[2025-11-19 23:35:22,881] [INFO] [ButtonReader] GPIO sampler initialized: 10 pins (no pulls)
[2025-11-19 23:35:22,882] [INFO] [ButtonReader] Pin mapping: Btn0=GPIO6, Btn1=GPIO5, Btn2=GPIO22, Btn3=GPIO17, Btn4=GPIO4, Btn5=GPIO23, Btn6=GPIO24, Btn7=GPIO25, Btn8=GPIO16, Btn9=GPIO20
[2025-11-19 23:35:22,883] [INFO] [ButtonReader] 🎮 Keyboard debug enabled: Press digit keys 0-9 to toggle buttons (works over SSH)
[2025-11-19 23:35:22,883] [INFO] [ButtonReader]    Each keypress toggles button ON/OFF
[2025-11-19 23:35:22,883] [INFO] [ButtonReader] ButtonReader initialized with 10 buttons
[2025-11-19 23:35:22,886] [INFO] [SongLibrary] Creating song codes dictionary
[2025-11-19 23:35:30,362] [INFO] [SongLibrary] Loaded 547 song codes from 10 collections
[2025-11-19 23:35:30,364] [INFO] [SongLibrary] Collections updated: ['MAIJAM']
[2025-11-19 23:35:30,672] [ERROR] [Amplifier] Failed to initialize HumanAmplifier system: ALSA: Couldn't open audio device: Device or resource busy | Type: error | File: /home/yotam/AmpSync/Amp3/src/audio_system/sound_controller.py | Line: 71
Traceback (most recent call last):
  File "/home/yotam/AmpSync/Amp3/src/amplifier.py", line 207, in create_game_system
    sound_controller = SoundController(
                       ^^^^^^^^^^^^^^^^
  File "/home/yotam/AmpSync/Amp3/src/audio_system/sound_controller.py", line 71, in __init__
    self.mixer.init()
pygame.error: ALSA: Couldn't open audio device: Device or resource busy
[2025-11-19 23:35:30,676] [ERROR] [Amplifier] HumanAmplifier system error: ALSA: Couldn't open audio device: Device or resource busy | Type: error | File: /home/yotam/AmpSync/Amp3/src/audio_system/sound_controller.py | Line: 71
Traceback (most recent call last):
  File "/home/yotam/AmpSync/Amp3/src/amplifier.py", line 298, in main
    game_manager = create_game_system(config, amplifier_logger)
                   ^^^^^^^^^^^^^^^^^^^^^^^^^^^^^^^^^^^^^^^^^^^^
  File "/home/yotam/AmpSync/Amp3/src/amplifier.py", line 207, in create_game_system
    sound_controller = SoundController(
                       ^^^^^^^^^^^^^^^^
  File "/home/yotam/AmpSync/Amp3/src/audio_system/sound_controller.py", line 71, in __init__
    self.mixer.init()
pygame.error: ALSA: Couldn't open audio device: Device or resource busy
[2025-11-19 23:35:30,678] [INFO] [Amplifier] ✅ HumanAmplifier system shut down
