[2025-11-21 02:00:42,241] [INFO] [Amplifier] 🎵 HUMAN AMPLIFIER INTERACTIVE SYSTEM
[2025-11-21 02:00:42,242] [INFO] [Amplifier] Button configuration: 10 buttons on GPIO [6, 5, 22, 17, 4, 23, 24, 25, 16, 20]
[2025-11-21 02:00:42,242] [INFO] [Amplifier] LED configuration: 2 strips
[2025-11-21 02:00:42,243] [INFO] [Amplifier]   Strip 1: 300 LEDs on GPIO 21
[2025-11-21 02:00:42,243] [INFO] [Amplifier]   Strip 2: 293 LEDs on GPIO 18
[2025-11-21 02:00:42,244] [INFO] [Amplifier] Game settings: 20ms frame duration (50.0 FPS)
[2025-11-21 02:00:42,244] [INFO] [Amplifier] Button sample rate: 200Hz
[2025-11-21 02:00:42,245] [INFO] [Amplifier] Audio folder: songs
[2025-11-21 02:00:42,245] [INFO] [Amplifier] Schedule: 13 daily, 1 special entries
[2025-11-21 02:00:42,246] [INFO] [ButtonReader] 🎮 Keyboard sampler initialized (NO GPIO)
[2025-11-21 02:00:42,246] [INFO] [ButtonReader]    10 virtual buttons mapped to digit keys 0-9
[2025-11-21 02:00:42,246] [INFO] [ButtonReader]    Press digit keys to toggle buttons ON/OFF
[2025-11-21 02:00:42,247] [INFO] [ButtonReader]    Each keypress toggles button ON/OFF
[2025-11-21 02:00:42,247] [INFO] [ButtonReader] ButtonReader initialized with 10 buttons
[2025-11-21 02:00:42,249] [INFO] [SongLibrary] Creating song codes dictionary
[2025-11-21 02:00:44,676] [INFO] [SongLibrary] Loaded 722 song codes from 11 collections
[2025-11-21 02:00:44,677] [INFO] [SongLibrary] Collections updated: ['VIRAL', 'MAIJAM', 'HAFLA', 'PARTY', 'FESTIGAL']
[2025-11-21 02:00:44,780] [INFO] [SoundController] Pygame mixer initialized: 48000Hz, format=-16, channels=2
[2025-11-21 02:00:53,018] [INFO] [SoundController] Sound controller initialized - mixer ready, first song will load on demand
[2025-11-21 02:00:53,024] [INFO] [GameManager] GameManager initialized: 20ms frame duration, 2 LED strips
[2025-11-21 02:00:53,025] [INFO] [Amplifier] HumanAmplifier system initialized successfully
[2025-11-21 02:00:53,026] [INFO] [Amplifier] Hardware: 10 buttons, 2 LED strips, 20ms frame duration
[2025-11-21 02:00:53,026] [INFO] [Amplifier] Audio system: {'songs_folder': 'songs', 'all_collections': ['DISNEY', 'MORNING', 'CLASSIC', 'SPANISH', 'MAIJAM', 'VIRAL', 'HAFLA', 'PARTY', 'TV', 'GENERAL', 'FESTIGAL'], 'total_codes': 722, 'daily_schedule_entries': 13, 'special_schedule_entries': 1}
[2025-11-21 02:00:53,027] [INFO] [Amplifier] Sound controller initialized successfully
[2025-11-21 02:00:53,027] [INFO] [Amplifier] ✅ System initialized successfully!
[2025-11-21 02:00:53,028] [INFO] [Amplifier] Hardware status: 10 buttons, 2 LED strips
[2025-11-21 02:00:53,028] [INFO] [Amplifier]   Strip 1: 300 LEDs active
[2025-11-21 02:00:53,029] [INFO] [Amplifier]   Strip 2: 293 LEDs active
[2025-11-21 02:00:53,029] [INFO] [Amplifier] Audio system: 722 song codes, 13 sound effects
[2025-11-21 02:00:53,030] [INFO] [Amplifier] Available collections: DISNEY, MORNING, CLASSIC, SPANISH, MAIJAM, VIRAL, HAFLA, PARTY, TV, GENERAL, FESTIGAL
[2025-11-21 02:00:53,030] [INFO] [Amplifier] ===========================
[2025-11-21 02:00:53,030] [INFO] [Amplifier] 🚀 Starting HumanAmplifier system...
[2025-11-21 02:00:53,031] [INFO] [GameManager] Starting game loop with 20ms frame duration
[2025-11-21 02:00:53,034] [INFO] [GameManager] 💾 Memory - Process: 87.9MB | System: 263/907MB (29.0%, 643MB free) | ⚙️  CPU - Process: 0.0% | System: 28.8% | Cores: [5%, 6%, 99%, 4%]
[2025-11-21 02:00:53,035] [INFO] [ButtonReader] Keyboard: Button 4 toggled ON (key '4')
[2025-11-21 02:00:53,036] [INFO] [ButtonReader] Button 4 pressed
[2025-11-21 02:00:53,036] [DEBUG] [SequenceTracker] UPDATE: '' → '4' (added buttons: [4], elapsed: 0.00s)
[2025-11-21 02:00:53,037] [DEBUG] [IdleState] Checking sequence: '4' (need '777' for code mode)
[2025-11-21 02:00:53,048] [INFO] [AmplifyState] Song "לילה מטורף בפסטיגל - שיר הפתיחה3.mp3" was randomly started 🎚️
[2025-11-21 02:00:53,083] [ERROR] [GameManager] Game loop error: 'AmplifySnakeAnimation' object has no attribute '_get_active_range' | Type: AttributeError | File: /home/yotam/AmpSync/Amp3/src/game_system/animations.py | Line: 482
Traceback (most recent call last):
  File "/home/yotam/AmpSync/Amp3/src/game_system/game_manager.py", line 89, in run_game_loop
    self.update()
  File "/home/yotam/AmpSync/Amp3/src/game_system/game_manager.py", line 138, in update
    new_state = self.current_state.generic_update_and_show(button_state)
                ^^^^^^^^^^^^^^^^^^^^^^^^^^^^^^^^^^^^^^^^^^^^^^^^^^^^^^^^
  File "/home/yotam/AmpSync/Amp3/src/game_system/states.py", line 62, in generic_update_and_show
    self._update_and_render_strips()
  File "/home/yotam/AmpSync/Amp3/src/game_system/states.py", line 71, in _update_and_render_strips
    was_updated = animation.update_if_needed()
                  ^^^^^^^^^^^^^^^^^^^^^^^^^^^^
  File "/home/yotam/AmpSync/Amp3/src/game_system/animations.py", line 56, in update_if_needed
    self.advance()
  File "/home/yotam/AmpSync/Amp3/src/game_system/animations.py", line 482, in advance
    active_segments = self._get_active_segments()
                   ^^^^^^^^^^^^^^^^^^^^^^
AttributeError: 'AmplifySnakeAnimation' object has no attribute '_get_active_range'
[2025-11-21 02:00:53,304] [INFO] [SoundController] Sound controller cleaned up successfully
[2025-11-21 02:00:53,314] [INFO] [GameManager] Game stopped
[2025-11-21 02:00:53,318] [ERROR] [Amplifier] HumanAmplifier system error: 'AmplifySnakeAnimation' object has no attribute '_get_active_range' | Type: AttributeError | File: /home/yotam/AmpSync/Amp3/src/game_system/animations.py | Line: 482
Traceback (most recent call last):
  File "/home/yotam/AmpSync/Amp3/src/amplifier.py", line 330, in main
    game_manager.run_game_loop()
  File "/home/yotam/AmpSync/Amp3/src/game_system/game_manager.py", line 89, in run_game_loop
    self.update()
  File "/home/yotam/AmpSync/Amp3/src/game_system/game_manager.py", line 138, in update
    new_state = self.current_state.generic_update_and_show(button_state)
                ^^^^^^^^^^^^^^^^^^^^^^^^^^^^^^^^^^^^^^^^^^^^^^^^^^^^^^^^
  File "/home/yotam/AmpSync/Amp3/src/game_system/states.py", line 62, in generic_update_and_show
    self._update_and_render_strips()
  File "/home/yotam/AmpSync/Amp3/src/game_system/states.py", line 71, in _update_and_render_strips
    was_updated = animation.update_if_needed()
                  ^^^^^^^^^^^^^^^^^^^^^^^^^^^^
  File "/home/yotam/AmpSync/Amp3/src/game_system/animations.py", line 56, in update_if_needed
    self.advance()
  File "/home/yotam/AmpSync/Amp3/src/game_system/animations.py", line 482, in advance
    active_segments = self._get_active_segments()
                   ^^^^^^^^^^^^^^^^^^^^^^
AttributeError: 'AmplifySnakeAnimation' object has no attribute '_get_active_range'
[2025-11-21 02:00:53,323] [INFO] [Amplifier] ✅ HumanAmplifier system shut down
