[2025-11-10 01:55:54,748] [INFO] [Amplifier] 🎵 HUMAN AMPLIFIER INTERACTIVE SYSTEM
[2025-11-10 01:55:54,750] [INFO] [Amplifier] Button configuration: 3 buttons on GPIO [4, 5, 22]
[2025-11-10 01:55:54,751] [INFO] [Amplifier] LED configuration: 2 strips
[2025-11-10 01:55:54,752] [INFO] [Amplifier]   Strip 1: 300 LEDs on GPIO 18
[2025-11-10 01:55:54,753] [INFO] [Amplifier]   Strip 2: 300 LEDs on GPIO 21
[2025-11-10 01:55:54,754] [INFO] [Amplifier] Game settings: 20ms frame duration (50.0 FPS)
[2025-11-10 01:55:54,755] [INFO] [Amplifier] Button sample rate: 200Hz
[2025-11-10 01:55:54,756] [INFO] [Amplifier] Audio folder: songs
[2025-11-10 01:55:54,757] [INFO] [Amplifier] Schedule: 2 daily, 1 special entries
[2025-11-10 01:55:56,978] [INFO] [ButtonReader] GPIO setup complete: 3 pins, no pulls
[2025-11-10 01:55:56,979] [INFO] [ButtonReader] ButtonReader initialized with 3 buttons
[2025-11-10 01:55:56,980] [INFO] [ButtonReader] Button mapping: Button0=GPIO4, Button1=GPIO5, Button2=GPIO22
[2025-11-10 01:55:56,987] [INFO] [SongLibrary] Creating song codes dictionary
[2025-11-10 01:55:57,148] [INFO] [SongLibrary] Loaded 1 song codes from 1 collections
[2025-11-10 01:55:57,150] [INFO] [SongLibrary] Collections updated: ['TESTS']
[2025-11-10 01:55:57,548] [INFO] [GameManager] Entering state: IdleState
[2025-11-10 01:55:57,549] [INFO] [GameManager] GameManager initialized: 20ms frame duration, 2 LED strips
[2025-11-10 01:55:57,549] [INFO] [Amplifier] HumanAmplifier system initialized successfully
[2025-11-10 01:55:57,550] [INFO] [Amplifier] Hardware: 3 buttons, 2 LED strips, 20ms frame duration
[2025-11-10 01:55:57,550] [INFO] [Amplifier] Audio system: {'songs_folder': 'songs', 'all_collections': ['TESTS'], 'total_codes': 1, 'daily_schedule_entries': 2, 'special_schedule_entries': 1}
[2025-11-10 01:55:57,551] [INFO] [Amplifier] Sound controller initialized successfully
[2025-11-10 01:55:57,551] [INFO] [Amplifier] ✅ System initialized successfully!
[2025-11-10 01:55:57,551] [INFO] [Amplifier] Hardware status: 3 buttons, 2 LED strips
[2025-11-10 01:55:57,552] [INFO] [Amplifier]   Strip 1: 300 LEDs active
[2025-11-10 01:55:57,552] [INFO] [Amplifier]   Strip 2: 300 LEDs active
[2025-11-10 01:55:57,553] [INFO] [Amplifier] Audio system: 1 song codes, 9 sound effects
[2025-11-10 01:55:57,553] [INFO] [Amplifier] Available collections: TESTS
[2025-11-10 01:55:57,553] [INFO] [Amplifier] 🚀 Starting HumanAmplifier system...
[2025-11-10 01:55:57,553] [INFO] [GameManager] Starting game loop with 20ms frame duration
[2025-11-10 01:55:57,554] [INFO] [GameManager] Exiting state: IdleState
[2025-11-10 01:55:57,555] [INFO] [GameManager] State transition: IdleState → AmplifyState
[2025-11-10 01:55:57,555] [INFO] [GameManager] Entering state: AmplifyState
[2025-11-10 01:55:57,566] [DEBUG] [AmplifyState] AmplifyState activated with buttons: [1]
[2025-11-10 01:56:00,671] [INFO] [GameManager] Exiting state: AmplifyState
[2025-11-10 01:56:00,671] [INFO] [GameManager] State transition: AmplifyState → IdleState
[2025-11-10 01:56:00,672] [INFO] [GameManager] Entering state: IdleState
[2025-11-10 01:56:07,594] [INFO] [GameManager] Exiting state: IdleState
[2025-11-10 01:56:07,595] [INFO] [GameManager] State transition: IdleState → AmplifyState
[2025-11-10 01:56:07,595] [INFO] [GameManager] Entering state: AmplifyState
[2025-11-10 01:56:07,606] [DEBUG] [AmplifyState] AmplifyState activated with buttons: [0, 1]
[2025-11-10 01:56:09,889] [DEBUG] [AmplifyState] AmplifyState button change - currently pressed: [1]
[2025-11-10 01:56:10,732] [INFO] [GameManager] Exiting state: AmplifyState
[2025-11-10 01:56:10,733] [INFO] [GameManager] State transition: AmplifyState → IdleState
[2025-11-10 01:56:10,733] [INFO] [GameManager] Entering state: IdleState
[2025-11-10 01:56:18,496] [INFO] [GameManager] Exiting state: IdleState
[2025-11-10 01:56:18,497] [INFO] [GameManager] State transition: IdleState → AmplifyState
[2025-11-10 01:56:18,497] [INFO] [GameManager] Entering state: AmplifyState
[2025-11-10 01:56:18,509] [DEBUG] [AmplifyState] AmplifyState activated with buttons: [0, 1]
[2025-11-10 01:56:20,504] [DEBUG] [AmplifyState] AmplifyState button change - currently pressed: [1]
[2025-11-10 01:56:21,630] [INFO] [GameManager] Exiting state: AmplifyState
[2025-11-10 01:56:21,631] [INFO] [GameManager] State transition: AmplifyState → IdleState
[2025-11-10 01:56:21,631] [INFO] [GameManager] Entering state: IdleState
[2025-11-10 01:56:22,817] [INFO] [GameManager] Exiting state: IdleState
[2025-11-10 01:56:22,818] [INFO] [GameManager] State transition: IdleState → AmplifyState
[2025-11-10 01:56:22,819] [INFO] [GameManager] Entering state: AmplifyState
[2025-11-10 01:56:22,830] [DEBUG] [AmplifyState] AmplifyState activated with buttons: [0, 1]
[2025-11-10 01:56:23,375] [DEBUG] [AmplifyState] AmplifyState button change - currently pressed: [1]
[2025-11-10 01:56:25,939] [INFO] [GameManager] Exiting state: AmplifyState
[2025-11-10 01:56:25,940] [INFO] [GameManager] State transition: AmplifyState → IdleState
[2025-11-10 01:56:25,940] [INFO] [GameManager] Entering state: IdleState
[2025-11-10 01:56:38,989] [INFO] [GameManager] Exiting state: IdleState
[2025-11-10 01:56:38,990] [INFO] [GameManager] State transition: IdleState → AmplifyState
[2025-11-10 01:56:38,991] [INFO] [GameManager] Entering state: AmplifyState
[2025-11-10 01:56:39,005] [DEBUG] [AmplifyState] AmplifyState activated with buttons: [1, 2]
[2025-11-10 01:56:39,984] [DEBUG] [AmplifyState] AmplifyState button change - currently pressed: [1]
[2025-11-10 01:56:45,784] [DEBUG] [AmplifyState] AmplifyState button change - currently pressed: [0, 1]
[2025-11-10 01:56:45,992] [DEBUG] [AmplifyState] AmplifyState button change - currently pressed: [1]
[2025-11-10 01:56:47,213] [DEBUG] [AmplifyState] AmplifyState button change - currently pressed: [1, 2]
[2025-11-10 01:56:48,056] [DEBUG] [AmplifyState] AmplifyState button change - currently pressed: [1]
[2025-11-10 01:56:49,747] [DEBUG] [AmplifyState] AmplifyState button change - currently pressed: [1, 2]
[2025-11-10 01:56:49,988] [DEBUG] [AmplifyState] AmplifyState button change - currently pressed: [1]
[2025-11-10 01:56:50,456] [DEBUG] [AmplifyState] AmplifyState button change - currently pressed: [0, 1]
[2025-11-10 01:56:50,798] [DEBUG] [AmplifyState] AmplifyState button change - currently pressed: [1]
[2025-11-10 01:56:52,025] [DEBUG] [AmplifyState] AmplifyState button change - currently pressed: [0, 1]
[2025-11-10 01:57:14,298] [DEBUG] [AmplifyState] AmplifyState button change - currently pressed: [1]
[2025-11-10 01:57:18,163] [DEBUG] [AmplifyState] AmplifyState button change - currently pressed: [0, 1]
[2025-11-10 01:57:20,202] [DEBUG] [AmplifyState] AmplifyState button change - currently pressed: [1]
[2025-11-10 01:57:21,319] [DEBUG] [AmplifyState] AmplifyState button change - currently pressed: [0, 1]
[2025-11-10 01:57:22,214] [DEBUG] [AmplifyState] AmplifyState button change - currently pressed: [1]
[2025-11-10 01:57:24,965] [DEBUG] [AmplifyState] AmplifyState button change - currently pressed: [1, 2]
[2025-11-10 01:57:25,547] [DEBUG] [AmplifyState] AmplifyState button change - currently pressed: [1]
[2025-11-10 01:57:28,629] [INFO] [GameManager] Exiting state: AmplifyState
[2025-11-10 01:57:28,630] [INFO] [GameManager] State transition: AmplifyState → IdleState
[2025-11-10 01:57:28,631] [INFO] [GameManager] Entering state: IdleState
[2025-11-10 01:57:28,649] [INFO] [GameManager] Exiting state: IdleState
[2025-11-10 01:57:28,650] [INFO] [GameManager] State transition: IdleState → AmplifyState
[2025-11-10 01:57:28,651] [INFO] [GameManager] Entering state: AmplifyState
[2025-11-10 01:57:28,663] [DEBUG] [AmplifyState] AmplifyState activated with buttons: [1]
[2025-11-10 01:57:28,730] [INFO] [GameManager] Exiting state: AmplifyState
[2025-11-10 01:57:28,731] [INFO] [GameManager] State transition: AmplifyState → IdleState
[2025-11-10 01:57:28,732] [INFO] [GameManager] Entering state: IdleState
[2025-11-10 01:57:28,991] [INFO] [GameManager] Exiting state: IdleState
[2025-11-10 01:57:28,992] [INFO] [GameManager] State transition: IdleState → AmplifyState
[2025-11-10 01:57:28,993] [INFO] [GameManager] Entering state: AmplifyState
[2025-11-10 01:57:29,005] [DEBUG] [AmplifyState] AmplifyState activated with buttons: [1]
[2025-11-10 01:57:29,011] [INFO] [GameManager] Exiting state: AmplifyState
[2025-11-10 01:57:29,012] [INFO] [GameManager] State transition: AmplifyState → IdleState
[2025-11-10 01:57:29,013] [INFO] [GameManager] Entering state: IdleState
[2025-11-10 01:57:29,071] [INFO] [GameManager] Exiting state: IdleState
[2025-11-10 01:57:29,072] [INFO] [GameManager] State transition: IdleState → AmplifyState
[2025-11-10 01:57:29,073] [INFO] [GameManager] Entering state: AmplifyState
[2025-11-10 01:57:29,085] [DEBUG] [AmplifyState] AmplifyState activated with buttons: [1]
[2025-11-10 01:57:29,132] [INFO] [GameManager] Exiting state: AmplifyState
[2025-11-10 01:57:29,133] [INFO] [GameManager] State transition: AmplifyState → IdleState
[2025-11-10 01:57:29,134] [INFO] [GameManager] Entering state: IdleState
[2025-11-10 01:57:29,152] [INFO] [GameManager] Exiting state: IdleState
[2025-11-10 01:57:29,153] [INFO] [GameManager] State transition: IdleState → AmplifyState
[2025-11-10 01:57:29,154] [INFO] [GameManager] Entering state: AmplifyState
[2025-11-10 01:57:29,166] [DEBUG] [AmplifyState] AmplifyState activated with buttons: [1]
[2025-11-10 01:57:29,393] [INFO] [GameManager] Exiting state: AmplifyState
[2025-11-10 01:57:29,394] [INFO] [GameManager] State transition: AmplifyState → IdleState
[2025-11-10 01:57:29,394] [INFO] [GameManager] Entering state: IdleState
[2025-11-10 01:57:29,433] [INFO] [GameManager] Exiting state: IdleState
[2025-11-10 01:57:29,434] [INFO] [GameManager] State transition: IdleState → AmplifyState
[2025-11-10 01:57:29,435] [INFO] [GameManager] Entering state: AmplifyState
[2025-11-10 01:57:29,445] [DEBUG] [AmplifyState] AmplifyState activated with buttons: [1]
[2025-11-10 01:57:29,474] [INFO] [GameManager] Exiting state: AmplifyState
[2025-11-10 01:57:29,474] [INFO] [GameManager] State transition: AmplifyState → IdleState
[2025-11-10 01:57:29,475] [INFO] [GameManager] Entering state: IdleState
[2025-11-10 01:57:29,494] [INFO] [GameManager] Exiting state: IdleState
[2025-11-10 01:57:29,494] [INFO] [GameManager] State transition: IdleState → AmplifyState
[2025-11-10 01:57:29,495] [INFO] [GameManager] Entering state: AmplifyState
[2025-11-10 01:57:29,506] [DEBUG] [AmplifyState] AmplifyState activated with buttons: [1]
[2025-11-10 01:57:29,956] [INFO] [GameManager] Exiting state: AmplifyState
[2025-11-10 01:57:29,956] [INFO] [GameManager] State transition: AmplifyState → IdleState
[2025-11-10 01:57:29,956] [INFO] [GameManager] Entering state: IdleState
[2025-11-10 01:57:29,976] [INFO] [GameManager] Exiting state: IdleState
[2025-11-10 01:57:29,976] [INFO] [GameManager] State transition: IdleState → AmplifyState
[2025-11-10 01:57:29,977] [INFO] [GameManager] Entering state: AmplifyState
[2025-11-10 01:57:29,988] [DEBUG] [AmplifyState] AmplifyState activated with buttons: [1]
[2025-11-10 01:57:30,016] [INFO] [GameManager] Exiting state: AmplifyState
[2025-11-10 01:57:30,017] [INFO] [GameManager] State transition: AmplifyState → IdleState
[2025-11-10 01:57:30,017] [INFO] [GameManager] Entering state: IdleState
[2025-11-10 01:57:30,036] [INFO] [GameManager] Exiting state: IdleState
[2025-11-10 01:57:30,037] [INFO] [GameManager] State transition: IdleState → AmplifyState
[2025-11-10 01:57:30,037] [INFO] [GameManager] Entering state: AmplifyState
[2025-11-10 01:57:30,048] [DEBUG] [AmplifyState] AmplifyState activated with buttons: [1]
[2025-11-10 01:57:30,076] [INFO] [GameManager] Exiting state: AmplifyState
[2025-11-10 01:57:30,077] [INFO] [GameManager] State transition: AmplifyState → IdleState
[2025-11-10 01:57:30,077] [INFO] [GameManager] Entering state: IdleState
[2025-11-10 01:57:30,096] [INFO] [GameManager] Exiting state: IdleState
[2025-11-10 01:57:30,097] [INFO] [GameManager] State transition: IdleState → AmplifyState
[2025-11-10 01:57:30,097] [INFO] [GameManager] Entering state: AmplifyState
[2025-11-10 01:57:30,108] [DEBUG] [AmplifyState] AmplifyState activated with buttons: [1]
[2025-11-10 01:57:30,197] [INFO] [GameManager] Exiting state: AmplifyState
[2025-11-10 01:57:30,197] [INFO] [GameManager] State transition: AmplifyState → IdleState
[2025-11-10 01:57:30,198] [INFO] [GameManager] Entering state: IdleState
[2025-11-10 01:57:30,217] [INFO] [GameManager] Exiting state: IdleState
[2025-11-10 01:57:30,217] [INFO] [GameManager] State transition: IdleState → AmplifyState
[2025-11-10 01:57:30,218] [INFO] [GameManager] Entering state: AmplifyState
[2025-11-10 01:57:30,229] [DEBUG] [AmplifyState] AmplifyState activated with buttons: [1]
[2025-11-10 01:57:30,277] [INFO] [GameManager] Exiting state: AmplifyState
[2025-11-10 01:57:30,278] [INFO] [GameManager] State transition: AmplifyState → IdleState
[2025-11-10 01:57:30,278] [INFO] [GameManager] Entering state: IdleState
[2025-11-10 01:57:30,297] [INFO] [GameManager] Exiting state: IdleState
[2025-11-10 01:57:30,298] [INFO] [GameManager] State transition: IdleState → AmplifyState
[2025-11-10 01:57:30,298] [INFO] [GameManager] Entering state: AmplifyState
[2025-11-10 01:57:30,309] [DEBUG] [AmplifyState] AmplifyState activated with buttons: [1]
[2025-11-10 01:57:30,598] [INFO] [GameManager] Exiting state: AmplifyState
[2025-11-10 01:57:30,599] [INFO] [GameManager] State transition: AmplifyState → IdleState
[2025-11-10 01:57:30,600] [INFO] [GameManager] Entering state: IdleState
[2025-11-10 01:57:30,619] [INFO] [GameManager] Exiting state: IdleState
[2025-11-10 01:57:30,619] [INFO] [GameManager] State transition: IdleState → AmplifyState
[2025-11-10 01:57:30,620] [INFO] [GameManager] Entering state: AmplifyState
[2025-11-10 01:57:30,630] [DEBUG] [AmplifyState] AmplifyState activated with buttons: [1]
[2025-11-10 01:57:30,679] [INFO] [GameManager] Exiting state: AmplifyState
[2025-11-10 01:57:30,679] [INFO] [GameManager] State transition: AmplifyState → IdleState
[2025-11-10 01:57:30,680] [INFO] [GameManager] Entering state: IdleState
[2025-11-10 01:57:30,719] [INFO] [GameManager] Exiting state: IdleState
[2025-11-10 01:57:30,720] [INFO] [GameManager] State transition: IdleState → AmplifyState
[2025-11-10 01:57:30,720] [INFO] [GameManager] Entering state: AmplifyState
[2025-11-10 01:57:30,731] [DEBUG] [AmplifyState] AmplifyState activated with buttons: [1]
[2025-11-10 01:57:30,739] [INFO] [GameManager] Exiting state: AmplifyState
[2025-11-10 01:57:30,740] [INFO] [GameManager] State transition: AmplifyState → IdleState
[2025-11-10 01:57:30,740] [INFO] [GameManager] Entering state: IdleState
[2025-11-10 01:57:30,920] [INFO] [GameManager] Exiting state: IdleState
[2025-11-10 01:57:30,920] [INFO] [GameManager] State transition: IdleState → AmplifyState
[2025-11-10 01:57:30,921] [INFO] [GameManager] Entering state: AmplifyState
[2025-11-10 01:57:30,932] [DEBUG] [AmplifyState] AmplifyState activated with buttons: [1]
[2025-11-10 01:57:30,940] [INFO] [GameManager] Exiting state: AmplifyState
[2025-11-10 01:57:30,941] [INFO] [GameManager] State transition: AmplifyState → IdleState
[2025-11-10 01:57:30,941] [INFO] [GameManager] Entering state: IdleState
[2025-11-10 01:57:31,000] [INFO] [GameManager] Exiting state: IdleState
[2025-11-10 01:57:31,001] [INFO] [GameManager] State transition: IdleState → AmplifyState
[2025-11-10 01:57:31,001] [INFO] [GameManager] Entering state: AmplifyState
[2025-11-10 01:57:31,012] [DEBUG] [AmplifyState] AmplifyState activated with buttons: [1]
[2025-11-10 01:57:31,020] [INFO] [GameManager] Exiting state: AmplifyState
[2025-11-10 01:57:31,021] [INFO] [GameManager] State transition: AmplifyState → IdleState
[2025-11-10 01:57:31,021] [INFO] [GameManager] Entering state: IdleState
[2025-11-10 01:57:34,099] [INFO] [GameManager] Exiting state: IdleState
[2025-11-10 01:57:34,100] [INFO] [GameManager] State transition: IdleState → AmplifyState
[2025-11-10 01:57:34,100] [INFO] [GameManager] Entering state: AmplifyState
[2025-11-10 01:57:34,112] [DEBUG] [AmplifyState] AmplifyState activated with buttons: [0]
[2025-11-10 01:57:35,630] [INFO] [GameManager] Exiting state: AmplifyState
[2025-11-10 01:57:35,632] [INFO] [GameManager] State transition: AmplifyState → IdleState
[2025-11-10 01:57:35,632] [INFO] [GameManager] Entering state: IdleState
[2025-11-10 01:57:36,675] [INFO] [GameManager] Exiting state: IdleState
[2025-11-10 01:57:36,676] [INFO] [GameManager] State transition: IdleState → AmplifyState
[2025-11-10 01:57:36,676] [INFO] [GameManager] Entering state: AmplifyState
[2025-11-10 01:57:36,687] [DEBUG] [AmplifyState] AmplifyState activated with buttons: [2]
[2025-11-10 01:57:37,378] [DEBUG] [AmplifyState] AmplifyState button change - currently pressed: [0, 2]
[2025-11-10 01:57:37,940] [DEBUG] [AmplifyState] AmplifyState button change - currently pressed: [2]
[2025-11-10 01:57:39,165] [INFO] [GameManager] Exiting state: AmplifyState
[2025-11-10 01:57:39,166] [INFO] [GameManager] State transition: AmplifyState → IdleState
[2025-11-10 01:57:39,166] [INFO] [GameManager] Entering state: IdleState
[2025-11-10 01:57:39,648] [INFO] [GameManager] Exiting state: IdleState
[2025-11-10 01:57:39,648] [INFO] [GameManager] State transition: IdleState → AmplifyState
[2025-11-10 01:57:39,648] [INFO] [GameManager] Entering state: AmplifyState
[2025-11-10 01:57:39,659] [DEBUG] [AmplifyState] AmplifyState activated with buttons: [2]
[2025-11-10 01:57:40,187] [INFO] [GameManager] Exiting state: AmplifyState
[2025-11-10 01:57:40,194] [INFO] [GameManager] State transition: AmplifyState → IdleState
[2025-11-10 01:57:40,195] [INFO] [GameManager] Entering state: IdleState
[2025-11-10 01:57:41,234] [INFO] [GameManager] Exiting state: IdleState
[2025-11-10 01:57:41,235] [INFO] [GameManager] State transition: IdleState → AmplifyState
[2025-11-10 01:57:41,236] [INFO] [GameManager] Entering state: AmplifyState
[2025-11-10 01:57:41,248] [DEBUG] [AmplifyState] AmplifyState activated with buttons: [2]
[2025-11-10 01:57:41,718] [INFO] [GameManager] Exiting state: AmplifyState
[2025-11-10 01:57:41,719] [INFO] [GameManager] State transition: AmplifyState → IdleState
[2025-11-10 01:57:41,719] [INFO] [GameManager] Entering state: IdleState
[2025-11-10 01:57:42,321] [INFO] [GameManager] Exiting state: IdleState
[2025-11-10 01:57:42,322] [INFO] [GameManager] State transition: IdleState → AmplifyState
[2025-11-10 01:57:42,323] [INFO] [GameManager] Entering state: AmplifyState
[2025-11-10 01:57:42,334] [DEBUG] [AmplifyState] AmplifyState activated with buttons: [2]
[2025-11-10 01:57:43,085] [DEBUG] [AmplifyState] AmplifyState button change - currently pressed: [0, 2]
[2025-11-10 01:57:45,458] [INFO] [GameManager] Exiting state: AmplifyState
[2025-11-10 01:57:45,458] [INFO] [GameManager] State transition: AmplifyState → IdleState
[2025-11-10 01:57:45,458] [INFO] [GameManager] Entering state: IdleState
[2025-11-10 01:57:49,483] [INFO] [GameManager] Exiting state: IdleState
[2025-11-10 01:57:49,483] [INFO] [GameManager] State transition: IdleState → AmplifyState
[2025-11-10 01:57:49,484] [INFO] [GameManager] Entering state: AmplifyState
[2025-11-10 01:57:49,495] [DEBUG] [AmplifyState] AmplifyState activated with buttons: [0, 2]
[2025-11-10 01:57:50,837] [DEBUG] [AmplifyState] AmplifyState button change - currently pressed: [2]
[2025-11-10 01:57:52,626] [INFO] [GameManager] Exiting state: AmplifyState
[2025-11-10 01:57:52,627] [INFO] [GameManager] State transition: AmplifyState → IdleState
[2025-11-10 01:57:52,627] [INFO] [GameManager] Entering state: IdleState
[2025-11-10 01:57:53,330] [INFO] [GameManager] Exiting state: IdleState
[2025-11-10 01:57:53,331] [INFO] [GameManager] State transition: IdleState → AmplifyState
[2025-11-10 01:57:53,332] [INFO] [GameManager] Entering state: AmplifyState
[2025-11-10 01:57:53,343] [DEBUG] [AmplifyState] AmplifyState activated with buttons: [0, 2]
[2025-11-10 01:57:53,900] [DEBUG] [AmplifyState] AmplifyState button change - currently pressed: [2]
[2025-11-10 01:57:54,007] [INFO] [GameManager] Exiting state: AmplifyState
[2025-11-10 01:57:54,008] [INFO] [GameManager] State transition: AmplifyState → IdleState
[2025-11-10 01:57:54,009] [INFO] [GameManager] Entering state: IdleState
[2025-11-10 01:57:57,025] [INFO] [GameManager] Exiting state: IdleState
[2025-11-10 01:57:57,026] [INFO] [GameManager] State transition: IdleState → AmplifyState
[2025-11-10 01:57:57,027] [INFO] [GameManager] Entering state: AmplifyState
[2025-11-10 01:57:57,038] [DEBUG] [AmplifyState] AmplifyState activated with buttons: [0]
[2025-11-10 01:58:00,843] [INFO] [GameManager] Exiting state: AmplifyState
[2025-11-10 01:58:00,844] [INFO] [GameManager] State transition: AmplifyState → IdleState
[2025-11-10 01:58:00,845] [INFO] [GameManager] Entering state: IdleState
[2025-11-10 01:58:03,542] [INFO] [GameManager] Exiting state: IdleState
[2025-11-10 01:58:03,543] [INFO] [GameManager] State transition: IdleState → AmplifyState
[2025-11-10 01:58:03,543] [INFO] [GameManager] Entering state: AmplifyState
[2025-11-10 01:58:03,554] [DEBUG] [AmplifyState] AmplifyState activated with buttons: [1]
[2025-11-10 01:58:03,743] [INFO] [GameManager] Exiting state: AmplifyState
[2025-11-10 01:58:03,744] [INFO] [GameManager] State transition: AmplifyState → IdleState
[2025-11-10 01:58:03,745] [INFO] [GameManager] Entering state: IdleState
[2025-11-10 01:58:03,783] [INFO] [GameManager] Exiting state: IdleState
[2025-11-10 01:58:03,784] [INFO] [GameManager] State transition: IdleState → AmplifyState
[2025-11-10 01:58:03,785] [INFO] [GameManager] Entering state: AmplifyState
[2025-11-10 01:58:03,797] [DEBUG] [AmplifyState] AmplifyState activated with buttons: [1]
[2025-11-10 01:58:03,984] [INFO] [GameManager] Exiting state: AmplifyState
[2025-11-10 01:58:03,985] [INFO] [GameManager] State transition: AmplifyState → IdleState
[2025-11-10 01:58:03,986] [INFO] [GameManager] Entering state: IdleState
[2025-11-10 01:58:04,004] [INFO] [GameManager] Exiting state: IdleState
[2025-11-10 01:58:04,005] [INFO] [GameManager] State transition: IdleState → AmplifyState
[2025-11-10 01:58:04,006] [INFO] [GameManager] Entering state: AmplifyState
[2025-11-10 01:58:04,018] [DEBUG] [AmplifyState] AmplifyState activated with buttons: [1]
[2025-11-10 01:58:04,025] [INFO] [GameManager] Exiting state: AmplifyState
[2025-11-10 01:58:04,026] [INFO] [GameManager] State transition: AmplifyState → IdleState
[2025-11-10 01:58:04,027] [INFO] [GameManager] Entering state: IdleState
[2025-11-10 01:58:04,045] [INFO] [GameManager] Exiting state: IdleState
[2025-11-10 01:58:04,046] [INFO] [GameManager] State transition: IdleState → AmplifyState
[2025-11-10 01:58:04,047] [INFO] [GameManager] Entering state: AmplifyState
[2025-11-10 01:58:04,058] [DEBUG] [AmplifyState] AmplifyState activated with buttons: [1]
[2025-11-10 01:58:04,065] [INFO] [GameManager] Exiting state: AmplifyState
[2025-11-10 01:58:04,066] [INFO] [GameManager] State transition: AmplifyState → IdleState
[2025-11-10 01:58:04,067] [INFO] [GameManager] Entering state: IdleState
[2025-11-10 01:58:04,145] [INFO] [GameManager] Exiting state: IdleState
[2025-11-10 01:58:04,145] [INFO] [GameManager] State transition: IdleState → AmplifyState
[2025-11-10 01:58:04,146] [INFO] [GameManager] Entering state: AmplifyState
[2025-11-10 01:58:04,157] [DEBUG] [AmplifyState] AmplifyState activated with buttons: [1]
[2025-11-10 01:58:04,165] [INFO] [GameManager] Exiting state: AmplifyState
[2025-11-10 01:58:04,166] [INFO] [GameManager] State transition: AmplifyState → IdleState
[2025-11-10 01:58:04,166] [INFO] [GameManager] Entering state: IdleState
[2025-11-10 01:58:04,185] [INFO] [GameManager] Exiting state: IdleState
[2025-11-10 01:58:04,186] [INFO] [GameManager] State transition: IdleState → AmplifyState
[2025-11-10 01:58:04,186] [INFO] [GameManager] Entering state: AmplifyState
[2025-11-10 01:58:04,197] [DEBUG] [AmplifyState] AmplifyState activated with buttons: [1]
[2025-11-10 01:58:04,205] [INFO] [GameManager] Exiting state: AmplifyState
[2025-11-10 01:58:04,206] [INFO] [GameManager] State transition: AmplifyState → IdleState
[2025-11-10 01:58:04,206] [INFO] [GameManager] Entering state: IdleState
[2025-11-10 01:58:04,225] [INFO] [GameManager] Exiting state: IdleState
[2025-11-10 01:58:04,226] [INFO] [GameManager] State transition: IdleState → AmplifyState
[2025-11-10 01:58:04,226] [INFO] [GameManager] Entering state: AmplifyState
[2025-11-10 01:58:04,237] [DEBUG] [AmplifyState] AmplifyState activated with buttons: [1]
[2025-11-10 01:58:04,245] [INFO] [GameManager] Exiting state: AmplifyState
[2025-11-10 01:58:04,246] [INFO] [GameManager] State transition: AmplifyState → IdleState
[2025-11-10 01:58:04,247] [INFO] [GameManager] Entering state: IdleState
[2025-11-10 01:58:04,265] [INFO] [GameManager] Exiting state: IdleState
[2025-11-10 01:58:04,266] [INFO] [GameManager] State transition: IdleState → AmplifyState
[2025-11-10 01:58:04,267] [INFO] [GameManager] Entering state: AmplifyState
[2025-11-10 01:58:04,277] [DEBUG] [AmplifyState] AmplifyState activated with buttons: [1]
[2025-11-10 01:58:04,286] [INFO] [GameManager] Exiting state: AmplifyState
[2025-11-10 01:58:04,286] [INFO] [GameManager] State transition: AmplifyState → IdleState
[2025-11-10 01:58:04,287] [INFO] [GameManager] Entering state: IdleState
[2025-11-10 01:58:04,366] [INFO] [GameManager] Exiting state: IdleState
[2025-11-10 01:58:04,366] [INFO] [GameManager] State transition: IdleState → AmplifyState
[2025-11-10 01:58:04,367] [INFO] [GameManager] Entering state: AmplifyState
[2025-11-10 01:58:04,377] [DEBUG] [AmplifyState] AmplifyState activated with buttons: [1]
[2025-11-10 01:58:04,426] [INFO] [GameManager] Exiting state: AmplifyState
[2025-11-10 01:58:04,427] [INFO] [GameManager] State transition: AmplifyState → IdleState
[2025-11-10 01:58:04,427] [INFO] [GameManager] Entering state: IdleState
[2025-11-10 01:58:04,466] [INFO] [GameManager] Exiting state: IdleState
[2025-11-10 01:58:04,467] [INFO] [GameManager] State transition: IdleState → AmplifyState
[2025-11-10 01:58:04,467] [INFO] [GameManager] Entering state: AmplifyState
[2025-11-10 01:58:04,478] [DEBUG] [AmplifyState] AmplifyState activated with buttons: [1]
[2025-11-10 01:58:04,507] [INFO] [GameManager] Exiting state: AmplifyState
[2025-11-10 01:58:04,507] [INFO] [GameManager] State transition: AmplifyState → IdleState
[2025-11-10 01:58:04,508] [INFO] [GameManager] Entering state: IdleState
[2025-11-10 01:58:04,567] [INFO] [GameManager] Exiting state: IdleState
[2025-11-10 01:58:04,567] [INFO] [GameManager] State transition: IdleState → AmplifyState
[2025-11-10 01:58:04,568] [INFO] [GameManager] Entering state: AmplifyState
[2025-11-10 01:58:04,578] [DEBUG] [AmplifyState] AmplifyState activated with buttons: [1]
[2025-11-10 01:58:11,244] [DEBUG] [AmplifyState] AmplifyState button change - currently pressed: [1, 2]
[2025-11-10 01:58:12,810] [DEBUG] [AmplifyState] AmplifyState button change - currently pressed: [1]
[2025-11-10 01:58:14,761] [DEBUG] [AmplifyState] AmplifyState button change - currently pressed: [1, 2]
[2025-11-10 01:58:15,642] [INFO] [GameManager] Exiting state: AmplifyState
[2025-11-10 01:58:15,643] [INFO] [GameManager] State transition: AmplifyState → PartyState
[2025-11-10 01:58:15,643] [INFO] [GameManager] Entering state: PartyState
[2025-11-10 01:58:15,656] [INFO] [PartyState] 🎉 PARTY MODE ACTIVATED!
[2025-11-10 01:58:37,781] [INFO] [GameManager] Game stopped by user (Ctrl+C)
[2025-11-10 01:58:37,793] [INFO] [GameManager] Game stopped
[2025-11-10 01:58:37,794] [INFO] [Amplifier] ✅ HumanAmplifier system shut down
