[2025-11-29 13:37:14,853] [INFO] [Amplifier] 🎵 HUMAN AMPLIFIER INTERACTIVE SYSTEM
[2025-11-29 13:37:14,854] [INFO] [Amplifier] Button configuration: 10 buttons on GPIO [6, 5, 22, 17, 4, 23, 24, 25, 16, 20]
[2025-11-29 13:37:14,855] [INFO] [Amplifier] LED configuration: 2 strips
[2025-11-29 13:37:14,855] [INFO] [Amplifier]   Strip 1: 300 LEDs on GPIO 21
[2025-11-29 13:37:14,855] [INFO] [Amplifier]   Strip 2: 293 LEDs on GPIO 18
[2025-11-29 13:37:14,856] [INFO] [Amplifier] Game settings: 20ms frame duration (50.0 FPS)
[2025-11-29 13:37:14,856] [INFO] [Amplifier] Button sample rate: 200Hz
[2025-11-29 13:37:14,856] [INFO] [Amplifier] Audio folder: songs
[2025-11-29 13:37:14,856] [INFO] [Amplifier] Schedule: 16 daily, 1 special entries
[2025-11-29 13:37:14,857] [INFO] [ButtonReader] GPIO sampler initialized: 10 pins (no pulls)
[2025-11-29 13:37:14,857] [INFO] [ButtonReader] Pin mapping: Btn0=GPIO6, Btn1=GPIO5, Btn2=GPIO22, Btn3=GPIO17, Btn4=GPIO4, Btn5=GPIO23, Btn6=GPIO24, Btn7=GPIO25, Btn8=GPIO16, Btn9=GPIO20
[2025-11-29 13:37:14,858] [INFO] [ButtonReader] ButtonReader initialized with 10 buttons
[2025-11-29 13:37:14,860] [INFO] [SongLibrary] Creating song codes dictionary
[2025-11-29 13:37:17,503] [INFO] [SongLibrary] Loaded 724 song codes from 13 collections
[2025-11-29 13:37:17,504] [INFO] [SongLibrary] Collections updated: ['SPANISH', 'CLASSIC', 'HAFLA', 'VIRAL', 'GENERAL', 'MORNING', 'PARTY', 'TV', 'MAIJAM', 'FOUR_AT_NIGHT', 'DISNEY', 'THREE_AT_NIGHT', 'FESTIGAL']
[2025-11-29 13:37:17,620] [INFO] [SoundController] Pygame mixer initialized: 48000Hz, format=-16, channels=2
[2025-12-01 20:55:38,017] [INFO] [SoundController] Sound controller initialized - mixer ready, first song will load on demand
[2025-12-01 20:55:38,024] [INFO] [GameManager] GameManager initialized: 20ms frame duration, 2 LED strips
[2025-12-01 20:55:38,025] [INFO] [Amplifier] HumanAmplifier system initialized successfully
[2025-12-01 20:55:38,025] [INFO] [Amplifier] Hardware: 10 buttons, 2 LED strips, 20ms frame duration
[2025-12-01 20:55:38,026] [INFO] [Amplifier] Audio system: {'songs_folder': 'songs', 'all_collections': ['SPANISH', 'CLASSIC', 'HAFLA', 'VIRAL', 'GENERAL', 'MORNING', 'PARTY', 'TV', 'MAIJAM', 'FOUR_AT_NIGHT', 'DISNEY', 'THREE_AT_NIGHT', 'FESTIGAL'], 'total_codes': 724, 'daily_schedule_entries': 16, 'special_schedule_entries': 1}
[2025-12-01 20:55:38,026] [INFO] [Amplifier] Sound controller initialized successfully
[2025-12-01 20:55:38,026] [INFO] [Amplifier] ✅ System initialized successfully!
[2025-12-01 20:55:38,027] [INFO] [Amplifier] Hardware status: 10 buttons, 2 LED strips
[2025-12-01 20:55:38,027] [INFO] [Amplifier]   Strip 1: 300 LEDs active
[2025-12-01 20:55:38,028] [INFO] [Amplifier]   Strip 2: 293 LEDs active
[2025-12-01 20:55:38,028] [INFO] [Amplifier] Audio system: 724 song codes, 13 sound effects
[2025-12-01 20:55:38,029] [INFO] [Amplifier] Available collections: SPANISH, CLASSIC, HAFLA, VIRAL, GENERAL, MORNING, PARTY, TV, MAIJAM, FOUR_AT_NIGHT, DISNEY, THREE_AT_NIGHT, FESTIGAL
[2025-12-01 20:55:38,029] [INFO] [Amplifier] ===========================
[2025-12-01 20:55:38,029] [INFO] [Amplifier] 🚀 Starting HumanAmplifier system...
[2025-12-01 20:55:38,030] [INFO] [GameManager] Starting game loop with 20ms frame duration
[2025-12-01 20:55:38,033] [INFO] [GameManager] 💾 Memory - Process: 87.9MB | System: 294/907MB (32.4%, 613MB free) | ⚙️  CPU - Process: 0.0% | System: 46.4% | Cores: [67%, 6%, 43%, 69%]
[2025-12-01 20:55:38,034] [INFO] [ButtonReader] Button 0 pressed
[2025-12-01 20:55:38,034] [INFO] [ButtonReader] Button 1 pressed
[2025-12-01 20:55:38,034] [INFO] [ButtonReader] Button 4 pressed
[2025-12-01 20:55:38,045] [INFO] [AmplifyState] Song "מרגלית צנעני - כל כך מוכר (1).mp3" was randomly started 🎚️
[2025-12-01 20:56:38,043] [INFO] [GameManager] 💾 Memory - Process: 88.2MB | System: 225/907MB (24.8%, 682MB free) | ⚙️  CPU - Process: 19.1% | System: 9.3% | Cores: [6%, 10%, 13%, 8%]
[2025-12-01 20:57:38,044] [INFO] [GameManager] 💾 Memory - Process: 88.2MB | System: 222/907MB (24.5%, 684MB free) | ⚙️  CPU - Process: 19.0% | System: 8.0% | Cores: [7%, 8%, 9%, 8%]
[2025-12-01 20:58:38,053] [INFO] [GameManager] 💾 Memory - Process: 88.2MB | System: 225/907MB (24.9%, 681MB free) | ⚙️  CPU - Process: 19.1% | System: 9.4% | Cores: [9%, 9%, 9%, 10%]
[2025-12-01 20:59:38,056] [INFO] [GameManager] 💾 Memory - Process: 88.3MB | System: 224/907MB (24.7%, 683MB free) | ⚙️  CPU - Process: 19.9% | System: 8.5% | Cores: [7%, 9%, 11%, 8%]
