[2025-11-10 01:38:12,377] [INFO] [Amplifier] 🎵 HUMAN AMPLIFIER INTERACTIVE SYSTEM
[2025-11-10 01:38:12,379] [INFO] [Amplifier] Button configuration: 3 buttons on GPIO [4, 5, 22]
[2025-11-10 01:38:12,380] [INFO] [Amplifier] LED configuration: 2 strips
[2025-11-10 01:38:12,380] [INFO] [Amplifier]   Strip 1: 300 LEDs on GPIO 18
[2025-11-10 01:38:12,381] [INFO] [Amplifier]   Strip 2: 300 LEDs on GPIO 21
[2025-11-10 01:38:12,381] [INFO] [Amplifier] Game settings: 20ms frame duration (50.0 FPS)
[2025-11-10 01:38:12,382] [INFO] [Amplifier] Button sample rate: 200Hz
[2025-11-10 01:38:12,383] [INFO] [Amplifier] Audio folder: songs
[2025-11-10 01:38:12,384] [INFO] [Amplifier] Schedule: 2 daily, 1 special entries
[2025-11-10 01:38:17,893] [INFO] [ButtonReader] GPIO setup complete: 3 pins, no pulls
[2025-11-10 01:38:17,893] [INFO] [ButtonReader] ButtonReader initialized with 3 buttons
[2025-11-10 01:38:17,893] [INFO] [ButtonReader] Button mapping: Button0=GPIO4, Button1=GPIO5, Button2=GPIO22
[2025-11-10 01:38:17,897] [INFO] [SongLibrary] Creating song codes dictionary
[2025-11-10 01:38:17,987] [INFO] [SongLibrary] Loaded 1 song codes from 1 collections
[2025-11-10 01:38:17,987] [INFO] [SongLibrary] Collections updated: ['TESTS']
[2025-11-10 01:38:18,202] [INFO] [GameManager] Entering state: IdleState
[2025-11-10 01:38:18,203] [INFO] [GameManager] GameManager initialized: 20ms frame duration, 2 LED strips
[2025-11-10 01:38:18,203] [INFO] [Amplifier] HumanAmplifier system initialized successfully
[2025-11-10 01:38:18,204] [INFO] [Amplifier] Hardware: 3 buttons, 2 LED strips, 20ms frame duration
[2025-11-10 01:38:18,204] [INFO] [Amplifier] Audio system: {'songs_folder': 'songs', 'all_collections': ['TESTS'], 'total_codes': 1, 'daily_schedule_entries': 2, 'special_schedule_entries': 1}
[2025-11-10 01:38:18,204] [INFO] [Amplifier] Sound controller initialized successfully
[2025-11-10 01:38:18,204] [INFO] [Amplifier] ✅ System initialized successfully!
[2025-11-10 01:38:18,205] [INFO] [Amplifier] Hardware status: 3 buttons, 2 LED strips
[2025-11-10 01:38:18,205] [INFO] [Amplifier]   Strip 1: 300 LEDs active
[2025-11-10 01:38:18,205] [INFO] [Amplifier]   Strip 2: 300 LEDs active
[2025-11-10 01:38:18,205] [INFO] [Amplifier] Audio system: 1 song codes, 9 sound effects
[2025-11-10 01:38:18,205] [INFO] [Amplifier] Available collections: TESTS
[2025-11-10 01:38:18,206] [INFO] [Amplifier] 🚀 Starting HumanAmplifier system...
[2025-11-10 01:38:18,206] [INFO] [GameManager] Starting game loop with 20ms frame duration
[2025-11-10 01:38:20,014] [INFO] [GameManager] Exiting state: IdleState
[2025-11-10 01:38:20,014] [INFO] [GameManager] State transition: IdleState → AmplifyState
[2025-11-10 01:38:20,015] [INFO] [GameManager] Entering state: AmplifyState
[2025-11-10 01:38:20,026] [DEBUG] [AmplifyState] AmplifyState activated with buttons: [0]
[2025-11-10 01:38:21,058] [INFO] [GameManager] Exiting state: AmplifyState
[2025-11-10 01:38:21,059] [INFO] [GameManager] State transition: AmplifyState → IdleState
[2025-11-10 01:38:21,059] [INFO] [GameManager] Entering state: IdleState
[2025-11-10 01:38:21,741] [INFO] [GameManager] Exiting state: IdleState
[2025-11-10 01:38:21,742] [INFO] [GameManager] State transition: IdleState → AmplifyState
[2025-11-10 01:38:21,743] [INFO] [GameManager] Entering state: AmplifyState
[2025-11-10 01:38:21,754] [DEBUG] [AmplifyState] AmplifyState activated with buttons: [0]
[2025-11-10 01:38:32,198] [INFO] [GameManager] Exiting state: AmplifyState
[2025-11-10 01:38:32,199] [INFO] [GameManager] State transition: AmplifyState → IdleState
[2025-11-10 01:38:32,199] [INFO] [GameManager] Entering state: IdleState
[2025-11-10 01:39:06,600] [INFO] [GameManager] Exiting state: IdleState
[2025-11-10 01:39:06,600] [INFO] [GameManager] State transition: IdleState → AmplifyState
[2025-11-10 01:39:06,601] [INFO] [GameManager] Entering state: AmplifyState
[2025-11-10 01:39:06,618] [DEBUG] [AmplifyState] AmplifyState activated with buttons: [0]
[2025-11-10 01:39:08,590] [DEBUG] [AmplifyState] AmplifyState button change - currently pressed: [0, 2]
[2025-11-10 01:39:09,194] [DEBUG] [AmplifyState] AmplifyState button change - currently pressed: [0]
[2025-11-10 01:39:09,736] [INFO] [GameManager] Exiting state: AmplifyState
[2025-11-10 01:39:09,737] [INFO] [GameManager] State transition: AmplifyState → IdleState
[2025-11-10 01:39:09,737] [INFO] [GameManager] Entering state: IdleState
[2025-11-10 01:39:09,756] [INFO] [GameManager] Exiting state: IdleState
[2025-11-10 01:39:09,757] [INFO] [GameManager] State transition: IdleState → AmplifyState
[2025-11-10 01:39:09,757] [INFO] [GameManager] Entering state: AmplifyState
[2025-11-10 01:39:09,768] [DEBUG] [AmplifyState] AmplifyState activated with buttons: [0]
[2025-11-10 01:39:10,700] [DEBUG] [AmplifyState] AmplifyState button change - currently pressed: [0, 2]
[2025-11-10 01:39:11,101] [DEBUG] [AmplifyState] AmplifyState button change - currently pressed: [0]
[2025-11-10 01:39:12,896] [INFO] [GameManager] Exiting state: AmplifyState
[2025-11-10 01:39:12,898] [INFO] [GameManager] State transition: AmplifyState → IdleState
[2025-11-10 01:39:12,899] [INFO] [GameManager] Entering state: IdleState
[2025-11-10 01:39:12,917] [INFO] [GameManager] Exiting state: IdleState
[2025-11-10 01:39:12,918] [INFO] [GameManager] State transition: IdleState → AmplifyState
[2025-11-10 01:39:12,919] [INFO] [GameManager] Entering state: AmplifyState
[2025-11-10 01:39:12,931] [DEBUG] [AmplifyState] AmplifyState activated with buttons: [0]
[2025-11-10 01:39:13,302] [DEBUG] [AmplifyState] AmplifyState button change - currently pressed: [0, 2]
[2025-11-10 01:39:14,126] [DEBUG] [AmplifyState] AmplifyState button change - currently pressed: [0]
[2025-11-10 01:39:16,083] [DEBUG] [AmplifyState] AmplifyState button change - currently pressed: [0, 2]
[2025-11-10 01:39:17,288] [DEBUG] [AmplifyState] AmplifyState button change - currently pressed: [0]
[2025-11-10 01:39:17,730] [INFO] [GameManager] Exiting state: AmplifyState
[2025-11-10 01:39:17,730] [INFO] [GameManager] State transition: AmplifyState → IdleState
[2025-11-10 01:39:17,731] [INFO] [GameManager] Entering state: IdleState
[2025-11-10 01:39:23,946] [INFO] [GameManager] Exiting state: IdleState
[2025-11-10 01:39:23,947] [INFO] [GameManager] State transition: IdleState → AmplifyState
[2025-11-10 01:39:23,947] [INFO] [GameManager] Entering state: AmplifyState
[2025-11-10 01:39:23,958] [DEBUG] [AmplifyState] AmplifyState activated with buttons: [0]
[2025-11-10 01:39:25,173] [DEBUG] [AmplifyState] AmplifyState button change - currently pressed: [0, 2]
[2025-11-10 01:39:25,906] [DEBUG] [AmplifyState] AmplifyState button change - currently pressed: [0]
[2025-11-10 01:39:28,915] [DEBUG] [AmplifyState] AmplifyState button change - currently pressed: [0, 2]
[2025-11-10 01:39:30,131] [DEBUG] [AmplifyState] AmplifyState button change - currently pressed: [0]
[2025-11-10 01:39:32,242] [DEBUG] [AmplifyState] AmplifyState button change - currently pressed: [0, 2]
[2025-11-10 01:39:33,858] [DEBUG] [AmplifyState] AmplifyState button change - currently pressed: [0]
[2025-11-10 01:39:35,739] [DEBUG] [AmplifyState] AmplifyState button change - currently pressed: [0, 2]
[2025-11-10 01:39:36,386] [DEBUG] [AmplifyState] AmplifyState button change - currently pressed: [0]
[2025-11-10 01:39:39,179] [DEBUG] [AmplifyState] AmplifyState button change - currently pressed: [0, 2]
[2025-11-10 01:39:39,626] [DEBUG] [AmplifyState] AmplifyState button change - currently pressed: [0]
[2025-11-10 01:39:42,540] [DEBUG] [AmplifyState] AmplifyState button change - currently pressed: [0, 2]
[2025-11-10 01:39:43,066] [DEBUG] [AmplifyState] AmplifyState button change - currently pressed: [0]
[2025-11-10 01:39:46,940] [INFO] [GameManager] Exiting state: AmplifyState
[2025-11-10 01:39:46,940] [INFO] [GameManager] State transition: AmplifyState → IdleState
[2025-11-10 01:39:46,941] [INFO] [GameManager] Entering state: IdleState
[2025-11-10 01:39:48,937] [INFO] [GameManager] Exiting state: IdleState
[2025-11-10 01:39:48,938] [INFO] [GameManager] State transition: IdleState → AmplifyState
[2025-11-10 01:39:48,939] [INFO] [GameManager] Entering state: AmplifyState
[2025-11-10 01:39:48,950] [DEBUG] [AmplifyState] AmplifyState activated with buttons: [0]
[2025-11-10 01:39:49,823] [INFO] [GameManager] Exiting state: AmplifyState
[2025-11-10 01:39:49,824] [INFO] [GameManager] State transition: AmplifyState → IdleState
[2025-11-10 01:39:49,825] [INFO] [GameManager] Entering state: IdleState
[2025-11-10 01:40:23,083] [INFO] [GameManager] Exiting state: IdleState
[2025-11-10 01:40:23,084] [INFO] [GameManager] State transition: IdleState → AmplifyState
[2025-11-10 01:40:23,084] [INFO] [GameManager] Entering state: AmplifyState
[2025-11-10 01:40:23,100] [DEBUG] [AmplifyState] AmplifyState activated with buttons: [0]
[2025-11-10 01:40:52,266] [INFO] [GameManager] Exiting state: AmplifyState
[2025-11-10 01:40:52,268] [INFO] [GameManager] State transition: AmplifyState → IdleState
[2025-11-10 01:40:52,269] [INFO] [GameManager] Entering state: IdleState
