[2025-11-20 04:10:16,222] [INFO] [Amplifier] 🎵 HUMAN AMPLIFIER INTERACTIVE SYSTEM
[2025-11-20 04:10:16,223] [INFO] [Amplifier] Button configuration: 10 buttons on GPIO [6, 5, 22, 17, 4, 23, 24, 25, 16, 20]
[2025-11-20 04:10:16,224] [INFO] [Amplifier] LED configuration: 2 strips
[2025-11-20 04:10:16,224] [INFO] [Amplifier]   Strip 1: 300 LEDs on GPIO 21
[2025-11-20 04:10:16,225] [INFO] [Amplifier]   Strip 2: 293 LEDs on GPIO 18
[2025-11-20 04:10:16,225] [INFO] [Amplifier] Game settings: 20ms frame duration (50.0 FPS)
[2025-11-20 04:10:16,226] [INFO] [Amplifier] Button sample rate: 200Hz
[2025-11-20 04:10:16,226] [INFO] [Amplifier] Audio folder: songs
[2025-11-20 04:10:16,227] [INFO] [Amplifier] Schedule: 2 daily, 1 special entries
[2025-11-20 04:10:16,227] [INFO] [ButtonReader] GPIO sampler initialized: 10 pins (no pulls)
[2025-11-20 04:10:16,228] [INFO] [ButtonReader] Pin mapping: Btn0=GPIO6, Btn1=GPIO5, Btn2=GPIO22, Btn3=GPIO17, Btn4=GPIO4, Btn5=GPIO23, Btn6=GPIO24, Btn7=GPIO25, Btn8=GPIO16, Btn9=GPIO20
[2025-11-20 04:10:16,228] [INFO] [ButtonReader] 🎮 Keyboard debug enabled: Press digit keys 0-9 to toggle buttons (works over SSH)
[2025-11-20 04:10:16,229] [INFO] [ButtonReader]    Each keypress toggles button ON/OFF
[2025-11-20 04:10:16,229] [INFO] [ButtonReader] ButtonReader initialized with 10 buttons
[2025-11-20 04:10:16,230] [INFO] [SongLibrary] Creating song codes dictionary
[2025-11-20 04:10:18,379] [INFO] [SongLibrary] Loaded 547 song codes from 10 collections
[2025-11-20 04:10:18,380] [INFO] [SongLibrary] Collections updated: ['MORNING', 'GENERAL', 'CLASSIC', 'SPANISH', 'FESTIGAL', 'MAIJAM', 'DISNEY', 'VIRAL', 'TV', 'PARTY']
[2025-11-20 04:10:26,823] [INFO] [SoundController] Sound controller initialized - mixer ready, first song will load on demand
[2025-11-20 04:10:26,829] [INFO] [GameManager] GameManager initialized: 20ms frame duration, 2 LED strips
[2025-11-20 04:10:26,830] [INFO] [Amplifier] HumanAmplifier system initialized successfully
[2025-11-20 04:10:26,830] [INFO] [Amplifier] Hardware: 10 buttons, 2 LED strips, 20ms frame duration
[2025-11-20 04:10:26,831] [INFO] [Amplifier] Audio system: {'songs_folder': 'songs', 'all_collections': ['MORNING', 'GENERAL', 'CLASSIC', 'SPANISH', 'FESTIGAL', 'MAIJAM', 'DISNEY', 'VIRAL', 'TV', 'PARTY'], 'total_codes': 547, 'daily_schedule_entries': 2, 'special_schedule_entries': 1}
[2025-11-20 04:10:26,831] [INFO] [Amplifier] Sound controller initialized successfully
[2025-11-20 04:10:26,832] [INFO] [Amplifier] ✅ System initialized successfully!
[2025-11-20 04:10:26,832] [INFO] [Amplifier] Hardware status: 10 buttons, 2 LED strips
[2025-11-20 04:10:26,833] [INFO] [Amplifier]   Strip 1: 300 LEDs active
[2025-11-20 04:10:26,833] [INFO] [Amplifier]   Strip 2: 293 LEDs active
[2025-11-20 04:10:26,834] [INFO] [Amplifier] Audio system: 547 song codes, 13 sound effects
[2025-11-20 04:10:26,834] [INFO] [Amplifier] Available collections: MORNING, GENERAL, CLASSIC, SPANISH, FESTIGAL, MAIJAM, DISNEY, VIRAL, TV, PARTY
[2025-11-20 04:10:26,834] [INFO] [Amplifier] 🚀 Starting HumanAmplifier system...
[2025-11-20 04:10:26,835] [INFO] [GameManager] Starting game loop with 20ms frame duration
[2025-11-20 04:10:26,837] [INFO] [GameManager] 💾 Memory - Process: 88.1MB | System: 267/907MB (29.4%, 640MB free) | ⚙️  CPU - Process: 0.0% | System: 28.8% | Cores: [5%, 82%, 4%, 23%]
