[2025-11-14 20:24:21,561] [INFO] [Amplifier] 🎵 HUMAN AMPLIFIER INTERACTIVE SYSTEM
[2025-11-14 20:24:21,562] [INFO] [Amplifier] Button configuration: 3 buttons on GPIO [5, 6, 17]
[2025-11-14 20:24:21,562] [INFO] [Amplifier] LED configuration: 2 strips
[2025-11-14 20:24:21,563] [INFO] [Amplifier]   Strip 1: 300 LEDs on GPIO 21
[2025-11-14 20:24:21,563] [INFO] [Amplifier]   Strip 2: 300 LEDs on GPIO 18
[2025-11-14 20:24:21,563] [INFO] [Amplifier] Game settings: 20ms frame duration (50.0 FPS)
[2025-11-14 20:24:21,564] [INFO] [Amplifier] Button sample rate: 200Hz
[2025-11-14 20:24:21,564] [INFO] [Amplifier] Audio folder: songs
[2025-11-14 20:24:21,565] [INFO] [Amplifier] Schedule: 2 daily, 1 special entries
[2025-11-14 20:24:24,105] [INFO] [ButtonReader] GPIO setup complete: 3 pins, no pulls
[2025-11-14 20:24:24,105] [INFO] [ButtonReader] ButtonReader initialized with 3 buttons
[2025-11-14 20:24:24,106] [INFO] [ButtonReader] Button mapping: Button0=GPIO5, Button1=GPIO6, Button2=GPIO17
[2025-11-14 20:24:24,110] [INFO] [SongLibrary] Creating song codes dictionary
[2025-11-14 20:24:24,434] [INFO] [SongLibrary] Loaded 1 song codes from 2 collections
[2025-11-14 20:24:24,434] [INFO] [SongLibrary] Collections updated: ['MAIJAM']
[2025-11-14 20:24:24,649] [INFO] [GameManager] GameManager initialized: 20ms frame duration, 2 LED strips
[2025-11-14 20:24:24,650] [INFO] [Amplifier] HumanAmplifier system initialized successfully
[2025-11-14 20:24:24,650] [INFO] [Amplifier] Hardware: 3 buttons, 2 LED strips, 20ms frame duration
[2025-11-14 20:24:24,651] [INFO] [Amplifier] Audio system: {'songs_folder': 'songs', 'all_collections': ['MORNING', 'MAIJAM'], 'total_codes': 1, 'daily_schedule_entries': 2, 'special_schedule_entries': 1}
[2025-11-14 20:24:24,651] [INFO] [Amplifier] Sound controller initialized successfully
[2025-11-14 20:24:24,652] [INFO] [Amplifier] ✅ System initialized successfully!
[2025-11-14 20:24:24,652] [INFO] [Amplifier] Hardware status: 3 buttons, 2 LED strips
[2025-11-14 20:24:24,653] [INFO] [Amplifier]   Strip 1: 300 LEDs active
[2025-11-14 20:24:24,653] [INFO] [Amplifier]   Strip 2: 300 LEDs active
[2025-11-14 20:24:24,653] [INFO] [Amplifier] Audio system: 1 song codes, 10 sound effects
[2025-11-14 20:24:24,654] [INFO] [Amplifier] Available collections: MORNING, MAIJAM
[2025-11-14 20:24:24,654] [INFO] [Amplifier] 🚀 Starting HumanAmplifier system...
[2025-11-14 20:24:24,654] [INFO] [GameManager] Starting game loop with 20ms frame duration
[2025-11-14 20:24:31,769] [DEBUG] [ButtonReader] Button state changed: [(0, 'pressed')]
[2025-11-14 20:24:31,769] [DEBUG] [GameManager] Button sequence: 0
[2025-11-14 20:24:31,770] [INFO] [GameManager] State transition: IdleState → AmplifyState
[2025-11-14 20:24:31,780] [INFO] [SoundController] Song "Dua Lipa - Levitating Featuring DaBaby (Official Music Video).mp3" was randomly started
[2025-11-14 20:24:31,781] [DEBUG] [AmplifyState] AmplifyState activated with buttons: [0]
[2025-11-14 20:24:34,102] [DEBUG] [ButtonReader] Button state changed: [(1, 'pressed')]
[2025-11-14 20:24:34,102] [DEBUG] [GameManager] Button sequence: 01
[2025-11-14 20:24:34,102] [DEBUG] [AmplifyState] AmplifyState button change - currently pressed: [0, 1]
[2025-11-14 20:24:36,274] [DEBUG] [ButtonReader] Button state changed: [(1, 'released')]
[2025-11-14 20:24:36,275] [DEBUG] [AmplifyState] AmplifyState button change - currently pressed: [0]
[2025-11-14 20:24:38,523] [DEBUG] [ButtonReader] Button state changed: [(0, 'released')]
[2025-11-14 20:24:38,524] [INFO] [GameManager] State transition: AmplifyState → IdleState
[2025-11-14 20:24:39,974] [DEBUG] [ButtonReader] Button state changed: [(1, 'pressed')]
[2025-11-14 20:24:39,975] [DEBUG] [GameManager] Button sequence: 1
[2025-11-14 20:24:39,975] [INFO] [GameManager] State transition: IdleState → AmplifyState
[2025-11-14 20:24:39,985] [INFO] [SoundController] Song "Whitney Houston - I Wanna Dance With Somebody.mp3" was randomly started
[2025-11-14 20:24:39,986] [DEBUG] [AmplifyState] AmplifyState activated with buttons: [1]
[2025-11-14 20:24:40,175] [DEBUG] [ButtonReader] Button state changed: [(1, 'released')]
[2025-11-14 20:24:40,176] [INFO] [GameManager] State transition: AmplifyState → IdleState
[2025-11-14 20:24:40,436] [DEBUG] [ButtonReader] Button state changed: [(1, 'pressed')]
[2025-11-14 20:24:40,437] [DEBUG] [GameManager] Button sequence: 11
[2025-11-14 20:24:40,437] [INFO] [GameManager] State transition: IdleState → AmplifyState
[2025-11-14 20:24:40,448] [INFO] [SoundController] Song "Whitney Houston - I Wanna Dance With Somebody.mp3" was randomly started
[2025-11-14 20:24:40,449] [DEBUG] [AmplifyState] AmplifyState activated with buttons: [1]
[2025-11-14 20:24:40,617] [DEBUG] [ButtonReader] Button state changed: [(1, 'released')]
[2025-11-14 20:24:40,618] [INFO] [GameManager] State transition: AmplifyState → IdleState
[2025-11-14 20:24:40,938] [DEBUG] [ButtonReader] Button state changed: [(1, 'pressed')]
[2025-11-14 20:24:40,939] [DEBUG] [GameManager] Button sequence: 111
[2025-11-14 20:24:40,939] [INFO] [GameManager] Triple 1 detected - entering code mode!
[2025-11-14 20:24:40,943] [ERROR] [GameManager] Game loop error: type object 'AnimationHelpers' has no attribute '_init_colors' | Type: AttributeError | File: /home/yotam/AmpSync/Amp3/src/game_system/animations.py | Line: 507
Traceback (most recent call last):
  File "/home/yotam/AmpSync/Amp3/src/game_system/game_manager.py", line 79, in run_game_loop
    self.update()
  File "/home/yotam/AmpSync/Amp3/src/game_system/game_manager.py", line 120, in update
    new_state = self.current_state.update(button_state)
                ^^^^^^^^^^^^^^^^^^^^^^^^^^^^^^^^^^^^^^^
  File "/home/yotam/AmpSync/Amp3/src/game_system/states.py", line 122, in update
    return CodeModeState(self.game_manager)
           ^^^^^^^^^^^^^^^^^^^^^^^^^^^^^^^^
  File "/home/yotam/AmpSync/Amp3/src/game_system/states.py", line 333, in __init__
    self.code_anim = CodeModeAnimation(
                     ^^^^^^^^^^^^^^^^^^
  File "/home/yotam/AmpSync/Amp3/src/game_system/animations.py", line 507, in __init__
    AnimationHelpers._init_colors()
    ^^^^^^^^^^^^^^^^^^^^^^^^^^^^^
AttributeError: type object 'AnimationHelpers' has no attribute '_init_colors'
[2025-11-14 20:24:40,957] [INFO] [GameManager] Game stopped
[2025-11-14 20:24:40,960] [ERROR] [Amplifier] HumanAmplifier system error: type object 'AnimationHelpers' has no attribute '_init_colors' | Type: AttributeError | File: /home/yotam/AmpSync/Amp3/src/game_system/animations.py | Line: 507
Traceback (most recent call last):
  File "/home/yotam/AmpSync/Amp3/src/amplifier.py", line 245, in main
    game_manager.run_game_loop()
  File "/home/yotam/AmpSync/Amp3/src/game_system/game_manager.py", line 79, in run_game_loop
    self.update()
  File "/home/yotam/AmpSync/Amp3/src/game_system/game_manager.py", line 120, in update
    new_state = self.current_state.update(button_state)
                ^^^^^^^^^^^^^^^^^^^^^^^^^^^^^^^^^^^^^^^
  File "/home/yotam/AmpSync/Amp3/src/game_system/states.py", line 122, in update
    return CodeModeState(self.game_manager)
           ^^^^^^^^^^^^^^^^^^^^^^^^^^^^^^^^
  File "/home/yotam/AmpSync/Amp3/src/game_system/states.py", line 333, in __init__
    self.code_anim = CodeModeAnimation(
                     ^^^^^^^^^^^^^^^^^^
  File "/home/yotam/AmpSync/Amp3/src/game_system/animations.py", line 507, in __init__
    AnimationHelpers._init_colors()
    ^^^^^^^^^^^^^^^^^^^^^^^^^^^^^
AttributeError: type object 'AnimationHelpers' has no attribute '_init_colors'
[2025-11-14 20:24:40,965] [INFO] [Amplifier] ✅ HumanAmplifier system shut down
